[0.086s] Invoking command in '/home/locobot/interbotix_ws/build/irobot_create_nodes': CMAKE_PREFIX_PATH=/home/locobot/interbotix_ws/install/irobot_create_toolbox:/home/locobot/locobot_ws/install/yolov8_bringup:/home/locobot/locobot_ws/install/yolov8_msgs:/home/locobot/locobot_ws/install/urg_node2:/home/locobot/locobot_ws/install/tts_ros:/home/locobot/locobot_ws/install/realsense2_description:/home/locobot/locobot_ws/install/interbotix_xslocobot_moveit:/home/locobot/locobot_ws/install/interbotix_xslocobot_ros_control:/home/locobot/locobot_ws/install/interbotix_xslocobot_nav:/home/locobot/locobot_ws/install/interbotix_xslocobot_joy:/home/locobot/locobot_ws/install/interbotix_xslocobot_control:/home/locobot/locobot_ws/install/realsense2_camera:/home/locobot/locobot_ws/install/realsense2_camera_msgs:/home/locobot/locobot_ws/install/interbotix_xslocobot_sim:/home/locobot/locobot_ws/install/interbotix_xslocobot_descriptions:/home/locobot/locobot_ws/install/interbotix_ros_xsarms_examples:/home/locobot/locobot_ws/install/interbotix_xsarm_moveit_interface:/home/locobot/locobot_ws/install/interbotix_ros_xsarms:/home/locobot/locobot_ws/install/interbotix_xsarm_moveit:/home/locobot/locobot_ws/install/interbotix_xsarm_sim:/home/locobot/locobot_ws/install/interbotix_xsarm_ros_control:/home/locobot/locobot_ws/install/interbotix_xsarm_puppet:/home/locobot/locobot_ws/install/interbotix_xsarm_joy:/home/locobot/locobot_ws/install/interbotix_xsarm_dual:/home/locobot/locobot_ws/install/interbotix_xsarm_control:/home/locobot/locobot_ws/install/interbotix_xsarm_descriptions:/home/locobot/locobot_ws/install/create3_republisher:/home/locobot/locobot_ws/install/create3_lidar_slam:/home/locobot/locobot_ws/install/create3_coverage:/home/locobot/locobot_ws/install/create3_examples_msgs:/home/locobot/locobot_ws/install/cartographer_rviz:/home/locobot/locobot_ws/install/cartographer_ros:/home/locobot/locobot_ws/install/cartographer_ros_msgs:/home/locobot/locobot_ws/install/cartographer:/home/locobot/apriltag_ws/install/apriltag_ros:/home/locobot/interbotix_ws/install/interbotix_xslocobot_moveit:/home/locobot/interbotix_ws/install/interbotix_xslocobot_ros_control:/home/locobot/interbotix_ws/install/interbotix_xslocobot_nav:/home/locobot/interbotix_ws/install/interbotix_xslocobot_joy:/home/locobot/interbotix_ws/install/sllidar_ros2:/home/locobot/interbotix_ws/install/interbotix_ros_xsarms_examples:/home/locobot/interbotix_ws/install/interbotix_xsarm_moveit_interface:/home/locobot/interbotix_ws/install/interbotix_moveit_interface:/home/locobot/interbotix_ws/install/moveit_visual_tools:/home/locobot/interbotix_ws/install/irobot_create_ignition_sim:/home/locobot/interbotix_ws/install/irobot_create_ignition_bringup:/home/locobot/interbotix_ws/install/irobot_create_gazebo_sim:/home/locobot/interbotix_ws/install/irobot_create_gazebo_bringup:/home/locobot/interbotix_ws/install/irobot_create_common_bringup:/home/locobot/interbotix_ws/install/irobot_create_nodes:/home/locobot/interbotix_ws/install/irobot_create_ignition_toolbox:/home/locobot/interbotix_ws/install/irobot_create_gazebo_plugins:/home/locobot/interbotix_ws/install/irobot_create_ignition_plugins:/home/locobot/interbotix_ws/install/irobot_create_description:/home/locobot/interbotix_ws/install/irobot_create_control:/home/locobot/interbotix_ws/install/interbotix_xslocobot_sim:/home/locobot/interbotix_ws/install/interbotix_xslocobot_descriptions:/home/locobot/interbotix_ws/install/interbotix_ros_xsarms:/home/locobot/interbotix_ws/install/interbotix_xsarm_moveit:/home/locobot/interbotix_ws/install/interbotix_xsarm_sim:/home/locobot/interbotix_ws/install/interbotix_xsarm_ros_control:/home/locobot/interbotix_ws/install/interbotix_xsarm_puppet:/home/locobot/interbotix_ws/install/interbotix_xsarm_perception:/home/locobot/interbotix_ws/install/interbotix_xsarm_joy:/home/locobot/interbotix_ws/install/interbotix_xsarm_dual:/home/locobot/interbotix_ws/install/interbotix_xsarm_control:/home/locobot/interbotix_ws/install/interbotix_xsarm_descriptions:/home/locobot/interbotix_ws/install/interbotix_xs_toolbox:/home/locobot/interbotix_ws/install/interbotix_xs_rviz:/home/locobot/interbotix_ws/install/interbotix_ros_xseries:/home/locobot/interbotix_ws/install/interbotix_xs_sdk:/home/locobot/interbotix_ws/install/interbotix_xs_ros_control:/home/locobot/interbotix_ws/install/interbotix_perception_toolbox:/home/locobot/interbotix_ws/install/interbotix_perception_pipelines:/home/locobot/interbotix_ws/install/interbotix_xs_msgs:/home/locobot/interbotix_ws/install/interbotix_xs_driver:/home/locobot/interbotix_ws/install/interbotix_tf_tools:/home/locobot/interbotix_ws/install/interbotix_perception_msgs:/home/locobot/interbotix_ws/install/interbotix_moveit_interface_msgs:/home/locobot/interbotix_ws/install/interbotix_common_toolbox:/home/locobot/interbotix_ws/install/interbotix_common_sim:/home/locobot/interbotix_ws/install/dynamixel_workbench_toolbox:/home/locobot/locobot_ws/install/yolov8_ros:/home/locobot/locobot_ws/install/detection:/home/locobot/locobot_ws/install/locobot_move:/home/locobot/locobot_ws/install/create3_teleop:/home/locobot/locobot_ws/install/create3_examples_py:/home/locobot/interbotix_ws/install/interbotix_xslocobot_control:/home/locobot/interbotix_ws/install/interbotix_xs_modules:/home/locobot/interbotix_ws/install/interbotix_perception_modules:/home/locobot/interbotix_ws/install/interbotix_common_modules:/opt/ros/humble LD_LIBRARY_PATH=/home/locobot/interbotix_ws/install/irobot_create_toolbox/lib:/home/locobot/locobot_ws/install/yolov8_msgs/lib:/home/locobot/locobot_ws/install/urg_node2/lib:/home/locobot/locobot_ws/install/realsense2_camera/lib:/home/locobot/locobot_ws/install/realsense2_camera_msgs/lib:/home/locobot/locobot_ws/install/create3_coverage/lib:/home/locobot/locobot_ws/install/create3_examples_msgs/lib:/home/locobot/locobot_ws/install/cartographer_rviz/lib:/home/locobot/locobot_ws/install/cartographer_ros/lib:/home/locobot/locobot_ws/install/cartographer_ros_msgs/lib:/home/locobot/apriltag_ws/install/apriltag_ros/lib:/home/locobot/interbotix_ws/install/moveit_visual_tools/lib:/home/locobot/interbotix_ws/install/irobot_create_nodes/lib:/home/locobot/interbotix_ws/install/irobot_create_gazebo_plugins/lib:/home/locobot/interbotix_ws/install/interbotix_xs_rviz/lib:/home/locobot/interbotix_ws/install/interbotix_xs_ros_control/lib:/home/locobot/interbotix_ws/install/interbotix_xs_msgs/lib:/home/locobot/interbotix_ws/install/interbotix_xs_driver/lib:/home/locobot/interbotix_ws/install/interbotix_tf_tools/lib:/home/locobot/interbotix_ws/install/interbotix_perception_msgs/lib:/home/locobot/interbotix_ws/install/interbotix_moveit_interface_msgs/lib:/home/locobot/interbotix_ws/install/dynamixel_workbench_toolbox/lib:/opt/ros/humble/opt/rviz_ogre_vendor/lib:/opt/ros/humble/lib/x86_64-linux-gnu:/opt/ros/humble/lib /usr/bin/cmake --build /home/locobot/interbotix_ws/build/irobot_create_nodes -- -j4 -l4
[0.208s] -- Found ament_cmake: 1.3.11 (/opt/ros/humble/share/ament_cmake/cmake)
[0.876s] -- Found angles: 1.15.0 (/opt/ros/humble/share/angles/cmake)
[0.890s] -- Found control_msgs: 4.7.0 (/opt/ros/humble/share/control_msgs/cmake)
[0.966s] -- Found rosidl_generator_c: 3.1.6 (/opt/ros/humble/share/rosidl_generator_c/cmake)
[0.977s] -- Found rosidl_adapter: 3.1.6 (/opt/ros/humble/share/rosidl_adapter/cmake)
[0.993s] -- Found rosidl_generator_cpp: 3.1.6 (/opt/ros/humble/share/rosidl_generator_cpp/cmake)
[1.061s] -- Using all available rosidl_typesupport_c: rosidl_typesupport_fastrtps_c;rosidl_typesupport_introspection_c
[1.157s] -- Using all available rosidl_typesupport_cpp: rosidl_typesupport_fastrtps_cpp;rosidl_typesupport_introspection_cpp
[1.895s] -- Found nav_msgs: 4.2.4 (/opt/ros/humble/share/nav_msgs/cmake)
[2.050s] -- Found irobot_create_msgs: 2.1.0 (/opt/ros/humble/share/irobot_create_msgs/cmake)
[2.238s] -- Found irobot_create_toolbox: 2.1.0 (/home/locobot/interbotix_ws/install/irobot_create_toolbox/share/irobot_create_toolbox/cmake)
[2.402s] -- Found rmw_implementation_cmake: 6.1.2 (/opt/ros/humble/share/rmw_implementation_cmake/cmake)
[2.419s] -- Found rmw_fastrtps_cpp: 6.2.7 (/opt/ros/humble/share/rmw_fastrtps_cpp/cmake)
[3.044s] -- Using RMW implementation 'rmw_fastrtps_cpp' as default
[3.290s] -- Found rclcpp_action: 16.0.11 (/opt/ros/humble/share/rclcpp_action/cmake)
[3.363s] -- Found rclcpp_components: 16.0.11 (/opt/ros/humble/share/rclcpp_components/cmake)
[3.508s] -- Found tf2: 0.25.11 (/opt/ros/humble/share/tf2/cmake)
[3.528s] -- Found tf2_geometry_msgs: 0.25.11 (/opt/ros/humble/share/tf2_geometry_msgs/cmake)
[3.554s] -- Found eigen3_cmake_module: 0.1.1 (/opt/ros/humble/share/eigen3_cmake_module/cmake)
[3.571s] -- Ensuring Eigen3 include directory is part of orocos-kdl CMake target
[7.420s] -- Found ament_lint_auto: 0.12.11 (/opt/ros/humble/share/ament_lint_auto/cmake)
[8.015s] -- Added test 'cppcheck' to perform static code analysis on C / C++ code
[8.020s] -- Configured cppcheck include dirs: /home/locobot/interbotix_ws/src/create3_sim/irobot_create_common/irobot_create_nodes/include
[8.020s] -- Configured cppcheck exclude dirs and/or files: 
[8.036s] -- Added test 'cpplint' to check C / C++ code against the Google style
[8.036s] -- Configured cpplint exclude dirs and/or files: 
[8.037s] -- Added test 'lint_cmake' to check CMake code style
[8.051s] -- Added test 'uncrustify' to check C / C++ code style
[8.051s] -- Configured uncrustify additional arguments: 
[8.051s] -- Added test 'xmllint' to check XML markup files
[8.085s] -- Configuring done
[8.976s] -- Generating done
[8.985s] -- Build files have been written to: /home/locobot/interbotix_ws/build/irobot_create_nodes
[9.154s] [35m[1mConsolidate compiler generated dependencies of target hazard_publisher_lib[0m
[9.273s] [  2%] [32mBuilding CXX object CMakeFiles/hazard_publisher_lib.dir/src/hazards_vector_publisher.cpp.o[0m
[32.550s] [  5%] [32m[1mLinking CXX shared library libhazard_publisher_lib.so[0m
[34.405s] [  5%] Built target hazard_publisher_lib
[34.422s] [35m[1mConsolidate compiler generated dependencies of target ir_intensity_vector_publisher[0m
[34.447s] [  8%] [32mBuilding CXX object CMakeFiles/ir_intensity_vector_publisher.dir/rclcpp_components/node_main_ir_intensity_vector_publisher.cpp.o[0m
[39.813s] [ 10%] [32m[1mLinking CXX executable ir_intensity_vector_publisher[0m
[40.024s] [ 10%] Built target ir_intensity_vector_publisher
[40.053s] [35m[1mConsolidate compiler generated dependencies of target motion_control_lib[0m
[40.109s] [ 13%] [32mBuilding CXX object CMakeFiles/motion_control_lib.dir/src/motion_control_node.cpp.o[0m
[81.309s] [ 16%] [32mBuilding CXX object CMakeFiles/motion_control_lib.dir/src/motion_control/docking_behavior.cpp.o[0m
[106.590s] [ 18%] [32mBuilding CXX object CMakeFiles/motion_control_lib.dir/src/motion_control/drive_goal_behaviors.cpp.o[0m
[119.066s] [ 21%] [32mBuilding CXX object CMakeFiles/motion_control_lib.dir/src/motion_control/reflex_behavior.cpp.o[0m
[125.925s] [ 24%] [32mBuilding CXX object CMakeFiles/motion_control_lib.dir/src/motion_control/wall_follow_behavior.cpp.o[0m
[142.464s] [ 27%] [32mBuilding CXX object CMakeFiles/motion_control_lib.dir/src/motion_control/wall_follow_states.cpp.o[0m
[147.853s] [ 29%] [32m[1mLinking CXX shared library libmotion_control_lib.so[0m
[153.569s] [ 29%] Built target motion_control_lib
[153.588s] [35m[1mConsolidate compiler generated dependencies of target motion_control[0m
[153.616s] [ 32%] [32mBuilding CXX object CMakeFiles/motion_control.dir/rclcpp_components/node_main_motion_control.cpp.o[0m
[158.543s] [ 35%] [32m[1mLinking CXX executable motion_control[0m
[158.761s] [ 35%] Built target motion_control
[158.790s] [35m[1mConsolidate compiler generated dependencies of target wheel_status_publisher_lib[0m
[158.813s] [ 37%] [32mBuilding CXX object CMakeFiles/wheel_status_publisher_lib.dir/src/wheels_publisher.cpp.o[0m
[175.044s] [ 40%] [32m[1mLinking CXX shared library libwheel_status_publisher_lib.so[0m
[176.233s] [ 40%] Built target wheel_status_publisher_lib
[176.260s] [35m[1mConsolidate compiler generated dependencies of target wheel_status_publisher[0m
[176.287s] [ 43%] [32mBuilding CXX object CMakeFiles/wheel_status_publisher.dir/rclcpp_components/node_main_wheel_status_publisher.cpp.o[0m
[181.395s] [ 45%] [32m[1mLinking CXX executable wheel_status_publisher[0m
[181.587s] [ 45%] Built target wheel_status_publisher
[181.608s] [35m[1mConsolidate compiler generated dependencies of target robot_state_lib[0m
[181.634s] [ 48%] [32mBuilding CXX object CMakeFiles/robot_state_lib.dir/src/robot_state.cpp.o[0m
[202.702s] [ 51%] [32m[1mLinking CXX shared library librobot_state_lib.so[0m
[204.243s] [ 51%] Built target robot_state_lib
[204.267s] [35m[1mConsolidate compiler generated dependencies of target robot_state[0m
[204.291s] [ 54%] [32mBuilding CXX object CMakeFiles/robot_state.dir/rclcpp_components/node_main_robot_state.cpp.o[0m
[209.734s] [ 56%] [32m[1mLinking CXX executable robot_state[0m
[209.949s] [ 56%] Built target robot_state
[209.966s] [35m[1mConsolidate compiler generated dependencies of target ui_mgr_lib[0m
[209.995s] [ 59%] [32mBuilding CXX object CMakeFiles/ui_mgr_lib.dir/src/ui_mgr.cpp.o[0m
[233.180s] [ 62%] [32m[1mLinking CXX shared library libui_mgr_lib.so[0m
[234.945s] [ 62%] Built target ui_mgr_lib
[234.969s] [35m[1mConsolidate compiler generated dependencies of target ui_mgr[0m
[234.996s] [ 64%] [32mBuilding CXX object CMakeFiles/ui_mgr.dir/rclcpp_components/node_main_ui_mgr.cpp.o[0m
[240.291s] [ 67%] [32m[1mLinking CXX executable ui_mgr[0m
[240.504s] [ 67%] Built target ui_mgr
[240.528s] [35m[1mConsolidate compiler generated dependencies of target mock_publisher_lib[0m
[240.554s] [ 70%] [32mBuilding CXX object CMakeFiles/mock_publisher_lib.dir/src/mock_publisher.cpp.o[0m
[248.056s] [ 72%] [32m[1mLinking CXX shared library libmock_publisher_lib.so[0m
[248.487s] [ 72%] Built target mock_publisher_lib
[248.511s] [35m[1mConsolidate compiler generated dependencies of target mock_publisher[0m
[248.535s] [ 75%] [32mBuilding CXX object CMakeFiles/mock_publisher.dir/rclcpp_components/node_main_mock_publisher.cpp.o[0m
[253.336s] [ 78%] [32m[1mLinking CXX executable mock_publisher[0m
[253.524s] [ 78%] Built target mock_publisher
[253.543s] [35m[1mConsolidate compiler generated dependencies of target kidnap_estimator_publisher_lib[0m
[253.567s] [ 81%] [32mBuilding CXX object CMakeFiles/kidnap_estimator_publisher_lib.dir/src/kidnap_estimator_publisher.cpp.o[0m
[265.230s] [ 83%] [32m[1mLinking CXX shared library libkidnap_estimator_publisher_lib.so[0m
[265.927s] [ 83%] Built target kidnap_estimator_publisher_lib
[265.945s] [35m[1mConsolidate compiler generated dependencies of target kidnap_estimator_publisher[0m
[265.962s] [ 86%] [32mBuilding CXX object CMakeFiles/kidnap_estimator_publisher.dir/rclcpp_components/node_main_kidnap_estimator_publisher.cpp.o[0m
[269.221s] [ 89%] [32m[1mLinking CXX executable kidnap_estimator_publisher[0m
[269.351s] [ 89%] Built target kidnap_estimator_publisher
[269.365s] [35m[1mConsolidate compiler generated dependencies of target ir_intensity_publisher_lib[0m
[269.383s] [ 91%] [32mBuilding CXX object CMakeFiles/ir_intensity_publisher_lib.dir/src/ir_intensity_vector_publisher.cpp.o[0m
[278.821s] [ 94%] [32m[1mLinking CXX shared library libir_intensity_publisher_lib.so[0m
[279.428s] [ 94%] Built target ir_intensity_publisher_lib
[279.441s] [35m[1mConsolidate compiler generated dependencies of target hazards_vector_publisher[0m
[279.456s] [ 97%] [32mBuilding CXX object CMakeFiles/hazards_vector_publisher.dir/rclcpp_components/node_main_hazards_vector_publisher.cpp.o[0m
[282.469s] [100%] [32m[1mLinking CXX executable hazards_vector_publisher[0m
[282.597s] [100%] Built target hazards_vector_publisher
[282.611s] Invoked command in '/home/locobot/interbotix_ws/build/irobot_create_nodes' returned '0': CMAKE_PREFIX_PATH=/home/locobot/interbotix_ws/install/irobot_create_toolbox:/home/locobot/locobot_ws/install/yolov8_bringup:/home/locobot/locobot_ws/install/yolov8_msgs:/home/locobot/locobot_ws/install/urg_node2:/home/locobot/locobot_ws/install/tts_ros:/home/locobot/locobot_ws/install/realsense2_description:/home/locobot/locobot_ws/install/interbotix_xslocobot_moveit:/home/locobot/locobot_ws/install/interbotix_xslocobot_ros_control:/home/locobot/locobot_ws/install/interbotix_xslocobot_nav:/home/locobot/locobot_ws/install/interbotix_xslocobot_joy:/home/locobot/locobot_ws/install/interbotix_xslocobot_control:/home/locobot/locobot_ws/install/realsense2_camera:/home/locobot/locobot_ws/install/realsense2_camera_msgs:/home/locobot/locobot_ws/install/interbotix_xslocobot_sim:/home/locobot/locobot_ws/install/interbotix_xslocobot_descriptions:/home/locobot/locobot_ws/install/interbotix_ros_xsarms_examples:/home/locobot/locobot_ws/install/interbotix_xsarm_moveit_interface:/home/locobot/locobot_ws/install/interbotix_ros_xsarms:/home/locobot/locobot_ws/install/interbotix_xsarm_moveit:/home/locobot/locobot_ws/install/interbotix_xsarm_sim:/home/locobot/locobot_ws/install/interbotix_xsarm_ros_control:/home/locobot/locobot_ws/install/interbotix_xsarm_puppet:/home/locobot/locobot_ws/install/interbotix_xsarm_joy:/home/locobot/locobot_ws/install/interbotix_xsarm_dual:/home/locobot/locobot_ws/install/interbotix_xsarm_control:/home/locobot/locobot_ws/install/interbotix_xsarm_descriptions:/home/locobot/locobot_ws/install/create3_republisher:/home/locobot/locobot_ws/install/create3_lidar_slam:/home/locobot/locobot_ws/install/create3_coverage:/home/locobot/locobot_ws/install/create3_examples_msgs:/home/locobot/locobot_ws/install/cartographer_rviz:/home/locobot/locobot_ws/install/cartographer_ros:/home/locobot/locobot_ws/install/cartographer_ros_msgs:/home/locobot/locobot_ws/install/cartographer:/home/locobot/apriltag_ws/install/apriltag_ros:/home/locobot/interbotix_ws/install/interbotix_xslocobot_moveit:/home/locobot/interbotix_ws/install/interbotix_xslocobot_ros_control:/home/locobot/interbotix_ws/install/interbotix_xslocobot_nav:/home/locobot/interbotix_ws/install/interbotix_xslocobot_joy:/home/locobot/interbotix_ws/install/sllidar_ros2:/home/locobot/interbotix_ws/install/interbotix_ros_xsarms_examples:/home/locobot/interbotix_ws/install/interbotix_xsarm_moveit_interface:/home/locobot/interbotix_ws/install/interbotix_moveit_interface:/home/locobot/interbotix_ws/install/moveit_visual_tools:/home/locobot/interbotix_ws/install/irobot_create_ignition_sim:/home/locobot/interbotix_ws/install/irobot_create_ignition_bringup:/home/locobot/interbotix_ws/install/irobot_create_gazebo_sim:/home/locobot/interbotix_ws/install/irobot_create_gazebo_bringup:/home/locobot/interbotix_ws/install/irobot_create_common_bringup:/home/locobot/interbotix_ws/install/irobot_create_nodes:/home/locobot/interbotix_ws/install/irobot_create_ignition_toolbox:/home/locobot/interbotix_ws/install/irobot_create_gazebo_plugins:/home/locobot/interbotix_ws/install/irobot_create_ignition_plugins:/home/locobot/interbotix_ws/install/irobot_create_description:/home/locobot/interbotix_ws/install/irobot_create_control:/home/locobot/interbotix_ws/install/interbotix_xslocobot_sim:/home/locobot/interbotix_ws/install/interbotix_xslocobot_descriptions:/home/locobot/interbotix_ws/install/interbotix_ros_xsarms:/home/locobot/interbotix_ws/install/interbotix_xsarm_moveit:/home/locobot/interbotix_ws/install/interbotix_xsarm_sim:/home/locobot/interbotix_ws/install/interbotix_xsarm_ros_control:/home/locobot/interbotix_ws/install/interbotix_xsarm_puppet:/home/locobot/interbotix_ws/install/interbotix_xsarm_perception:/home/locobot/interbotix_ws/install/interbotix_xsarm_joy:/home/locobot/interbotix_ws/install/interbotix_xsarm_dual:/home/locobot/interbotix_ws/install/interbotix_xsarm_control:/home/locobot/interbotix_ws/install/interbotix_xsarm_descriptions:/home/locobot/interbotix_ws/install/interbotix_xs_toolbox:/home/locobot/interbotix_ws/install/interbotix_xs_rviz:/home/locobot/interbotix_ws/install/interbotix_ros_xseries:/home/locobot/interbotix_ws/install/interbotix_xs_sdk:/home/locobot/interbotix_ws/install/interbotix_xs_ros_control:/home/locobot/interbotix_ws/install/interbotix_perception_toolbox:/home/locobot/interbotix_ws/install/interbotix_perception_pipelines:/home/locobot/interbotix_ws/install/interbotix_xs_msgs:/home/locobot/interbotix_ws/install/interbotix_xs_driver:/home/locobot/interbotix_ws/install/interbotix_tf_tools:/home/locobot/interbotix_ws/install/interbotix_perception_msgs:/home/locobot/interbotix_ws/install/interbotix_moveit_interface_msgs:/home/locobot/interbotix_ws/install/interbotix_common_toolbox:/home/locobot/interbotix_ws/install/interbotix_common_sim:/home/locobot/interbotix_ws/install/dynamixel_workbench_toolbox:/home/locobot/locobot_ws/install/yolov8_ros:/home/locobot/locobot_ws/install/detection:/home/locobot/locobot_ws/install/locobot_move:/home/locobot/locobot_ws/install/create3_teleop:/home/locobot/locobot_ws/install/create3_examples_py:/home/locobot/interbotix_ws/install/interbotix_xslocobot_control:/home/locobot/interbotix_ws/install/interbotix_xs_modules:/home/locobot/interbotix_ws/install/interbotix_perception_modules:/home/locobot/interbotix_ws/install/interbotix_common_modules:/opt/ros/humble LD_LIBRARY_PATH=/home/locobot/interbotix_ws/install/irobot_create_toolbox/lib:/home/locobot/locobot_ws/install/yolov8_msgs/lib:/home/locobot/locobot_ws/install/urg_node2/lib:/home/locobot/locobot_ws/install/realsense2_camera/lib:/home/locobot/locobot_ws/install/realsense2_camera_msgs/lib:/home/locobot/locobot_ws/install/create3_coverage/lib:/home/locobot/locobot_ws/install/create3_examples_msgs/lib:/home/locobot/locobot_ws/install/cartographer_rviz/lib:/home/locobot/locobot_ws/install/cartographer_ros/lib:/home/locobot/locobot_ws/install/cartographer_ros_msgs/lib:/home/locobot/apriltag_ws/install/apriltag_ros/lib:/home/locobot/interbotix_ws/install/moveit_visual_tools/lib:/home/locobot/interbotix_ws/install/irobot_create_nodes/lib:/home/locobot/interbotix_ws/install/irobot_create_gazebo_plugins/lib:/home/locobot/interbotix_ws/install/interbotix_xs_rviz/lib:/home/locobot/interbotix_ws/install/interbotix_xs_ros_control/lib:/home/locobot/interbotix_ws/install/interbotix_xs_msgs/lib:/home/locobot/interbotix_ws/install/interbotix_xs_driver/lib:/home/locobot/interbotix_ws/install/interbotix_tf_tools/lib:/home/locobot/interbotix_ws/install/interbotix_perception_msgs/lib:/home/locobot/interbotix_ws/install/interbotix_moveit_interface_msgs/lib:/home/locobot/interbotix_ws/install/dynamixel_workbench_toolbox/lib:/opt/ros/humble/opt/rviz_ogre_vendor/lib:/opt/ros/humble/lib/x86_64-linux-gnu:/opt/ros/humble/lib /usr/bin/cmake --build /home/locobot/interbotix_ws/build/irobot_create_nodes -- -j4 -l4
[282.712s] Invoking command in '/home/locobot/interbotix_ws/build/irobot_create_nodes': CMAKE_PREFIX_PATH=/home/locobot/interbotix_ws/install/irobot_create_toolbox:/home/locobot/locobot_ws/install/yolov8_bringup:/home/locobot/locobot_ws/install/yolov8_msgs:/home/locobot/locobot_ws/install/urg_node2:/home/locobot/locobot_ws/install/tts_ros:/home/locobot/locobot_ws/install/realsense2_description:/home/locobot/locobot_ws/install/interbotix_xslocobot_moveit:/home/locobot/locobot_ws/install/interbotix_xslocobot_ros_control:/home/locobot/locobot_ws/install/interbotix_xslocobot_nav:/home/locobot/locobot_ws/install/interbotix_xslocobot_joy:/home/locobot/locobot_ws/install/interbotix_xslocobot_control:/home/locobot/locobot_ws/install/realsense2_camera:/home/locobot/locobot_ws/install/realsense2_camera_msgs:/home/locobot/locobot_ws/install/interbotix_xslocobot_sim:/home/locobot/locobot_ws/install/interbotix_xslocobot_descriptions:/home/locobot/locobot_ws/install/interbotix_ros_xsarms_examples:/home/locobot/locobot_ws/install/interbotix_xsarm_moveit_interface:/home/locobot/locobot_ws/install/interbotix_ros_xsarms:/home/locobot/locobot_ws/install/interbotix_xsarm_moveit:/home/locobot/locobot_ws/install/interbotix_xsarm_sim:/home/locobot/locobot_ws/install/interbotix_xsarm_ros_control:/home/locobot/locobot_ws/install/interbotix_xsarm_puppet:/home/locobot/locobot_ws/install/interbotix_xsarm_joy:/home/locobot/locobot_ws/install/interbotix_xsarm_dual:/home/locobot/locobot_ws/install/interbotix_xsarm_control:/home/locobot/locobot_ws/install/interbotix_xsarm_descriptions:/home/locobot/locobot_ws/install/create3_republisher:/home/locobot/locobot_ws/install/create3_lidar_slam:/home/locobot/locobot_ws/install/create3_coverage:/home/locobot/locobot_ws/install/create3_examples_msgs:/home/locobot/locobot_ws/install/cartographer_rviz:/home/locobot/locobot_ws/install/cartographer_ros:/home/locobot/locobot_ws/install/cartographer_ros_msgs:/home/locobot/locobot_ws/install/cartographer:/home/locobot/apriltag_ws/install/apriltag_ros:/home/locobot/interbotix_ws/install/interbotix_xslocobot_moveit:/home/locobot/interbotix_ws/install/interbotix_xslocobot_ros_control:/home/locobot/interbotix_ws/install/interbotix_xslocobot_nav:/home/locobot/interbotix_ws/install/interbotix_xslocobot_joy:/home/locobot/interbotix_ws/install/sllidar_ros2:/home/locobot/interbotix_ws/install/interbotix_ros_xsarms_examples:/home/locobot/interbotix_ws/install/interbotix_xsarm_moveit_interface:/home/locobot/interbotix_ws/install/interbotix_moveit_interface:/home/locobot/interbotix_ws/install/moveit_visual_tools:/home/locobot/interbotix_ws/install/irobot_create_ignition_sim:/home/locobot/interbotix_ws/install/irobot_create_ignition_bringup:/home/locobot/interbotix_ws/install/irobot_create_gazebo_sim:/home/locobot/interbotix_ws/install/irobot_create_gazebo_bringup:/home/locobot/interbotix_ws/install/irobot_create_common_bringup:/home/locobot/interbotix_ws/install/irobot_create_nodes:/home/locobot/interbotix_ws/install/irobot_create_ignition_toolbox:/home/locobot/interbotix_ws/install/irobot_create_gazebo_plugins:/home/locobot/interbotix_ws/install/irobot_create_ignition_plugins:/home/locobot/interbotix_ws/install/irobot_create_description:/home/locobot/interbotix_ws/install/irobot_create_control:/home/locobot/interbotix_ws/install/interbotix_xslocobot_sim:/home/locobot/interbotix_ws/install/interbotix_xslocobot_descriptions:/home/locobot/interbotix_ws/install/interbotix_ros_xsarms:/home/locobot/interbotix_ws/install/interbotix_xsarm_moveit:/home/locobot/interbotix_ws/install/interbotix_xsarm_sim:/home/locobot/interbotix_ws/install/interbotix_xsarm_ros_control:/home/locobot/interbotix_ws/install/interbotix_xsarm_puppet:/home/locobot/interbotix_ws/install/interbotix_xsarm_perception:/home/locobot/interbotix_ws/install/interbotix_xsarm_joy:/home/locobot/interbotix_ws/install/interbotix_xsarm_dual:/home/locobot/interbotix_ws/install/interbotix_xsarm_control:/home/locobot/interbotix_ws/install/interbotix_xsarm_descriptions:/home/locobot/interbotix_ws/install/interbotix_xs_toolbox:/home/locobot/interbotix_ws/install/interbotix_xs_rviz:/home/locobot/interbotix_ws/install/interbotix_ros_xseries:/home/locobot/interbotix_ws/install/interbotix_xs_sdk:/home/locobot/interbotix_ws/install/interbotix_xs_ros_control:/home/locobot/interbotix_ws/install/interbotix_perception_toolbox:/home/locobot/interbotix_ws/install/interbotix_perception_pipelines:/home/locobot/interbotix_ws/install/interbotix_xs_msgs:/home/locobot/interbotix_ws/install/interbotix_xs_driver:/home/locobot/interbotix_ws/install/interbotix_tf_tools:/home/locobot/interbotix_ws/install/interbotix_perception_msgs:/home/locobot/interbotix_ws/install/interbotix_moveit_interface_msgs:/home/locobot/interbotix_ws/install/interbotix_common_toolbox:/home/locobot/interbotix_ws/install/interbotix_common_sim:/home/locobot/interbotix_ws/install/dynamixel_workbench_toolbox:/home/locobot/locobot_ws/install/yolov8_ros:/home/locobot/locobot_ws/install/detection:/home/locobot/locobot_ws/install/locobot_move:/home/locobot/locobot_ws/install/create3_teleop:/home/locobot/locobot_ws/install/create3_examples_py:/home/locobot/interbotix_ws/install/interbotix_xslocobot_control:/home/locobot/interbotix_ws/install/interbotix_xs_modules:/home/locobot/interbotix_ws/install/interbotix_perception_modules:/home/locobot/interbotix_ws/install/interbotix_common_modules:/opt/ros/humble LD_LIBRARY_PATH=/home/locobot/interbotix_ws/install/irobot_create_toolbox/lib:/home/locobot/locobot_ws/install/yolov8_msgs/lib:/home/locobot/locobot_ws/install/urg_node2/lib:/home/locobot/locobot_ws/install/realsense2_camera/lib:/home/locobot/locobot_ws/install/realsense2_camera_msgs/lib:/home/locobot/locobot_ws/install/create3_coverage/lib:/home/locobot/locobot_ws/install/create3_examples_msgs/lib:/home/locobot/locobot_ws/install/cartographer_rviz/lib:/home/locobot/locobot_ws/install/cartographer_ros/lib:/home/locobot/locobot_ws/install/cartographer_ros_msgs/lib:/home/locobot/apriltag_ws/install/apriltag_ros/lib:/home/locobot/interbotix_ws/install/moveit_visual_tools/lib:/home/locobot/interbotix_ws/install/irobot_create_nodes/lib:/home/locobot/interbotix_ws/install/irobot_create_gazebo_plugins/lib:/home/locobot/interbotix_ws/install/interbotix_xs_rviz/lib:/home/locobot/interbotix_ws/install/interbotix_xs_ros_control/lib:/home/locobot/interbotix_ws/install/interbotix_xs_msgs/lib:/home/locobot/interbotix_ws/install/interbotix_xs_driver/lib:/home/locobot/interbotix_ws/install/interbotix_tf_tools/lib:/home/locobot/interbotix_ws/install/interbotix_perception_msgs/lib:/home/locobot/interbotix_ws/install/interbotix_moveit_interface_msgs/lib:/home/locobot/interbotix_ws/install/dynamixel_workbench_toolbox/lib:/opt/ros/humble/opt/rviz_ogre_vendor/lib:/opt/ros/humble/lib/x86_64-linux-gnu:/opt/ros/humble/lib /usr/bin/cmake --install /home/locobot/interbotix_ws/build/irobot_create_nodes
[282.720s] -- Install configuration: ""
[282.720s] -- Installing: /home/locobot/interbotix_ws/install/irobot_create_nodes/lib/irobot_create_nodes/hazards_vector_publisher
[282.721s] -- Set runtime path of "/home/locobot/interbotix_ws/install/irobot_create_nodes/lib/irobot_create_nodes/hazards_vector_publisher" to ""
[282.721s] -- Installing: /home/locobot/interbotix_ws/install/irobot_create_nodes/lib/irobot_create_nodes/ir_intensity_vector_publisher
[282.722s] -- Set runtime path of "/home/locobot/interbotix_ws/install/irobot_create_nodes/lib/irobot_create_nodes/ir_intensity_vector_publisher" to ""
[282.722s] -- Installing: /home/locobot/interbotix_ws/install/irobot_create_nodes/lib/irobot_create_nodes/motion_control
[282.722s] -- Set runtime path of "/home/locobot/interbotix_ws/install/irobot_create_nodes/lib/irobot_create_nodes/motion_control" to ""
[282.723s] -- Installing: /home/locobot/interbotix_ws/install/irobot_create_nodes/lib/irobot_create_nodes/wheel_status_publisher
[282.723s] -- Set runtime path of "/home/locobot/interbotix_ws/install/irobot_create_nodes/lib/irobot_create_nodes/wheel_status_publisher" to ""
[282.724s] -- Installing: /home/locobot/interbotix_ws/install/irobot_create_nodes/lib/irobot_create_nodes/robot_state
[282.724s] -- Set runtime path of "/home/locobot/interbotix_ws/install/irobot_create_nodes/lib/irobot_create_nodes/robot_state" to ""
[282.725s] -- Installing: /home/locobot/interbotix_ws/install/irobot_create_nodes/lib/irobot_create_nodes/ui_mgr
[282.725s] -- Set runtime path of "/home/locobot/interbotix_ws/install/irobot_create_nodes/lib/irobot_create_nodes/ui_mgr" to ""
[282.726s] -- Installing: /home/locobot/interbotix_ws/install/irobot_create_nodes/lib/irobot_create_nodes/mock_publisher
[282.726s] -- Set runtime path of "/home/locobot/interbotix_ws/install/irobot_create_nodes/lib/irobot_create_nodes/mock_publisher" to ""
[282.726s] -- Installing: /home/locobot/interbotix_ws/install/irobot_create_nodes/lib/irobot_create_nodes/kidnap_estimator_publisher
[282.727s] -- Set runtime path of "/home/locobot/interbotix_ws/install/irobot_create_nodes/lib/irobot_create_nodes/kidnap_estimator_publisher" to ""
[282.727s] -- Installing: /home/locobot/interbotix_ws/install/irobot_create_nodes/lib/libhazard_publisher_lib.so
[282.736s] -- Set runtime path of "/home/locobot/interbotix_ws/install/irobot_create_nodes/lib/libhazard_publisher_lib.so" to ""
[282.737s] -- Installing: /home/locobot/interbotix_ws/install/irobot_create_nodes/lib/libir_intensity_publisher_lib.so
[282.741s] -- Set runtime path of "/home/locobot/interbotix_ws/install/irobot_create_nodes/lib/libir_intensity_publisher_lib.so" to ""
[282.741s] -- Installing: /home/locobot/interbotix_ws/install/irobot_create_nodes/lib/libmotion_control_lib.so
[282.767s] -- Set runtime path of "/home/locobot/interbotix_ws/install/irobot_create_nodes/lib/libmotion_control_lib.so" to ""
[282.767s] -- Installing: /home/locobot/interbotix_ws/install/irobot_create_nodes/lib/libwheel_status_publisher_lib.so
[282.774s] -- Set runtime path of "/home/locobot/interbotix_ws/install/irobot_create_nodes/lib/libwheel_status_publisher_lib.so" to ""
[282.774s] -- Installing: /home/locobot/interbotix_ws/install/irobot_create_nodes/lib/librobot_state_lib.so
[282.783s] -- Set runtime path of "/home/locobot/interbotix_ws/install/irobot_create_nodes/lib/librobot_state_lib.so" to ""
[282.784s] -- Installing: /home/locobot/interbotix_ws/install/irobot_create_nodes/lib/libui_mgr_lib.so
[282.795s] -- Set runtime path of "/home/locobot/interbotix_ws/install/irobot_create_nodes/lib/libui_mgr_lib.so" to ""
[282.795s] -- Installing: /home/locobot/interbotix_ws/install/irobot_create_nodes/lib/libmock_publisher_lib.so
[282.797s] -- Set runtime path of "/home/locobot/interbotix_ws/install/irobot_create_nodes/lib/libmock_publisher_lib.so" to ""
[282.798s] -- Installing: /home/locobot/interbotix_ws/install/irobot_create_nodes/lib/libkidnap_estimator_publisher_lib.so
[282.802s] -- Set runtime path of "/home/locobot/interbotix_ws/install/irobot_create_nodes/lib/libkidnap_estimator_publisher_lib.so" to ""
[282.802s] -- Up-to-date: /home/locobot/interbotix_ws/install/irobot_create_nodes/include
[282.802s] -- Up-to-date: /home/locobot/interbotix_ws/install/irobot_create_nodes/include/irobot_create_nodes
[282.802s] -- Up-to-date: /home/locobot/interbotix_ws/install/irobot_create_nodes/include/irobot_create_nodes/hazards_vector_publisher.hpp
[282.802s] -- Up-to-date: /home/locobot/interbotix_ws/install/irobot_create_nodes/include/irobot_create_nodes/robot_state.hpp
[282.802s] -- Up-to-date: /home/locobot/interbotix_ws/install/irobot_create_nodes/include/irobot_create_nodes/mock_publisher.hpp
[282.803s] -- Up-to-date: /home/locobot/interbotix_ws/install/irobot_create_nodes/include/irobot_create_nodes/ui_mgr.hpp
[282.803s] -- Up-to-date: /home/locobot/interbotix_ws/install/irobot_create_nodes/include/irobot_create_nodes/kidnap_estimator_publisher.hpp
[282.803s] -- Up-to-date: /home/locobot/interbotix_ws/install/irobot_create_nodes/include/irobot_create_nodes/ir_intensity_vector_publisher.hpp
[282.803s] -- Up-to-date: /home/locobot/interbotix_ws/install/irobot_create_nodes/include/irobot_create_nodes/motion_control_node.hpp
[282.803s] -- Up-to-date: /home/locobot/interbotix_ws/install/irobot_create_nodes/include/irobot_create_nodes/motion_control
[282.803s] -- Up-to-date: /home/locobot/interbotix_ws/install/irobot_create_nodes/include/irobot_create_nodes/motion_control/behaviors_scheduler.hpp
[282.803s] -- Up-to-date: /home/locobot/interbotix_ws/install/irobot_create_nodes/include/irobot_create_nodes/motion_control/docking_behavior.hpp
[282.803s] -- Up-to-date: /home/locobot/interbotix_ws/install/irobot_create_nodes/include/irobot_create_nodes/motion_control/drive_goal_behaviors.hpp
[282.803s] -- Up-to-date: /home/locobot/interbotix_ws/install/irobot_create_nodes/include/irobot_create_nodes/motion_control/wall_follow_states.hpp
[282.803s] -- Up-to-date: /home/locobot/interbotix_ws/install/irobot_create_nodes/include/irobot_create_nodes/motion_control/wall_follow_behavior.hpp
[282.803s] -- Up-to-date: /home/locobot/interbotix_ws/install/irobot_create_nodes/include/irobot_create_nodes/motion_control/simple_goal_controller.hpp
[282.803s] -- Up-to-date: /home/locobot/interbotix_ws/install/irobot_create_nodes/include/irobot_create_nodes/motion_control/reflex_behavior.hpp
[282.803s] -- Up-to-date: /home/locobot/interbotix_ws/install/irobot_create_nodes/include/irobot_create_nodes/wheels_publisher.hpp
[282.803s] -- Up-to-date: /home/locobot/interbotix_ws/install/irobot_create_nodes/share/irobot_create_nodes/environment/library_path.sh
[282.803s] -- Installing: /home/locobot/interbotix_ws/install/irobot_create_nodes/share/irobot_create_nodes/environment/library_path.dsv
[282.804s] -- Up-to-date: /home/locobot/interbotix_ws/install/irobot_create_nodes/share/ament_index/resource_index/package_run_dependencies/irobot_create_nodes
[282.804s] -- Installing: /home/locobot/interbotix_ws/install/irobot_create_nodes/share/ament_index/resource_index/parent_prefix_path/irobot_create_nodes
[282.804s] -- Installing: /home/locobot/interbotix_ws/install/irobot_create_nodes/share/irobot_create_nodes/environment/ament_prefix_path.sh
[282.804s] -- Installing: /home/locobot/interbotix_ws/install/irobot_create_nodes/share/irobot_create_nodes/environment/ament_prefix_path.dsv
[282.804s] -- Installing: /home/locobot/interbotix_ws/install/irobot_create_nodes/share/irobot_create_nodes/environment/path.sh
[282.804s] -- Installing: /home/locobot/interbotix_ws/install/irobot_create_nodes/share/irobot_create_nodes/environment/path.dsv
[282.804s] -- Up-to-date: /home/locobot/interbotix_ws/install/irobot_create_nodes/share/irobot_create_nodes/local_setup.bash
[282.804s] -- Up-to-date: /home/locobot/interbotix_ws/install/irobot_create_nodes/share/irobot_create_nodes/local_setup.sh
[282.804s] -- Up-to-date: /home/locobot/interbotix_ws/install/irobot_create_nodes/share/irobot_create_nodes/local_setup.zsh
[282.804s] -- Installing: /home/locobot/interbotix_ws/install/irobot_create_nodes/share/irobot_create_nodes/local_setup.dsv
[282.804s] -- Installing: /home/locobot/interbotix_ws/install/irobot_create_nodes/share/irobot_create_nodes/package.dsv
[282.805s] -- Up-to-date: /home/locobot/interbotix_ws/install/irobot_create_nodes/share/ament_index/resource_index/packages/irobot_create_nodes
[282.805s] -- Up-to-date: /home/locobot/interbotix_ws/install/irobot_create_nodes/share/ament_index/resource_index/rclcpp_components/irobot_create_nodes
[282.805s] -- Up-to-date: /home/locobot/interbotix_ws/install/irobot_create_nodes/share/irobot_create_nodes/cmake/ament_cmake_export_include_directories-extras.cmake
[282.805s] -- Up-to-date: /home/locobot/interbotix_ws/install/irobot_create_nodes/share/irobot_create_nodes/cmake/ament_cmake_export_libraries-extras.cmake
[282.805s] -- Up-to-date: /home/locobot/interbotix_ws/install/irobot_create_nodes/share/irobot_create_nodes/cmake/ament_cmake_export_dependencies-extras.cmake
[282.805s] -- Up-to-date: /home/locobot/interbotix_ws/install/irobot_create_nodes/share/irobot_create_nodes/cmake/irobot_create_nodesConfig.cmake
[282.805s] -- Up-to-date: /home/locobot/interbotix_ws/install/irobot_create_nodes/share/irobot_create_nodes/cmake/irobot_create_nodesConfig-version.cmake
[282.805s] -- Up-to-date: /home/locobot/interbotix_ws/install/irobot_create_nodes/share/irobot_create_nodes/package.xml
[282.807s] Invoked command in '/home/locobot/interbotix_ws/build/irobot_create_nodes' returned '0': CMAKE_PREFIX_PATH=/home/locobot/interbotix_ws/install/irobot_create_toolbox:/home/locobot/locobot_ws/install/yolov8_bringup:/home/locobot/locobot_ws/install/yolov8_msgs:/home/locobot/locobot_ws/install/urg_node2:/home/locobot/locobot_ws/install/tts_ros:/home/locobot/locobot_ws/install/realsense2_description:/home/locobot/locobot_ws/install/interbotix_xslocobot_moveit:/home/locobot/locobot_ws/install/interbotix_xslocobot_ros_control:/home/locobot/locobot_ws/install/interbotix_xslocobot_nav:/home/locobot/locobot_ws/install/interbotix_xslocobot_joy:/home/locobot/locobot_ws/install/interbotix_xslocobot_control:/home/locobot/locobot_ws/install/realsense2_camera:/home/locobot/locobot_ws/install/realsense2_camera_msgs:/home/locobot/locobot_ws/install/interbotix_xslocobot_sim:/home/locobot/locobot_ws/install/interbotix_xslocobot_descriptions:/home/locobot/locobot_ws/install/interbotix_ros_xsarms_examples:/home/locobot/locobot_ws/install/interbotix_xsarm_moveit_interface:/home/locobot/locobot_ws/install/interbotix_ros_xsarms:/home/locobot/locobot_ws/install/interbotix_xsarm_moveit:/home/locobot/locobot_ws/install/interbotix_xsarm_sim:/home/locobot/locobot_ws/install/interbotix_xsarm_ros_control:/home/locobot/locobot_ws/install/interbotix_xsarm_puppet:/home/locobot/locobot_ws/install/interbotix_xsarm_joy:/home/locobot/locobot_ws/install/interbotix_xsarm_dual:/home/locobot/locobot_ws/install/interbotix_xsarm_control:/home/locobot/locobot_ws/install/interbotix_xsarm_descriptions:/home/locobot/locobot_ws/install/create3_republisher:/home/locobot/locobot_ws/install/create3_lidar_slam:/home/locobot/locobot_ws/install/create3_coverage:/home/locobot/locobot_ws/install/create3_examples_msgs:/home/locobot/locobot_ws/install/cartographer_rviz:/home/locobot/locobot_ws/install/cartographer_ros:/home/locobot/locobot_ws/install/cartographer_ros_msgs:/home/locobot/locobot_ws/install/cartographer:/home/locobot/apriltag_ws/install/apriltag_ros:/home/locobot/interbotix_ws/install/interbotix_xslocobot_moveit:/home/locobot/interbotix_ws/install/interbotix_xslocobot_ros_control:/home/locobot/interbotix_ws/install/interbotix_xslocobot_nav:/home/locobot/interbotix_ws/install/interbotix_xslocobot_joy:/home/locobot/interbotix_ws/install/sllidar_ros2:/home/locobot/interbotix_ws/install/interbotix_ros_xsarms_examples:/home/locobot/interbotix_ws/install/interbotix_xsarm_moveit_interface:/home/locobot/interbotix_ws/install/interbotix_moveit_interface:/home/locobot/interbotix_ws/install/moveit_visual_tools:/home/locobot/interbotix_ws/install/irobot_create_ignition_sim:/home/locobot/interbotix_ws/install/irobot_create_ignition_bringup:/home/locobot/interbotix_ws/install/irobot_create_gazebo_sim:/home/locobot/interbotix_ws/install/irobot_create_gazebo_bringup:/home/locobot/interbotix_ws/install/irobot_create_common_bringup:/home/locobot/interbotix_ws/install/irobot_create_nodes:/home/locobot/interbotix_ws/install/irobot_create_ignition_toolbox:/home/locobot/interbotix_ws/install/irobot_create_gazebo_plugins:/home/locobot/interbotix_ws/install/irobot_create_ignition_plugins:/home/locobot/interbotix_ws/install/irobot_create_description:/home/locobot/interbotix_ws/install/irobot_create_control:/home/locobot/interbotix_ws/install/interbotix_xslocobot_sim:/home/locobot/interbotix_ws/install/interbotix_xslocobot_descriptions:/home/locobot/interbotix_ws/install/interbotix_ros_xsarms:/home/locobot/interbotix_ws/install/interbotix_xsarm_moveit:/home/locobot/interbotix_ws/install/interbotix_xsarm_sim:/home/locobot/interbotix_ws/install/interbotix_xsarm_ros_control:/home/locobot/interbotix_ws/install/interbotix_xsarm_puppet:/home/locobot/interbotix_ws/install/interbotix_xsarm_perception:/home/locobot/interbotix_ws/install/interbotix_xsarm_joy:/home/locobot/interbotix_ws/install/interbotix_xsarm_dual:/home/locobot/interbotix_ws/install/interbotix_xsarm_control:/home/locobot/interbotix_ws/install/interbotix_xsarm_descriptions:/home/locobot/interbotix_ws/install/interbotix_xs_toolbox:/home/locobot/interbotix_ws/install/interbotix_xs_rviz:/home/locobot/interbotix_ws/install/interbotix_ros_xseries:/home/locobot/interbotix_ws/install/interbotix_xs_sdk:/home/locobot/interbotix_ws/install/interbotix_xs_ros_control:/home/locobot/interbotix_ws/install/interbotix_perception_toolbox:/home/locobot/interbotix_ws/install/interbotix_perception_pipelines:/home/locobot/interbotix_ws/install/interbotix_xs_msgs:/home/locobot/interbotix_ws/install/interbotix_xs_driver:/home/locobot/interbotix_ws/install/interbotix_tf_tools:/home/locobot/interbotix_ws/install/interbotix_perception_msgs:/home/locobot/interbotix_ws/install/interbotix_moveit_interface_msgs:/home/locobot/interbotix_ws/install/interbotix_common_toolbox:/home/locobot/interbotix_ws/install/interbotix_common_sim:/home/locobot/interbotix_ws/install/dynamixel_workbench_toolbox:/home/locobot/locobot_ws/install/yolov8_ros:/home/locobot/locobot_ws/install/detection:/home/locobot/locobot_ws/install/locobot_move:/home/locobot/locobot_ws/install/create3_teleop:/home/locobot/locobot_ws/install/create3_examples_py:/home/locobot/interbotix_ws/install/interbotix_xslocobot_control:/home/locobot/interbotix_ws/install/interbotix_xs_modules:/home/locobot/interbotix_ws/install/interbotix_perception_modules:/home/locobot/interbotix_ws/install/interbotix_common_modules:/opt/ros/humble LD_LIBRARY_PATH=/home/locobot/interbotix_ws/install/irobot_create_toolbox/lib:/home/locobot/locobot_ws/install/yolov8_msgs/lib:/home/locobot/locobot_ws/install/urg_node2/lib:/home/locobot/locobot_ws/install/realsense2_camera/lib:/home/locobot/locobot_ws/install/realsense2_camera_msgs/lib:/home/locobot/locobot_ws/install/create3_coverage/lib:/home/locobot/locobot_ws/install/create3_examples_msgs/lib:/home/locobot/locobot_ws/install/cartographer_rviz/lib:/home/locobot/locobot_ws/install/cartographer_ros/lib:/home/locobot/locobot_ws/install/cartographer_ros_msgs/lib:/home/locobot/apriltag_ws/install/apriltag_ros/lib:/home/locobot/interbotix_ws/install/moveit_visual_tools/lib:/home/locobot/interbotix_ws/install/irobot_create_nodes/lib:/home/locobot/interbotix_ws/install/irobot_create_gazebo_plugins/lib:/home/locobot/interbotix_ws/install/interbotix_xs_rviz/lib:/home/locobot/interbotix_ws/install/interbotix_xs_ros_control/lib:/home/locobot/interbotix_ws/install/interbotix_xs_msgs/lib:/home/locobot/interbotix_ws/install/interbotix_xs_driver/lib:/home/locobot/interbotix_ws/install/interbotix_tf_tools/lib:/home/locobot/interbotix_ws/install/interbotix_perception_msgs/lib:/home/locobot/interbotix_ws/install/interbotix_moveit_interface_msgs/lib:/home/locobot/interbotix_ws/install/dynamixel_workbench_toolbox/lib:/opt/ros/humble/opt/rviz_ogre_vendor/lib:/opt/ros/humble/lib/x86_64-linux-gnu:/opt/ros/humble/lib /usr/bin/cmake --install /home/locobot/interbotix_ws/build/irobot_create_nodes
