[0.919s] Invoking command in '/home/locobot/interbotix_ws/src/interbotix_ros_toolboxes/interbotix_xs_toolbox/interbotix_xs_modules': AMENT_PREFIX_PATH=/home/locobot/interbotix_ws/install/interbotix_xs_sdk:/home/locobot/interbotix_ws/install/interbotix_xs_driver:/home/locobot/interbotix_ws/install/interbotix_xs_msgs:/home/locobot/interbotix_ws/install/interbotix_common_modules:/home/locobot/interbotix_ws/install/dynamixel_workbench_toolbox:${AMENT_PREFIX_PATH} CMAKE_PREFIX_PATH=/home/locobot/interbotix_ws/install/interbotix_xs_sdk:/home/locobot/interbotix_ws/install/interbotix_xs_driver:/home/locobot/interbotix_ws/install/interbotix_xs_msgs:/home/locobot/interbotix_ws/install/dynamixel_workbench_toolbox:${CMAKE_PREFIX_PATH} LD_LIBRARY_PATH=/home/locobot/interbotix_ws/install/interbotix_xs_driver/lib:/home/locobot/interbotix_ws/install/interbotix_xs_msgs/lib:/home/locobot/interbotix_ws/install/dynamixel_workbench_toolbox/lib:${LD_LIBRARY_PATH} PYTHONPATH=/home/locobot/interbotix_ws/build/interbotix_xs_modules/prefix_override:/home/locobot/interbotix_ws/install/interbotix_xs_modules/lib/python3.10/site-packages:/home/locobot/interbotix_ws/install/interbotix_xs_msgs/local/lib/python3.10/dist-packages:/home/locobot/interbotix_ws/install/interbotix_common_modules/lib/python3.10/site-packages:${PYTHONPATH} /usr/bin/python3 -W ignore:setup.py install is deprecated setup.py egg_info --egg-base ../../../../build/interbotix_xs_modules build --build-base /home/locobot/interbotix_ws/build/interbotix_xs_modules/build install --record /home/locobot/interbotix_ws/build/interbotix_xs_modules/install.log --single-version-externally-managed install_data
[1.294s] running egg_info
[1.295s] creating ../../../../build/interbotix_xs_modules/interbotix_xs_modules.egg-info
[1.295s] writing ../../../../build/interbotix_xs_modules/interbotix_xs_modules.egg-info/PKG-INFO
[1.296s] writing dependency_links to ../../../../build/interbotix_xs_modules/interbotix_xs_modules.egg-info/dependency_links.txt
[1.296s] writing entry points to ../../../../build/interbotix_xs_modules/interbotix_xs_modules.egg-info/entry_points.txt
[1.296s] writing requirements to ../../../../build/interbotix_xs_modules/interbotix_xs_modules.egg-info/requires.txt
[1.296s] writing top-level names to ../../../../build/interbotix_xs_modules/interbotix_xs_modules.egg-info/top_level.txt
[1.296s] writing manifest file '../../../../build/interbotix_xs_modules/interbotix_xs_modules.egg-info/SOURCES.txt'
[1.299s] reading manifest file '../../../../build/interbotix_xs_modules/interbotix_xs_modules.egg-info/SOURCES.txt'
[1.300s] writing manifest file '../../../../build/interbotix_xs_modules/interbotix_xs_modules.egg-info/SOURCES.txt'
[1.300s] running build
[1.300s] running build_py
[1.301s] creating /home/locobot/interbotix_ws/build/interbotix_xs_modules/build
[1.301s] creating /home/locobot/interbotix_ws/build/interbotix_xs_modules/build/lib
[1.301s] creating /home/locobot/interbotix_ws/build/interbotix_xs_modules/build/lib/interbotix_xs_modules
[1.301s] copying interbotix_xs_modules/__init__.py -> /home/locobot/interbotix_ws/build/interbotix_xs_modules/build/lib/interbotix_xs_modules
[1.304s] creating /home/locobot/interbotix_ws/build/interbotix_xs_modules/build/lib/interbotix_xs_modules/xs_common
[1.305s] copying interbotix_xs_modules/xs_common/xs_common.py -> /home/locobot/interbotix_ws/build/interbotix_xs_modules/build/lib/interbotix_xs_modules/xs_common
[1.305s] copying interbotix_xs_modules/xs_common/__init__.py -> /home/locobot/interbotix_ws/build/interbotix_xs_modules/build/lib/interbotix_xs_modules/xs_common
[1.306s] creating /home/locobot/interbotix_ws/build/interbotix_xs_modules/build/lib/interbotix_xs_modules/xs_robot
[1.306s] copying interbotix_xs_modules/xs_robot/core.py -> /home/locobot/interbotix_ws/build/interbotix_xs_modules/build/lib/interbotix_xs_modules/xs_robot
[1.307s] copying interbotix_xs_modules/xs_robot/kobuki.py -> /home/locobot/interbotix_ws/build/interbotix_xs_modules/build/lib/interbotix_xs_modules/xs_robot
[1.307s] copying interbotix_xs_modules/xs_robot/arm.py -> /home/locobot/interbotix_ws/build/interbotix_xs_modules/build/lib/interbotix_xs_modules/xs_robot
[1.308s] copying interbotix_xs_modules/xs_robot/locobot.py -> /home/locobot/interbotix_ws/build/interbotix_xs_modules/build/lib/interbotix_xs_modules/xs_robot
[1.308s] copying interbotix_xs_modules/xs_robot/hexapod.py -> /home/locobot/interbotix_ws/build/interbotix_xs_modules/build/lib/interbotix_xs_modules/xs_robot
[1.309s] copying interbotix_xs_modules/xs_robot/gripper.py -> /home/locobot/interbotix_ws/build/interbotix_xs_modules/build/lib/interbotix_xs_modules/xs_robot
[1.309s] copying interbotix_xs_modules/xs_robot/__init__.py -> /home/locobot/interbotix_ws/build/interbotix_xs_modules/build/lib/interbotix_xs_modules/xs_robot
[1.310s] copying interbotix_xs_modules/xs_robot/turret.py -> /home/locobot/interbotix_ws/build/interbotix_xs_modules/build/lib/interbotix_xs_modules/xs_robot
[1.310s] copying interbotix_xs_modules/xs_robot/mr_descriptions.py -> /home/locobot/interbotix_ws/build/interbotix_xs_modules/build/lib/interbotix_xs_modules/xs_robot
[1.311s] copying interbotix_xs_modules/xs_robot/create3.py -> /home/locobot/interbotix_ws/build/interbotix_xs_modules/build/lib/interbotix_xs_modules/xs_robot
[1.311s] copying interbotix_xs_modules/xs_robot/mobile_base.py -> /home/locobot/interbotix_ws/build/interbotix_xs_modules/build/lib/interbotix_xs_modules/xs_robot
[1.312s] creating /home/locobot/interbotix_ws/build/interbotix_xs_modules/build/lib/interbotix_xs_modules/xs_launch
[1.312s] copying interbotix_xs_modules/xs_launch/__init__.py -> /home/locobot/interbotix_ws/build/interbotix_xs_modules/build/lib/interbotix_xs_modules/xs_launch
[1.313s] copying interbotix_xs_modules/xs_launch/xs_launch.py -> /home/locobot/interbotix_ws/build/interbotix_xs_modules/build/lib/interbotix_xs_modules/xs_launch
[1.314s] running install
[1.315s] running install_lib
[1.316s] creating /home/locobot/interbotix_ws/install/interbotix_xs_modules/lib/python3.10/site-packages/interbotix_xs_modules
[1.316s] creating /home/locobot/interbotix_ws/install/interbotix_xs_modules/lib/python3.10/site-packages/interbotix_xs_modules/xs_common
[1.316s] copying /home/locobot/interbotix_ws/build/interbotix_xs_modules/build/lib/interbotix_xs_modules/xs_common/xs_common.py -> /home/locobot/interbotix_ws/install/interbotix_xs_modules/lib/python3.10/site-packages/interbotix_xs_modules/xs_common
[1.317s] copying /home/locobot/interbotix_ws/build/interbotix_xs_modules/build/lib/interbotix_xs_modules/xs_common/__init__.py -> /home/locobot/interbotix_ws/install/interbotix_xs_modules/lib/python3.10/site-packages/interbotix_xs_modules/xs_common
[1.317s] copying /home/locobot/interbotix_ws/build/interbotix_xs_modules/build/lib/interbotix_xs_modules/__init__.py -> /home/locobot/interbotix_ws/install/interbotix_xs_modules/lib/python3.10/site-packages/interbotix_xs_modules
[1.317s] creating /home/locobot/interbotix_ws/install/interbotix_xs_modules/lib/python3.10/site-packages/interbotix_xs_modules/xs_robot
[1.318s] copying /home/locobot/interbotix_ws/build/interbotix_xs_modules/build/lib/interbotix_xs_modules/xs_robot/core.py -> /home/locobot/interbotix_ws/install/interbotix_xs_modules/lib/python3.10/site-packages/interbotix_xs_modules/xs_robot
[1.318s] copying /home/locobot/interbotix_ws/build/interbotix_xs_modules/build/lib/interbotix_xs_modules/xs_robot/kobuki.py -> /home/locobot/interbotix_ws/install/interbotix_xs_modules/lib/python3.10/site-packages/interbotix_xs_modules/xs_robot
[1.318s] copying /home/locobot/interbotix_ws/build/interbotix_xs_modules/build/lib/interbotix_xs_modules/xs_robot/arm.py -> /home/locobot/interbotix_ws/install/interbotix_xs_modules/lib/python3.10/site-packages/interbotix_xs_modules/xs_robot
[1.319s] copying /home/locobot/interbotix_ws/build/interbotix_xs_modules/build/lib/interbotix_xs_modules/xs_robot/locobot.py -> /home/locobot/interbotix_ws/install/interbotix_xs_modules/lib/python3.10/site-packages/interbotix_xs_modules/xs_robot
[1.319s] copying /home/locobot/interbotix_ws/build/interbotix_xs_modules/build/lib/interbotix_xs_modules/xs_robot/hexapod.py -> /home/locobot/interbotix_ws/install/interbotix_xs_modules/lib/python3.10/site-packages/interbotix_xs_modules/xs_robot
[1.319s] copying /home/locobot/interbotix_ws/build/interbotix_xs_modules/build/lib/interbotix_xs_modules/xs_robot/gripper.py -> /home/locobot/interbotix_ws/install/interbotix_xs_modules/lib/python3.10/site-packages/interbotix_xs_modules/xs_robot
[1.320s] copying /home/locobot/interbotix_ws/build/interbotix_xs_modules/build/lib/interbotix_xs_modules/xs_robot/__init__.py -> /home/locobot/interbotix_ws/install/interbotix_xs_modules/lib/python3.10/site-packages/interbotix_xs_modules/xs_robot
[1.320s] copying /home/locobot/interbotix_ws/build/interbotix_xs_modules/build/lib/interbotix_xs_modules/xs_robot/turret.py -> /home/locobot/interbotix_ws/install/interbotix_xs_modules/lib/python3.10/site-packages/interbotix_xs_modules/xs_robot
[1.320s] copying /home/locobot/interbotix_ws/build/interbotix_xs_modules/build/lib/interbotix_xs_modules/xs_robot/mr_descriptions.py -> /home/locobot/interbotix_ws/install/interbotix_xs_modules/lib/python3.10/site-packages/interbotix_xs_modules/xs_robot
[1.321s] copying /home/locobot/interbotix_ws/build/interbotix_xs_modules/build/lib/interbotix_xs_modules/xs_robot/create3.py -> /home/locobot/interbotix_ws/install/interbotix_xs_modules/lib/python3.10/site-packages/interbotix_xs_modules/xs_robot
[1.321s] copying /home/locobot/interbotix_ws/build/interbotix_xs_modules/build/lib/interbotix_xs_modules/xs_robot/mobile_base.py -> /home/locobot/interbotix_ws/install/interbotix_xs_modules/lib/python3.10/site-packages/interbotix_xs_modules/xs_robot
[1.321s] creating /home/locobot/interbotix_ws/install/interbotix_xs_modules/lib/python3.10/site-packages/interbotix_xs_modules/xs_launch
[1.321s] copying /home/locobot/interbotix_ws/build/interbotix_xs_modules/build/lib/interbotix_xs_modules/xs_launch/__init__.py -> /home/locobot/interbotix_ws/install/interbotix_xs_modules/lib/python3.10/site-packages/interbotix_xs_modules/xs_launch
[1.322s] copying /home/locobot/interbotix_ws/build/interbotix_xs_modules/build/lib/interbotix_xs_modules/xs_launch/xs_launch.py -> /home/locobot/interbotix_ws/install/interbotix_xs_modules/lib/python3.10/site-packages/interbotix_xs_modules/xs_launch
[1.323s] byte-compiling /home/locobot/interbotix_ws/install/interbotix_xs_modules/lib/python3.10/site-packages/interbotix_xs_modules/xs_common/xs_common.py to xs_common.cpython-310.pyc
[1.324s] byte-compiling /home/locobot/interbotix_ws/install/interbotix_xs_modules/lib/python3.10/site-packages/interbotix_xs_modules/xs_common/__init__.py to __init__.cpython-310.pyc
[1.324s] byte-compiling /home/locobot/interbotix_ws/install/interbotix_xs_modules/lib/python3.10/site-packages/interbotix_xs_modules/__init__.py to __init__.cpython-310.pyc
[1.325s] byte-compiling /home/locobot/interbotix_ws/install/interbotix_xs_modules/lib/python3.10/site-packages/interbotix_xs_modules/xs_robot/core.py to core.cpython-310.pyc
[1.328s] byte-compiling /home/locobot/interbotix_ws/install/interbotix_xs_modules/lib/python3.10/site-packages/interbotix_xs_modules/xs_robot/kobuki.py to kobuki.cpython-310.pyc
[1.329s] byte-compiling /home/locobot/interbotix_ws/install/interbotix_xs_modules/lib/python3.10/site-packages/interbotix_xs_modules/xs_robot/arm.py to arm.cpython-310.pyc
[1.334s] byte-compiling /home/locobot/interbotix_ws/install/interbotix_xs_modules/lib/python3.10/site-packages/interbotix_xs_modules/xs_robot/locobot.py to locobot.cpython-310.pyc
[1.336s] byte-compiling /home/locobot/interbotix_ws/install/interbotix_xs_modules/lib/python3.10/site-packages/interbotix_xs_modules/xs_robot/hexapod.py to hexapod.cpython-310.pyc
[1.344s] byte-compiling /home/locobot/interbotix_ws/install/interbotix_xs_modules/lib/python3.10/site-packages/interbotix_xs_modules/xs_robot/gripper.py to gripper.cpython-310.pyc
[1.346s] byte-compiling /home/locobot/interbotix_ws/install/interbotix_xs_modules/lib/python3.10/site-packages/interbotix_xs_modules/xs_robot/__init__.py to __init__.cpython-310.pyc
[1.347s] byte-compiling /home/locobot/interbotix_ws/install/interbotix_xs_modules/lib/python3.10/site-packages/interbotix_xs_modules/xs_robot/turret.py to turret.cpython-310.pyc
[1.350s] byte-compiling /home/locobot/interbotix_ws/install/interbotix_xs_modules/lib/python3.10/site-packages/interbotix_xs_modules/xs_robot/mr_descriptions.py to mr_descriptions.cpython-310.pyc
[1.353s] byte-compiling /home/locobot/interbotix_ws/install/interbotix_xs_modules/lib/python3.10/site-packages/interbotix_xs_modules/xs_robot/create3.py to create3.cpython-310.pyc
[1.354s] byte-compiling /home/locobot/interbotix_ws/install/interbotix_xs_modules/lib/python3.10/site-packages/interbotix_xs_modules/xs_robot/mobile_base.py to mobile_base.cpython-310.pyc
[1.356s] byte-compiling /home/locobot/interbotix_ws/install/interbotix_xs_modules/lib/python3.10/site-packages/interbotix_xs_modules/xs_launch/__init__.py to __init__.cpython-310.pyc
[1.357s] byte-compiling /home/locobot/interbotix_ws/install/interbotix_xs_modules/lib/python3.10/site-packages/interbotix_xs_modules/xs_launch/xs_launch.py to xs_launch.cpython-310.pyc
[1.360s] running install_data
[1.361s] creating /home/locobot/interbotix_ws/install/interbotix_xs_modules/share/ament_index
[1.361s] creating /home/locobot/interbotix_ws/install/interbotix_xs_modules/share/ament_index/resource_index
[1.361s] creating /home/locobot/interbotix_ws/install/interbotix_xs_modules/share/ament_index/resource_index/packages
[1.361s] copying resource/interbotix_xs_modules -> /home/locobot/interbotix_ws/install/interbotix_xs_modules/share/ament_index/resource_index/packages
[1.362s] copying package.xml -> /home/locobot/interbotix_ws/install/interbotix_xs_modules/share/interbotix_xs_modules
[1.362s] running install_egg_info
[1.366s] Copying ../../../../build/interbotix_xs_modules/interbotix_xs_modules.egg-info to /home/locobot/interbotix_ws/install/interbotix_xs_modules/lib/python3.10/site-packages/interbotix_xs_modules-0.0.0-py3.10.egg-info
[1.367s] running install_scripts
[1.397s] writing list of installed files to '/home/locobot/interbotix_ws/build/interbotix_xs_modules/install.log'
[1.436s] Invoked command in '/home/locobot/interbotix_ws/src/interbotix_ros_toolboxes/interbotix_xs_toolbox/interbotix_xs_modules' returned '0': AMENT_PREFIX_PATH=/home/locobot/interbotix_ws/install/interbotix_xs_sdk:/home/locobot/interbotix_ws/install/interbotix_xs_driver:/home/locobot/interbotix_ws/install/interbotix_xs_msgs:/home/locobot/interbotix_ws/install/interbotix_common_modules:/home/locobot/interbotix_ws/install/dynamixel_workbench_toolbox:${AMENT_PREFIX_PATH} CMAKE_PREFIX_PATH=/home/locobot/interbotix_ws/install/interbotix_xs_sdk:/home/locobot/interbotix_ws/install/interbotix_xs_driver:/home/locobot/interbotix_ws/install/interbotix_xs_msgs:/home/locobot/interbotix_ws/install/dynamixel_workbench_toolbox:${CMAKE_PREFIX_PATH} LD_LIBRARY_PATH=/home/locobot/interbotix_ws/install/interbotix_xs_driver/lib:/home/locobot/interbotix_ws/install/interbotix_xs_msgs/lib:/home/locobot/interbotix_ws/install/dynamixel_workbench_toolbox/lib:${LD_LIBRARY_PATH} PYTHONPATH=/home/locobot/interbotix_ws/build/interbotix_xs_modules/prefix_override:/home/locobot/interbotix_ws/install/interbotix_xs_modules/lib/python3.10/site-packages:/home/locobot/interbotix_ws/install/interbotix_xs_msgs/local/lib/python3.10/dist-packages:/home/locobot/interbotix_ws/install/interbotix_common_modules/lib/python3.10/site-packages:${PYTHONPATH} /usr/bin/python3 -W ignore:setup.py install is deprecated setup.py egg_info --egg-base ../../../../build/interbotix_xs_modules build --build-base /home/locobot/interbotix_ws/build/interbotix_xs_modules/build install --record /home/locobot/interbotix_ws/build/interbotix_xs_modules/install.log --single-version-externally-managed install_data
