[0.046s] Invoking command in '/home/locobot/interbotix_ws/build/irobot_create_description': CMAKE_PREFIX_PATH=${CMAKE_PREFIX_PATH}:/home/locobot/interbotix_ws/install/interbotix_xs_modules:/home/locobot/interbotix_ws/install/interbotix_perception_modules:/home/locobot/interbotix_ws/install/interbotix_common_modules:/opt/ros/humble /usr/bin/cmake /home/locobot/interbotix_ws/src/create3_sim/irobot_create_common/irobot_create_description -DCMAKE_INSTALL_PREFIX=/home/locobot/interbotix_ws/install/irobot_create_description
[0.129s] -- The C compiler identification is GNU 11.4.0
[0.207s] -- The CXX compiler identification is GNU 11.4.0
[0.217s] -- Detecting C compiler ABI info
[0.310s] -- Detecting C compiler ABI info - done
[0.330s] -- Check for working C compiler: /usr/bin/cc - skipped
[0.331s] -- Detecting C compile features
[0.331s] -- Detecting C compile features - done
[0.331s] -- Detecting CXX compiler ABI info
[0.440s] -- Detecting CXX compiler ABI info - done
[0.454s] -- Check for working CXX compiler: /usr/bin/c++ - skipped
[0.454s] -- Detecting CXX compile features
[0.455s] -- Detecting CXX compile features - done
[0.463s] -- Found ament_cmake: 1.3.8 (/opt/ros/humble/share/ament_cmake/cmake)
[0.716s] -- Found Python3: /usr/bin/python3 (found version "3.10.12") found components: Interpreter 
[0.908s] -- Found ament_lint_auto: 0.12.10 (/opt/ros/humble/share/ament_lint_auto/cmake)
[1.023s] -- Added test 'lint_cmake' to check CMake code style
[1.028s] -- Configuring done
[1.034s] -- Generating done
[1.037s] -- Build files have been written to: /home/locobot/interbotix_ws/build/irobot_create_description
[1.049s] Invoked command in '/home/locobot/interbotix_ws/build/irobot_create_description' returned '0': CMAKE_PREFIX_PATH=${CMAKE_PREFIX_PATH}:/home/locobot/interbotix_ws/install/interbotix_xs_modules:/home/locobot/interbotix_ws/install/interbotix_perception_modules:/home/locobot/interbotix_ws/install/interbotix_common_modules:/opt/ros/humble /usr/bin/cmake /home/locobot/interbotix_ws/src/create3_sim/irobot_create_common/irobot_create_description -DCMAKE_INSTALL_PREFIX=/home/locobot/interbotix_ws/install/irobot_create_description
[1.050s] Invoking command in '/home/locobot/interbotix_ws/build/irobot_create_description': CMAKE_PREFIX_PATH=${CMAKE_PREFIX_PATH}:/home/locobot/interbotix_ws/install/interbotix_xs_modules:/home/locobot/interbotix_ws/install/interbotix_perception_modules:/home/locobot/interbotix_ws/install/interbotix_common_modules:/opt/ros/humble /usr/bin/cmake --build /home/locobot/interbotix_ws/build/irobot_create_description -- -j4 -l4
[1.109s] Invoked command in '/home/locobot/interbotix_ws/build/irobot_create_description' returned '0': CMAKE_PREFIX_PATH=${CMAKE_PREFIX_PATH}:/home/locobot/interbotix_ws/install/interbotix_xs_modules:/home/locobot/interbotix_ws/install/interbotix_perception_modules:/home/locobot/interbotix_ws/install/interbotix_common_modules:/opt/ros/humble /usr/bin/cmake --build /home/locobot/interbotix_ws/build/irobot_create_description -- -j4 -l4
[1.147s] Invoking command in '/home/locobot/interbotix_ws/build/irobot_create_description': CMAKE_PREFIX_PATH=${CMAKE_PREFIX_PATH}:/home/locobot/interbotix_ws/install/interbotix_xs_modules:/home/locobot/interbotix_ws/install/interbotix_perception_modules:/home/locobot/interbotix_ws/install/interbotix_common_modules:/opt/ros/humble /usr/bin/cmake --install /home/locobot/interbotix_ws/build/irobot_create_description
[1.159s] -- Install configuration: ""
[1.160s] -- Installing: /home/locobot/interbotix_ws/install/irobot_create_description/share/irobot_create_description//meshes
[1.160s] -- Installing: /home/locobot/interbotix_ws/install/irobot_create_description/share/irobot_create_description//meshes/dock
[1.160s] -- Installing: /home/locobot/interbotix_ws/install/irobot_create_description/share/irobot_create_description//meshes/dock/visual.dae
[1.170s] -- Installing: /home/locobot/interbotix_ws/install/irobot_create_description/share/irobot_create_description//meshes/bumper_collision.dae
[1.170s] -- Installing: /home/locobot/interbotix_ws/install/irobot_create_description/share/irobot_create_description//meshes/bumper_visual.dae
[1.170s] -- Installing: /home/locobot/interbotix_ws/install/irobot_create_description/share/irobot_create_description//meshes/body_visual.dae
[1.172s] -- Installing: /home/locobot/interbotix_ws/install/irobot_create_description/share/irobot_create_description//urdf
[1.172s] -- Installing: /home/locobot/interbotix_ws/install/irobot_create_description/share/irobot_create_description//urdf/dock
[1.172s] -- Installing: /home/locobot/interbotix_ws/install/irobot_create_description/share/irobot_create_description//urdf/dock/ir_emitter.urdf.xacro
[1.172s] -- Installing: /home/locobot/interbotix_ws/install/irobot_create_description/share/irobot_create_description//urdf/dock/standard_dock.urdf.xacro
[1.172s] -- Installing: /home/locobot/interbotix_ws/install/irobot_create_description/share/irobot_create_description//urdf/button.urdf.xacro
[1.172s] -- Installing: /home/locobot/interbotix_ws/install/irobot_create_description/share/irobot_create_description//urdf/caster.urdf.xacro
[1.173s] -- Installing: /home/locobot/interbotix_ws/install/irobot_create_description/share/irobot_create_description//urdf/wheel_drop.urdf.xacro
[1.173s] -- Installing: /home/locobot/interbotix_ws/install/irobot_create_description/share/irobot_create_description//urdf/create3.urdf.xacro
[1.173s] -- Installing: /home/locobot/interbotix_ws/install/irobot_create_description/share/irobot_create_description//urdf/wheel.urdf.xacro
[1.173s] -- Installing: /home/locobot/interbotix_ws/install/irobot_create_description/share/irobot_create_description//urdf/bumper.urdf.xacro
[1.173s] -- Installing: /home/locobot/interbotix_ws/install/irobot_create_description/share/irobot_create_description//urdf/wheel_with_wheeldrop.urdf.xacro
[1.173s] -- Installing: /home/locobot/interbotix_ws/install/irobot_create_description/share/irobot_create_description//urdf/sensors
[1.173s] -- Installing: /home/locobot/interbotix_ws/install/irobot_create_description/share/irobot_create_description//urdf/sensors/cliff_sensor.urdf.xacro
[1.173s] -- Installing: /home/locobot/interbotix_ws/install/irobot_create_description/share/irobot_create_description//urdf/sensors/ir_intensity.urdf.xacro
[1.173s] -- Installing: /home/locobot/interbotix_ws/install/irobot_create_description/share/irobot_create_description//urdf/sensors/imu.urdf.xacro
[1.174s] -- Installing: /home/locobot/interbotix_ws/install/irobot_create_description/share/irobot_create_description//urdf/sensors/optical_mouse.urdf.xacro
[1.174s] -- Installing: /home/locobot/interbotix_ws/install/irobot_create_description/share/irobot_create_description//urdf/sensors/ir_opcode_receivers.urdf.xacro
[1.174s] -- Installing: /home/locobot/interbotix_ws/install/irobot_create_description/share/irobot_create_description//urdf/common_properties.urdf.xacro
[1.174s] -- Installing: /home/locobot/interbotix_ws/install/irobot_create_description/share/ament_index/resource_index/package_run_dependencies/irobot_create_description
[1.174s] -- Installing: /home/locobot/interbotix_ws/install/irobot_create_description/share/ament_index/resource_index/parent_prefix_path/irobot_create_description
[1.174s] -- Installing: /home/locobot/interbotix_ws/install/irobot_create_description/share/irobot_create_description/environment/ament_prefix_path.sh
[1.174s] -- Installing: /home/locobot/interbotix_ws/install/irobot_create_description/share/irobot_create_description/environment/ament_prefix_path.dsv
[1.175s] -- Installing: /home/locobot/interbotix_ws/install/irobot_create_description/share/irobot_create_description/environment/path.sh
[1.175s] -- Installing: /home/locobot/interbotix_ws/install/irobot_create_description/share/irobot_create_description/environment/path.dsv
[1.175s] -- Installing: /home/locobot/interbotix_ws/install/irobot_create_description/share/irobot_create_description/local_setup.bash
[1.175s] -- Installing: /home/locobot/interbotix_ws/install/irobot_create_description/share/irobot_create_description/local_setup.sh
[1.175s] -- Installing: /home/locobot/interbotix_ws/install/irobot_create_description/share/irobot_create_description/local_setup.zsh
[1.175s] -- Installing: /home/locobot/interbotix_ws/install/irobot_create_description/share/irobot_create_description/local_setup.dsv
[1.175s] -- Installing: /home/locobot/interbotix_ws/install/irobot_create_description/share/irobot_create_description/package.dsv
[1.176s] -- Installing: /home/locobot/interbotix_ws/install/irobot_create_description/share/ament_index/resource_index/packages/irobot_create_description
[1.176s] -- Installing: /home/locobot/interbotix_ws/install/irobot_create_description/share/irobot_create_description/cmake/irobot_create_descriptionConfig.cmake
[1.176s] -- Installing: /home/locobot/interbotix_ws/install/irobot_create_description/share/irobot_create_description/cmake/irobot_create_descriptionConfig-version.cmake
[1.176s] -- Installing: /home/locobot/interbotix_ws/install/irobot_create_description/share/irobot_create_description/package.xml
[1.185s] Invoked command in '/home/locobot/interbotix_ws/build/irobot_create_description' returned '0': CMAKE_PREFIX_PATH=${CMAKE_PREFIX_PATH}:/home/locobot/interbotix_ws/install/interbotix_xs_modules:/home/locobot/interbotix_ws/install/interbotix_perception_modules:/home/locobot/interbotix_ws/install/interbotix_common_modules:/opt/ros/humble /usr/bin/cmake --install /home/locobot/interbotix_ws/build/irobot_create_description
