[0.018s] Invoking command in '/home/locobot/interbotix_ws/build/sllidar_ros2': CMAKE_PREFIX_PATH=${CMAKE_PREFIX_PATH}:/home/locobot/locobot_ws/install/yolov8_ros:/home/locobot/locobot_ws/install/detection:/home/locobot/locobot_ws/install/locobot_move:/home/locobot/locobot_ws/install/locobot_bringup:/home/locobot/locobot_ws/install/create3_teleop:/home/locobot/locobot_ws/install/create3_examples_py:/home/locobot/interbotix_ws/install/interbotix_xs_modules:/home/locobot/interbotix_ws/install/interbotix_perception_modules:/home/locobot/interbotix_ws/install/interbotix_common_modules:/opt/ros/humble /usr/bin/cmake --build /home/locobot/interbotix_ws/build/sllidar_ros2 -- -j4 -l4
[0.139s] [ 10%] Built target sllidar_client
[0.148s] [100%] Built target sllidar_node
[0.167s] Invoked command in '/home/locobot/interbotix_ws/build/sllidar_ros2' returned '0': CMAKE_PREFIX_PATH=${CMAKE_PREFIX_PATH}:/home/locobot/locobot_ws/install/yolov8_ros:/home/locobot/locobot_ws/install/detection:/home/locobot/locobot_ws/install/locobot_move:/home/locobot/locobot_ws/install/locobot_bringup:/home/locobot/locobot_ws/install/create3_teleop:/home/locobot/locobot_ws/install/create3_examples_py:/home/locobot/interbotix_ws/install/interbotix_xs_modules:/home/locobot/interbotix_ws/install/interbotix_perception_modules:/home/locobot/interbotix_ws/install/interbotix_common_modules:/opt/ros/humble /usr/bin/cmake --build /home/locobot/interbotix_ws/build/sllidar_ros2 -- -j4 -l4
[0.286s] Invoking command in '/home/locobot/interbotix_ws/build/sllidar_ros2': CMAKE_PREFIX_PATH=${CMAKE_PREFIX_PATH}:/home/locobot/locobot_ws/install/yolov8_ros:/home/locobot/locobot_ws/install/detection:/home/locobot/locobot_ws/install/locobot_move:/home/locobot/locobot_ws/install/locobot_bringup:/home/locobot/locobot_ws/install/create3_teleop:/home/locobot/locobot_ws/install/create3_examples_py:/home/locobot/interbotix_ws/install/interbotix_xs_modules:/home/locobot/interbotix_ws/install/interbotix_perception_modules:/home/locobot/interbotix_ws/install/interbotix_common_modules:/opt/ros/humble /usr/bin/cmake --install /home/locobot/interbotix_ws/build/sllidar_ros2
[0.302s] -- Install configuration: ""
[0.303s] -- Up-to-date: /home/locobot/interbotix_ws/install/sllidar_ros2/share/sllidar_ros2/launch
[0.303s] -- Up-to-date: /home/locobot/interbotix_ws/install/sllidar_ros2/share/sllidar_ros2/launch/sllidar_t1_launch.py
[0.303s] -- Up-to-date: /home/locobot/interbotix_ws/install/sllidar_ros2/share/sllidar_ros2/launch/sllidar_a3_launch.py
[0.303s] -- Up-to-date: /home/locobot/interbotix_ws/install/sllidar_ros2/share/sllidar_ros2/launch/sllidar_s2e_launch.py
[0.303s] -- Installing: /home/locobot/interbotix_ws/install/sllidar_ros2/share/sllidar_ros2/launch/sllidar_a1_launch.py
[0.303s] -- Up-to-date: /home/locobot/interbotix_ws/install/sllidar_ros2/share/sllidar_ros2/launch/view_sllidar_s1_launch.py
[0.303s] -- Up-to-date: /home/locobot/interbotix_ws/install/sllidar_ros2/share/sllidar_ros2/launch/sllidar_s1_launch.py
[0.303s] -- Up-to-date: /home/locobot/interbotix_ws/install/sllidar_ros2/share/sllidar_ros2/launch/sllidar_a2m7_launch.py
[0.303s] -- Up-to-date: /home/locobot/interbotix_ws/install/sllidar_ros2/share/sllidar_ros2/launch/sllidar_c1_launch.py
[0.303s] -- Up-to-date: /home/locobot/interbotix_ws/install/sllidar_ros2/share/sllidar_ros2/launch/view_sllidar_s2e_launch.py
[0.303s] -- Up-to-date: /home/locobot/interbotix_ws/install/sllidar_ros2/share/sllidar_ros2/launch/view_sllidar_s3_launch.py
[0.304s] -- Up-to-date: /home/locobot/interbotix_ws/install/sllidar_ros2/share/sllidar_ros2/launch/view_sllidar_a2m12_launch.py
[0.304s] -- Up-to-date: /home/locobot/interbotix_ws/install/sllidar_ros2/share/sllidar_ros2/launch/view_sllidar_c1_launch.py
[0.304s] -- Up-to-date: /home/locobot/interbotix_ws/install/sllidar_ros2/share/sllidar_ros2/launch/sllidar_s3_launch.py
[0.304s] -- Up-to-date: /home/locobot/interbotix_ws/install/sllidar_ros2/share/sllidar_ros2/launch/view_sllidar_a3_launch.py
[0.304s] -- Up-to-date: /home/locobot/interbotix_ws/install/sllidar_ros2/share/sllidar_ros2/launch/view_sllidar_a2m8_launch.py
[0.304s] -- Up-to-date: /home/locobot/interbotix_ws/install/sllidar_ros2/share/sllidar_ros2/launch/sllidar_s2_launch.py
[0.304s] -- Up-to-date: /home/locobot/interbotix_ws/install/sllidar_ros2/share/sllidar_ros2/launch/view_sllidar_s2_launch.py
[0.304s] -- Up-to-date: /home/locobot/interbotix_ws/install/sllidar_ros2/share/sllidar_ros2/launch/view_sllidar_a1_launch.py
[0.304s] -- Up-to-date: /home/locobot/interbotix_ws/install/sllidar_ros2/share/sllidar_ros2/launch/sllidar_s1_tcp_launch.py
[0.304s] -- Up-to-date: /home/locobot/interbotix_ws/install/sllidar_ros2/share/sllidar_ros2/launch/view_sllidar_s1_tcp_launch.py
[0.304s] -- Up-to-date: /home/locobot/interbotix_ws/install/sllidar_ros2/share/sllidar_ros2/launch/view_sllidar_t1_launch.py
[0.304s] -- Up-to-date: /home/locobot/interbotix_ws/install/sllidar_ros2/share/sllidar_ros2/launch/sllidar_a2m12_launch .py
[0.305s] -- Up-to-date: /home/locobot/interbotix_ws/install/sllidar_ros2/share/sllidar_ros2/launch/sllidar_a2m8_launch.py
[0.305s] -- Up-to-date: /home/locobot/interbotix_ws/install/sllidar_ros2/share/sllidar_ros2/launch/view_sllidar_a2m7_launch.py
[0.308s] -- Up-to-date: /home/locobot/interbotix_ws/install/sllidar_ros2/share/sllidar_ros2/rviz
[0.308s] -- Up-to-date: /home/locobot/interbotix_ws/install/sllidar_ros2/share/sllidar_ros2/rviz/sllidar_ros2.rviz
[0.308s] -- Up-to-date: /home/locobot/interbotix_ws/install/sllidar_ros2/lib/sllidar_ros2/sllidar_node
[0.308s] -- Up-to-date: /home/locobot/interbotix_ws/install/sllidar_ros2/lib/sllidar_ros2/sllidar_client
[0.308s] -- Up-to-date: /home/locobot/interbotix_ws/install/sllidar_ros2/share/ament_index/resource_index/package_run_dependencies/sllidar_ros2
[0.308s] -- Up-to-date: /home/locobot/interbotix_ws/install/sllidar_ros2/share/ament_index/resource_index/parent_prefix_path/sllidar_ros2
[0.308s] -- Up-to-date: /home/locobot/interbotix_ws/install/sllidar_ros2/share/sllidar_ros2/environment/ament_prefix_path.sh
[0.309s] -- Up-to-date: /home/locobot/interbotix_ws/install/sllidar_ros2/share/sllidar_ros2/environment/ament_prefix_path.dsv
[0.309s] -- Up-to-date: /home/locobot/interbotix_ws/install/sllidar_ros2/share/sllidar_ros2/environment/path.sh
[0.309s] -- Up-to-date: /home/locobot/interbotix_ws/install/sllidar_ros2/share/sllidar_ros2/environment/path.dsv
[0.309s] -- Up-to-date: /home/locobot/interbotix_ws/install/sllidar_ros2/share/sllidar_ros2/local_setup.bash
[0.309s] -- Up-to-date: /home/locobot/interbotix_ws/install/sllidar_ros2/share/sllidar_ros2/local_setup.sh
[0.309s] -- Up-to-date: /home/locobot/interbotix_ws/install/sllidar_ros2/share/sllidar_ros2/local_setup.zsh
[0.309s] -- Up-to-date: /home/locobot/interbotix_ws/install/sllidar_ros2/share/sllidar_ros2/local_setup.dsv
[0.309s] -- Installing: /home/locobot/interbotix_ws/install/sllidar_ros2/share/sllidar_ros2/package.dsv
[0.309s] -- Up-to-date: /home/locobot/interbotix_ws/install/sllidar_ros2/share/ament_index/resource_index/packages/sllidar_ros2
[0.309s] -- Up-to-date: /home/locobot/interbotix_ws/install/sllidar_ros2/share/sllidar_ros2/cmake/ament_cmake_export_dependencies-extras.cmake
[0.309s] -- Up-to-date: /home/locobot/interbotix_ws/install/sllidar_ros2/share/sllidar_ros2/cmake/ament_cmake_export_include_directories-extras.cmake
[0.309s] -- Up-to-date: /home/locobot/interbotix_ws/install/sllidar_ros2/share/sllidar_ros2/cmake/sllidar_ros2Config.cmake
[0.310s] -- Up-to-date: /home/locobot/interbotix_ws/install/sllidar_ros2/share/sllidar_ros2/cmake/sllidar_ros2Config-version.cmake
[0.311s] -- Up-to-date: /home/locobot/interbotix_ws/install/sllidar_ros2/share/sllidar_ros2/package.xml
[0.317s] Invoked command in '/home/locobot/interbotix_ws/build/sllidar_ros2' returned '0': CMAKE_PREFIX_PATH=${CMAKE_PREFIX_PATH}:/home/locobot/locobot_ws/install/yolov8_ros:/home/locobot/locobot_ws/install/detection:/home/locobot/locobot_ws/install/locobot_move:/home/locobot/locobot_ws/install/locobot_bringup:/home/locobot/locobot_ws/install/create3_teleop:/home/locobot/locobot_ws/install/create3_examples_py:/home/locobot/interbotix_ws/install/interbotix_xs_modules:/home/locobot/interbotix_ws/install/interbotix_perception_modules:/home/locobot/interbotix_ws/install/interbotix_common_modules:/opt/ros/humble /usr/bin/cmake --install /home/locobot/interbotix_ws/build/sllidar_ros2
