[0.018s] Invoking command in '/home/locobot/interbotix_ws/build/irobot_create_gazebo_bringup': AMENT_PREFIX_PATH=/home/locobot/interbotix_ws/install/irobot_create_common_bringup:/home/locobot/interbotix_ws/install/irobot_create_nodes:/home/locobot/interbotix_ws/install/irobot_create_gazebo_plugins:${AMENT_PREFIX_PATH} CMAKE_PREFIX_PATH=/home/locobot/interbotix_ws/install/irobot_create_common_bringup:/home/locobot/interbotix_ws/install/irobot_create_nodes:/home/locobot/interbotix_ws/install/irobot_create_gazebo_plugins:/home/locobot/interbotix_ws/install/irobot_create_toolbox:/home/locobot/interbotix_ws/install/irobot_create_description:/home/locobot/interbotix_ws/install/irobot_create_control:/home/locobot/interbotix_ws/install/interbotix_ros_xsarms_examples:/home/locobot/interbotix_ws/install/interbotix_xsarm_moveit_interface:/home/locobot/interbotix_ws/install/interbotix_moveit_interface:/home/locobot/interbotix_ws/install/moveit_visual_tools:/home/locobot/interbotix_ws/install/irobot_create_ignition_toolbox:/home/locobot/interbotix_ws/install/irobot_create_ignition_plugins:/home/locobot/interbotix_ws/install/interbotix_xslocobot_moveit:/home/locobot/interbotix_ws/install/interbotix_xslocobot_ros_control:/home/locobot/interbotix_ws/install/interbotix_xslocobot_sim:/home/locobot/interbotix_ws/install/interbotix_xslocobot_nav:/home/locobot/interbotix_ws/install/interbotix_xslocobot_joy:/home/locobot/interbotix_ws/install/interbotix_xslocobot_control:/home/locobot/interbotix_ws/install/interbotix_xslocobot_descriptions:/home/locobot/interbotix_ws/install/interbotix_ros_xsarms:/home/locobot/interbotix_ws/install/interbotix_xsarm_moveit:/home/locobot/interbotix_ws/install/interbotix_xsarm_sim:/home/locobot/interbotix_ws/install/interbotix_xsarm_ros_control:/home/locobot/interbotix_ws/install/interbotix_xsarm_puppet:/home/locobot/interbotix_ws/install/interbotix_xsarm_perception:/home/locobot/interbotix_ws/install/interbotix_xsarm_joy:/home/locobot/interbotix_ws/install/interbotix_xsarm_dual:/home/locobot/interbotix_ws/install/interbotix_xsarm_control:/home/locobot/interbotix_ws/install/interbotix_xsarm_descriptions:/home/locobot/interbotix_ws/install/interbotix_xs_toolbox:/home/locobot/interbotix_ws/install/interbotix_xs_rviz:/home/locobot/interbotix_ws/install/interbotix_ros_xseries:/home/locobot/interbotix_ws/install/interbotix_xs_sdk:/home/locobot/interbotix_ws/install/interbotix_xs_ros_control:/home/locobot/interbotix_ws/install/interbotix_perception_toolbox:/home/locobot/interbotix_ws/install/interbotix_perception_pipelines:/home/locobot/interbotix_ws/install/interbotix_xs_msgs:/home/locobot/interbotix_ws/install/interbotix_xs_driver:/home/locobot/interbotix_ws/install/interbotix_tf_tools:/home/locobot/interbotix_ws/install/interbotix_perception_msgs:/home/locobot/interbotix_ws/install/interbotix_moveit_interface_msgs:/home/locobot/interbotix_ws/install/interbotix_common_toolbox:/home/locobot/interbotix_ws/install/interbotix_common_sim:/home/locobot/interbotix_ws/install/dynamixel_workbench_toolbox:/home/locobot/apriltag_ws/install/apriltag_ros:/home/locobot/interbotix_ws/install/interbotix_xs_modules:/home/locobot/interbotix_ws/install/interbotix_perception_modules:/home/locobot/interbotix_ws/install/interbotix_common_modules:/opt/ros/humble LD_LIBRARY_PATH=/home/locobot/interbotix_ws/install/irobot_create_nodes/lib:/home/locobot/interbotix_ws/install/irobot_create_gazebo_plugins/lib:/home/locobot/interbotix_ws/install/irobot_create_toolbox/lib:/home/locobot/interbotix_ws/install/moveit_visual_tools/lib:/home/locobot/interbotix_ws/install/interbotix_xs_rviz/lib:/home/locobot/interbotix_ws/install/interbotix_xs_ros_control/lib:/home/locobot/interbotix_ws/install/interbotix_xs_msgs/lib:/home/locobot/interbotix_ws/install/interbotix_xs_driver/lib:/home/locobot/interbotix_ws/install/interbotix_tf_tools/lib:/home/locobot/interbotix_ws/install/interbotix_perception_msgs/lib:/home/locobot/interbotix_ws/install/interbotix_moveit_interface_msgs/lib:/home/locobot/interbotix_ws/install/dynamixel_workbench_toolbox/lib:/home/locobot/apriltag_ws/install/apriltag_ros/lib:/opt/ros/humble/opt/rviz_ogre_vendor/lib:/opt/ros/humble/lib/x86_64-linux-gnu:/opt/ros/humble/lib PYTHONPATH=/home/locobot/interbotix_ws/install/irobot_create_common_bringup/local/lib/python3.10/dist-packages:${PYTHONPATH} /usr/bin/cmake /home/locobot/interbotix_ws/src/create3_sim/irobot_create_gazebo/irobot_create_gazebo_bringup -DCMAKE_INSTALL_PREFIX=/home/locobot/interbotix_ws/install/irobot_create_gazebo_bringup
[0.070s] -- The C compiler identification is GNU 11.4.0
[0.121s] -- The CXX compiler identification is GNU 11.4.0
[0.128s] -- Detecting C compiler ABI info
[0.189s] -- Detecting C compiler ABI info - done
[0.197s] -- Check for working C compiler: /usr/bin/cc - skipped
[0.197s] -- Detecting C compile features
[0.197s] -- Detecting C compile features - done
[0.200s] -- Detecting CXX compiler ABI info
[0.272s] -- Detecting CXX compiler ABI info - done
[0.280s] -- Check for working CXX compiler: /usr/bin/c++ - skipped
[0.280s] -- Detecting CXX compile features
[0.280s] -- Detecting CXX compile features - done
[0.285s] -- Found ament_cmake: 1.3.8 (/opt/ros/humble/share/ament_cmake/cmake)
[0.441s] -- Found Python3: /usr/bin/python3 (found version "3.10.12") found components: Interpreter 
[0.663s] -- Found rosidl_generator_c: 3.1.5 (/opt/ros/humble/share/rosidl_generator_c/cmake)
[0.674s] -- Found rosidl_adapter: 3.1.5 (/opt/ros/humble/share/rosidl_adapter/cmake)
[0.690s] -- Found rosidl_generator_cpp: 3.1.5 (/opt/ros/humble/share/rosidl_generator_cpp/cmake)
[0.721s] -- Using all available rosidl_typesupport_c: rosidl_typesupport_fastrtps_c;rosidl_typesupport_introspection_c
[0.754s] -- Using all available rosidl_typesupport_cpp: rosidl_typesupport_fastrtps_cpp;rosidl_typesupport_introspection_cpp
[0.860s] -- Found rmw_implementation_cmake: 6.1.1 (/opt/ros/humble/share/rmw_implementation_cmake/cmake)
[0.868s] -- Found rmw_fastrtps_cpp: 6.2.6 (/opt/ros/humble/share/rmw_fastrtps_cpp/cmake)
[0.990s] -- Found OpenSSL: /usr/lib/x86_64-linux-gnu/libcrypto.so (found version "3.0.2")  
[1.022s] -- Found FastRTPS: /opt/ros/humble/include  
[1.071s] -- Using RMW implementation 'rmw_fastrtps_cpp' as default
[1.091s] -- Looking for pthread.h
[1.158s] -- Looking for pthread.h - found
[1.158s] -- Performing Test CMAKE_HAVE_LIBC_PTHREAD
[1.227s] -- Performing Test CMAKE_HAVE_LIBC_PTHREAD - Success
[1.228s] -- Found Threads: TRUE  
[1.420s] -- Found PkgConfig: /usr/bin/pkg-config (found version "0.29.2") 
[1.421s] -- Checking for module 'bullet>=2.82'
[1.435s] --   Found bullet, version 3.05
[1.550s] -- Found fcl: /usr/include (found suitable version "0.7.0", minimum required is "0.5.0") 
[1.601s] -- Found assimp: /usr/include (found version "5.2.0") 
[1.639s] -- Found DART: /usr/include (Required is at least version "6.6") found components: dart 
[1.685s] -- Found Boost: /usr/lib/x86_64-linux-gnu/cmake/Boost-1.74.0/BoostConfig.cmake (found suitable version "1.74.0", minimum required is "1.40.0") found components: thread system filesystem program_options regex iostreams date_time 
[1.709s] -- Found Protobuf: /usr/lib/x86_64-linux-gnu/libprotobuf.so (found version "3.12.4") 
[1.720s] -- Looking for ignition-math6 -- found version 6.15.1
[1.731s] -- Searching for dependencies of ignition-math6
[1.732s] -- Looking for OGRE...
[1.733s] -- OGRE_PREFIX_WATCH changed.
[1.738s] -- Checking for module 'OGRE'
[1.752s] --   Found OGRE, version 1.9.0
[1.783s] -- Found Ogre Ghadamon (1.9.0)
[1.792s] -- Found OGRE: optimized;/usr/lib/x86_64-linux-gnu/libOgreMain.so;debug;/usr/lib/x86_64-linux-gnu/libOgreMain.so
[1.803s] -- Looking for OGRE_Paging...
[1.811s] -- Found OGRE_Paging: optimized;/usr/lib/x86_64-linux-gnu/libOgrePaging.so;debug;/usr/lib/x86_64-linux-gnu/libOgrePaging.so
[1.811s] -- Looking for OGRE_Terrain...
[1.821s] -- Found OGRE_Terrain: optimized;/usr/lib/x86_64-linux-gnu/libOgreTerrain.so;debug;/usr/lib/x86_64-linux-gnu/libOgreTerrain.so
[1.821s] -- Looking for OGRE_Property...
[1.829s] -- Found OGRE_Property: optimized;/usr/lib/x86_64-linux-gnu/libOgreProperty.so;debug;/usr/lib/x86_64-linux-gnu/libOgreProperty.so
[1.829s] -- Looking for OGRE_RTShaderSystem...
[1.837s] -- Found OGRE_RTShaderSystem: optimized;/usr/lib/x86_64-linux-gnu/libOgreRTShaderSystem.so;debug;/usr/lib/x86_64-linux-gnu/libOgreRTShaderSystem.so
[1.837s] -- Looking for OGRE_Volume...
[1.845s] -- Found OGRE_Volume: optimized;/usr/lib/x86_64-linux-gnu/libOgreVolume.so;debug;/usr/lib/x86_64-linux-gnu/libOgreVolume.so
[1.845s] -- Looking for OGRE_Overlay...
[1.853s] -- Found OGRE_Overlay: optimized;/usr/lib/x86_64-linux-gnu/libOgreOverlay.so;debug;/usr/lib/x86_64-linux-gnu/libOgreOverlay.so
[2.041s] -- Looking for ignition-math6 -- found version 6.15.1
[2.047s] -- Looking for ignition-transport8 -- found version 8.2.1
[2.047s] -- Searching for dependencies of ignition-transport8
[2.065s] -- Found Protobuf: /usr/lib/x86_64-linux-gnu/libprotobuf.so (found suitable version "3.12.4", minimum required is "3") 
[2.076s] -- Config-file not installed for ZeroMQ -- checking for pkg-config
[2.081s] -- Checking for module 'libzmq >= 4'
[2.100s] --   Found libzmq , version 4.3.4
[2.134s] -- Found ZeroMQ: TRUE (Required is at least version "4") 
[2.141s] -- Checking for module 'uuid'
[2.155s] --   Found uuid, version 2.37.2
[2.186s] -- Found UUID: TRUE  
[2.191s] -- Looking for ignition-msgs5 -- found version 5.8.1
[2.191s] -- Searching for dependencies of ignition-msgs5
[2.212s] -- Looking for ignition-math6 -- found version 6.15.1
[2.217s] -- Checking for module 'tinyxml2'
[2.232s] --   Found tinyxml2, version 9.0.0
[2.263s] -- Looking for ignition-msgs5 -- found version 5.8.1
[2.269s] -- Looking for ignition-common3 -- found version 3.14.0
[2.269s] -- Searching for dependencies of ignition-common3
[2.270s] -- Looking for dlfcn.h - found
[2.271s] -- Looking for libdl - found
[2.272s] -- Found DL: TRUE  
[2.287s] -- Found tinyobjloader: /usr/lib/x86_64-linux-gnu/cmake/tinyobjloader/tinyobjloader-config.cmake (found version "2.0.0") 
[2.288s] -- Searching for <ignition-common3> component [graphics]
[2.293s] -- Looking for ignition-common3-graphics -- found version 3.14.0
[2.293s] -- Searching for dependencies of ignition-common3-graphics
[2.294s] -- Looking for ignition-math6 -- found version 6.15.1
[2.302s] -- Looking for ignition-fuel_tools4 -- found version 4.4.0
[2.302s] -- Searching for dependencies of ignition-fuel_tools4
[2.382s] -- Found CURL: /usr/lib/x86_64-linux-gnu/libcurl.so (found version "7.81.0")  
[2.394s] -- Checking for module 'jsoncpp'
[2.410s] --   Found jsoncpp, version 1.9.5
[2.442s] -- Found JSONCPP: TRUE  
[2.448s] -- Checking for module 'libzip'
[2.462s] --   Found libzip, version 1.7.3
[2.494s] -- Found ZIP: TRUE  
[2.494s] -- Looking for ignition-common3 -- found version 3.14.0
[2.494s] -- Looking for ignition-math6 -- found version 6.15.1
[2.495s] -- Looking for ignition-msgs5 -- found version 5.8.1
[2.503s] -- Gazebo version: 11.10
[2.504s] -- Checking for module 'tbb'
[2.519s] --   Found tbb, version 2021.5.0
[2.562s] -- Found ament_lint_auto: 0.12.10 (/opt/ros/humble/share/ament_lint_auto/cmake)
[2.660s] -- Added test 'flake8' to check Python code syntax and style conventions
[2.661s] -- Added test 'lint_cmake' to check CMake code style
[2.662s] -- Added test 'pep257' to check Python code against some of the docstring style conventions in PEP 257
[2.664s] -- Added test 'xmllint' to check XML markup files
[2.666s] -- Configuring done
[2.670s] -- Generating done
[2.672s] -- Build files have been written to: /home/locobot/interbotix_ws/build/irobot_create_gazebo_bringup
[2.684s] Invoked command in '/home/locobot/interbotix_ws/build/irobot_create_gazebo_bringup' returned '0': AMENT_PREFIX_PATH=/home/locobot/interbotix_ws/install/irobot_create_common_bringup:/home/locobot/interbotix_ws/install/irobot_create_nodes:/home/locobot/interbotix_ws/install/irobot_create_gazebo_plugins:${AMENT_PREFIX_PATH} CMAKE_PREFIX_PATH=/home/locobot/interbotix_ws/install/irobot_create_common_bringup:/home/locobot/interbotix_ws/install/irobot_create_nodes:/home/locobot/interbotix_ws/install/irobot_create_gazebo_plugins:/home/locobot/interbotix_ws/install/irobot_create_toolbox:/home/locobot/interbotix_ws/install/irobot_create_description:/home/locobot/interbotix_ws/install/irobot_create_control:/home/locobot/interbotix_ws/install/interbotix_ros_xsarms_examples:/home/locobot/interbotix_ws/install/interbotix_xsarm_moveit_interface:/home/locobot/interbotix_ws/install/interbotix_moveit_interface:/home/locobot/interbotix_ws/install/moveit_visual_tools:/home/locobot/interbotix_ws/install/irobot_create_ignition_toolbox:/home/locobot/interbotix_ws/install/irobot_create_ignition_plugins:/home/locobot/interbotix_ws/install/interbotix_xslocobot_moveit:/home/locobot/interbotix_ws/install/interbotix_xslocobot_ros_control:/home/locobot/interbotix_ws/install/interbotix_xslocobot_sim:/home/locobot/interbotix_ws/install/interbotix_xslocobot_nav:/home/locobot/interbotix_ws/install/interbotix_xslocobot_joy:/home/locobot/interbotix_ws/install/interbotix_xslocobot_control:/home/locobot/interbotix_ws/install/interbotix_xslocobot_descriptions:/home/locobot/interbotix_ws/install/interbotix_ros_xsarms:/home/locobot/interbotix_ws/install/interbotix_xsarm_moveit:/home/locobot/interbotix_ws/install/interbotix_xsarm_sim:/home/locobot/interbotix_ws/install/interbotix_xsarm_ros_control:/home/locobot/interbotix_ws/install/interbotix_xsarm_puppet:/home/locobot/interbotix_ws/install/interbotix_xsarm_perception:/home/locobot/interbotix_ws/install/interbotix_xsarm_joy:/home/locobot/interbotix_ws/install/interbotix_xsarm_dual:/home/locobot/interbotix_ws/install/interbotix_xsarm_control:/home/locobot/interbotix_ws/install/interbotix_xsarm_descriptions:/home/locobot/interbotix_ws/install/interbotix_xs_toolbox:/home/locobot/interbotix_ws/install/interbotix_xs_rviz:/home/locobot/interbotix_ws/install/interbotix_ros_xseries:/home/locobot/interbotix_ws/install/interbotix_xs_sdk:/home/locobot/interbotix_ws/install/interbotix_xs_ros_control:/home/locobot/interbotix_ws/install/interbotix_perception_toolbox:/home/locobot/interbotix_ws/install/interbotix_perception_pipelines:/home/locobot/interbotix_ws/install/interbotix_xs_msgs:/home/locobot/interbotix_ws/install/interbotix_xs_driver:/home/locobot/interbotix_ws/install/interbotix_tf_tools:/home/locobot/interbotix_ws/install/interbotix_perception_msgs:/home/locobot/interbotix_ws/install/interbotix_moveit_interface_msgs:/home/locobot/interbotix_ws/install/interbotix_common_toolbox:/home/locobot/interbotix_ws/install/interbotix_common_sim:/home/locobot/interbotix_ws/install/dynamixel_workbench_toolbox:/home/locobot/apriltag_ws/install/apriltag_ros:/home/locobot/interbotix_ws/install/interbotix_xs_modules:/home/locobot/interbotix_ws/install/interbotix_perception_modules:/home/locobot/interbotix_ws/install/interbotix_common_modules:/opt/ros/humble LD_LIBRARY_PATH=/home/locobot/interbotix_ws/install/irobot_create_nodes/lib:/home/locobot/interbotix_ws/install/irobot_create_gazebo_plugins/lib:/home/locobot/interbotix_ws/install/irobot_create_toolbox/lib:/home/locobot/interbotix_ws/install/moveit_visual_tools/lib:/home/locobot/interbotix_ws/install/interbotix_xs_rviz/lib:/home/locobot/interbotix_ws/install/interbotix_xs_ros_control/lib:/home/locobot/interbotix_ws/install/interbotix_xs_msgs/lib:/home/locobot/interbotix_ws/install/interbotix_xs_driver/lib:/home/locobot/interbotix_ws/install/interbotix_tf_tools/lib:/home/locobot/interbotix_ws/install/interbotix_perception_msgs/lib:/home/locobot/interbotix_ws/install/interbotix_moveit_interface_msgs/lib:/home/locobot/interbotix_ws/install/dynamixel_workbench_toolbox/lib:/home/locobot/apriltag_ws/install/apriltag_ros/lib:/opt/ros/humble/opt/rviz_ogre_vendor/lib:/opt/ros/humble/lib/x86_64-linux-gnu:/opt/ros/humble/lib PYTHONPATH=/home/locobot/interbotix_ws/install/irobot_create_common_bringup/local/lib/python3.10/dist-packages:${PYTHONPATH} /usr/bin/cmake /home/locobot/interbotix_ws/src/create3_sim/irobot_create_gazebo/irobot_create_gazebo_bringup -DCMAKE_INSTALL_PREFIX=/home/locobot/interbotix_ws/install/irobot_create_gazebo_bringup
[2.687s] Invoking command in '/home/locobot/interbotix_ws/build/irobot_create_gazebo_bringup': AMENT_PREFIX_PATH=/home/locobot/interbotix_ws/install/irobot_create_common_bringup:/home/locobot/interbotix_ws/install/irobot_create_nodes:/home/locobot/interbotix_ws/install/irobot_create_gazebo_plugins:${AMENT_PREFIX_PATH} CMAKE_PREFIX_PATH=/home/locobot/interbotix_ws/install/irobot_create_common_bringup:/home/locobot/interbotix_ws/install/irobot_create_nodes:/home/locobot/interbotix_ws/install/irobot_create_gazebo_plugins:/home/locobot/interbotix_ws/install/irobot_create_toolbox:/home/locobot/interbotix_ws/install/irobot_create_description:/home/locobot/interbotix_ws/install/irobot_create_control:/home/locobot/interbotix_ws/install/interbotix_ros_xsarms_examples:/home/locobot/interbotix_ws/install/interbotix_xsarm_moveit_interface:/home/locobot/interbotix_ws/install/interbotix_moveit_interface:/home/locobot/interbotix_ws/install/moveit_visual_tools:/home/locobot/interbotix_ws/install/irobot_create_ignition_toolbox:/home/locobot/interbotix_ws/install/irobot_create_ignition_plugins:/home/locobot/interbotix_ws/install/interbotix_xslocobot_moveit:/home/locobot/interbotix_ws/install/interbotix_xslocobot_ros_control:/home/locobot/interbotix_ws/install/interbotix_xslocobot_sim:/home/locobot/interbotix_ws/install/interbotix_xslocobot_nav:/home/locobot/interbotix_ws/install/interbotix_xslocobot_joy:/home/locobot/interbotix_ws/install/interbotix_xslocobot_control:/home/locobot/interbotix_ws/install/interbotix_xslocobot_descriptions:/home/locobot/interbotix_ws/install/interbotix_ros_xsarms:/home/locobot/interbotix_ws/install/interbotix_xsarm_moveit:/home/locobot/interbotix_ws/install/interbotix_xsarm_sim:/home/locobot/interbotix_ws/install/interbotix_xsarm_ros_control:/home/locobot/interbotix_ws/install/interbotix_xsarm_puppet:/home/locobot/interbotix_ws/install/interbotix_xsarm_perception:/home/locobot/interbotix_ws/install/interbotix_xsarm_joy:/home/locobot/interbotix_ws/install/interbotix_xsarm_dual:/home/locobot/interbotix_ws/install/interbotix_xsarm_control:/home/locobot/interbotix_ws/install/interbotix_xsarm_descriptions:/home/locobot/interbotix_ws/install/interbotix_xs_toolbox:/home/locobot/interbotix_ws/install/interbotix_xs_rviz:/home/locobot/interbotix_ws/install/interbotix_ros_xseries:/home/locobot/interbotix_ws/install/interbotix_xs_sdk:/home/locobot/interbotix_ws/install/interbotix_xs_ros_control:/home/locobot/interbotix_ws/install/interbotix_perception_toolbox:/home/locobot/interbotix_ws/install/interbotix_perception_pipelines:/home/locobot/interbotix_ws/install/interbotix_xs_msgs:/home/locobot/interbotix_ws/install/interbotix_xs_driver:/home/locobot/interbotix_ws/install/interbotix_tf_tools:/home/locobot/interbotix_ws/install/interbotix_perception_msgs:/home/locobot/interbotix_ws/install/interbotix_moveit_interface_msgs:/home/locobot/interbotix_ws/install/interbotix_common_toolbox:/home/locobot/interbotix_ws/install/interbotix_common_sim:/home/locobot/interbotix_ws/install/dynamixel_workbench_toolbox:/home/locobot/apriltag_ws/install/apriltag_ros:/home/locobot/interbotix_ws/install/interbotix_xs_modules:/home/locobot/interbotix_ws/install/interbotix_perception_modules:/home/locobot/interbotix_ws/install/interbotix_common_modules:/opt/ros/humble LD_LIBRARY_PATH=/home/locobot/interbotix_ws/install/irobot_create_nodes/lib:/home/locobot/interbotix_ws/install/irobot_create_gazebo_plugins/lib:/home/locobot/interbotix_ws/install/irobot_create_toolbox/lib:/home/locobot/interbotix_ws/install/moveit_visual_tools/lib:/home/locobot/interbotix_ws/install/interbotix_xs_rviz/lib:/home/locobot/interbotix_ws/install/interbotix_xs_ros_control/lib:/home/locobot/interbotix_ws/install/interbotix_xs_msgs/lib:/home/locobot/interbotix_ws/install/interbotix_xs_driver/lib:/home/locobot/interbotix_ws/install/interbotix_tf_tools/lib:/home/locobot/interbotix_ws/install/interbotix_perception_msgs/lib:/home/locobot/interbotix_ws/install/interbotix_moveit_interface_msgs/lib:/home/locobot/interbotix_ws/install/dynamixel_workbench_toolbox/lib:/home/locobot/apriltag_ws/install/apriltag_ros/lib:/opt/ros/humble/opt/rviz_ogre_vendor/lib:/opt/ros/humble/lib/x86_64-linux-gnu:/opt/ros/humble/lib PYTHONPATH=/home/locobot/interbotix_ws/install/irobot_create_common_bringup/local/lib/python3.10/dist-packages:${PYTHONPATH} /usr/bin/cmake --build /home/locobot/interbotix_ws/build/irobot_create_gazebo_bringup -- -j4 -l4
[2.727s] Invoked command in '/home/locobot/interbotix_ws/build/irobot_create_gazebo_bringup' returned '0': AMENT_PREFIX_PATH=/home/locobot/interbotix_ws/install/irobot_create_common_bringup:/home/locobot/interbotix_ws/install/irobot_create_nodes:/home/locobot/interbotix_ws/install/irobot_create_gazebo_plugins:${AMENT_PREFIX_PATH} CMAKE_PREFIX_PATH=/home/locobot/interbotix_ws/install/irobot_create_common_bringup:/home/locobot/interbotix_ws/install/irobot_create_nodes:/home/locobot/interbotix_ws/install/irobot_create_gazebo_plugins:/home/locobot/interbotix_ws/install/irobot_create_toolbox:/home/locobot/interbotix_ws/install/irobot_create_description:/home/locobot/interbotix_ws/install/irobot_create_control:/home/locobot/interbotix_ws/install/interbotix_ros_xsarms_examples:/home/locobot/interbotix_ws/install/interbotix_xsarm_moveit_interface:/home/locobot/interbotix_ws/install/interbotix_moveit_interface:/home/locobot/interbotix_ws/install/moveit_visual_tools:/home/locobot/interbotix_ws/install/irobot_create_ignition_toolbox:/home/locobot/interbotix_ws/install/irobot_create_ignition_plugins:/home/locobot/interbotix_ws/install/interbotix_xslocobot_moveit:/home/locobot/interbotix_ws/install/interbotix_xslocobot_ros_control:/home/locobot/interbotix_ws/install/interbotix_xslocobot_sim:/home/locobot/interbotix_ws/install/interbotix_xslocobot_nav:/home/locobot/interbotix_ws/install/interbotix_xslocobot_joy:/home/locobot/interbotix_ws/install/interbotix_xslocobot_control:/home/locobot/interbotix_ws/install/interbotix_xslocobot_descriptions:/home/locobot/interbotix_ws/install/interbotix_ros_xsarms:/home/locobot/interbotix_ws/install/interbotix_xsarm_moveit:/home/locobot/interbotix_ws/install/interbotix_xsarm_sim:/home/locobot/interbotix_ws/install/interbotix_xsarm_ros_control:/home/locobot/interbotix_ws/install/interbotix_xsarm_puppet:/home/locobot/interbotix_ws/install/interbotix_xsarm_perception:/home/locobot/interbotix_ws/install/interbotix_xsarm_joy:/home/locobot/interbotix_ws/install/interbotix_xsarm_dual:/home/locobot/interbotix_ws/install/interbotix_xsarm_control:/home/locobot/interbotix_ws/install/interbotix_xsarm_descriptions:/home/locobot/interbotix_ws/install/interbotix_xs_toolbox:/home/locobot/interbotix_ws/install/interbotix_xs_rviz:/home/locobot/interbotix_ws/install/interbotix_ros_xseries:/home/locobot/interbotix_ws/install/interbotix_xs_sdk:/home/locobot/interbotix_ws/install/interbotix_xs_ros_control:/home/locobot/interbotix_ws/install/interbotix_perception_toolbox:/home/locobot/interbotix_ws/install/interbotix_perception_pipelines:/home/locobot/interbotix_ws/install/interbotix_xs_msgs:/home/locobot/interbotix_ws/install/interbotix_xs_driver:/home/locobot/interbotix_ws/install/interbotix_tf_tools:/home/locobot/interbotix_ws/install/interbotix_perception_msgs:/home/locobot/interbotix_ws/install/interbotix_moveit_interface_msgs:/home/locobot/interbotix_ws/install/interbotix_common_toolbox:/home/locobot/interbotix_ws/install/interbotix_common_sim:/home/locobot/interbotix_ws/install/dynamixel_workbench_toolbox:/home/locobot/apriltag_ws/install/apriltag_ros:/home/locobot/interbotix_ws/install/interbotix_xs_modules:/home/locobot/interbotix_ws/install/interbotix_perception_modules:/home/locobot/interbotix_ws/install/interbotix_common_modules:/opt/ros/humble LD_LIBRARY_PATH=/home/locobot/interbotix_ws/install/irobot_create_nodes/lib:/home/locobot/interbotix_ws/install/irobot_create_gazebo_plugins/lib:/home/locobot/interbotix_ws/install/irobot_create_toolbox/lib:/home/locobot/interbotix_ws/install/moveit_visual_tools/lib:/home/locobot/interbotix_ws/install/interbotix_xs_rviz/lib:/home/locobot/interbotix_ws/install/interbotix_xs_ros_control/lib:/home/locobot/interbotix_ws/install/interbotix_xs_msgs/lib:/home/locobot/interbotix_ws/install/interbotix_xs_driver/lib:/home/locobot/interbotix_ws/install/interbotix_tf_tools/lib:/home/locobot/interbotix_ws/install/interbotix_perception_msgs/lib:/home/locobot/interbotix_ws/install/interbotix_moveit_interface_msgs/lib:/home/locobot/interbotix_ws/install/dynamixel_workbench_toolbox/lib:/home/locobot/apriltag_ws/install/apriltag_ros/lib:/opt/ros/humble/opt/rviz_ogre_vendor/lib:/opt/ros/humble/lib/x86_64-linux-gnu:/opt/ros/humble/lib PYTHONPATH=/home/locobot/interbotix_ws/install/irobot_create_common_bringup/local/lib/python3.10/dist-packages:${PYTHONPATH} /usr/bin/cmake --build /home/locobot/interbotix_ws/build/irobot_create_gazebo_bringup -- -j4 -l4
[2.748s] Invoking command in '/home/locobot/interbotix_ws/build/irobot_create_gazebo_bringup': AMENT_PREFIX_PATH=/home/locobot/interbotix_ws/install/irobot_create_common_bringup:/home/locobot/interbotix_ws/install/irobot_create_nodes:/home/locobot/interbotix_ws/install/irobot_create_gazebo_plugins:${AMENT_PREFIX_PATH} CMAKE_PREFIX_PATH=/home/locobot/interbotix_ws/install/irobot_create_common_bringup:/home/locobot/interbotix_ws/install/irobot_create_nodes:/home/locobot/interbotix_ws/install/irobot_create_gazebo_plugins:/home/locobot/interbotix_ws/install/irobot_create_toolbox:/home/locobot/interbotix_ws/install/irobot_create_description:/home/locobot/interbotix_ws/install/irobot_create_control:/home/locobot/interbotix_ws/install/interbotix_ros_xsarms_examples:/home/locobot/interbotix_ws/install/interbotix_xsarm_moveit_interface:/home/locobot/interbotix_ws/install/interbotix_moveit_interface:/home/locobot/interbotix_ws/install/moveit_visual_tools:/home/locobot/interbotix_ws/install/irobot_create_ignition_toolbox:/home/locobot/interbotix_ws/install/irobot_create_ignition_plugins:/home/locobot/interbotix_ws/install/interbotix_xslocobot_moveit:/home/locobot/interbotix_ws/install/interbotix_xslocobot_ros_control:/home/locobot/interbotix_ws/install/interbotix_xslocobot_sim:/home/locobot/interbotix_ws/install/interbotix_xslocobot_nav:/home/locobot/interbotix_ws/install/interbotix_xslocobot_joy:/home/locobot/interbotix_ws/install/interbotix_xslocobot_control:/home/locobot/interbotix_ws/install/interbotix_xslocobot_descriptions:/home/locobot/interbotix_ws/install/interbotix_ros_xsarms:/home/locobot/interbotix_ws/install/interbotix_xsarm_moveit:/home/locobot/interbotix_ws/install/interbotix_xsarm_sim:/home/locobot/interbotix_ws/install/interbotix_xsarm_ros_control:/home/locobot/interbotix_ws/install/interbotix_xsarm_puppet:/home/locobot/interbotix_ws/install/interbotix_xsarm_perception:/home/locobot/interbotix_ws/install/interbotix_xsarm_joy:/home/locobot/interbotix_ws/install/interbotix_xsarm_dual:/home/locobot/interbotix_ws/install/interbotix_xsarm_control:/home/locobot/interbotix_ws/install/interbotix_xsarm_descriptions:/home/locobot/interbotix_ws/install/interbotix_xs_toolbox:/home/locobot/interbotix_ws/install/interbotix_xs_rviz:/home/locobot/interbotix_ws/install/interbotix_ros_xseries:/home/locobot/interbotix_ws/install/interbotix_xs_sdk:/home/locobot/interbotix_ws/install/interbotix_xs_ros_control:/home/locobot/interbotix_ws/install/interbotix_perception_toolbox:/home/locobot/interbotix_ws/install/interbotix_perception_pipelines:/home/locobot/interbotix_ws/install/interbotix_xs_msgs:/home/locobot/interbotix_ws/install/interbotix_xs_driver:/home/locobot/interbotix_ws/install/interbotix_tf_tools:/home/locobot/interbotix_ws/install/interbotix_perception_msgs:/home/locobot/interbotix_ws/install/interbotix_moveit_interface_msgs:/home/locobot/interbotix_ws/install/interbotix_common_toolbox:/home/locobot/interbotix_ws/install/interbotix_common_sim:/home/locobot/interbotix_ws/install/dynamixel_workbench_toolbox:/home/locobot/apriltag_ws/install/apriltag_ros:/home/locobot/interbotix_ws/install/interbotix_xs_modules:/home/locobot/interbotix_ws/install/interbotix_perception_modules:/home/locobot/interbotix_ws/install/interbotix_common_modules:/opt/ros/humble LD_LIBRARY_PATH=/home/locobot/interbotix_ws/install/irobot_create_nodes/lib:/home/locobot/interbotix_ws/install/irobot_create_gazebo_plugins/lib:/home/locobot/interbotix_ws/install/irobot_create_toolbox/lib:/home/locobot/interbotix_ws/install/moveit_visual_tools/lib:/home/locobot/interbotix_ws/install/interbotix_xs_rviz/lib:/home/locobot/interbotix_ws/install/interbotix_xs_ros_control/lib:/home/locobot/interbotix_ws/install/interbotix_xs_msgs/lib:/home/locobot/interbotix_ws/install/interbotix_xs_driver/lib:/home/locobot/interbotix_ws/install/interbotix_tf_tools/lib:/home/locobot/interbotix_ws/install/interbotix_perception_msgs/lib:/home/locobot/interbotix_ws/install/interbotix_moveit_interface_msgs/lib:/home/locobot/interbotix_ws/install/dynamixel_workbench_toolbox/lib:/home/locobot/apriltag_ws/install/apriltag_ros/lib:/opt/ros/humble/opt/rviz_ogre_vendor/lib:/opt/ros/humble/lib/x86_64-linux-gnu:/opt/ros/humble/lib PYTHONPATH=/home/locobot/interbotix_ws/install/irobot_create_common_bringup/local/lib/python3.10/dist-packages:${PYTHONPATH} /usr/bin/cmake --install /home/locobot/interbotix_ws/build/irobot_create_gazebo_bringup
[2.756s] -- Install configuration: ""
[2.757s] -- Installing: /home/locobot/interbotix_ws/install/irobot_create_gazebo_bringup/share/irobot_create_gazebo_bringup/config
[2.757s] -- Installing: /home/locobot/interbotix_ws/install/irobot_create_gazebo_bringup/share/irobot_create_gazebo_bringup/config/gazebo_params.yaml
[2.757s] -- Installing: /home/locobot/interbotix_ws/install/irobot_create_gazebo_bringup/share/irobot_create_gazebo_bringup/launch
[2.757s] -- Installing: /home/locobot/interbotix_ws/install/irobot_create_gazebo_bringup/share/irobot_create_gazebo_bringup/launch/gazebo.launch.py
[2.757s] -- Installing: /home/locobot/interbotix_ws/install/irobot_create_gazebo_bringup/share/irobot_create_gazebo_bringup/launch/create3_gazebo.launch.py
[2.757s] -- Installing: /home/locobot/interbotix_ws/install/irobot_create_gazebo_bringup/share/irobot_create_gazebo_bringup/launch/create3_gazebo_aws_small.launch.py
[2.757s] -- Installing: /home/locobot/interbotix_ws/install/irobot_create_gazebo_bringup/share/irobot_create_gazebo_bringup/launch/create3_spawn.launch.py
[2.757s] -- Installing: /home/locobot/interbotix_ws/install/irobot_create_gazebo_bringup/share/ament_index/resource_index/package_run_dependencies/irobot_create_gazebo_bringup
[2.758s] -- Installing: /home/locobot/interbotix_ws/install/irobot_create_gazebo_bringup/share/ament_index/resource_index/parent_prefix_path/irobot_create_gazebo_bringup
[2.758s] -- Installing: /home/locobot/interbotix_ws/install/irobot_create_gazebo_bringup/share/irobot_create_gazebo_bringup/environment/ament_prefix_path.sh
[2.758s] -- Installing: /home/locobot/interbotix_ws/install/irobot_create_gazebo_bringup/share/irobot_create_gazebo_bringup/environment/ament_prefix_path.dsv
[2.758s] -- Installing: /home/locobot/interbotix_ws/install/irobot_create_gazebo_bringup/share/irobot_create_gazebo_bringup/environment/path.sh
[2.758s] -- Installing: /home/locobot/interbotix_ws/install/irobot_create_gazebo_bringup/share/irobot_create_gazebo_bringup/environment/path.dsv
[2.758s] -- Installing: /home/locobot/interbotix_ws/install/irobot_create_gazebo_bringup/share/irobot_create_gazebo_bringup/local_setup.bash
[2.758s] -- Installing: /home/locobot/interbotix_ws/install/irobot_create_gazebo_bringup/share/irobot_create_gazebo_bringup/local_setup.sh
[2.759s] -- Installing: /home/locobot/interbotix_ws/install/irobot_create_gazebo_bringup/share/irobot_create_gazebo_bringup/local_setup.zsh
[2.759s] -- Installing: /home/locobot/interbotix_ws/install/irobot_create_gazebo_bringup/share/irobot_create_gazebo_bringup/local_setup.dsv
[2.759s] -- Installing: /home/locobot/interbotix_ws/install/irobot_create_gazebo_bringup/share/irobot_create_gazebo_bringup/package.dsv
[2.759s] -- Installing: /home/locobot/interbotix_ws/install/irobot_create_gazebo_bringup/share/ament_index/resource_index/packages/irobot_create_gazebo_bringup
[2.759s] -- Installing: /home/locobot/interbotix_ws/install/irobot_create_gazebo_bringup/share/irobot_create_gazebo_bringup/cmake/irobot_create_gazebo_bringupConfig.cmake
[2.759s] -- Installing: /home/locobot/interbotix_ws/install/irobot_create_gazebo_bringup/share/irobot_create_gazebo_bringup/cmake/irobot_create_gazebo_bringupConfig-version.cmake
[2.759s] -- Installing: /home/locobot/interbotix_ws/install/irobot_create_gazebo_bringup/share/irobot_create_gazebo_bringup/package.xml
[2.761s] Invoked command in '/home/locobot/interbotix_ws/build/irobot_create_gazebo_bringup' returned '0': AMENT_PREFIX_PATH=/home/locobot/interbotix_ws/install/irobot_create_common_bringup:/home/locobot/interbotix_ws/install/irobot_create_nodes:/home/locobot/interbotix_ws/install/irobot_create_gazebo_plugins:${AMENT_PREFIX_PATH} CMAKE_PREFIX_PATH=/home/locobot/interbotix_ws/install/irobot_create_common_bringup:/home/locobot/interbotix_ws/install/irobot_create_nodes:/home/locobot/interbotix_ws/install/irobot_create_gazebo_plugins:/home/locobot/interbotix_ws/install/irobot_create_toolbox:/home/locobot/interbotix_ws/install/irobot_create_description:/home/locobot/interbotix_ws/install/irobot_create_control:/home/locobot/interbotix_ws/install/interbotix_ros_xsarms_examples:/home/locobot/interbotix_ws/install/interbotix_xsarm_moveit_interface:/home/locobot/interbotix_ws/install/interbotix_moveit_interface:/home/locobot/interbotix_ws/install/moveit_visual_tools:/home/locobot/interbotix_ws/install/irobot_create_ignition_toolbox:/home/locobot/interbotix_ws/install/irobot_create_ignition_plugins:/home/locobot/interbotix_ws/install/interbotix_xslocobot_moveit:/home/locobot/interbotix_ws/install/interbotix_xslocobot_ros_control:/home/locobot/interbotix_ws/install/interbotix_xslocobot_sim:/home/locobot/interbotix_ws/install/interbotix_xslocobot_nav:/home/locobot/interbotix_ws/install/interbotix_xslocobot_joy:/home/locobot/interbotix_ws/install/interbotix_xslocobot_control:/home/locobot/interbotix_ws/install/interbotix_xslocobot_descriptions:/home/locobot/interbotix_ws/install/interbotix_ros_xsarms:/home/locobot/interbotix_ws/install/interbotix_xsarm_moveit:/home/locobot/interbotix_ws/install/interbotix_xsarm_sim:/home/locobot/interbotix_ws/install/interbotix_xsarm_ros_control:/home/locobot/interbotix_ws/install/interbotix_xsarm_puppet:/home/locobot/interbotix_ws/install/interbotix_xsarm_perception:/home/locobot/interbotix_ws/install/interbotix_xsarm_joy:/home/locobot/interbotix_ws/install/interbotix_xsarm_dual:/home/locobot/interbotix_ws/install/interbotix_xsarm_control:/home/locobot/interbotix_ws/install/interbotix_xsarm_descriptions:/home/locobot/interbotix_ws/install/interbotix_xs_toolbox:/home/locobot/interbotix_ws/install/interbotix_xs_rviz:/home/locobot/interbotix_ws/install/interbotix_ros_xseries:/home/locobot/interbotix_ws/install/interbotix_xs_sdk:/home/locobot/interbotix_ws/install/interbotix_xs_ros_control:/home/locobot/interbotix_ws/install/interbotix_perception_toolbox:/home/locobot/interbotix_ws/install/interbotix_perception_pipelines:/home/locobot/interbotix_ws/install/interbotix_xs_msgs:/home/locobot/interbotix_ws/install/interbotix_xs_driver:/home/locobot/interbotix_ws/install/interbotix_tf_tools:/home/locobot/interbotix_ws/install/interbotix_perception_msgs:/home/locobot/interbotix_ws/install/interbotix_moveit_interface_msgs:/home/locobot/interbotix_ws/install/interbotix_common_toolbox:/home/locobot/interbotix_ws/install/interbotix_common_sim:/home/locobot/interbotix_ws/install/dynamixel_workbench_toolbox:/home/locobot/apriltag_ws/install/apriltag_ros:/home/locobot/interbotix_ws/install/interbotix_xs_modules:/home/locobot/interbotix_ws/install/interbotix_perception_modules:/home/locobot/interbotix_ws/install/interbotix_common_modules:/opt/ros/humble LD_LIBRARY_PATH=/home/locobot/interbotix_ws/install/irobot_create_nodes/lib:/home/locobot/interbotix_ws/install/irobot_create_gazebo_plugins/lib:/home/locobot/interbotix_ws/install/irobot_create_toolbox/lib:/home/locobot/interbotix_ws/install/moveit_visual_tools/lib:/home/locobot/interbotix_ws/install/interbotix_xs_rviz/lib:/home/locobot/interbotix_ws/install/interbotix_xs_ros_control/lib:/home/locobot/interbotix_ws/install/interbotix_xs_msgs/lib:/home/locobot/interbotix_ws/install/interbotix_xs_driver/lib:/home/locobot/interbotix_ws/install/interbotix_tf_tools/lib:/home/locobot/interbotix_ws/install/interbotix_perception_msgs/lib:/home/locobot/interbotix_ws/install/interbotix_moveit_interface_msgs/lib:/home/locobot/interbotix_ws/install/dynamixel_workbench_toolbox/lib:/home/locobot/apriltag_ws/install/apriltag_ros/lib:/opt/ros/humble/opt/rviz_ogre_vendor/lib:/opt/ros/humble/lib/x86_64-linux-gnu:/opt/ros/humble/lib PYTHONPATH=/home/locobot/interbotix_ws/install/irobot_create_common_bringup/local/lib/python3.10/dist-packages:${PYTHONPATH} /usr/bin/cmake --install /home/locobot/interbotix_ws/build/irobot_create_gazebo_bringup
