[0.039s] Invoking command in '/home/locobot/interbotix_ws/build/irobot_create_control': CMAKE_PREFIX_PATH=${CMAKE_PREFIX_PATH}:/home/locobot/locobot_ws/install/yolov8_ros:/home/locobot/locobot_ws/install/detection:/home/locobot/locobot_ws/install/locobot_move:/home/locobot/locobot_ws/install/locobot_bringup:/home/locobot/locobot_ws/install/create3_teleop:/home/locobot/locobot_ws/install/create3_examples_py:/home/locobot/interbotix_ws/install/interbotix_xs_modules:/home/locobot/interbotix_ws/install/interbotix_perception_modules:/home/locobot/interbotix_ws/install/interbotix_common_modules:/opt/ros/humble /usr/bin/cmake --build /home/locobot/interbotix_ws/build/irobot_create_control -- -j4 -l4
[0.162s] Invoked command in '/home/locobot/interbotix_ws/build/irobot_create_control' returned '0': CMAKE_PREFIX_PATH=${CMAKE_PREFIX_PATH}:/home/locobot/locobot_ws/install/yolov8_ros:/home/locobot/locobot_ws/install/detection:/home/locobot/locobot_ws/install/locobot_move:/home/locobot/locobot_ws/install/locobot_bringup:/home/locobot/locobot_ws/install/create3_teleop:/home/locobot/locobot_ws/install/create3_examples_py:/home/locobot/interbotix_ws/install/interbotix_xs_modules:/home/locobot/interbotix_ws/install/interbotix_perception_modules:/home/locobot/interbotix_ws/install/interbotix_common_modules:/opt/ros/humble /usr/bin/cmake --build /home/locobot/interbotix_ws/build/irobot_create_control -- -j4 -l4
[0.295s] Invoking command in '/home/locobot/interbotix_ws/build/irobot_create_control': CMAKE_PREFIX_PATH=${CMAKE_PREFIX_PATH}:/home/locobot/locobot_ws/install/yolov8_ros:/home/locobot/locobot_ws/install/detection:/home/locobot/locobot_ws/install/locobot_move:/home/locobot/locobot_ws/install/locobot_bringup:/home/locobot/locobot_ws/install/create3_teleop:/home/locobot/locobot_ws/install/create3_examples_py:/home/locobot/interbotix_ws/install/interbotix_xs_modules:/home/locobot/interbotix_ws/install/interbotix_perception_modules:/home/locobot/interbotix_ws/install/interbotix_common_modules:/opt/ros/humble /usr/bin/cmake --install /home/locobot/interbotix_ws/build/irobot_create_control
[0.313s] -- Install configuration: ""
[0.314s] -- Up-to-date: /home/locobot/interbotix_ws/install/irobot_create_control/share/irobot_create_control//launch
[0.314s] -- Up-to-date: /home/locobot/interbotix_ws/install/irobot_create_control/share/irobot_create_control//launch/include
[0.314s] -- Up-to-date: /home/locobot/interbotix_ws/install/irobot_create_control/share/irobot_create_control//launch/include/control.py
[0.314s] -- Up-to-date: /home/locobot/interbotix_ws/install/irobot_create_control/share/irobot_create_control//config
[0.314s] -- Up-to-date: /home/locobot/interbotix_ws/install/irobot_create_control/share/irobot_create_control//config/control.yaml
[0.315s] -- Up-to-date: /home/locobot/interbotix_ws/install/irobot_create_control/share/ament_index/resource_index/package_run_dependencies/irobot_create_control
[0.315s] -- Up-to-date: /home/locobot/interbotix_ws/install/irobot_create_control/share/ament_index/resource_index/parent_prefix_path/irobot_create_control
[0.315s] -- Up-to-date: /home/locobot/interbotix_ws/install/irobot_create_control/share/irobot_create_control/environment/ament_prefix_path.sh
[0.315s] -- Up-to-date: /home/locobot/interbotix_ws/install/irobot_create_control/share/irobot_create_control/environment/ament_prefix_path.dsv
[0.316s] -- Up-to-date: /home/locobot/interbotix_ws/install/irobot_create_control/share/irobot_create_control/environment/path.sh
[0.316s] -- Up-to-date: /home/locobot/interbotix_ws/install/irobot_create_control/share/irobot_create_control/environment/path.dsv
[0.316s] -- Up-to-date: /home/locobot/interbotix_ws/install/irobot_create_control/share/irobot_create_control/local_setup.bash
[0.316s] -- Up-to-date: /home/locobot/interbotix_ws/install/irobot_create_control/share/irobot_create_control/local_setup.sh
[0.316s] -- Up-to-date: /home/locobot/interbotix_ws/install/irobot_create_control/share/irobot_create_control/local_setup.zsh
[0.316s] -- Up-to-date: /home/locobot/interbotix_ws/install/irobot_create_control/share/irobot_create_control/local_setup.dsv
[0.316s] -- Installing: /home/locobot/interbotix_ws/install/irobot_create_control/share/irobot_create_control/package.dsv
[0.316s] -- Up-to-date: /home/locobot/interbotix_ws/install/irobot_create_control/share/ament_index/resource_index/packages/irobot_create_control
[0.318s] -- Up-to-date: /home/locobot/interbotix_ws/install/irobot_create_control/share/irobot_create_control/cmake/irobot_create_controlConfig.cmake
[0.318s] -- Up-to-date: /home/locobot/interbotix_ws/install/irobot_create_control/share/irobot_create_control/cmake/irobot_create_controlConfig-version.cmake
[0.319s] -- Up-to-date: /home/locobot/interbotix_ws/install/irobot_create_control/share/irobot_create_control/package.xml
[0.323s] Invoked command in '/home/locobot/interbotix_ws/build/irobot_create_control' returned '0': CMAKE_PREFIX_PATH=${CMAKE_PREFIX_PATH}:/home/locobot/locobot_ws/install/yolov8_ros:/home/locobot/locobot_ws/install/detection:/home/locobot/locobot_ws/install/locobot_move:/home/locobot/locobot_ws/install/locobot_bringup:/home/locobot/locobot_ws/install/create3_teleop:/home/locobot/locobot_ws/install/create3_examples_py:/home/locobot/interbotix_ws/install/interbotix_xs_modules:/home/locobot/interbotix_ws/install/interbotix_perception_modules:/home/locobot/interbotix_ws/install/interbotix_common_modules:/opt/ros/humble /usr/bin/cmake --install /home/locobot/interbotix_ws/build/irobot_create_control
