[0.027s] Invoking command in '/home/locobot/interbotix_ws/build/irobot_create_nodes': CMAKE_PREFIX_PATH=/home/locobot/interbotix_ws/install/irobot_create_toolbox:/home/locobot/interbotix_ws/install/interbotix_ros_xsarms_examples:/home/locobot/interbotix_ws/install/interbotix_xsarm_moveit_interface:/home/locobot/interbotix_ws/install/interbotix_moveit_interface:/home/locobot/interbotix_ws/install/moveit_visual_tools:/home/locobot/interbotix_ws/install/irobot_create_ignition_toolbox:/home/locobot/interbotix_ws/install/irobot_create_ignition_plugins:/home/locobot/interbotix_ws/install/irobot_create_description:/home/locobot/interbotix_ws/install/irobot_create_control:/home/locobot/interbotix_ws/install/interbotix_xslocobot_moveit:/home/locobot/interbotix_ws/install/interbotix_xslocobot_ros_control:/home/locobot/interbotix_ws/install/interbotix_xslocobot_sim:/home/locobot/interbotix_ws/install/interbotix_xslocobot_nav:/home/locobot/interbotix_ws/install/interbotix_xslocobot_joy:/home/locobot/interbotix_ws/install/interbotix_xslocobot_control:/home/locobot/interbotix_ws/install/interbotix_xslocobot_descriptions:/home/locobot/interbotix_ws/install/interbotix_ros_xsarms:/home/locobot/interbotix_ws/install/interbotix_xsarm_moveit:/home/locobot/interbotix_ws/install/interbotix_xsarm_sim:/home/locobot/interbotix_ws/install/interbotix_xsarm_ros_control:/home/locobot/interbotix_ws/install/interbotix_xsarm_puppet:/home/locobot/interbotix_ws/install/interbotix_xsarm_perception:/home/locobot/interbotix_ws/install/interbotix_xsarm_joy:/home/locobot/interbotix_ws/install/interbotix_xsarm_dual:/home/locobot/interbotix_ws/install/interbotix_xsarm_control:/home/locobot/interbotix_ws/install/interbotix_xsarm_descriptions:/home/locobot/interbotix_ws/install/interbotix_xs_toolbox:/home/locobot/interbotix_ws/install/interbotix_xs_rviz:/home/locobot/interbotix_ws/install/interbotix_ros_xseries:/home/locobot/interbotix_ws/install/interbotix_xs_sdk:/home/locobot/interbotix_ws/install/interbotix_xs_ros_control:/home/locobot/interbotix_ws/install/interbotix_perception_toolbox:/home/locobot/interbotix_ws/install/interbotix_perception_pipelines:/home/locobot/interbotix_ws/install/interbotix_xs_msgs:/home/locobot/interbotix_ws/install/interbotix_xs_driver:/home/locobot/interbotix_ws/install/interbotix_tf_tools:/home/locobot/interbotix_ws/install/interbotix_perception_msgs:/home/locobot/interbotix_ws/install/interbotix_moveit_interface_msgs:/home/locobot/interbotix_ws/install/interbotix_common_toolbox:/home/locobot/interbotix_ws/install/interbotix_common_sim:/home/locobot/interbotix_ws/install/dynamixel_workbench_toolbox:/home/locobot/apriltag_ws/install/apriltag_ros:/home/locobot/interbotix_ws/install/interbotix_xs_modules:/home/locobot/interbotix_ws/install/interbotix_perception_modules:/home/locobot/interbotix_ws/install/interbotix_common_modules:/opt/ros/humble LD_LIBRARY_PATH=/home/locobot/interbotix_ws/install/irobot_create_toolbox/lib:/home/locobot/interbotix_ws/install/moveit_visual_tools/lib:/home/locobot/interbotix_ws/install/interbotix_xs_rviz/lib:/home/locobot/interbotix_ws/install/interbotix_xs_ros_control/lib:/home/locobot/interbotix_ws/install/interbotix_xs_msgs/lib:/home/locobot/interbotix_ws/install/interbotix_xs_driver/lib:/home/locobot/interbotix_ws/install/interbotix_tf_tools/lib:/home/locobot/interbotix_ws/install/interbotix_perception_msgs/lib:/home/locobot/interbotix_ws/install/interbotix_moveit_interface_msgs/lib:/home/locobot/interbotix_ws/install/dynamixel_workbench_toolbox/lib:/home/locobot/apriltag_ws/install/apriltag_ros/lib:/opt/ros/humble/opt/rviz_ogre_vendor/lib:/opt/ros/humble/lib/x86_64-linux-gnu:/opt/ros/humble/lib /usr/bin/cmake --build /home/locobot/interbotix_ws/build/irobot_create_nodes -- -j4 -l4
[0.109s] [35m[1mConsolidate compiler generated dependencies of target ir_intensity_vector_publisher[0m
[0.109s] [35m[1mConsolidate compiler generated dependencies of target hazards_vector_publisher[0m
[0.110s] [35m[1mConsolidate compiler generated dependencies of target ir_intensity_publisher_lib[0m
[0.125s] [35m[1mConsolidate compiler generated dependencies of target hazard_publisher_lib[0m
[0.149s] [  5%] Built target ir_intensity_vector_publisher
[0.155s] [ 10%] Built target ir_intensity_publisher_lib
[0.156s] [ 16%] Built target hazard_publisher_lib
[0.159s] [ 21%] Built target hazards_vector_publisher
[0.178s] [35m[1mConsolidate compiler generated dependencies of target motion_control[0m
[0.182s] [35m[1mConsolidate compiler generated dependencies of target wheel_status_publisher_lib[0m
[0.188s] [35m[1mConsolidate compiler generated dependencies of target wheel_status_publisher[0m
[0.205s] [ 24%] [32mBuilding CXX object CMakeFiles/motion_control_lib.dir/src/motion_control_node.cpp.o[0m
[0.213s] [ 29%] Built target motion_control
[0.220s] [ 35%] Built target wheel_status_publisher
[0.223s] [ 40%] Built target wheel_status_publisher_lib
[0.233s] [ 43%] [32mBuilding CXX object CMakeFiles/motion_control_lib.dir/src/motion_control/docking_behavior.cpp.o[0m
[0.261s] [ 45%] [32mBuilding CXX object CMakeFiles/robot_state_lib.dir/src/robot_state.cpp.o[0m
[0.278s] [ 48%] [32mBuilding CXX object CMakeFiles/robot_state.dir/rclcpp_components/node_main_robot_state.cpp.o[0m
[6.862s] [ 51%] [32m[1mLinking CXX executable robot_state[0m
[7.369s] [ 51%] Built target robot_state
[7.403s] [ 54%] [32mBuilding CXX object CMakeFiles/motion_control_lib.dir/src/motion_control/drive_goal_behaviors.cpp.o[0m
[35.338s] [ 56%] [32m[1mLinking CXX shared library librobot_state_lib.so[0m
[38.618s] [ 56%] Built target robot_state_lib
[60.240s] [ 59%] [32mBuilding CXX object CMakeFiles/motion_control_lib.dir/src/motion_control/wall_follow_behavior.cpp.o[0m
[70.482s] [ 62%] [32mBuilding CXX object CMakeFiles/motion_control_lib.dir/src/motion_control/reflex_behavior.cpp.o[0m
[74.708s] [ 64%] [32mBuilding CXX object CMakeFiles/motion_control_lib.dir/src/motion_control/wall_follow_states.cpp.o[0m
[77.985s] [ 67%] [32m[1mLinking CXX shared library libmotion_control_lib.so[0m
[81.807s] [ 67%] Built target motion_control_lib
[81.829s] [ 70%] [32mBuilding CXX object CMakeFiles/mock_publisher_lib.dir/src/mock_publisher.cpp.o[0m
[82.856s] [ 72%] [32mBuilding CXX object CMakeFiles/mock_publisher.dir/rclcpp_components/node_main_mock_publisher.cpp.o[0m
[83.883s] [ 75%] [32mBuilding CXX object CMakeFiles/ui_mgr.dir/rclcpp_components/node_main_ui_mgr.cpp.o[0m
[85.023s] [ 78%] [32mBuilding CXX object CMakeFiles/ui_mgr_lib.dir/src/ui_mgr.cpp.o[0m
[87.879s] [ 81%] [32m[1mLinking CXX executable mock_publisher[0m
[88.252s] [ 81%] Built target mock_publisher
[89.374s] [ 83%] [32m[1mLinking CXX shared library libmock_publisher_lib.so[0m
[90.139s] [ 83%] Built target mock_publisher_lib
[90.205s] [ 86%] [32m[1mLinking CXX executable ui_mgr[0m
[90.406s] [ 86%] Built target ui_mgr
[105.884s] [ 89%] [32m[1mLinking CXX shared library libui_mgr_lib.so[0m
[107.500s] [ 89%] Built target ui_mgr_lib
[107.529s] [ 91%] [32mBuilding CXX object CMakeFiles/kidnap_estimator_publisher.dir/rclcpp_components/node_main_kidnap_estimator_publisher.cpp.o[0m
[107.530s] [ 94%] [32mBuilding CXX object CMakeFiles/kidnap_estimator_publisher_lib.dir/src/kidnap_estimator_publisher.cpp.o[0m
[112.346s] [ 97%] [32m[1mLinking CXX executable kidnap_estimator_publisher[0m
[112.543s] [ 97%] Built target kidnap_estimator_publisher
[116.659s] [100%] [32m[1mLinking CXX shared library libkidnap_estimator_publisher_lib.so[0m
[117.338s] [100%] Built target kidnap_estimator_publisher_lib
[117.416s] Invoked command in '/home/locobot/interbotix_ws/build/irobot_create_nodes' returned '0': CMAKE_PREFIX_PATH=/home/locobot/interbotix_ws/install/irobot_create_toolbox:/home/locobot/interbotix_ws/install/interbotix_ros_xsarms_examples:/home/locobot/interbotix_ws/install/interbotix_xsarm_moveit_interface:/home/locobot/interbotix_ws/install/interbotix_moveit_interface:/home/locobot/interbotix_ws/install/moveit_visual_tools:/home/locobot/interbotix_ws/install/irobot_create_ignition_toolbox:/home/locobot/interbotix_ws/install/irobot_create_ignition_plugins:/home/locobot/interbotix_ws/install/irobot_create_description:/home/locobot/interbotix_ws/install/irobot_create_control:/home/locobot/interbotix_ws/install/interbotix_xslocobot_moveit:/home/locobot/interbotix_ws/install/interbotix_xslocobot_ros_control:/home/locobot/interbotix_ws/install/interbotix_xslocobot_sim:/home/locobot/interbotix_ws/install/interbotix_xslocobot_nav:/home/locobot/interbotix_ws/install/interbotix_xslocobot_joy:/home/locobot/interbotix_ws/install/interbotix_xslocobot_control:/home/locobot/interbotix_ws/install/interbotix_xslocobot_descriptions:/home/locobot/interbotix_ws/install/interbotix_ros_xsarms:/home/locobot/interbotix_ws/install/interbotix_xsarm_moveit:/home/locobot/interbotix_ws/install/interbotix_xsarm_sim:/home/locobot/interbotix_ws/install/interbotix_xsarm_ros_control:/home/locobot/interbotix_ws/install/interbotix_xsarm_puppet:/home/locobot/interbotix_ws/install/interbotix_xsarm_perception:/home/locobot/interbotix_ws/install/interbotix_xsarm_joy:/home/locobot/interbotix_ws/install/interbotix_xsarm_dual:/home/locobot/interbotix_ws/install/interbotix_xsarm_control:/home/locobot/interbotix_ws/install/interbotix_xsarm_descriptions:/home/locobot/interbotix_ws/install/interbotix_xs_toolbox:/home/locobot/interbotix_ws/install/interbotix_xs_rviz:/home/locobot/interbotix_ws/install/interbotix_ros_xseries:/home/locobot/interbotix_ws/install/interbotix_xs_sdk:/home/locobot/interbotix_ws/install/interbotix_xs_ros_control:/home/locobot/interbotix_ws/install/interbotix_perception_toolbox:/home/locobot/interbotix_ws/install/interbotix_perception_pipelines:/home/locobot/interbotix_ws/install/interbotix_xs_msgs:/home/locobot/interbotix_ws/install/interbotix_xs_driver:/home/locobot/interbotix_ws/install/interbotix_tf_tools:/home/locobot/interbotix_ws/install/interbotix_perception_msgs:/home/locobot/interbotix_ws/install/interbotix_moveit_interface_msgs:/home/locobot/interbotix_ws/install/interbotix_common_toolbox:/home/locobot/interbotix_ws/install/interbotix_common_sim:/home/locobot/interbotix_ws/install/dynamixel_workbench_toolbox:/home/locobot/apriltag_ws/install/apriltag_ros:/home/locobot/interbotix_ws/install/interbotix_xs_modules:/home/locobot/interbotix_ws/install/interbotix_perception_modules:/home/locobot/interbotix_ws/install/interbotix_common_modules:/opt/ros/humble LD_LIBRARY_PATH=/home/locobot/interbotix_ws/install/irobot_create_toolbox/lib:/home/locobot/interbotix_ws/install/moveit_visual_tools/lib:/home/locobot/interbotix_ws/install/interbotix_xs_rviz/lib:/home/locobot/interbotix_ws/install/interbotix_xs_ros_control/lib:/home/locobot/interbotix_ws/install/interbotix_xs_msgs/lib:/home/locobot/interbotix_ws/install/interbotix_xs_driver/lib:/home/locobot/interbotix_ws/install/interbotix_tf_tools/lib:/home/locobot/interbotix_ws/install/interbotix_perception_msgs/lib:/home/locobot/interbotix_ws/install/interbotix_moveit_interface_msgs/lib:/home/locobot/interbotix_ws/install/dynamixel_workbench_toolbox/lib:/home/locobot/apriltag_ws/install/apriltag_ros/lib:/opt/ros/humble/opt/rviz_ogre_vendor/lib:/opt/ros/humble/lib/x86_64-linux-gnu:/opt/ros/humble/lib /usr/bin/cmake --build /home/locobot/interbotix_ws/build/irobot_create_nodes -- -j4 -l4
[117.532s] Invoking command in '/home/locobot/interbotix_ws/build/irobot_create_nodes': CMAKE_PREFIX_PATH=/home/locobot/interbotix_ws/install/irobot_create_toolbox:/home/locobot/interbotix_ws/install/interbotix_ros_xsarms_examples:/home/locobot/interbotix_ws/install/interbotix_xsarm_moveit_interface:/home/locobot/interbotix_ws/install/interbotix_moveit_interface:/home/locobot/interbotix_ws/install/moveit_visual_tools:/home/locobot/interbotix_ws/install/irobot_create_ignition_toolbox:/home/locobot/interbotix_ws/install/irobot_create_ignition_plugins:/home/locobot/interbotix_ws/install/irobot_create_description:/home/locobot/interbotix_ws/install/irobot_create_control:/home/locobot/interbotix_ws/install/interbotix_xslocobot_moveit:/home/locobot/interbotix_ws/install/interbotix_xslocobot_ros_control:/home/locobot/interbotix_ws/install/interbotix_xslocobot_sim:/home/locobot/interbotix_ws/install/interbotix_xslocobot_nav:/home/locobot/interbotix_ws/install/interbotix_xslocobot_joy:/home/locobot/interbotix_ws/install/interbotix_xslocobot_control:/home/locobot/interbotix_ws/install/interbotix_xslocobot_descriptions:/home/locobot/interbotix_ws/install/interbotix_ros_xsarms:/home/locobot/interbotix_ws/install/interbotix_xsarm_moveit:/home/locobot/interbotix_ws/install/interbotix_xsarm_sim:/home/locobot/interbotix_ws/install/interbotix_xsarm_ros_control:/home/locobot/interbotix_ws/install/interbotix_xsarm_puppet:/home/locobot/interbotix_ws/install/interbotix_xsarm_perception:/home/locobot/interbotix_ws/install/interbotix_xsarm_joy:/home/locobot/interbotix_ws/install/interbotix_xsarm_dual:/home/locobot/interbotix_ws/install/interbotix_xsarm_control:/home/locobot/interbotix_ws/install/interbotix_xsarm_descriptions:/home/locobot/interbotix_ws/install/interbotix_xs_toolbox:/home/locobot/interbotix_ws/install/interbotix_xs_rviz:/home/locobot/interbotix_ws/install/interbotix_ros_xseries:/home/locobot/interbotix_ws/install/interbotix_xs_sdk:/home/locobot/interbotix_ws/install/interbotix_xs_ros_control:/home/locobot/interbotix_ws/install/interbotix_perception_toolbox:/home/locobot/interbotix_ws/install/interbotix_perception_pipelines:/home/locobot/interbotix_ws/install/interbotix_xs_msgs:/home/locobot/interbotix_ws/install/interbotix_xs_driver:/home/locobot/interbotix_ws/install/interbotix_tf_tools:/home/locobot/interbotix_ws/install/interbotix_perception_msgs:/home/locobot/interbotix_ws/install/interbotix_moveit_interface_msgs:/home/locobot/interbotix_ws/install/interbotix_common_toolbox:/home/locobot/interbotix_ws/install/interbotix_common_sim:/home/locobot/interbotix_ws/install/dynamixel_workbench_toolbox:/home/locobot/apriltag_ws/install/apriltag_ros:/home/locobot/interbotix_ws/install/interbotix_xs_modules:/home/locobot/interbotix_ws/install/interbotix_perception_modules:/home/locobot/interbotix_ws/install/interbotix_common_modules:/opt/ros/humble LD_LIBRARY_PATH=/home/locobot/interbotix_ws/install/irobot_create_toolbox/lib:/home/locobot/interbotix_ws/install/moveit_visual_tools/lib:/home/locobot/interbotix_ws/install/interbotix_xs_rviz/lib:/home/locobot/interbotix_ws/install/interbotix_xs_ros_control/lib:/home/locobot/interbotix_ws/install/interbotix_xs_msgs/lib:/home/locobot/interbotix_ws/install/interbotix_xs_driver/lib:/home/locobot/interbotix_ws/install/interbotix_tf_tools/lib:/home/locobot/interbotix_ws/install/interbotix_perception_msgs/lib:/home/locobot/interbotix_ws/install/interbotix_moveit_interface_msgs/lib:/home/locobot/interbotix_ws/install/dynamixel_workbench_toolbox/lib:/home/locobot/apriltag_ws/install/apriltag_ros/lib:/opt/ros/humble/opt/rviz_ogre_vendor/lib:/opt/ros/humble/lib/x86_64-linux-gnu:/opt/ros/humble/lib /usr/bin/cmake --install /home/locobot/interbotix_ws/build/irobot_create_nodes
[117.536s] -- Install configuration: ""
[117.536s] -- Installing: /home/locobot/interbotix_ws/install/irobot_create_nodes/lib/irobot_create_nodes/hazards_vector_publisher
[117.538s] -- Set runtime path of "/home/locobot/interbotix_ws/install/irobot_create_nodes/lib/irobot_create_nodes/hazards_vector_publisher" to ""
[117.538s] -- Installing: /home/locobot/interbotix_ws/install/irobot_create_nodes/lib/irobot_create_nodes/ir_intensity_vector_publisher
[117.539s] -- Set runtime path of "/home/locobot/interbotix_ws/install/irobot_create_nodes/lib/irobot_create_nodes/ir_intensity_vector_publisher" to ""
[117.539s] -- Installing: /home/locobot/interbotix_ws/install/irobot_create_nodes/lib/irobot_create_nodes/motion_control
[117.540s] -- Set runtime path of "/home/locobot/interbotix_ws/install/irobot_create_nodes/lib/irobot_create_nodes/motion_control" to ""
[117.540s] -- Installing: /home/locobot/interbotix_ws/install/irobot_create_nodes/lib/irobot_create_nodes/wheel_status_publisher
[117.541s] -- Set runtime path of "/home/locobot/interbotix_ws/install/irobot_create_nodes/lib/irobot_create_nodes/wheel_status_publisher" to ""
[117.541s] -- Installing: /home/locobot/interbotix_ws/install/irobot_create_nodes/lib/irobot_create_nodes/robot_state
[117.542s] -- Set runtime path of "/home/locobot/interbotix_ws/install/irobot_create_nodes/lib/irobot_create_nodes/robot_state" to ""
[117.542s] -- Installing: /home/locobot/interbotix_ws/install/irobot_create_nodes/lib/irobot_create_nodes/ui_mgr
[117.542s] -- Set runtime path of "/home/locobot/interbotix_ws/install/irobot_create_nodes/lib/irobot_create_nodes/ui_mgr" to ""
[117.542s] -- Installing: /home/locobot/interbotix_ws/install/irobot_create_nodes/lib/irobot_create_nodes/mock_publisher
[117.543s] -- Set runtime path of "/home/locobot/interbotix_ws/install/irobot_create_nodes/lib/irobot_create_nodes/mock_publisher" to ""
[117.543s] -- Installing: /home/locobot/interbotix_ws/install/irobot_create_nodes/lib/irobot_create_nodes/kidnap_estimator_publisher
[117.543s] -- Set runtime path of "/home/locobot/interbotix_ws/install/irobot_create_nodes/lib/irobot_create_nodes/kidnap_estimator_publisher" to ""
[117.543s] -- Installing: /home/locobot/interbotix_ws/install/irobot_create_nodes/lib/libhazard_publisher_lib.so
[117.552s] -- Set runtime path of "/home/locobot/interbotix_ws/install/irobot_create_nodes/lib/libhazard_publisher_lib.so" to ""
[117.553s] -- Installing: /home/locobot/interbotix_ws/install/irobot_create_nodes/lib/libir_intensity_publisher_lib.so
[117.562s] -- Set runtime path of "/home/locobot/interbotix_ws/install/irobot_create_nodes/lib/libir_intensity_publisher_lib.so" to ""
[117.562s] -- Installing: /home/locobot/interbotix_ws/install/irobot_create_nodes/lib/libmotion_control_lib.so
[117.588s] -- Set runtime path of "/home/locobot/interbotix_ws/install/irobot_create_nodes/lib/libmotion_control_lib.so" to ""
[117.588s] -- Installing: /home/locobot/interbotix_ws/install/irobot_create_nodes/lib/libwheel_status_publisher_lib.so
[117.598s] -- Set runtime path of "/home/locobot/interbotix_ws/install/irobot_create_nodes/lib/libwheel_status_publisher_lib.so" to ""
[117.598s] -- Installing: /home/locobot/interbotix_ws/install/irobot_create_nodes/lib/librobot_state_lib.so
[117.611s] -- Set runtime path of "/home/locobot/interbotix_ws/install/irobot_create_nodes/lib/librobot_state_lib.so" to ""
[117.611s] -- Installing: /home/locobot/interbotix_ws/install/irobot_create_nodes/lib/libui_mgr_lib.so
[117.620s] -- Set runtime path of "/home/locobot/interbotix_ws/install/irobot_create_nodes/lib/libui_mgr_lib.so" to ""
[117.620s] -- Installing: /home/locobot/interbotix_ws/install/irobot_create_nodes/lib/libmock_publisher_lib.so
[117.622s] -- Set runtime path of "/home/locobot/interbotix_ws/install/irobot_create_nodes/lib/libmock_publisher_lib.so" to ""
[117.622s] -- Installing: /home/locobot/interbotix_ws/install/irobot_create_nodes/lib/libkidnap_estimator_publisher_lib.so
[117.627s] -- Set runtime path of "/home/locobot/interbotix_ws/install/irobot_create_nodes/lib/libkidnap_estimator_publisher_lib.so" to ""
[117.627s] -- Installing: /home/locobot/interbotix_ws/install/irobot_create_nodes/include
[117.628s] -- Installing: /home/locobot/interbotix_ws/install/irobot_create_nodes/include/irobot_create_nodes
[117.628s] -- Installing: /home/locobot/interbotix_ws/install/irobot_create_nodes/include/irobot_create_nodes/hazards_vector_publisher.hpp
[117.628s] -- Installing: /home/locobot/interbotix_ws/install/irobot_create_nodes/include/irobot_create_nodes/robot_state.hpp
[117.628s] -- Installing: /home/locobot/interbotix_ws/install/irobot_create_nodes/include/irobot_create_nodes/mock_publisher.hpp
[117.628s] -- Installing: /home/locobot/interbotix_ws/install/irobot_create_nodes/include/irobot_create_nodes/ui_mgr.hpp
[117.628s] -- Installing: /home/locobot/interbotix_ws/install/irobot_create_nodes/include/irobot_create_nodes/kidnap_estimator_publisher.hpp
[117.628s] -- Installing: /home/locobot/interbotix_ws/install/irobot_create_nodes/include/irobot_create_nodes/ir_intensity_vector_publisher.hpp
[117.628s] -- Installing: /home/locobot/interbotix_ws/install/irobot_create_nodes/include/irobot_create_nodes/motion_control_node.hpp
[117.629s] -- Installing: /home/locobot/interbotix_ws/install/irobot_create_nodes/include/irobot_create_nodes/motion_control
[117.629s] -- Installing: /home/locobot/interbotix_ws/install/irobot_create_nodes/include/irobot_create_nodes/motion_control/behaviors_scheduler.hpp
[117.629s] -- Installing: /home/locobot/interbotix_ws/install/irobot_create_nodes/include/irobot_create_nodes/motion_control/docking_behavior.hpp
[117.629s] -- Installing: /home/locobot/interbotix_ws/install/irobot_create_nodes/include/irobot_create_nodes/motion_control/drive_goal_behaviors.hpp
[117.629s] -- Installing: /home/locobot/interbotix_ws/install/irobot_create_nodes/include/irobot_create_nodes/motion_control/wall_follow_states.hpp
[117.629s] -- Installing: /home/locobot/interbotix_ws/install/irobot_create_nodes/include/irobot_create_nodes/motion_control/wall_follow_behavior.hpp
[117.629s] -- Installing: /home/locobot/interbotix_ws/install/irobot_create_nodes/include/irobot_create_nodes/motion_control/simple_goal_controller.hpp
[117.630s] -- Installing: /home/locobot/interbotix_ws/install/irobot_create_nodes/include/irobot_create_nodes/motion_control/reflex_behavior.hpp
[117.630s] -- Installing: /home/locobot/interbotix_ws/install/irobot_create_nodes/include/irobot_create_nodes/wheels_publisher.hpp
[117.631s] -- Installing: /home/locobot/interbotix_ws/install/irobot_create_nodes/share/irobot_create_nodes/environment/library_path.sh
[117.631s] -- Installing: /home/locobot/interbotix_ws/install/irobot_create_nodes/share/irobot_create_nodes/environment/library_path.dsv
[117.632s] -- Installing: /home/locobot/interbotix_ws/install/irobot_create_nodes/share/ament_index/resource_index/package_run_dependencies/irobot_create_nodes
[117.632s] -- Installing: /home/locobot/interbotix_ws/install/irobot_create_nodes/share/ament_index/resource_index/parent_prefix_path/irobot_create_nodes
[117.633s] -- Installing: /home/locobot/interbotix_ws/install/irobot_create_nodes/share/irobot_create_nodes/environment/ament_prefix_path.sh
[117.633s] -- Installing: /home/locobot/interbotix_ws/install/irobot_create_nodes/share/irobot_create_nodes/environment/ament_prefix_path.dsv
[117.633s] -- Installing: /home/locobot/interbotix_ws/install/irobot_create_nodes/share/irobot_create_nodes/environment/path.sh
[117.634s] -- Installing: /home/locobot/interbotix_ws/install/irobot_create_nodes/share/irobot_create_nodes/environment/path.dsv
[117.634s] -- Installing: /home/locobot/interbotix_ws/install/irobot_create_nodes/share/irobot_create_nodes/local_setup.bash
[117.634s] -- Installing: /home/locobot/interbotix_ws/install/irobot_create_nodes/share/irobot_create_nodes/local_setup.sh
[117.634s] -- Installing: /home/locobot/interbotix_ws/install/irobot_create_nodes/share/irobot_create_nodes/local_setup.zsh
[117.635s] -- Installing: /home/locobot/interbotix_ws/install/irobot_create_nodes/share/irobot_create_nodes/local_setup.dsv
[117.635s] -- Installing: /home/locobot/interbotix_ws/install/irobot_create_nodes/share/irobot_create_nodes/package.dsv
[117.635s] -- Installing: /home/locobot/interbotix_ws/install/irobot_create_nodes/share/ament_index/resource_index/packages/irobot_create_nodes
[117.635s] -- Installing: /home/locobot/interbotix_ws/install/irobot_create_nodes/share/ament_index/resource_index/rclcpp_components/irobot_create_nodes
[117.636s] -- Installing: /home/locobot/interbotix_ws/install/irobot_create_nodes/share/irobot_create_nodes/cmake/ament_cmake_export_include_directories-extras.cmake
[117.636s] -- Installing: /home/locobot/interbotix_ws/install/irobot_create_nodes/share/irobot_create_nodes/cmake/ament_cmake_export_libraries-extras.cmake
[117.637s] -- Installing: /home/locobot/interbotix_ws/install/irobot_create_nodes/share/irobot_create_nodes/cmake/ament_cmake_export_dependencies-extras.cmake
[117.637s] -- Installing: /home/locobot/interbotix_ws/install/irobot_create_nodes/share/irobot_create_nodes/cmake/irobot_create_nodesConfig.cmake
[117.637s] -- Installing: /home/locobot/interbotix_ws/install/irobot_create_nodes/share/irobot_create_nodes/cmake/irobot_create_nodesConfig-version.cmake
[117.637s] -- Installing: /home/locobot/interbotix_ws/install/irobot_create_nodes/share/irobot_create_nodes/package.xml
[117.657s] Invoked command in '/home/locobot/interbotix_ws/build/irobot_create_nodes' returned '0': CMAKE_PREFIX_PATH=/home/locobot/interbotix_ws/install/irobot_create_toolbox:/home/locobot/interbotix_ws/install/interbotix_ros_xsarms_examples:/home/locobot/interbotix_ws/install/interbotix_xsarm_moveit_interface:/home/locobot/interbotix_ws/install/interbotix_moveit_interface:/home/locobot/interbotix_ws/install/moveit_visual_tools:/home/locobot/interbotix_ws/install/irobot_create_ignition_toolbox:/home/locobot/interbotix_ws/install/irobot_create_ignition_plugins:/home/locobot/interbotix_ws/install/irobot_create_description:/home/locobot/interbotix_ws/install/irobot_create_control:/home/locobot/interbotix_ws/install/interbotix_xslocobot_moveit:/home/locobot/interbotix_ws/install/interbotix_xslocobot_ros_control:/home/locobot/interbotix_ws/install/interbotix_xslocobot_sim:/home/locobot/interbotix_ws/install/interbotix_xslocobot_nav:/home/locobot/interbotix_ws/install/interbotix_xslocobot_joy:/home/locobot/interbotix_ws/install/interbotix_xslocobot_control:/home/locobot/interbotix_ws/install/interbotix_xslocobot_descriptions:/home/locobot/interbotix_ws/install/interbotix_ros_xsarms:/home/locobot/interbotix_ws/install/interbotix_xsarm_moveit:/home/locobot/interbotix_ws/install/interbotix_xsarm_sim:/home/locobot/interbotix_ws/install/interbotix_xsarm_ros_control:/home/locobot/interbotix_ws/install/interbotix_xsarm_puppet:/home/locobot/interbotix_ws/install/interbotix_xsarm_perception:/home/locobot/interbotix_ws/install/interbotix_xsarm_joy:/home/locobot/interbotix_ws/install/interbotix_xsarm_dual:/home/locobot/interbotix_ws/install/interbotix_xsarm_control:/home/locobot/interbotix_ws/install/interbotix_xsarm_descriptions:/home/locobot/interbotix_ws/install/interbotix_xs_toolbox:/home/locobot/interbotix_ws/install/interbotix_xs_rviz:/home/locobot/interbotix_ws/install/interbotix_ros_xseries:/home/locobot/interbotix_ws/install/interbotix_xs_sdk:/home/locobot/interbotix_ws/install/interbotix_xs_ros_control:/home/locobot/interbotix_ws/install/interbotix_perception_toolbox:/home/locobot/interbotix_ws/install/interbotix_perception_pipelines:/home/locobot/interbotix_ws/install/interbotix_xs_msgs:/home/locobot/interbotix_ws/install/interbotix_xs_driver:/home/locobot/interbotix_ws/install/interbotix_tf_tools:/home/locobot/interbotix_ws/install/interbotix_perception_msgs:/home/locobot/interbotix_ws/install/interbotix_moveit_interface_msgs:/home/locobot/interbotix_ws/install/interbotix_common_toolbox:/home/locobot/interbotix_ws/install/interbotix_common_sim:/home/locobot/interbotix_ws/install/dynamixel_workbench_toolbox:/home/locobot/apriltag_ws/install/apriltag_ros:/home/locobot/interbotix_ws/install/interbotix_xs_modules:/home/locobot/interbotix_ws/install/interbotix_perception_modules:/home/locobot/interbotix_ws/install/interbotix_common_modules:/opt/ros/humble LD_LIBRARY_PATH=/home/locobot/interbotix_ws/install/irobot_create_toolbox/lib:/home/locobot/interbotix_ws/install/moveit_visual_tools/lib:/home/locobot/interbotix_ws/install/interbotix_xs_rviz/lib:/home/locobot/interbotix_ws/install/interbotix_xs_ros_control/lib:/home/locobot/interbotix_ws/install/interbotix_xs_msgs/lib:/home/locobot/interbotix_ws/install/interbotix_xs_driver/lib:/home/locobot/interbotix_ws/install/interbotix_tf_tools/lib:/home/locobot/interbotix_ws/install/interbotix_perception_msgs/lib:/home/locobot/interbotix_ws/install/interbotix_moveit_interface_msgs/lib:/home/locobot/interbotix_ws/install/dynamixel_workbench_toolbox/lib:/home/locobot/apriltag_ws/install/apriltag_ros/lib:/opt/ros/humble/opt/rviz_ogre_vendor/lib:/opt/ros/humble/lib/x86_64-linux-gnu:/opt/ros/humble/lib /usr/bin/cmake --install /home/locobot/interbotix_ws/build/irobot_create_nodes
