[0.999s] Invoking command in '/home/locobot/interbotix_ws/src/interbotix_ros_toolboxes/interbotix_common_toolbox/interbotix_common_modules': PYTHONPATH=/home/locobot/interbotix_ws/build/interbotix_common_modules/prefix_override:/home/locobot/interbotix_ws/install/interbotix_common_modules/lib/python3.10/site-packages:${PYTHONPATH} /usr/bin/python3 -W ignore:setup.py install is deprecated setup.py egg_info --egg-base ../../../../build/interbotix_common_modules build --build-base /home/locobot/interbotix_ws/build/interbotix_common_modules/build install --record /home/locobot/interbotix_ws/build/interbotix_common_modules/install.log --single-version-externally-managed install_data
[1.369s] running egg_info
[1.370s] creating ../../../../build/interbotix_common_modules/interbotix_common_modules.egg-info
[1.370s] writing ../../../../build/interbotix_common_modules/interbotix_common_modules.egg-info/PKG-INFO
[1.371s] writing dependency_links to ../../../../build/interbotix_common_modules/interbotix_common_modules.egg-info/dependency_links.txt
[1.372s] writing entry points to ../../../../build/interbotix_common_modules/interbotix_common_modules.egg-info/entry_points.txt
[1.372s] writing requirements to ../../../../build/interbotix_common_modules/interbotix_common_modules.egg-info/requires.txt
[1.372s] writing top-level names to ../../../../build/interbotix_common_modules/interbotix_common_modules.egg-info/top_level.txt
[1.373s] writing manifest file '../../../../build/interbotix_common_modules/interbotix_common_modules.egg-info/SOURCES.txt'
[1.376s] reading manifest file '../../../../build/interbotix_common_modules/interbotix_common_modules.egg-info/SOURCES.txt'
[1.380s] writing manifest file '../../../../build/interbotix_common_modules/interbotix_common_modules.egg-info/SOURCES.txt'
[1.380s] running build
[1.380s] running build_py
[1.381s] creating /home/locobot/interbotix_ws/build/interbotix_common_modules/build
[1.381s] creating /home/locobot/interbotix_ws/build/interbotix_common_modules/build/lib
[1.381s] creating /home/locobot/interbotix_ws/build/interbotix_common_modules/build/lib/interbotix_common_modules
[1.381s] copying interbotix_common_modules/__init__.py -> /home/locobot/interbotix_ws/build/interbotix_common_modules/build/lib/interbotix_common_modules
[1.381s] creating /home/locobot/interbotix_ws/build/interbotix_common_modules/build/lib/interbotix_common_modules/py_common
[1.381s] copying interbotix_common_modules/py_common/__init__.py -> /home/locobot/interbotix_ws/build/interbotix_common_modules/build/lib/interbotix_common_modules/py_common
[1.381s] copying interbotix_common_modules/py_common/params.py -> /home/locobot/interbotix_ws/build/interbotix_common_modules/build/lib/interbotix_common_modules/py_common
[1.381s] creating /home/locobot/interbotix_ws/build/interbotix_common_modules/build/lib/interbotix_common_modules/angle_manipulation
[1.381s] copying interbotix_common_modules/angle_manipulation/__init__.py -> /home/locobot/interbotix_ws/build/interbotix_common_modules/build/lib/interbotix_common_modules/angle_manipulation
[1.381s] copying interbotix_common_modules/angle_manipulation/angle_manipulation.py -> /home/locobot/interbotix_ws/build/interbotix_common_modules/build/lib/interbotix_common_modules/angle_manipulation
[1.381s] creating /home/locobot/interbotix_ws/build/interbotix_common_modules/build/lib/interbotix_common_modules/launch
[1.382s] copying interbotix_common_modules/launch/or_condition.py -> /home/locobot/interbotix_ws/build/interbotix_common_modules/build/lib/interbotix_common_modules/launch
[1.382s] copying interbotix_common_modules/launch/__init__.py -> /home/locobot/interbotix_ws/build/interbotix_common_modules/build/lib/interbotix_common_modules/launch
[1.382s] copying interbotix_common_modules/launch/and_condition.py -> /home/locobot/interbotix_ws/build/interbotix_common_modules/build/lib/interbotix_common_modules/launch
[1.382s] running install
[1.382s] running install_lib
[1.382s] creating /home/locobot/interbotix_ws/install/interbotix_common_modules/lib/python3.10/site-packages/interbotix_common_modules
[1.382s] creating /home/locobot/interbotix_ws/install/interbotix_common_modules/lib/python3.10/site-packages/interbotix_common_modules/py_common
[1.383s] copying /home/locobot/interbotix_ws/build/interbotix_common_modules/build/lib/interbotix_common_modules/py_common/__init__.py -> /home/locobot/interbotix_ws/install/interbotix_common_modules/lib/python3.10/site-packages/interbotix_common_modules/py_common
[1.383s] copying /home/locobot/interbotix_ws/build/interbotix_common_modules/build/lib/interbotix_common_modules/py_common/params.py -> /home/locobot/interbotix_ws/install/interbotix_common_modules/lib/python3.10/site-packages/interbotix_common_modules/py_common
[1.383s] creating /home/locobot/interbotix_ws/install/interbotix_common_modules/lib/python3.10/site-packages/interbotix_common_modules/angle_manipulation
[1.383s] copying /home/locobot/interbotix_ws/build/interbotix_common_modules/build/lib/interbotix_common_modules/angle_manipulation/__init__.py -> /home/locobot/interbotix_ws/install/interbotix_common_modules/lib/python3.10/site-packages/interbotix_common_modules/angle_manipulation
[1.383s] copying /home/locobot/interbotix_ws/build/interbotix_common_modules/build/lib/interbotix_common_modules/angle_manipulation/angle_manipulation.py -> /home/locobot/interbotix_ws/install/interbotix_common_modules/lib/python3.10/site-packages/interbotix_common_modules/angle_manipulation
[1.383s] copying /home/locobot/interbotix_ws/build/interbotix_common_modules/build/lib/interbotix_common_modules/__init__.py -> /home/locobot/interbotix_ws/install/interbotix_common_modules/lib/python3.10/site-packages/interbotix_common_modules
[1.383s] creating /home/locobot/interbotix_ws/install/interbotix_common_modules/lib/python3.10/site-packages/interbotix_common_modules/launch
[1.383s] copying /home/locobot/interbotix_ws/build/interbotix_common_modules/build/lib/interbotix_common_modules/launch/or_condition.py -> /home/locobot/interbotix_ws/install/interbotix_common_modules/lib/python3.10/site-packages/interbotix_common_modules/launch
[1.384s] copying /home/locobot/interbotix_ws/build/interbotix_common_modules/build/lib/interbotix_common_modules/launch/__init__.py -> /home/locobot/interbotix_ws/install/interbotix_common_modules/lib/python3.10/site-packages/interbotix_common_modules/launch
[1.384s] copying /home/locobot/interbotix_ws/build/interbotix_common_modules/build/lib/interbotix_common_modules/launch/and_condition.py -> /home/locobot/interbotix_ws/install/interbotix_common_modules/lib/python3.10/site-packages/interbotix_common_modules/launch
[1.384s] byte-compiling /home/locobot/interbotix_ws/install/interbotix_common_modules/lib/python3.10/site-packages/interbotix_common_modules/py_common/__init__.py to __init__.cpython-310.pyc
[1.385s] byte-compiling /home/locobot/interbotix_ws/install/interbotix_common_modules/lib/python3.10/site-packages/interbotix_common_modules/py_common/params.py to params.cpython-310.pyc
[1.385s] byte-compiling /home/locobot/interbotix_ws/install/interbotix_common_modules/lib/python3.10/site-packages/interbotix_common_modules/angle_manipulation/__init__.py to __init__.cpython-310.pyc
[1.386s] byte-compiling /home/locobot/interbotix_ws/install/interbotix_common_modules/lib/python3.10/site-packages/interbotix_common_modules/angle_manipulation/angle_manipulation.py to angle_manipulation.cpython-310.pyc
[1.387s] byte-compiling /home/locobot/interbotix_ws/install/interbotix_common_modules/lib/python3.10/site-packages/interbotix_common_modules/__init__.py to __init__.cpython-310.pyc
[1.387s] byte-compiling /home/locobot/interbotix_ws/install/interbotix_common_modules/lib/python3.10/site-packages/interbotix_common_modules/launch/or_condition.py to or_condition.cpython-310.pyc
[1.388s] byte-compiling /home/locobot/interbotix_ws/install/interbotix_common_modules/lib/python3.10/site-packages/interbotix_common_modules/launch/__init__.py to __init__.cpython-310.pyc
[1.388s] byte-compiling /home/locobot/interbotix_ws/install/interbotix_common_modules/lib/python3.10/site-packages/interbotix_common_modules/launch/and_condition.py to and_condition.cpython-310.pyc
[1.389s] running install_data
[1.389s] creating /home/locobot/interbotix_ws/install/interbotix_common_modules/share/ament_index
[1.389s] creating /home/locobot/interbotix_ws/install/interbotix_common_modules/share/ament_index/resource_index
[1.389s] creating /home/locobot/interbotix_ws/install/interbotix_common_modules/share/ament_index/resource_index/packages
[1.389s] copying resource/interbotix_common_modules -> /home/locobot/interbotix_ws/install/interbotix_common_modules/share/ament_index/resource_index/packages
[1.389s] copying package.xml -> /home/locobot/interbotix_ws/install/interbotix_common_modules/share/interbotix_common_modules
[1.389s] running install_egg_info
[1.392s] Copying ../../../../build/interbotix_common_modules/interbotix_common_modules.egg-info to /home/locobot/interbotix_ws/install/interbotix_common_modules/lib/python3.10/site-packages/interbotix_common_modules-0.0.0-py3.10.egg-info
[1.393s] running install_scripts
[1.426s] writing list of installed files to '/home/locobot/interbotix_ws/build/interbotix_common_modules/install.log'
[1.476s] Invoked command in '/home/locobot/interbotix_ws/src/interbotix_ros_toolboxes/interbotix_common_toolbox/interbotix_common_modules' returned '0': PYTHONPATH=/home/locobot/interbotix_ws/build/interbotix_common_modules/prefix_override:/home/locobot/interbotix_ws/install/interbotix_common_modules/lib/python3.10/site-packages:${PYTHONPATH} /usr/bin/python3 -W ignore:setup.py install is deprecated setup.py egg_info --egg-base ../../../../build/interbotix_common_modules build --build-base /home/locobot/interbotix_ws/build/interbotix_common_modules/build install --record /home/locobot/interbotix_ws/build/interbotix_common_modules/install.log --single-version-externally-managed install_data
