[0.026s] Invoking command in '/home/locobot/interbotix_ws/build/irobot_create_description': CMAKE_PREFIX_PATH=${CMAKE_PREFIX_PATH}:/home/locobot/interbotix_ws/install/interbotix_xs_modules:/home/locobot/interbotix_ws/install/interbotix_perception_modules:/home/locobot/interbotix_ws/install/interbotix_common_modules:/opt/ros/humble /usr/bin/cmake --build /home/locobot/interbotix_ws/build/irobot_create_description -- -j4 -l4
[0.089s] Invoked command in '/home/locobot/interbotix_ws/build/irobot_create_description' returned '0': CMAKE_PREFIX_PATH=${CMAKE_PREFIX_PATH}:/home/locobot/interbotix_ws/install/interbotix_xs_modules:/home/locobot/interbotix_ws/install/interbotix_perception_modules:/home/locobot/interbotix_ws/install/interbotix_common_modules:/opt/ros/humble /usr/bin/cmake --build /home/locobot/interbotix_ws/build/irobot_create_description -- -j4 -l4
[0.172s] Invoking command in '/home/locobot/interbotix_ws/build/irobot_create_description': CMAKE_PREFIX_PATH=${CMAKE_PREFIX_PATH}:/home/locobot/interbotix_ws/install/interbotix_xs_modules:/home/locobot/interbotix_ws/install/interbotix_perception_modules:/home/locobot/interbotix_ws/install/interbotix_common_modules:/opt/ros/humble /usr/bin/cmake --install /home/locobot/interbotix_ws/build/irobot_create_description
[0.186s] -- Install configuration: ""
[0.187s] -- Up-to-date: /home/locobot/interbotix_ws/install/irobot_create_description/share/irobot_create_description//meshes
[0.187s] -- Up-to-date: /home/locobot/interbotix_ws/install/irobot_create_description/share/irobot_create_description//meshes/dock
[0.187s] -- Up-to-date: /home/locobot/interbotix_ws/install/irobot_create_description/share/irobot_create_description//meshes/dock/visual.dae
[0.187s] -- Up-to-date: /home/locobot/interbotix_ws/install/irobot_create_description/share/irobot_create_description//meshes/bumper_collision.dae
[0.188s] -- Up-to-date: /home/locobot/interbotix_ws/install/irobot_create_description/share/irobot_create_description//meshes/bumper_visual.dae
[0.188s] -- Up-to-date: /home/locobot/interbotix_ws/install/irobot_create_description/share/irobot_create_description//meshes/body_visual.dae
[0.188s] -- Up-to-date: /home/locobot/interbotix_ws/install/irobot_create_description/share/irobot_create_description//urdf
[0.188s] -- Up-to-date: /home/locobot/interbotix_ws/install/irobot_create_description/share/irobot_create_description//urdf/dock
[0.189s] -- Up-to-date: /home/locobot/interbotix_ws/install/irobot_create_description/share/irobot_create_description//urdf/dock/ir_emitter.urdf.xacro
[0.189s] -- Up-to-date: /home/locobot/interbotix_ws/install/irobot_create_description/share/irobot_create_description//urdf/dock/standard_dock.urdf.xacro
[0.189s] -- Up-to-date: /home/locobot/interbotix_ws/install/irobot_create_description/share/irobot_create_description//urdf/button.urdf.xacro
[0.189s] -- Up-to-date: /home/locobot/interbotix_ws/install/irobot_create_description/share/irobot_create_description//urdf/caster.urdf.xacro
[0.189s] -- Up-to-date: /home/locobot/interbotix_ws/install/irobot_create_description/share/irobot_create_description//urdf/wheel_drop.urdf.xacro
[0.189s] -- Up-to-date: /home/locobot/interbotix_ws/install/irobot_create_description/share/irobot_create_description//urdf/create3.urdf.xacro
[0.189s] -- Up-to-date: /home/locobot/interbotix_ws/install/irobot_create_description/share/irobot_create_description//urdf/wheel.urdf.xacro
[0.189s] -- Up-to-date: /home/locobot/interbotix_ws/install/irobot_create_description/share/irobot_create_description//urdf/bumper.urdf.xacro
[0.190s] -- Up-to-date: /home/locobot/interbotix_ws/install/irobot_create_description/share/irobot_create_description//urdf/wheel_with_wheeldrop.urdf.xacro
[0.190s] -- Up-to-date: /home/locobot/interbotix_ws/install/irobot_create_description/share/irobot_create_description//urdf/sensors
[0.190s] -- Up-to-date: /home/locobot/interbotix_ws/install/irobot_create_description/share/irobot_create_description//urdf/sensors/cliff_sensor.urdf.xacro
[0.190s] -- Up-to-date: /home/locobot/interbotix_ws/install/irobot_create_description/share/irobot_create_description//urdf/sensors/ir_intensity.urdf.xacro
[0.190s] -- Up-to-date: /home/locobot/interbotix_ws/install/irobot_create_description/share/irobot_create_description//urdf/sensors/imu.urdf.xacro
[0.190s] -- Up-to-date: /home/locobot/interbotix_ws/install/irobot_create_description/share/irobot_create_description//urdf/sensors/optical_mouse.urdf.xacro
[0.190s] -- Up-to-date: /home/locobot/interbotix_ws/install/irobot_create_description/share/irobot_create_description//urdf/sensors/ir_opcode_receivers.urdf.xacro
[0.190s] -- Up-to-date: /home/locobot/interbotix_ws/install/irobot_create_description/share/irobot_create_description//urdf/common_properties.urdf.xacro
[0.191s] -- Up-to-date: /home/locobot/interbotix_ws/install/irobot_create_description/share/ament_index/resource_index/package_run_dependencies/irobot_create_description
[0.191s] -- Up-to-date: /home/locobot/interbotix_ws/install/irobot_create_description/share/ament_index/resource_index/parent_prefix_path/irobot_create_description
[0.191s] -- Up-to-date: /home/locobot/interbotix_ws/install/irobot_create_description/share/irobot_create_description/environment/ament_prefix_path.sh
[0.191s] -- Up-to-date: /home/locobot/interbotix_ws/install/irobot_create_description/share/irobot_create_description/environment/ament_prefix_path.dsv
[0.191s] -- Up-to-date: /home/locobot/interbotix_ws/install/irobot_create_description/share/irobot_create_description/environment/path.sh
[0.191s] -- Up-to-date: /home/locobot/interbotix_ws/install/irobot_create_description/share/irobot_create_description/environment/path.dsv
[0.201s] -- Up-to-date: /home/locobot/interbotix_ws/install/irobot_create_description/share/irobot_create_description/local_setup.bash
[0.201s] -- Up-to-date: /home/locobot/interbotix_ws/install/irobot_create_description/share/irobot_create_description/local_setup.sh
[0.201s] -- Up-to-date: /home/locobot/interbotix_ws/install/irobot_create_description/share/irobot_create_description/local_setup.zsh
[0.201s] -- Up-to-date: /home/locobot/interbotix_ws/install/irobot_create_description/share/irobot_create_description/local_setup.dsv
[0.201s] -- Installing: /home/locobot/interbotix_ws/install/irobot_create_description/share/irobot_create_description/package.dsv
[0.202s] -- Up-to-date: /home/locobot/interbotix_ws/install/irobot_create_description/share/ament_index/resource_index/packages/irobot_create_description
[0.202s] -- Up-to-date: /home/locobot/interbotix_ws/install/irobot_create_description/share/irobot_create_description/cmake/irobot_create_descriptionConfig.cmake
[0.202s] -- Up-to-date: /home/locobot/interbotix_ws/install/irobot_create_description/share/irobot_create_description/cmake/irobot_create_descriptionConfig-version.cmake
[0.202s] -- Up-to-date: /home/locobot/interbotix_ws/install/irobot_create_description/share/irobot_create_description/package.xml
[0.202s] Invoked command in '/home/locobot/interbotix_ws/build/irobot_create_description' returned '0': CMAKE_PREFIX_PATH=${CMAKE_PREFIX_PATH}:/home/locobot/interbotix_ws/install/interbotix_xs_modules:/home/locobot/interbotix_ws/install/interbotix_perception_modules:/home/locobot/interbotix_ws/install/interbotix_common_modules:/opt/ros/humble /usr/bin/cmake --install /home/locobot/interbotix_ws/build/irobot_create_description
