[0.374s] Invoking command in '/home/locobot/interbotix_ws/build/interbotix_common_sim': CMAKE_PREFIX_PATH=${CMAKE_PREFIX_PATH}:/opt/ros/humble /usr/bin/cmake /home/locobot/interbotix_ws/src/interbotix_ros_toolboxes/interbotix_common_toolbox/interbotix_common_sim -DCMAKE_INSTALL_PREFIX=/home/locobot/interbotix_ws/install/interbotix_common_sim
[0.451s] -- The C compiler identification is GNU 11.4.0
[0.528s] -- The CXX compiler identification is GNU 11.4.0
[0.539s] -- Detecting C compiler ABI info
[0.627s] -- Detecting C compiler ABI info - done
[0.641s] -- Check for working C compiler: /usr/bin/cc - skipped
[0.641s] -- Detecting C compile features
[0.642s] -- Detecting C compile features - done
[0.647s] -- Detecting CXX compiler ABI info
[0.750s] -- Detecting CXX compiler ABI info - done
[0.763s] -- Check for working CXX compiler: /usr/bin/c++ - skipped
[0.764s] -- Detecting CXX compile features
[0.765s] -- Detecting CXX compile features - done
[0.768s] -- Found ament_cmake: 1.3.8 (/opt/ros/humble/share/ament_cmake/cmake)
[0.994s] -- Found Python3: /usr/bin/python3 (found version "3.10.12") found components: Interpreter 
[1.118s] -- Found ament_lint_auto: 0.12.10 (/opt/ros/humble/share/ament_lint_auto/cmake)
[1.208s] -- Configuring done
[1.212s] -- Generating done
[1.213s] -- Build files have been written to: /home/locobot/interbotix_ws/build/interbotix_common_sim
[1.224s] Invoked command in '/home/locobot/interbotix_ws/build/interbotix_common_sim' returned '0': CMAKE_PREFIX_PATH=${CMAKE_PREFIX_PATH}:/opt/ros/humble /usr/bin/cmake /home/locobot/interbotix_ws/src/interbotix_ros_toolboxes/interbotix_common_toolbox/interbotix_common_sim -DCMAKE_INSTALL_PREFIX=/home/locobot/interbotix_ws/install/interbotix_common_sim
[1.224s] Invoking command in '/home/locobot/interbotix_ws/build/interbotix_common_sim': CMAKE_PREFIX_PATH=${CMAKE_PREFIX_PATH}:/opt/ros/humble /usr/bin/cmake --build /home/locobot/interbotix_ws/build/interbotix_common_sim -- -j4 -l4
[1.274s] Invoked command in '/home/locobot/interbotix_ws/build/interbotix_common_sim' returned '0': CMAKE_PREFIX_PATH=${CMAKE_PREFIX_PATH}:/opt/ros/humble /usr/bin/cmake --build /home/locobot/interbotix_ws/build/interbotix_common_sim -- -j4 -l4
[1.313s] Invoking command in '/home/locobot/interbotix_ws/build/interbotix_common_sim': CMAKE_PREFIX_PATH=${CMAKE_PREFIX_PATH}:/opt/ros/humble /usr/bin/cmake --install /home/locobot/interbotix_ws/build/interbotix_common_sim
[1.324s] -- Install configuration: ""
[1.324s] -- Installing: /home/locobot/interbotix_ws/install/interbotix_common_sim/share/interbotix_common_sim/models
[1.324s] -- Installing: /home/locobot/interbotix_ws/install/interbotix_common_sim/share/interbotix_common_sim/models/RealSenseD415
[1.324s] -- Installing: /home/locobot/interbotix_ws/install/interbotix_common_sim/share/interbotix_common_sim/models/RealSenseD415/model.config
[1.325s] -- Installing: /home/locobot/interbotix_ws/install/interbotix_common_sim/share/interbotix_common_sim/models/RealSenseD415/camera.stl
[1.325s] -- Installing: /home/locobot/interbotix_ws/install/interbotix_common_sim/share/interbotix_common_sim/models/RealSenseD415/RealSenseD415.sdf
[1.325s] -- Installing: /home/locobot/interbotix_ws/install/interbotix_common_sim/share/interbotix_common_sim/models/VisionKit
[1.326s] -- Installing: /home/locobot/interbotix_ws/install/interbotix_common_sim/share/interbotix_common_sim/models/VisionKit/model.config
[1.326s] -- Installing: /home/locobot/interbotix_ws/install/interbotix_common_sim/share/interbotix_common_sim/models/VisionKit/VisionKit.sdf
[1.326s] -- Installing: /home/locobot/interbotix_ws/install/interbotix_common_sim/share/interbotix_common_sim/models/VisionKit/stand.stl
[1.327s] -- Installing: /home/locobot/interbotix_ws/install/interbotix_common_sim/share/interbotix_common_sim/models/TrossenRoboticsOfficeBuilding
[1.327s] -- Installing: /home/locobot/interbotix_ws/install/interbotix_common_sim/share/interbotix_common_sim/models/TrossenRoboticsOfficeBuilding/model.config
[1.327s] -- Installing: /home/locobot/interbotix_ws/install/interbotix_common_sim/share/interbotix_common_sim/models/TrossenRoboticsOfficeBuilding/TrossenRoboticsOfficeBuilding.sdf
[1.327s] -- Installing: /home/locobot/interbotix_ws/install/interbotix_common_sim/share/interbotix_common_sim/worlds
[1.327s] -- Installing: /home/locobot/interbotix_ws/install/interbotix_common_sim/share/interbotix_common_sim/worlds/vision_kit.world
[1.327s] -- Installing: /home/locobot/interbotix_ws/install/interbotix_common_sim/share/interbotix_common_sim/worlds/interbotix.world
[1.328s] -- Installing: /home/locobot/interbotix_ws/install/interbotix_common_sim/share/interbotix_common_sim/media
[1.328s] -- Installing: /home/locobot/interbotix_ws/install/interbotix_common_sim/share/interbotix_common_sim/media/interbotix_black.png
[1.328s] -- Installing: /home/locobot/interbotix_ws/install/interbotix_common_sim/share/interbotix_common_sim/media/materials
[1.328s] -- Installing: /home/locobot/interbotix_ws/install/interbotix_common_sim/share/interbotix_common_sim/media/materials/scripts
[1.328s] -- Installing: /home/locobot/interbotix_ws/install/interbotix_common_sim/share/interbotix_common_sim/media/materials/scripts/interbotix_black.material
[1.328s] -- Installing: /home/locobot/interbotix_ws/install/interbotix_common_sim/share/interbotix_common_sim/media/materials/scripts/interbotix_texture.gazebo
[1.328s] -- Installing: /home/locobot/interbotix_ws/install/interbotix_common_sim/share/interbotix_common_sim/media/materials/textures
[1.328s] -- Installing: /home/locobot/interbotix_ws/install/interbotix_common_sim/share/interbotix_common_sim/media/materials/textures/interbotix_black.png
[1.329s] -- Installing: /home/locobot/interbotix_ws/install/interbotix_common_sim/share/ament_index/resource_index/package_run_dependencies/interbotix_common_sim
[1.329s] -- Installing: /home/locobot/interbotix_ws/install/interbotix_common_sim/share/ament_index/resource_index/parent_prefix_path/interbotix_common_sim
[1.329s] -- Installing: /home/locobot/interbotix_ws/install/interbotix_common_sim/share/interbotix_common_sim/environment/ament_prefix_path.sh
[1.329s] -- Installing: /home/locobot/interbotix_ws/install/interbotix_common_sim/share/interbotix_common_sim/environment/ament_prefix_path.dsv
[1.329s] -- Installing: /home/locobot/interbotix_ws/install/interbotix_common_sim/share/interbotix_common_sim/environment/path.sh
[1.329s] -- Installing: /home/locobot/interbotix_ws/install/interbotix_common_sim/share/interbotix_common_sim/environment/path.dsv
[1.329s] -- Installing: /home/locobot/interbotix_ws/install/interbotix_common_sim/share/interbotix_common_sim/local_setup.bash
[1.330s] -- Installing: /home/locobot/interbotix_ws/install/interbotix_common_sim/share/interbotix_common_sim/local_setup.sh
[1.330s] -- Installing: /home/locobot/interbotix_ws/install/interbotix_common_sim/share/interbotix_common_sim/local_setup.zsh
[1.330s] -- Installing: /home/locobot/interbotix_ws/install/interbotix_common_sim/share/interbotix_common_sim/local_setup.dsv
[1.330s] -- Installing: /home/locobot/interbotix_ws/install/interbotix_common_sim/share/interbotix_common_sim/package.dsv
[1.330s] -- Installing: /home/locobot/interbotix_ws/install/interbotix_common_sim/share/ament_index/resource_index/packages/interbotix_common_sim
[1.330s] -- Installing: /home/locobot/interbotix_ws/install/interbotix_common_sim/share/interbotix_common_sim/cmake/interbotix_common_simConfig.cmake
[1.330s] -- Installing: /home/locobot/interbotix_ws/install/interbotix_common_sim/share/interbotix_common_sim/cmake/interbotix_common_simConfig-version.cmake
[1.331s] -- Installing: /home/locobot/interbotix_ws/install/interbotix_common_sim/share/interbotix_common_sim/package.xml
[1.342s] Invoked command in '/home/locobot/interbotix_ws/build/interbotix_common_sim' returned '0': CMAKE_PREFIX_PATH=${CMAKE_PREFIX_PATH}:/opt/ros/humble /usr/bin/cmake --install /home/locobot/interbotix_ws/build/interbotix_common_sim
