[100%] Built target xslocobot_joy
-- Install configuration: ""
-- Up-to-date: /home/locobot/interbotix_ws/install/interbotix_xslocobot_joy/lib/interbotix_xslocobot_joy/xslocobot_joy
-- Up-to-date: /home/locobot/interbotix_ws/install/interbotix_xslocobot_joy/lib/interbotix_xslocobot_joy/xslocobot_robot.py
-- Up-to-date: /home/locobot/interbotix_ws/install/interbotix_xslocobot_joy/share/interbotix_xslocobot_joy//config
-- Up-to-date: /home/locobot/interbotix_ws/install/interbotix_xslocobot_joy/share/interbotix_xslocobot_joy//config/modes_all.yaml
-- Up-to-date: /home/locobot/interbotix_ws/install/interbotix_xslocobot_joy/share/interbotix_xslocobot_joy//config/modes_base.yaml
-- Up-to-date: /home/locobot/interbotix_ws/install/interbotix_xslocobot_joy/share/interbotix_xslocobot_joy//launch
-- Up-to-date: /home/locobot/interbotix_ws/install/interbotix_xslocobot_joy/share/interbotix_xslocobot_joy//launch/xslocobot_joy.launch.py
-- Up-to-date: /home/locobot/interbotix_ws/install/interbotix_xslocobot_joy/share/ament_index/resource_index/package_run_dependencies/interbotix_xslocobot_joy
-- Up-to-date: /home/locobot/interbotix_ws/install/interbotix_xslocobot_joy/share/ament_index/resource_index/parent_prefix_path/interbotix_xslocobot_joy
-- Up-to-date: /home/locobot/interbotix_ws/install/interbotix_xslocobot_joy/share/interbotix_xslocobot_joy/environment/ament_prefix_path.sh
-- Up-to-date: /home/locobot/interbotix_ws/install/interbotix_xslocobot_joy/share/interbotix_xslocobot_joy/environment/ament_prefix_path.dsv
-- Up-to-date: /home/locobot/interbotix_ws/install/interbotix_xslocobot_joy/share/interbotix_xslocobot_joy/environment/path.sh
-- Up-to-date: /home/locobot/interbotix_ws/install/interbotix_xslocobot_joy/share/interbotix_xslocobot_joy/environment/path.dsv
-- Up-to-date: /home/locobot/interbotix_ws/install/interbotix_xslocobot_joy/share/interbotix_xslocobot_joy/local_setup.bash
-- Up-to-date: /home/locobot/interbotix_ws/install/interbotix_xslocobot_joy/share/interbotix_xslocobot_joy/local_setup.sh
-- Up-to-date: /home/locobot/interbotix_ws/install/interbotix_xslocobot_joy/share/interbotix_xslocobot_joy/local_setup.zsh
-- Up-to-date: /home/locobot/interbotix_ws/install/interbotix_xslocobot_joy/share/interbotix_xslocobot_joy/local_setup.dsv
-- Installing: /home/locobot/interbotix_ws/install/interbotix_xslocobot_joy/share/interbotix_xslocobot_joy/package.dsv
-- Up-to-date: /home/locobot/interbotix_ws/install/interbotix_xslocobot_joy/share/ament_index/resource_index/packages/interbotix_xslocobot_joy
-- Up-to-date: /home/locobot/interbotix_ws/install/interbotix_xslocobot_joy/share/interbotix_xslocobot_joy/cmake/interbotix_xslocobot_joyConfig.cmake
-- Up-to-date: /home/locobot/interbotix_ws/install/interbotix_xslocobot_joy/share/interbotix_xslocobot_joy/cmake/interbotix_xslocobot_joyConfig-version.cmake
-- Up-to-date: /home/locobot/interbotix_ws/install/interbotix_xslocobot_joy/share/interbotix_xslocobot_joy/package.xml
