[0.087s] Invoking command in '/home/locobot/interbotix_ws/build/moveit_visual_tools': CMAKE_PREFIX_PATH=${CMAKE_PREFIX_PATH}:/home/locobot/interbotix_ws/install/interbotix_xs_modules:/home/locobot/interbotix_ws/install/interbotix_perception_modules:/home/locobot/interbotix_ws/install/interbotix_common_modules:/opt/ros/humble /usr/bin/cmake --build /home/locobot/interbotix_ws/build/moveit_visual_tools -- -j4 -l4
[0.428s] [ 66%] Built target moveit_visual_tools
[0.630s] [100%] Built target moveit_visual_tools_demo
[0.670s] Invoked command in '/home/locobot/interbotix_ws/build/moveit_visual_tools' returned '0': CMAKE_PREFIX_PATH=${CMAKE_PREFIX_PATH}:/home/locobot/interbotix_ws/install/interbotix_xs_modules:/home/locobot/interbotix_ws/install/interbotix_perception_modules:/home/locobot/interbotix_ws/install/interbotix_common_modules:/opt/ros/humble /usr/bin/cmake --build /home/locobot/interbotix_ws/build/moveit_visual_tools -- -j4 -l4
[1.090s] Invoking command in '/home/locobot/interbotix_ws/build/moveit_visual_tools': CMAKE_PREFIX_PATH=${CMAKE_PREFIX_PATH}:/home/locobot/interbotix_ws/install/interbotix_xs_modules:/home/locobot/interbotix_ws/install/interbotix_perception_modules:/home/locobot/interbotix_ws/install/interbotix_common_modules:/opt/ros/humble /usr/bin/cmake --install /home/locobot/interbotix_ws/build/moveit_visual_tools
[1.122s] -- Install configuration: "Release"
[1.122s] -- Up-to-date: /home/locobot/interbotix_ws/install/moveit_visual_tools/share/moveit_visual_tools/environment/library_path.sh
[1.122s] -- Up-to-date: /home/locobot/interbotix_ws/install/moveit_visual_tools/share/moveit_visual_tools/environment/library_path.dsv
[1.130s] -- Up-to-date: /home/locobot/interbotix_ws/install/moveit_visual_tools/lib/libmoveit_visual_tools.so
[1.131s] -- Up-to-date: /home/locobot/interbotix_ws/install/moveit_visual_tools/lib/moveit_visual_tools/moveit_visual_tools_demo
[1.131s] -- Up-to-date: /home/locobot/interbotix_ws/install/moveit_visual_tools/include
[1.132s] -- Up-to-date: /home/locobot/interbotix_ws/install/moveit_visual_tools/include/moveit_visual_tools
[1.132s] -- Up-to-date: /home/locobot/interbotix_ws/install/moveit_visual_tools/include/moveit_visual_tools/imarker_end_effector.h
[1.133s] -- Up-to-date: /home/locobot/interbotix_ws/install/moveit_visual_tools/include/moveit_visual_tools/moveit_visual_tools.h
[1.133s] -- Up-to-date: /home/locobot/interbotix_ws/install/moveit_visual_tools/include/moveit_visual_tools/imarker_robot_state.h
[1.133s] -- Up-to-date: /home/locobot/interbotix_ws/install/moveit_visual_tools/share/moveit_visual_tools/launch
[1.133s] -- Up-to-date: /home/locobot/interbotix_ws/install/moveit_visual_tools/share/moveit_visual_tools/launch/demo.rviz
[1.133s] -- Up-to-date: /home/locobot/interbotix_ws/install/moveit_visual_tools/share/moveit_visual_tools/launch/demo_rviz.launch.py
[1.133s] -- Up-to-date: /home/locobot/interbotix_ws/install/moveit_visual_tools/share/moveit_visual_tools/resources
[1.133s] -- Up-to-date: /home/locobot/interbotix_ws/install/moveit_visual_tools/share/moveit_visual_tools/resources/demo_mesh.stl
[1.133s] -- Up-to-date: /home/locobot/interbotix_ws/install/moveit_visual_tools/share/moveit_visual_tools/resources/rrbot.srdf
[1.134s] -- Up-to-date: /home/locobot/interbotix_ws/install/moveit_visual_tools/share/moveit_visual_tools/resources/demo.png
[1.134s] -- Up-to-date: /home/locobot/interbotix_ws/install/moveit_visual_tools/share/moveit_visual_tools/resources/screenshot.png
[1.134s] -- Up-to-date: /home/locobot/interbotix_ws/install/moveit_visual_tools/share/moveit_visual_tools/resources/rrbot.urdf
[1.134s] -- Up-to-date: /home/locobot/interbotix_ws/install/moveit_visual_tools/share/ament_index/resource_index/package_run_dependencies/moveit_visual_tools
[1.134s] -- Up-to-date: /home/locobot/interbotix_ws/install/moveit_visual_tools/share/ament_index/resource_index/parent_prefix_path/moveit_visual_tools
[1.134s] -- Up-to-date: /home/locobot/interbotix_ws/install/moveit_visual_tools/share/moveit_visual_tools/environment/ament_prefix_path.sh
[1.134s] -- Up-to-date: /home/locobot/interbotix_ws/install/moveit_visual_tools/share/moveit_visual_tools/environment/ament_prefix_path.dsv
[1.134s] -- Up-to-date: /home/locobot/interbotix_ws/install/moveit_visual_tools/share/moveit_visual_tools/environment/path.sh
[1.134s] -- Up-to-date: /home/locobot/interbotix_ws/install/moveit_visual_tools/share/moveit_visual_tools/environment/path.dsv
[1.135s] -- Up-to-date: /home/locobot/interbotix_ws/install/moveit_visual_tools/share/moveit_visual_tools/local_setup.bash
[1.135s] -- Up-to-date: /home/locobot/interbotix_ws/install/moveit_visual_tools/share/moveit_visual_tools/local_setup.sh
[1.135s] -- Up-to-date: /home/locobot/interbotix_ws/install/moveit_visual_tools/share/moveit_visual_tools/local_setup.zsh
[1.135s] -- Up-to-date: /home/locobot/interbotix_ws/install/moveit_visual_tools/share/moveit_visual_tools/local_setup.dsv
[1.135s] -- Installing: /home/locobot/interbotix_ws/install/moveit_visual_tools/share/moveit_visual_tools/package.dsv
[1.135s] -- Up-to-date: /home/locobot/interbotix_ws/install/moveit_visual_tools/share/ament_index/resource_index/packages/moveit_visual_tools
[1.135s] -- Up-to-date: /home/locobot/interbotix_ws/install/moveit_visual_tools/share/moveit_visual_tools/cmake/export_moveit_visual_toolsExport.cmake
[1.137s] -- Up-to-date: /home/locobot/interbotix_ws/install/moveit_visual_tools/share/moveit_visual_tools/cmake/export_moveit_visual_toolsExport-release.cmake
[1.137s] -- Up-to-date: /home/locobot/interbotix_ws/install/moveit_visual_tools/share/moveit_visual_tools/cmake/ament_cmake_export_targets-extras.cmake
[1.137s] -- Up-to-date: /home/locobot/interbotix_ws/install/moveit_visual_tools/share/moveit_visual_tools/cmake/ament_cmake_export_dependencies-extras.cmake
[1.137s] -- Up-to-date: /home/locobot/interbotix_ws/install/moveit_visual_tools/share/moveit_visual_tools/cmake/moveit_visual_toolsConfig.cmake
[1.137s] -- Up-to-date: /home/locobot/interbotix_ws/install/moveit_visual_tools/share/moveit_visual_tools/cmake/moveit_visual_toolsConfig-version.cmake
[1.137s] -- Up-to-date: /home/locobot/interbotix_ws/install/moveit_visual_tools/share/moveit_visual_tools/package.xml
[1.138s] Invoked command in '/home/locobot/interbotix_ws/build/moveit_visual_tools' returned '0': CMAKE_PREFIX_PATH=${CMAKE_PREFIX_PATH}:/home/locobot/interbotix_ws/install/interbotix_xs_modules:/home/locobot/interbotix_ws/install/interbotix_perception_modules:/home/locobot/interbotix_ws/install/interbotix_common_modules:/opt/ros/humble /usr/bin/cmake --install /home/locobot/interbotix_ws/build/moveit_visual_tools
