[0.421s] Invoking command in '/home/locobot/interbotix_ws/build/interbotix_common_sim': CMAKE_PREFIX_PATH=${CMAKE_PREFIX_PATH}:/home/locobot/interbotix_ws/install/interbotix_xs_modules:/home/locobot/interbotix_ws/install/interbotix_perception_modules:/home/locobot/interbotix_ws/install/interbotix_common_modules:/opt/ros/humble /usr/bin/cmake --build /home/locobot/interbotix_ws/build/interbotix_common_sim -- -j4 -l4
[0.486s] Invoked command in '/home/locobot/interbotix_ws/build/interbotix_common_sim' returned '0': CMAKE_PREFIX_PATH=${CMAKE_PREFIX_PATH}:/home/locobot/interbotix_ws/install/interbotix_xs_modules:/home/locobot/interbotix_ws/install/interbotix_perception_modules:/home/locobot/interbotix_ws/install/interbotix_common_modules:/opt/ros/humble /usr/bin/cmake --build /home/locobot/interbotix_ws/build/interbotix_common_sim -- -j4 -l4
[0.529s] Invoking command in '/home/locobot/interbotix_ws/build/interbotix_common_sim': CMAKE_PREFIX_PATH=${CMAKE_PREFIX_PATH}:/home/locobot/interbotix_ws/install/interbotix_xs_modules:/home/locobot/interbotix_ws/install/interbotix_perception_modules:/home/locobot/interbotix_ws/install/interbotix_common_modules:/opt/ros/humble /usr/bin/cmake --install /home/locobot/interbotix_ws/build/interbotix_common_sim
[0.541s] -- Install configuration: ""
[0.541s] -- Up-to-date: /home/locobot/interbotix_ws/install/interbotix_common_sim/share/interbotix_common_sim/models
[0.541s] -- Up-to-date: /home/locobot/interbotix_ws/install/interbotix_common_sim/share/interbotix_common_sim/models/RealSenseD415
[0.541s] -- Up-to-date: /home/locobot/interbotix_ws/install/interbotix_common_sim/share/interbotix_common_sim/models/RealSenseD415/model.config
[0.541s] -- Up-to-date: /home/locobot/interbotix_ws/install/interbotix_common_sim/share/interbotix_common_sim/models/RealSenseD415/camera.stl
[0.541s] -- Up-to-date: /home/locobot/interbotix_ws/install/interbotix_common_sim/share/interbotix_common_sim/models/RealSenseD415/RealSenseD415.sdf
[0.542s] -- Up-to-date: /home/locobot/interbotix_ws/install/interbotix_common_sim/share/interbotix_common_sim/models/VisionKit
[0.542s] -- Up-to-date: /home/locobot/interbotix_ws/install/interbotix_common_sim/share/interbotix_common_sim/models/VisionKit/model.config
[0.542s] -- Up-to-date: /home/locobot/interbotix_ws/install/interbotix_common_sim/share/interbotix_common_sim/models/VisionKit/VisionKit.sdf
[0.542s] -- Up-to-date: /home/locobot/interbotix_ws/install/interbotix_common_sim/share/interbotix_common_sim/models/VisionKit/stand.stl
[0.542s] -- Up-to-date: /home/locobot/interbotix_ws/install/interbotix_common_sim/share/interbotix_common_sim/models/TrossenRoboticsOfficeBuilding
[0.542s] -- Up-to-date: /home/locobot/interbotix_ws/install/interbotix_common_sim/share/interbotix_common_sim/models/TrossenRoboticsOfficeBuilding/model.config
[0.542s] -- Up-to-date: /home/locobot/interbotix_ws/install/interbotix_common_sim/share/interbotix_common_sim/models/TrossenRoboticsOfficeBuilding/TrossenRoboticsOfficeBuilding.sdf
[0.542s] -- Up-to-date: /home/locobot/interbotix_ws/install/interbotix_common_sim/share/interbotix_common_sim/worlds
[0.543s] -- Up-to-date: /home/locobot/interbotix_ws/install/interbotix_common_sim/share/interbotix_common_sim/worlds/vision_kit.world
[0.543s] -- Up-to-date: /home/locobot/interbotix_ws/install/interbotix_common_sim/share/interbotix_common_sim/worlds/interbotix.world
[0.543s] -- Up-to-date: /home/locobot/interbotix_ws/install/interbotix_common_sim/share/interbotix_common_sim/media
[0.543s] -- Up-to-date: /home/locobot/interbotix_ws/install/interbotix_common_sim/share/interbotix_common_sim/media/interbotix_black.png
[0.543s] -- Up-to-date: /home/locobot/interbotix_ws/install/interbotix_common_sim/share/interbotix_common_sim/media/materials
[0.543s] -- Up-to-date: /home/locobot/interbotix_ws/install/interbotix_common_sim/share/interbotix_common_sim/media/materials/scripts
[0.544s] -- Up-to-date: /home/locobot/interbotix_ws/install/interbotix_common_sim/share/interbotix_common_sim/media/materials/scripts/interbotix_black.material
[0.544s] -- Up-to-date: /home/locobot/interbotix_ws/install/interbotix_common_sim/share/interbotix_common_sim/media/materials/scripts/interbotix_texture.gazebo
[0.544s] -- Up-to-date: /home/locobot/interbotix_ws/install/interbotix_common_sim/share/interbotix_common_sim/media/materials/textures
[0.544s] -- Up-to-date: /home/locobot/interbotix_ws/install/interbotix_common_sim/share/interbotix_common_sim/media/materials/textures/interbotix_black.png
[0.544s] -- Up-to-date: /home/locobot/interbotix_ws/install/interbotix_common_sim/share/ament_index/resource_index/package_run_dependencies/interbotix_common_sim
[0.545s] -- Up-to-date: /home/locobot/interbotix_ws/install/interbotix_common_sim/share/ament_index/resource_index/parent_prefix_path/interbotix_common_sim
[0.545s] -- Up-to-date: /home/locobot/interbotix_ws/install/interbotix_common_sim/share/interbotix_common_sim/environment/ament_prefix_path.sh
[0.545s] -- Up-to-date: /home/locobot/interbotix_ws/install/interbotix_common_sim/share/interbotix_common_sim/environment/ament_prefix_path.dsv
[0.545s] -- Up-to-date: /home/locobot/interbotix_ws/install/interbotix_common_sim/share/interbotix_common_sim/environment/path.sh
[0.545s] -- Up-to-date: /home/locobot/interbotix_ws/install/interbotix_common_sim/share/interbotix_common_sim/environment/path.dsv
[0.545s] -- Up-to-date: /home/locobot/interbotix_ws/install/interbotix_common_sim/share/interbotix_common_sim/local_setup.bash
[0.546s] -- Up-to-date: /home/locobot/interbotix_ws/install/interbotix_common_sim/share/interbotix_common_sim/local_setup.sh
[0.546s] -- Up-to-date: /home/locobot/interbotix_ws/install/interbotix_common_sim/share/interbotix_common_sim/local_setup.zsh
[0.546s] -- Up-to-date: /home/locobot/interbotix_ws/install/interbotix_common_sim/share/interbotix_common_sim/local_setup.dsv
[0.546s] -- Installing: /home/locobot/interbotix_ws/install/interbotix_common_sim/share/interbotix_common_sim/package.dsv
[0.546s] -- Up-to-date: /home/locobot/interbotix_ws/install/interbotix_common_sim/share/ament_index/resource_index/packages/interbotix_common_sim
[0.546s] -- Up-to-date: /home/locobot/interbotix_ws/install/interbotix_common_sim/share/interbotix_common_sim/cmake/interbotix_common_simConfig.cmake
[0.546s] -- Up-to-date: /home/locobot/interbotix_ws/install/interbotix_common_sim/share/interbotix_common_sim/cmake/interbotix_common_simConfig-version.cmake
[0.546s] -- Up-to-date: /home/locobot/interbotix_ws/install/interbotix_common_sim/share/interbotix_common_sim/package.xml
[0.551s] Invoked command in '/home/locobot/interbotix_ws/build/interbotix_common_sim' returned '0': CMAKE_PREFIX_PATH=${CMAKE_PREFIX_PATH}:/home/locobot/interbotix_ws/install/interbotix_xs_modules:/home/locobot/interbotix_ws/install/interbotix_perception_modules:/home/locobot/interbotix_ws/install/interbotix_common_modules:/opt/ros/humble /usr/bin/cmake --install /home/locobot/interbotix_ws/build/interbotix_common_sim
