[0.049s] Invoking command in '/home/locobot/interbotix_ws/build/irobot_create_ignition_plugins': CMAKE_PREFIX_PATH=${CMAKE_PREFIX_PATH}:/home/locobot/locobot_ws/install/yolov8_ros:/home/locobot/locobot_ws/install/detection:/home/locobot/locobot_ws/install/locobot_move:/home/locobot/locobot_ws/install/locobot_bringup:/home/locobot/locobot_ws/install/create3_teleop:/home/locobot/locobot_ws/install/create3_examples_py:/home/locobot/interbotix_ws/install/interbotix_xs_modules:/home/locobot/interbotix_ws/install/interbotix_perception_modules:/home/locobot/interbotix_ws/install/interbotix_common_modules:/opt/ros/humble /usr/bin/cmake --build /home/locobot/interbotix_ws/build/irobot_create_ignition_plugins -- -j4 -l4
[0.147s] Invoked command in '/home/locobot/interbotix_ws/build/irobot_create_ignition_plugins' returned '0': CMAKE_PREFIX_PATH=${CMAKE_PREFIX_PATH}:/home/locobot/locobot_ws/install/yolov8_ros:/home/locobot/locobot_ws/install/detection:/home/locobot/locobot_ws/install/locobot_move:/home/locobot/locobot_ws/install/locobot_bringup:/home/locobot/locobot_ws/install/create3_teleop:/home/locobot/locobot_ws/install/create3_examples_py:/home/locobot/interbotix_ws/install/interbotix_xs_modules:/home/locobot/interbotix_ws/install/interbotix_perception_modules:/home/locobot/interbotix_ws/install/interbotix_common_modules:/opt/ros/humble /usr/bin/cmake --build /home/locobot/interbotix_ws/build/irobot_create_ignition_plugins -- -j4 -l4
[0.200s] Invoking command in '/home/locobot/interbotix_ws/build/irobot_create_ignition_plugins': CMAKE_PREFIX_PATH=${CMAKE_PREFIX_PATH}:/home/locobot/locobot_ws/install/yolov8_ros:/home/locobot/locobot_ws/install/detection:/home/locobot/locobot_ws/install/locobot_move:/home/locobot/locobot_ws/install/locobot_bringup:/home/locobot/locobot_ws/install/create3_teleop:/home/locobot/locobot_ws/install/create3_examples_py:/home/locobot/interbotix_ws/install/interbotix_xs_modules:/home/locobot/interbotix_ws/install/interbotix_perception_modules:/home/locobot/interbotix_ws/install/interbotix_common_modules:/opt/ros/humble /usr/bin/cmake --install /home/locobot/interbotix_ws/build/irobot_create_ignition_plugins
[0.210s] -- Install configuration: ""
[0.210s] -- Up-to-date: /home/locobot/interbotix_ws/install/irobot_create_ignition_plugins/share/ament_index/resource_index/package_run_dependencies/irobot_create_ignition_plugins
[0.211s] -- Up-to-date: /home/locobot/interbotix_ws/install/irobot_create_ignition_plugins/share/ament_index/resource_index/parent_prefix_path/irobot_create_ignition_plugins
[0.211s] -- Up-to-date: /home/locobot/interbotix_ws/install/irobot_create_ignition_plugins/share/irobot_create_ignition_plugins/environment/ament_prefix_path.sh
[0.211s] -- Up-to-date: /home/locobot/interbotix_ws/install/irobot_create_ignition_plugins/share/irobot_create_ignition_plugins/environment/ament_prefix_path.dsv
[0.211s] -- Up-to-date: /home/locobot/interbotix_ws/install/irobot_create_ignition_plugins/share/irobot_create_ignition_plugins/environment/path.sh
[0.212s] -- Up-to-date: /home/locobot/interbotix_ws/install/irobot_create_ignition_plugins/share/irobot_create_ignition_plugins/environment/path.dsv
[0.212s] -- Up-to-date: /home/locobot/interbotix_ws/install/irobot_create_ignition_plugins/share/irobot_create_ignition_plugins/local_setup.bash
[0.212s] -- Up-to-date: /home/locobot/interbotix_ws/install/irobot_create_ignition_plugins/share/irobot_create_ignition_plugins/local_setup.sh
[0.212s] -- Up-to-date: /home/locobot/interbotix_ws/install/irobot_create_ignition_plugins/share/irobot_create_ignition_plugins/local_setup.zsh
[0.213s] -- Up-to-date: /home/locobot/interbotix_ws/install/irobot_create_ignition_plugins/share/irobot_create_ignition_plugins/local_setup.dsv
[0.213s] -- Installing: /home/locobot/interbotix_ws/install/irobot_create_ignition_plugins/share/irobot_create_ignition_plugins/package.dsv
[0.214s] -- Up-to-date: /home/locobot/interbotix_ws/install/irobot_create_ignition_plugins/share/ament_index/resource_index/packages/irobot_create_ignition_plugins
[0.214s] -- Up-to-date: /home/locobot/interbotix_ws/install/irobot_create_ignition_plugins/share/irobot_create_ignition_plugins/cmake/irobot_create_ignition_pluginsConfig.cmake
[0.214s] -- Up-to-date: /home/locobot/interbotix_ws/install/irobot_create_ignition_plugins/share/irobot_create_ignition_plugins/cmake/irobot_create_ignition_pluginsConfig-version.cmake
[0.214s] -- Up-to-date: /home/locobot/interbotix_ws/install/irobot_create_ignition_plugins/share/irobot_create_ignition_plugins/package.xml
[0.225s] Invoked command in '/home/locobot/interbotix_ws/build/irobot_create_ignition_plugins' returned '0': CMAKE_PREFIX_PATH=${CMAKE_PREFIX_PATH}:/home/locobot/locobot_ws/install/yolov8_ros:/home/locobot/locobot_ws/install/detection:/home/locobot/locobot_ws/install/locobot_move:/home/locobot/locobot_ws/install/locobot_bringup:/home/locobot/locobot_ws/install/create3_teleop:/home/locobot/locobot_ws/install/create3_examples_py:/home/locobot/interbotix_ws/install/interbotix_xs_modules:/home/locobot/interbotix_ws/install/interbotix_perception_modules:/home/locobot/interbotix_ws/install/interbotix_common_modules:/opt/ros/humble /usr/bin/cmake --install /home/locobot/interbotix_ws/build/irobot_create_ignition_plugins
