[0.033s] Invoking command in '/home/locobot/interbotix_ws/build/irobot_create_toolbox': CMAKE_PREFIX_PATH=${CMAKE_PREFIX_PATH}:/home/locobot/locobot_ws/install/yolov8_ros:/home/locobot/locobot_ws/install/detection:/home/locobot/locobot_ws/install/locobot_move:/home/locobot/locobot_ws/install/locobot_bringup:/home/locobot/locobot_ws/install/create3_teleop:/home/locobot/locobot_ws/install/create3_examples_py:/home/locobot/interbotix_ws/install/interbotix_xs_modules:/home/locobot/interbotix_ws/install/interbotix_perception_modules:/home/locobot/interbotix_ws/install/interbotix_common_modules:/opt/ros/humble /usr/bin/cmake --build /home/locobot/interbotix_ws/build/irobot_create_toolbox -- -j4 -l4
[0.170s] [100%] Built target irobot_create_toolbox
[0.205s] Invoked command in '/home/locobot/interbotix_ws/build/irobot_create_toolbox' returned '0': CMAKE_PREFIX_PATH=${CMAKE_PREFIX_PATH}:/home/locobot/locobot_ws/install/yolov8_ros:/home/locobot/locobot_ws/install/detection:/home/locobot/locobot_ws/install/locobot_move:/home/locobot/locobot_ws/install/locobot_bringup:/home/locobot/locobot_ws/install/create3_teleop:/home/locobot/locobot_ws/install/create3_examples_py:/home/locobot/interbotix_ws/install/interbotix_xs_modules:/home/locobot/interbotix_ws/install/interbotix_perception_modules:/home/locobot/interbotix_ws/install/interbotix_common_modules:/opt/ros/humble /usr/bin/cmake --build /home/locobot/interbotix_ws/build/irobot_create_toolbox -- -j4 -l4
[0.281s] Invoking command in '/home/locobot/interbotix_ws/build/irobot_create_toolbox': CMAKE_PREFIX_PATH=${CMAKE_PREFIX_PATH}:/home/locobot/locobot_ws/install/yolov8_ros:/home/locobot/locobot_ws/install/detection:/home/locobot/locobot_ws/install/locobot_move:/home/locobot/locobot_ws/install/locobot_bringup:/home/locobot/locobot_ws/install/create3_teleop:/home/locobot/locobot_ws/install/create3_examples_py:/home/locobot/interbotix_ws/install/interbotix_xs_modules:/home/locobot/interbotix_ws/install/interbotix_perception_modules:/home/locobot/interbotix_ws/install/interbotix_common_modules:/opt/ros/humble /usr/bin/cmake --install /home/locobot/interbotix_ws/build/irobot_create_toolbox
[0.313s] -- Install configuration: ""
[0.314s] -- Up-to-date: /home/locobot/interbotix_ws/install/irobot_create_toolbox/lib/libirobot_create_toolbox.so
[0.315s] -- Up-to-date: /home/locobot/interbotix_ws/install/irobot_create_toolbox/include
[0.315s] -- Up-to-date: /home/locobot/interbotix_ws/install/irobot_create_toolbox/include/irobot_create_toolbox
[0.316s] -- Up-to-date: /home/locobot/interbotix_ws/install/irobot_create_toolbox/include/irobot_create_toolbox/math.hpp
[0.316s] -- Up-to-date: /home/locobot/interbotix_ws/install/irobot_create_toolbox/include/irobot_create_toolbox/sensors
[0.316s] -- Up-to-date: /home/locobot/interbotix_ws/install/irobot_create_toolbox/include/irobot_create_toolbox/sensors/bumpers.hpp
[0.316s] -- Up-to-date: /home/locobot/interbotix_ws/install/irobot_create_toolbox/include/irobot_create_toolbox/polar_coordinates.hpp
[0.319s] -- Up-to-date: /home/locobot/interbotix_ws/install/irobot_create_toolbox/share/irobot_create_toolbox/environment/library_path.sh
[0.319s] -- Up-to-date: /home/locobot/interbotix_ws/install/irobot_create_toolbox/share/irobot_create_toolbox/environment/library_path.dsv
[0.320s] -- Up-to-date: /home/locobot/interbotix_ws/install/irobot_create_toolbox/share/ament_index/resource_index/package_run_dependencies/irobot_create_toolbox
[0.320s] -- Up-to-date: /home/locobot/interbotix_ws/install/irobot_create_toolbox/share/ament_index/resource_index/parent_prefix_path/irobot_create_toolbox
[0.320s] -- Up-to-date: /home/locobot/interbotix_ws/install/irobot_create_toolbox/share/irobot_create_toolbox/environment/ament_prefix_path.sh
[0.320s] -- Up-to-date: /home/locobot/interbotix_ws/install/irobot_create_toolbox/share/irobot_create_toolbox/environment/ament_prefix_path.dsv
[0.320s] -- Up-to-date: /home/locobot/interbotix_ws/install/irobot_create_toolbox/share/irobot_create_toolbox/environment/path.sh
[0.320s] -- Up-to-date: /home/locobot/interbotix_ws/install/irobot_create_toolbox/share/irobot_create_toolbox/environment/path.dsv
[0.320s] -- Up-to-date: /home/locobot/interbotix_ws/install/irobot_create_toolbox/share/irobot_create_toolbox/local_setup.bash
[0.320s] -- Up-to-date: /home/locobot/interbotix_ws/install/irobot_create_toolbox/share/irobot_create_toolbox/local_setup.sh
[0.320s] -- Up-to-date: /home/locobot/interbotix_ws/install/irobot_create_toolbox/share/irobot_create_toolbox/local_setup.zsh
[0.320s] -- Up-to-date: /home/locobot/interbotix_ws/install/irobot_create_toolbox/share/irobot_create_toolbox/local_setup.dsv
[0.320s] -- Installing: /home/locobot/interbotix_ws/install/irobot_create_toolbox/share/irobot_create_toolbox/package.dsv
[0.320s] -- Up-to-date: /home/locobot/interbotix_ws/install/irobot_create_toolbox/share/ament_index/resource_index/packages/irobot_create_toolbox
[0.321s] -- Up-to-date: /home/locobot/interbotix_ws/install/irobot_create_toolbox/share/irobot_create_toolbox/cmake/ament_cmake_export_include_directories-extras.cmake
[0.321s] -- Up-to-date: /home/locobot/interbotix_ws/install/irobot_create_toolbox/share/irobot_create_toolbox/cmake/ament_cmake_export_libraries-extras.cmake
[0.321s] -- Up-to-date: /home/locobot/interbotix_ws/install/irobot_create_toolbox/share/irobot_create_toolbox/cmake/ament_cmake_export_dependencies-extras.cmake
[0.321s] -- Up-to-date: /home/locobot/interbotix_ws/install/irobot_create_toolbox/share/irobot_create_toolbox/cmake/irobot_create_toolboxConfig.cmake
[0.321s] -- Up-to-date: /home/locobot/interbotix_ws/install/irobot_create_toolbox/share/irobot_create_toolbox/cmake/irobot_create_toolboxConfig-version.cmake
[0.324s] -- Up-to-date: /home/locobot/interbotix_ws/install/irobot_create_toolbox/share/irobot_create_toolbox/package.xml
[0.332s] Invoked command in '/home/locobot/interbotix_ws/build/irobot_create_toolbox' returned '0': CMAKE_PREFIX_PATH=${CMAKE_PREFIX_PATH}:/home/locobot/locobot_ws/install/yolov8_ros:/home/locobot/locobot_ws/install/detection:/home/locobot/locobot_ws/install/locobot_move:/home/locobot/locobot_ws/install/locobot_bringup:/home/locobot/locobot_ws/install/create3_teleop:/home/locobot/locobot_ws/install/create3_examples_py:/home/locobot/interbotix_ws/install/interbotix_xs_modules:/home/locobot/interbotix_ws/install/interbotix_perception_modules:/home/locobot/interbotix_ws/install/interbotix_common_modules:/opt/ros/humble /usr/bin/cmake --install /home/locobot/interbotix_ws/build/irobot_create_toolbox
