[0.039s] Invoking command in '/home/locobot/interbotix_ws/build/moveit_visual_tools': CMAKE_PREFIX_PATH=${CMAKE_PREFIX_PATH}:/home/locobot/locobot_ws/install/yolov8_ros:/home/locobot/locobot_ws/install/detection:/home/locobot/locobot_ws/install/locobot_move:/home/locobot/locobot_ws/install/create3_teleop:/home/locobot/locobot_ws/install/create3_examples_py:/home/locobot/interbotix_ws/install/interbotix_xslocobot_control:/home/locobot/interbotix_ws/install/interbotix_xs_modules:/home/locobot/interbotix_ws/install/interbotix_perception_modules:/home/locobot/interbotix_ws/install/interbotix_common_modules:/opt/ros/humble /usr/bin/cmake --build /home/locobot/interbotix_ws/build/moveit_visual_tools -- -j4 -l4
[0.094s] -- Found moveit_common: 2.5.7 (/opt/ros/humble/share/moveit_common/cmake)
[0.095s] -- Found ament_cmake: 1.3.11 (/opt/ros/humble/share/ament_cmake/cmake)
[0.458s] [0mmoveit_visual_tools: You did not request a specific build type: Choosing 'Release' for maximum performance[0m
[0.466s] -- Found Boost: /usr/lib/x86_64-linux-gnu/cmake/Boost-1.74.0/BoostConfig.cmake (found version "1.74.0") found components: system 
[0.471s] -- Found geometry_msgs: 4.2.4 (/opt/ros/humble/share/geometry_msgs/cmake)
[0.514s] -- Found rosidl_generator_c: 3.1.6 (/opt/ros/humble/share/rosidl_generator_c/cmake)
[0.518s] -- Found rosidl_adapter: 3.1.6 (/opt/ros/humble/share/rosidl_adapter/cmake)
[0.529s] -- Found rosidl_generator_cpp: 3.1.6 (/opt/ros/humble/share/rosidl_generator_cpp/cmake)
[0.552s] -- Using all available rosidl_typesupport_c: rosidl_typesupport_fastrtps_c;rosidl_typesupport_introspection_c
[0.581s] -- Using all available rosidl_typesupport_cpp: rosidl_typesupport_fastrtps_cpp;rosidl_typesupport_introspection_cpp
[0.655s] -- Found graph_msgs: 0.2.0 (/opt/ros/humble/share/graph_msgs/cmake)
[0.696s] -- Found moveit_core: 2.5.7 (/opt/ros/humble/share/moveit_core/cmake)
[0.732s] -- Found Boost: /usr/lib/x86_64-linux-gnu/cmake/Boost-1.74.0/BoostConfig.cmake (found version "1.74.0") found components: chrono date_time filesystem iostreams program_options regex serialization system thread 
[0.825s] -- Found parameter_traits: 0.4.0 (/opt/ros/humble/share/parameter_traits/cmake)
[0.881s] -- Found rmw_implementation_cmake: 6.1.2 (/opt/ros/humble/share/rmw_implementation_cmake/cmake)
[0.889s] -- Found rmw_fastrtps_cpp: 6.2.7 (/opt/ros/humble/share/rmw_fastrtps_cpp/cmake)
[1.102s] -- Using RMW implementation 'rmw_fastrtps_cpp' as default
[1.189s] -- Found rclcpp_lifecycle: 16.0.11 (/opt/ros/humble/share/rclcpp_lifecycle/cmake)
[1.237s] -- Found Boost: /usr/lib/x86_64-linux-gnu/cmake/Boost-1.74.0/BoostConfig.cmake (found version "1.74.0") found components: filesystem 
[1.308s] -- library: /usr/lib/x86_64-linux-gnu/libcurl.so
[1.425s] -- Ensuring Eigen3 include directory is part of orocos-kdl CMake target
[1.874s] -- Found moveit_ros_planning: 2.5.7 (/opt/ros/humble/share/moveit_ros_planning/cmake)
[1.884s] -- Found Boost: /usr/lib/x86_64-linux-gnu/cmake/Boost-1.74.0/BoostConfig.cmake (found version "1.74.0") found components: system filesystem date_time program_options thread chrono 
[1.927s] -- Found rviz_visual_tools: 4.1.4 (/opt/ros/humble/share/rviz_visual_tools/cmake)
[1.990s] -- Setting assimp_DIR to: '/opt/ros/humble/share/rviz_assimp_vendor/cmake/../../../opt/rviz_assimp_vendor/lib/cmake/assimp-4.1'
[2.015s] -- Setting OGRE_DIR to: '/opt/ros/humble/share/rviz_ogre_vendor/cmake/../../../opt/rviz_ogre_vendor/lib/OGRE/cmake'
[2.020s] -- Found OGRE
[2.020s] --   static     : OFF
[2.021s] --   components : HLMS;MeshLodGenerator;Overlay;Paging;Property;RTShaderSystem;Terrain;Volume
[2.021s] --   plugins    : Plugin_BSPSceneManager;Plugin_OctreeSceneManager;Plugin_PCZSceneManager;Plugin_ParticleFX;RenderSystem_GL;RenderSystem_GL3Plus;Codec_STBI
[2.021s] --   media      : /opt/ros/humble/opt/rviz_ogre_vendor/share/OGRE/Media
[2.021s] -- OGRE_LIBRARIES: OgreHLMS;OgreMeshLodGenerator;OgreOverlay;OgrePaging;OgreProperty;OgreRTShaderSystem;OgreTerrain;OgreVolume;OgreMain
[2.021s] -- OGRE_LIBRARY_DIRS: /opt/ros/humble/opt/rviz_ogre_vendor/lib
[2.021s] -- OGRE_PLUGINS: Plugin_BSPSceneManager;Plugin_OctreeSceneManager;Plugin_PCZSceneManager;Plugin_ParticleFX;RenderSystem_GL;RenderSystem_GL3Plus;Codec_STBI
[2.021s] -- OGRE_PLUGIN_DIR: /opt/ros/humble/opt/rviz_ogre_vendor/lib/OGRE
[2.021s] -- rviz_ogre_vendor::OgreOverlay for IMPORTED_LOCATION_RELEASE: /opt/ros/humble/opt/rviz_ogre_vendor/lib/libOgreOverlay.so
[2.022s] -- rviz_ogre_vendor::OgreOverlay for IMPORTED_LOCATION_DEBUG: /opt/ros/humble/opt/rviz_ogre_vendor/lib/libOgreOverlay.so
[2.022s] -- rviz_ogre_vendor::OgreMain for IMPORTED_LOCATION_RELEASE: /opt/ros/humble/opt/rviz_ogre_vendor/lib/libOgreMain.so
[2.022s] -- rviz_ogre_vendor::OgreMain for IMPORTED_LOCATION_DEBUG: /opt/ros/humble/opt/rviz_ogre_vendor/lib/libOgreMain.so
[2.515s] -- Found ament_lint_auto: 0.12.11 (/opt/ros/humble/share/ament_lint_auto/cmake)
[2.530s] -- Added test 'copyright' to check source files copyright and LICENSE
[2.537s] -- Added test 'flake8' to check Python code syntax and style conventions
[2.537s] -- Added test 'lint_cmake' to check CMake code style
[2.538s] -- Added test 'pep257' to check Python code against some of the docstring style conventions in PEP 257
[2.539s] -- Added test 'xmllint' to check XML markup files
[2.543s] -- Configuring done
[2.659s] -- Generating done
[2.669s] -- Build files have been written to: /home/locobot/interbotix_ws/build/moveit_visual_tools
[2.730s] [35m[1mConsolidate compiler generated dependencies of target moveit_visual_tools[0m
[2.861s] [ 16%] [32mBuilding CXX object CMakeFiles/moveit_visual_tools.dir/src/moveit_visual_tools.cpp.o[0m
[34.129s] [ 33%] [32mBuilding CXX object CMakeFiles/moveit_visual_tools.dir/src/imarker_end_effector.cpp.o[0m
[57.715s] [ 50%] [32mBuilding CXX object CMakeFiles/moveit_visual_tools.dir/src/imarker_robot_state.cpp.o[0m
[79.478s] [ 66%] [32m[1mLinking CXX shared library libmoveit_visual_tools.so[0m
[80.252s] [ 66%] Built target moveit_visual_tools
[80.274s] [35m[1mConsolidate compiler generated dependencies of target moveit_visual_tools_demo[0m
[80.328s] [ 83%] [32mBuilding CXX object CMakeFiles/moveit_visual_tools_demo.dir/src/moveit_visual_tools_demo.cpp.o[0m
[100.618s] [100%] [32m[1mLinking CXX executable moveit_visual_tools_demo[0m
[101.241s] [100%] Built target moveit_visual_tools_demo
[101.259s] Invoked command in '/home/locobot/interbotix_ws/build/moveit_visual_tools' returned '0': CMAKE_PREFIX_PATH=${CMAKE_PREFIX_PATH}:/home/locobot/locobot_ws/install/yolov8_ros:/home/locobot/locobot_ws/install/detection:/home/locobot/locobot_ws/install/locobot_move:/home/locobot/locobot_ws/install/create3_teleop:/home/locobot/locobot_ws/install/create3_examples_py:/home/locobot/interbotix_ws/install/interbotix_xslocobot_control:/home/locobot/interbotix_ws/install/interbotix_xs_modules:/home/locobot/interbotix_ws/install/interbotix_perception_modules:/home/locobot/interbotix_ws/install/interbotix_common_modules:/opt/ros/humble /usr/bin/cmake --build /home/locobot/interbotix_ws/build/moveit_visual_tools -- -j4 -l4
[101.334s] Invoking command in '/home/locobot/interbotix_ws/build/moveit_visual_tools': CMAKE_PREFIX_PATH=${CMAKE_PREFIX_PATH}:/home/locobot/locobot_ws/install/yolov8_ros:/home/locobot/locobot_ws/install/detection:/home/locobot/locobot_ws/install/locobot_move:/home/locobot/locobot_ws/install/create3_teleop:/home/locobot/locobot_ws/install/create3_examples_py:/home/locobot/interbotix_ws/install/interbotix_xslocobot_control:/home/locobot/interbotix_ws/install/interbotix_xs_modules:/home/locobot/interbotix_ws/install/interbotix_perception_modules:/home/locobot/interbotix_ws/install/interbotix_common_modules:/opt/ros/humble /usr/bin/cmake --install /home/locobot/interbotix_ws/build/moveit_visual_tools
[101.344s] -- Install configuration: "Release"
[101.344s] -- Up-to-date: /home/locobot/interbotix_ws/install/moveit_visual_tools/share/moveit_visual_tools/environment/library_path.sh
[101.345s] -- Installing: /home/locobot/interbotix_ws/install/moveit_visual_tools/share/moveit_visual_tools/environment/library_path.dsv
[101.347s] -- Installing: /home/locobot/interbotix_ws/install/moveit_visual_tools/lib/libmoveit_visual_tools.so
[101.347s] -- Set runtime path of "/home/locobot/interbotix_ws/install/moveit_visual_tools/lib/libmoveit_visual_tools.so" to ""
[101.349s] -- Installing: /home/locobot/interbotix_ws/install/moveit_visual_tools/lib/moveit_visual_tools/moveit_visual_tools_demo
[101.349s] -- Set runtime path of "/home/locobot/interbotix_ws/install/moveit_visual_tools/lib/moveit_visual_tools/moveit_visual_tools_demo" to ""
[101.349s] -- Up-to-date: /home/locobot/interbotix_ws/install/moveit_visual_tools/include
[101.350s] -- Up-to-date: /home/locobot/interbotix_ws/install/moveit_visual_tools/include/moveit_visual_tools
[101.350s] -- Up-to-date: /home/locobot/interbotix_ws/install/moveit_visual_tools/include/moveit_visual_tools/imarker_end_effector.h
[101.350s] -- Up-to-date: /home/locobot/interbotix_ws/install/moveit_visual_tools/include/moveit_visual_tools/moveit_visual_tools.h
[101.350s] -- Up-to-date: /home/locobot/interbotix_ws/install/moveit_visual_tools/include/moveit_visual_tools/imarker_robot_state.h
[101.350s] -- Up-to-date: /home/locobot/interbotix_ws/install/moveit_visual_tools/share/moveit_visual_tools/launch
[101.351s] -- Up-to-date: /home/locobot/interbotix_ws/install/moveit_visual_tools/share/moveit_visual_tools/launch/demo.rviz
[101.351s] -- Up-to-date: /home/locobot/interbotix_ws/install/moveit_visual_tools/share/moveit_visual_tools/launch/demo_rviz.launch.py
[101.351s] -- Up-to-date: /home/locobot/interbotix_ws/install/moveit_visual_tools/share/moveit_visual_tools/resources
[101.351s] -- Up-to-date: /home/locobot/interbotix_ws/install/moveit_visual_tools/share/moveit_visual_tools/resources/demo_mesh.stl
[101.351s] -- Up-to-date: /home/locobot/interbotix_ws/install/moveit_visual_tools/share/moveit_visual_tools/resources/rrbot.srdf
[101.351s] -- Up-to-date: /home/locobot/interbotix_ws/install/moveit_visual_tools/share/moveit_visual_tools/resources/demo.png
[101.352s] -- Up-to-date: /home/locobot/interbotix_ws/install/moveit_visual_tools/share/moveit_visual_tools/resources/screenshot.png
[101.352s] -- Up-to-date: /home/locobot/interbotix_ws/install/moveit_visual_tools/share/moveit_visual_tools/resources/rrbot.urdf
[101.352s] -- Up-to-date: /home/locobot/interbotix_ws/install/moveit_visual_tools/share/ament_index/resource_index/package_run_dependencies/moveit_visual_tools
[101.352s] -- Installing: /home/locobot/interbotix_ws/install/moveit_visual_tools/share/ament_index/resource_index/parent_prefix_path/moveit_visual_tools
[101.353s] -- Installing: /home/locobot/interbotix_ws/install/moveit_visual_tools/share/moveit_visual_tools/environment/ament_prefix_path.sh
[101.354s] -- Installing: /home/locobot/interbotix_ws/install/moveit_visual_tools/share/moveit_visual_tools/environment/ament_prefix_path.dsv
[101.354s] -- Installing: /home/locobot/interbotix_ws/install/moveit_visual_tools/share/moveit_visual_tools/environment/path.sh
[101.354s] -- Installing: /home/locobot/interbotix_ws/install/moveit_visual_tools/share/moveit_visual_tools/environment/path.dsv
[101.355s] -- Up-to-date: /home/locobot/interbotix_ws/install/moveit_visual_tools/share/moveit_visual_tools/local_setup.bash
[101.355s] -- Up-to-date: /home/locobot/interbotix_ws/install/moveit_visual_tools/share/moveit_visual_tools/local_setup.sh
[101.356s] -- Up-to-date: /home/locobot/interbotix_ws/install/moveit_visual_tools/share/moveit_visual_tools/local_setup.zsh
[101.356s] -- Installing: /home/locobot/interbotix_ws/install/moveit_visual_tools/share/moveit_visual_tools/local_setup.dsv
[101.358s] -- Installing: /home/locobot/interbotix_ws/install/moveit_visual_tools/share/moveit_visual_tools/package.dsv
[101.358s] -- Up-to-date: /home/locobot/interbotix_ws/install/moveit_visual_tools/share/ament_index/resource_index/packages/moveit_visual_tools
[101.359s] -- Up-to-date: /home/locobot/interbotix_ws/install/moveit_visual_tools/share/moveit_visual_tools/cmake/export_moveit_visual_toolsExport.cmake
[101.360s] -- Up-to-date: /home/locobot/interbotix_ws/install/moveit_visual_tools/share/moveit_visual_tools/cmake/export_moveit_visual_toolsExport-release.cmake
[101.360s] -- Up-to-date: /home/locobot/interbotix_ws/install/moveit_visual_tools/share/moveit_visual_tools/cmake/ament_cmake_export_targets-extras.cmake
[101.360s] -- Up-to-date: /home/locobot/interbotix_ws/install/moveit_visual_tools/share/moveit_visual_tools/cmake/ament_cmake_export_dependencies-extras.cmake
[101.361s] -- Up-to-date: /home/locobot/interbotix_ws/install/moveit_visual_tools/share/moveit_visual_tools/cmake/moveit_visual_toolsConfig.cmake
[101.361s] -- Up-to-date: /home/locobot/interbotix_ws/install/moveit_visual_tools/share/moveit_visual_tools/cmake/moveit_visual_toolsConfig-version.cmake
[101.363s] -- Up-to-date: /home/locobot/interbotix_ws/install/moveit_visual_tools/share/moveit_visual_tools/package.xml
[101.366s] Invoked command in '/home/locobot/interbotix_ws/build/moveit_visual_tools' returned '0': CMAKE_PREFIX_PATH=${CMAKE_PREFIX_PATH}:/home/locobot/locobot_ws/install/yolov8_ros:/home/locobot/locobot_ws/install/detection:/home/locobot/locobot_ws/install/locobot_move:/home/locobot/locobot_ws/install/create3_teleop:/home/locobot/locobot_ws/install/create3_examples_py:/home/locobot/interbotix_ws/install/interbotix_xslocobot_control:/home/locobot/interbotix_ws/install/interbotix_xs_modules:/home/locobot/interbotix_ws/install/interbotix_perception_modules:/home/locobot/interbotix_ws/install/interbotix_common_modules:/opt/ros/humble /usr/bin/cmake --install /home/locobot/interbotix_ws/build/moveit_visual_tools
