-- Found ament_cmake: 1.3.11 (/opt/ros/humble/share/ament_cmake/cmake)
-- Found interbotix_xs_msgs: 0.0.0 (/home/locobot/interbotix_ws/install/interbotix_xs_msgs/share/interbotix_xs_msgs/cmake)
-- Found rosidl_generator_c: 3.1.6 (/opt/ros/humble/share/rosidl_generator_c/cmake)
-- Found rosidl_adapter: 3.1.6 (/opt/ros/humble/share/rosidl_adapter/cmake)
-- Found rosidl_generator_cpp: 3.1.6 (/opt/ros/humble/share/rosidl_generator_cpp/cmake)
-- Using all available rosidl_typesupport_c: rosidl_typesupport_fastrtps_c;rosidl_typesupport_introspection_c
-- Using all available rosidl_typesupport_cpp: rosidl_typesupport_fastrtps_cpp;rosidl_typesupport_introspection_cpp
-- Found rclcpp: 16.0.11 (/opt/ros/humble/share/rclcpp/cmake)
-- Found rmw_implementation_cmake: 6.1.2 (/opt/ros/humble/share/rmw_implementation_cmake/cmake)
-- Found rmw_fastrtps_cpp: 6.2.7 (/opt/ros/humble/share/rmw_fastrtps_cpp/cmake)
-- Using RMW implementation 'rmw_fastrtps_cpp' as default
-- Found sensor_msgs: 4.2.4 (/opt/ros/humble/share/sensor_msgs/cmake)
-- Found ament_lint_auto: 0.12.11 (/opt/ros/humble/share/ament_lint_auto/cmake)
-- Added test 'copyright' to check source files copyright and LICENSE
-- Added test 'cppcheck' to perform static code analysis on C / C++ code
-- Configured cppcheck include dirs: 
-- Configured cppcheck exclude dirs and/or files: 
-- Added test 'cpplint' to check C / C++ code against the Google style
-- Configured cpplint exclude dirs and/or files: 
-- Added test 'flake8' to check Python code syntax and style conventions
-- Added test 'lint_cmake' to check CMake code style
-- Added test 'pep257' to check Python code against some of the docstring style conventions in PEP 257
-- Added test 'uncrustify' to check C / C++ code style
-- Configured uncrustify additional arguments: 
-- Added test 'xmllint' to check XML markup files
-- Configuring done
-- Generating done
-- Build files have been written to: /home/locobot/interbotix_ws/build/interbotix_xslocobot_joy
[35m[1mConsolidate compiler generated dependencies of target xslocobot_joy[0m
[ 50%] [32mBuilding CXX object CMakeFiles/xslocobot_joy.dir/src/xslocobot_joy.cpp.o[0m
[100%] [32m[1mLinking CXX executable xslocobot_joy[0m
[100%] Built target xslocobot_joy
-- Install configuration: ""
-- Installing: /home/locobot/interbotix_ws/install/interbotix_xslocobot_joy/lib/interbotix_xslocobot_joy/xslocobot_joy
-- Set runtime path of "/home/locobot/interbotix_ws/install/interbotix_xslocobot_joy/lib/interbotix_xslocobot_joy/xslocobot_joy" to ""
-- Up-to-date: /home/locobot/interbotix_ws/install/interbotix_xslocobot_joy/lib/interbotix_xslocobot_joy/xslocobot_robot.py
-- Up-to-date: /home/locobot/interbotix_ws/install/interbotix_xslocobot_joy/share/interbotix_xslocobot_joy//config
-- Up-to-date: /home/locobot/interbotix_ws/install/interbotix_xslocobot_joy/share/interbotix_xslocobot_joy//config/modes_all.yaml
-- Up-to-date: /home/locobot/interbotix_ws/install/interbotix_xslocobot_joy/share/interbotix_xslocobot_joy//config/modes_base.yaml
-- Up-to-date: /home/locobot/interbotix_ws/install/interbotix_xslocobot_joy/share/interbotix_xslocobot_joy//launch
-- Up-to-date: /home/locobot/interbotix_ws/install/interbotix_xslocobot_joy/share/interbotix_xslocobot_joy//launch/xslocobot_joy.launch.py
-- Up-to-date: /home/locobot/interbotix_ws/install/interbotix_xslocobot_joy/share/ament_index/resource_index/package_run_dependencies/interbotix_xslocobot_joy
-- Installing: /home/locobot/interbotix_ws/install/interbotix_xslocobot_joy/share/ament_index/resource_index/parent_prefix_path/interbotix_xslocobot_joy
-- Installing: /home/locobot/interbotix_ws/install/interbotix_xslocobot_joy/share/interbotix_xslocobot_joy/environment/ament_prefix_path.sh
-- Installing: /home/locobot/interbotix_ws/install/interbotix_xslocobot_joy/share/interbotix_xslocobot_joy/environment/ament_prefix_path.dsv
-- Installing: /home/locobot/interbotix_ws/install/interbotix_xslocobot_joy/share/interbotix_xslocobot_joy/environment/path.sh
-- Installing: /home/locobot/interbotix_ws/install/interbotix_xslocobot_joy/share/interbotix_xslocobot_joy/environment/path.dsv
-- Up-to-date: /home/locobot/interbotix_ws/install/interbotix_xslocobot_joy/share/interbotix_xslocobot_joy/local_setup.bash
-- Up-to-date: /home/locobot/interbotix_ws/install/interbotix_xslocobot_joy/share/interbotix_xslocobot_joy/local_setup.sh
-- Up-to-date: /home/locobot/interbotix_ws/install/interbotix_xslocobot_joy/share/interbotix_xslocobot_joy/local_setup.zsh
-- Installing: /home/locobot/interbotix_ws/install/interbotix_xslocobot_joy/share/interbotix_xslocobot_joy/local_setup.dsv
-- Installing: /home/locobot/interbotix_ws/install/interbotix_xslocobot_joy/share/interbotix_xslocobot_joy/package.dsv
-- Up-to-date: /home/locobot/interbotix_ws/install/interbotix_xslocobot_joy/share/ament_index/resource_index/packages/interbotix_xslocobot_joy
-- Up-to-date: /home/locobot/interbotix_ws/install/interbotix_xslocobot_joy/share/interbotix_xslocobot_joy/cmake/interbotix_xslocobot_joyConfig.cmake
-- Up-to-date: /home/locobot/interbotix_ws/install/interbotix_xslocobot_joy/share/interbotix_xslocobot_joy/cmake/interbotix_xslocobot_joyConfig-version.cmake
-- Up-to-date: /home/locobot/interbotix_ws/install/interbotix_xslocobot_joy/share/interbotix_xslocobot_joy/package.xml
