-- Found ament_cmake: 1.3.11 (/opt/ros/humble/share/ament_cmake/cmake)
-- Found geometry_msgs: 4.2.4 (/opt/ros/humble/share/geometry_msgs/cmake)
-- Found rosidl_generator_c: 3.1.6 (/opt/ros/humble/share/rosidl_generator_c/cmake)
-- Found rosidl_adapter: 3.1.6 (/opt/ros/humble/share/rosidl_adapter/cmake)
-- Found rosidl_generator_cpp: 3.1.6 (/opt/ros/humble/share/rosidl_generator_cpp/cmake)
-- Using all available rosidl_typesupport_c: rosidl_typesupport_fastrtps_c;rosidl_typesupport_introspection_c
-- Using all available rosidl_typesupport_cpp: rosidl_typesupport_fastrtps_cpp;rosidl_typesupport_introspection_cpp
-- Found irobot_create_msgs: 2.1.0 (/opt/ros/humble/share/irobot_create_msgs/cmake)
-- Found irobot_create_toolbox: 2.1.0 (/home/locobot/interbotix_ws/install/irobot_create_toolbox/share/irobot_create_toolbox/cmake)
-- Found rmw_implementation_cmake: 6.1.2 (/opt/ros/humble/share/rmw_implementation_cmake/cmake)
-- Found rmw_fastrtps_cpp: 6.2.7 (/opt/ros/humble/share/rmw_fastrtps_cpp/cmake)
-- Using RMW implementation 'rmw_fastrtps_cpp' as default
-- Found sensor_msgs: 4.2.4 (/opt/ros/humble/share/sensor_msgs/cmake)
-- Found DART: /usr/include (Required is at least version "6.6") found components: dart 
-- Found Protobuf: /usr/lib/x86_64-linux-gnu/libprotobuf.so (found version "3.12.4") 
-- Looking for ignition-math6 -- found version 6.15.1
-- Looking for OGRE...
-- Found Ogre Ghadamon (1.9.0)
-- Found OGRE: optimized;/usr/lib/x86_64-linux-gnu/libOgreMain.so;debug;/usr/lib/x86_64-linux-gnu/libOgreMain.so
-- Looking for OGRE_Paging...
-- Found OGRE_Paging: optimized;/usr/lib/x86_64-linux-gnu/libOgrePaging.so;debug;/usr/lib/x86_64-linux-gnu/libOgrePaging.so
-- Looking for OGRE_Terrain...
-- Found OGRE_Terrain: optimized;/usr/lib/x86_64-linux-gnu/libOgreTerrain.so;debug;/usr/lib/x86_64-linux-gnu/libOgreTerrain.so
-- Looking for OGRE_Property...
-- Found OGRE_Property: optimized;/usr/lib/x86_64-linux-gnu/libOgreProperty.so;debug;/usr/lib/x86_64-linux-gnu/libOgreProperty.so
-- Looking for OGRE_RTShaderSystem...
-- Found OGRE_RTShaderSystem: optimized;/usr/lib/x86_64-linux-gnu/libOgreRTShaderSystem.so;debug;/usr/lib/x86_64-linux-gnu/libOgreRTShaderSystem.so
-- Looking for OGRE_Volume...
-- Found OGRE_Volume: optimized;/usr/lib/x86_64-linux-gnu/libOgreVolume.so;debug;/usr/lib/x86_64-linux-gnu/libOgreVolume.so
-- Looking for OGRE_Overlay...
-- Found OGRE_Overlay: optimized;/usr/lib/x86_64-linux-gnu/libOgreOverlay.so;debug;/usr/lib/x86_64-linux-gnu/libOgreOverlay.so
-- Looking for ignition-math6 -- found version 6.15.1
-- Looking for ignition-transport8 -- found version 8.2.1
-- Searching for dependencies of ignition-transport8
-- Found Protobuf: /usr/lib/x86_64-linux-gnu/libprotobuf.so (found suitable version "3.12.4", minimum required is "3") 
-- Config-file not installed for ZeroMQ -- checking for pkg-config
-- Checking for module 'libzmq >= 4'
--   Found libzmq , version 4.3.4
-- Checking for module 'uuid'
--   Found uuid, version 2.37.2
-- Looking for ignition-msgs5 -- found version 5.8.1
-- Searching for dependencies of ignition-msgs5
-- Looking for ignition-math6 -- found version 6.15.1
-- Checking for module 'tinyxml2'
--   Found tinyxml2, version 9.0.0
-- Looking for ignition-msgs5 -- found version 5.8.1
-- Looking for ignition-common3 -- found version 3.14.0
-- Searching for dependencies of ignition-common3
-- Looking for dlfcn.h - found
-- Looking for libdl - found
-- Searching for <ignition-common3> component [graphics]
-- Looking for ignition-common3-graphics -- found version 3.14.0
-- Searching for dependencies of ignition-common3-graphics
-- Looking for ignition-math6 -- found version 6.15.1
-- Looking for ignition-fuel_tools4 -- found version 4.4.0
-- Searching for dependencies of ignition-fuel_tools4
-- Checking for module 'jsoncpp'
--   Found jsoncpp, version 1.9.5
-- Checking for module 'libzip'
--   Found libzip, version 1.7.3
-- Looking for ignition-common3 -- found version 3.14.0
-- Looking for ignition-math6 -- found version 6.15.1
-- Looking for ignition-msgs5 -- found version 5.8.1
-- Gazebo version: 11.10
-- Found ament_lint_auto: 0.12.11 (/opt/ros/humble/share/ament_lint_auto/cmake)
-- Added test 'cppcheck' to perform static code analysis on C / C++ code
-- Configured cppcheck include dirs: /home/locobot/interbotix_ws/src/create3_sim/irobot_create_gazebo/irobot_create_gazebo_plugins/include
-- Configured cppcheck exclude dirs and/or files: 
-- Added test 'cpplint' to check C / C++ code against the Google style
-- Configured cpplint exclude dirs and/or files: 
-- Added test 'lint_cmake' to check CMake code style
-- Added test 'uncrustify' to check C / C++ code style
-- Configured uncrustify additional arguments: 
-- Added test 'xmllint' to check XML markup files
-- Configuring done
-- Generating done
-- Build files have been written to: /home/locobot/interbotix_ws/build/irobot_create_gazebo_plugins
[35m[1mConsolidate compiler generated dependencies of target gazebo_ros_create_helpers[0m
[  5%] [32mBuilding CXX object CMakeFiles/gazebo_ros_create_helpers.dir/src/gazebo_ros_helpers.cpp.o[0m
[ 10%] [32m[1mLinking CXX shared library libgazebo_ros_create_helpers.so[0m
[ 10%] Built target gazebo_ros_create_helpers
[35m[1mConsolidate compiler generated dependencies of target gazebo_ros_create_bumper[0m
[ 15%] [32mBuilding CXX object CMakeFiles/gazebo_ros_create_bumper.dir/src/gazebo_ros_bumper.cpp.o[0m
[ 20%] [32m[1mLinking CXX shared library libgazebo_ros_create_bumper.so[0m
[ 20%] Built target gazebo_ros_create_bumper
[35m[1mConsolidate compiler generated dependencies of target gazebo_ros_create_imu[0m
[ 25%] [32mBuilding CXX object CMakeFiles/gazebo_ros_create_imu.dir/src/gazebo_ros_imu.cpp.o[0m
[ 30%] [32m[1mLinking CXX shared library libgazebo_ros_create_imu.so[0m
[ 30%] Built target gazebo_ros_create_imu
[35m[1mConsolidate compiler generated dependencies of target gazebo_ros_create_ir_intensity_sensor[0m
[ 35%] [32mBuilding CXX object CMakeFiles/gazebo_ros_create_ir_intensity_sensor.dir/src/gazebo_ros_ir_intensity_sensor.cpp.o[0m
[ 40%] [32m[1mLinking CXX shared library libgazebo_ros_create_ir_intensity_sensor.so[0m
[ 40%] Built target gazebo_ros_create_ir_intensity_sensor
[35m[1mConsolidate compiler generated dependencies of target gazebo_ros_create_optical_mouse[0m
[ 45%] [32mBuilding CXX object CMakeFiles/gazebo_ros_create_optical_mouse.dir/src/gazebo_ros_optical_mouse.cpp.o[0m
[ 50%] [32m[1mLinking CXX shared library libgazebo_ros_create_optical_mouse.so[0m
[ 50%] Built target gazebo_ros_create_optical_mouse
[35m[1mConsolidate compiler generated dependencies of target docking_manager[0m
[ 55%] [32mBuilding CXX object CMakeFiles/docking_manager.dir/src/docking_manager.cpp.o[0m
[ 60%] [32m[1mLinking CXX shared library libdocking_manager.so[0m
[ 60%] Built target docking_manager
[35m[1mConsolidate compiler generated dependencies of target gazebo_ros_create_wheel_drop[0m
[ 65%] [32mBuilding CXX object CMakeFiles/gazebo_ros_create_wheel_drop.dir/src/gazebo_ros_wheel_drop.cpp.o[0m
[ 70%] [32m[1mLinking CXX shared library libgazebo_ros_create_wheel_drop.so[0m
[ 70%] Built target gazebo_ros_create_wheel_drop
[35m[1mConsolidate compiler generated dependencies of target gazebo_ros_create_ir_opcode[0m
[ 75%] [32mBuilding CXX object CMakeFiles/gazebo_ros_create_ir_opcode.dir/src/gazebo_ros_ir_opcode.cpp.o[0m
[ 80%] [32m[1mLinking CXX shared library libgazebo_ros_create_ir_opcode.so[0m
[ 80%] Built target gazebo_ros_create_ir_opcode
[35m[1mConsolidate compiler generated dependencies of target gazebo_ros_create_docking_status[0m
[ 85%] [32mBuilding CXX object CMakeFiles/gazebo_ros_create_docking_status.dir/src/gazebo_ros_docking_status.cpp.o[0m
[ 90%] [32m[1mLinking CXX shared library libgazebo_ros_create_docking_status.so[0m
[ 90%] Built target gazebo_ros_create_docking_status
[35m[1mConsolidate compiler generated dependencies of target gazebo_ros_create_cliff_sensor[0m
[ 95%] [32mBuilding CXX object CMakeFiles/gazebo_ros_create_cliff_sensor.dir/src/gazebo_ros_cliff_sensor.cpp.o[0m
[100%] [32m[1mLinking CXX shared library libgazebo_ros_create_cliff_sensor.so[0m
[100%] Built target gazebo_ros_create_cliff_sensor
-- Install configuration: ""
-- Up-to-date: /home/locobot/interbotix_ws/install/irobot_create_gazebo_plugins/share/irobot_create_gazebo_plugins/environment/library_path.sh
-- Installing: /home/locobot/interbotix_ws/install/irobot_create_gazebo_plugins/share/irobot_create_gazebo_plugins/environment/library_path.dsv
-- Up-to-date: /home/locobot/interbotix_ws/install/irobot_create_gazebo_plugins/include
-- Up-to-date: /home/locobot/interbotix_ws/install/irobot_create_gazebo_plugins/include/irobot_create_gazebo_plugins
-- Up-to-date: /home/locobot/interbotix_ws/install/irobot_create_gazebo_plugins/include/irobot_create_gazebo_plugins/gazebo_ros_ir_intensity_sensor.hpp
-- Up-to-date: /home/locobot/interbotix_ws/install/irobot_create_gazebo_plugins/include/irobot_create_gazebo_plugins/gazebo_ros_bumper.hpp
-- Up-to-date: /home/locobot/interbotix_ws/install/irobot_create_gazebo_plugins/include/irobot_create_gazebo_plugins/gazebo_ros_wheel_drop.hpp
-- Up-to-date: /home/locobot/interbotix_ws/install/irobot_create_gazebo_plugins/include/irobot_create_gazebo_plugins/gazebo_ros_helpers.hpp
-- Up-to-date: /home/locobot/interbotix_ws/install/irobot_create_gazebo_plugins/include/irobot_create_gazebo_plugins/gazebo_ros_docking_status.hpp
-- Up-to-date: /home/locobot/interbotix_ws/install/irobot_create_gazebo_plugins/include/irobot_create_gazebo_plugins/gazebo_ros_ir_opcode.hpp
-- Up-to-date: /home/locobot/interbotix_ws/install/irobot_create_gazebo_plugins/include/irobot_create_gazebo_plugins/docking_manager.hpp
-- Up-to-date: /home/locobot/interbotix_ws/install/irobot_create_gazebo_plugins/include/irobot_create_gazebo_plugins/gazebo_ros_optical_mouse.hpp
-- Up-to-date: /home/locobot/interbotix_ws/install/irobot_create_gazebo_plugins/include/irobot_create_gazebo_plugins/gazebo_ros_cliff_sensor.hpp
-- Up-to-date: /home/locobot/interbotix_ws/install/irobot_create_gazebo_plugins/include/irobot_create_gazebo_plugins/gazebo_ros_imu.hpp
-- Installing: /home/locobot/interbotix_ws/install/irobot_create_gazebo_plugins/lib/libgazebo_ros_create_bumper.so
-- Set runtime path of "/home/locobot/interbotix_ws/install/irobot_create_gazebo_plugins/lib/libgazebo_ros_create_bumper.so" to ""
-- Installing: /home/locobot/interbotix_ws/install/irobot_create_gazebo_plugins/lib/libgazebo_ros_create_cliff_sensor.so
-- Set runtime path of "/home/locobot/interbotix_ws/install/irobot_create_gazebo_plugins/lib/libgazebo_ros_create_cliff_sensor.so" to ""
-- Installing: /home/locobot/interbotix_ws/install/irobot_create_gazebo_plugins/lib/libgazebo_ros_create_docking_status.so
-- Set runtime path of "/home/locobot/interbotix_ws/install/irobot_create_gazebo_plugins/lib/libgazebo_ros_create_docking_status.so" to ""
-- Installing: /home/locobot/interbotix_ws/install/irobot_create_gazebo_plugins/lib/libgazebo_ros_create_helpers.so
-- Set runtime path of "/home/locobot/interbotix_ws/install/irobot_create_gazebo_plugins/lib/libgazebo_ros_create_helpers.so" to ""
-- Installing: /home/locobot/interbotix_ws/install/irobot_create_gazebo_plugins/lib/libgazebo_ros_create_imu.so
-- Set runtime path of "/home/locobot/interbotix_ws/install/irobot_create_gazebo_plugins/lib/libgazebo_ros_create_imu.so" to ""
-- Installing: /home/locobot/interbotix_ws/install/irobot_create_gazebo_plugins/lib/libgazebo_ros_create_ir_intensity_sensor.so
-- Set runtime path of "/home/locobot/interbotix_ws/install/irobot_create_gazebo_plugins/lib/libgazebo_ros_create_ir_intensity_sensor.so" to ""
-- Installing: /home/locobot/interbotix_ws/install/irobot_create_gazebo_plugins/lib/libgazebo_ros_create_optical_mouse.so
-- Set runtime path of "/home/locobot/interbotix_ws/install/irobot_create_gazebo_plugins/lib/libgazebo_ros_create_optical_mouse.so" to ""
-- Installing: /home/locobot/interbotix_ws/install/irobot_create_gazebo_plugins/lib/libgazebo_ros_create_ir_opcode.so
-- Set runtime path of "/home/locobot/interbotix_ws/install/irobot_create_gazebo_plugins/lib/libgazebo_ros_create_ir_opcode.so" to ""
-- Installing: /home/locobot/interbotix_ws/install/irobot_create_gazebo_plugins/lib/libdocking_manager.so
-- Set runtime path of "/home/locobot/interbotix_ws/install/irobot_create_gazebo_plugins/lib/libdocking_manager.so" to ""
-- Installing: /home/locobot/interbotix_ws/install/irobot_create_gazebo_plugins/lib/libgazebo_ros_create_wheel_drop.so
-- Set runtime path of "/home/locobot/interbotix_ws/install/irobot_create_gazebo_plugins/lib/libgazebo_ros_create_wheel_drop.so" to ""
-- Up-to-date: /home/locobot/interbotix_ws/install/irobot_create_gazebo_plugins/share/ament_index/resource_index/package_run_dependencies/irobot_create_gazebo_plugins
-- Installing: /home/locobot/interbotix_ws/install/irobot_create_gazebo_plugins/share/ament_index/resource_index/parent_prefix_path/irobot_create_gazebo_plugins
-- Installing: /home/locobot/interbotix_ws/install/irobot_create_gazebo_plugins/share/irobot_create_gazebo_plugins/environment/ament_prefix_path.sh
-- Installing: /home/locobot/interbotix_ws/install/irobot_create_gazebo_plugins/share/irobot_create_gazebo_plugins/environment/ament_prefix_path.dsv
-- Installing: /home/locobot/interbotix_ws/install/irobot_create_gazebo_plugins/share/irobot_create_gazebo_plugins/environment/path.sh
-- Installing: /home/locobot/interbotix_ws/install/irobot_create_gazebo_plugins/share/irobot_create_gazebo_plugins/environment/path.dsv
-- Up-to-date: /home/locobot/interbotix_ws/install/irobot_create_gazebo_plugins/share/irobot_create_gazebo_plugins/local_setup.bash
-- Up-to-date: /home/locobot/interbotix_ws/install/irobot_create_gazebo_plugins/share/irobot_create_gazebo_plugins/local_setup.sh
-- Up-to-date: /home/locobot/interbotix_ws/install/irobot_create_gazebo_plugins/share/irobot_create_gazebo_plugins/local_setup.zsh
-- Installing: /home/locobot/interbotix_ws/install/irobot_create_gazebo_plugins/share/irobot_create_gazebo_plugins/local_setup.dsv
-- Installing: /home/locobot/interbotix_ws/install/irobot_create_gazebo_plugins/share/irobot_create_gazebo_plugins/package.dsv
-- Up-to-date: /home/locobot/interbotix_ws/install/irobot_create_gazebo_plugins/share/ament_index/resource_index/packages/irobot_create_gazebo_plugins
-- Up-to-date: /home/locobot/interbotix_ws/install/irobot_create_gazebo_plugins/share/irobot_create_gazebo_plugins/cmake/ament_cmake_export_libraries-extras.cmake
-- Up-to-date: /home/locobot/interbotix_ws/install/irobot_create_gazebo_plugins/share/irobot_create_gazebo_plugins/cmake/ament_cmake_export_include_directories-extras.cmake
-- Up-to-date: /home/locobot/interbotix_ws/install/irobot_create_gazebo_plugins/share/irobot_create_gazebo_plugins/cmake/ament_cmake_export_dependencies-extras.cmake
-- Up-to-date: /home/locobot/interbotix_ws/install/irobot_create_gazebo_plugins/share/irobot_create_gazebo_plugins/cmake/irobot_create_gazebo_pluginsConfig.cmake
-- Up-to-date: /home/locobot/interbotix_ws/install/irobot_create_gazebo_plugins/share/irobot_create_gazebo_plugins/cmake/irobot_create_gazebo_pluginsConfig-version.cmake
-- Up-to-date: /home/locobot/interbotix_ws/install/irobot_create_gazebo_plugins/share/irobot_create_gazebo_plugins/package.xml
