[0.043s] Invoking command in '/home/locobot/interbotix_ws/build/irobot_create_gazebo_plugins': CMAKE_PREFIX_PATH=/home/locobot/interbotix_ws/install/irobot_create_toolbox:/home/locobot/locobot_ws/install/yolov8_bringup:/home/locobot/locobot_ws/install/yolov8_msgs:/home/locobot/locobot_ws/install/urg_node2:/home/locobot/locobot_ws/install/tts_ros:/home/locobot/locobot_ws/install/realsense2_description:/home/locobot/locobot_ws/install/interbotix_xslocobot_moveit:/home/locobot/locobot_ws/install/interbotix_xslocobot_ros_control:/home/locobot/locobot_ws/install/interbotix_xslocobot_nav:/home/locobot/locobot_ws/install/interbotix_xslocobot_joy:/home/locobot/locobot_ws/install/interbotix_xslocobot_control:/home/locobot/locobot_ws/install/realsense2_camera:/home/locobot/locobot_ws/install/realsense2_camera_msgs:/home/locobot/locobot_ws/install/interbotix_xslocobot_sim:/home/locobot/locobot_ws/install/interbotix_xslocobot_descriptions:/home/locobot/locobot_ws/install/interbotix_ros_xsarms_examples:/home/locobot/locobot_ws/install/interbotix_xsarm_moveit_interface:/home/locobot/locobot_ws/install/interbotix_ros_xsarms:/home/locobot/locobot_ws/install/interbotix_xsarm_moveit:/home/locobot/locobot_ws/install/interbotix_xsarm_sim:/home/locobot/locobot_ws/install/interbotix_xsarm_ros_control:/home/locobot/locobot_ws/install/interbotix_xsarm_puppet:/home/locobot/locobot_ws/install/interbotix_xsarm_joy:/home/locobot/locobot_ws/install/interbotix_xsarm_dual:/home/locobot/locobot_ws/install/interbotix_xsarm_control:/home/locobot/locobot_ws/install/interbotix_xsarm_descriptions:/home/locobot/locobot_ws/install/create3_republisher:/home/locobot/locobot_ws/install/create3_lidar_slam:/home/locobot/locobot_ws/install/create3_coverage:/home/locobot/locobot_ws/install/create3_examples_msgs:/home/locobot/locobot_ws/install/cartographer_rviz:/home/locobot/locobot_ws/install/cartographer_ros:/home/locobot/locobot_ws/install/cartographer_ros_msgs:/home/locobot/locobot_ws/install/cartographer:/home/locobot/apriltag_ws/install/apriltag_ros:/home/locobot/interbotix_ws/install/interbotix_xslocobot_moveit:/home/locobot/interbotix_ws/install/interbotix_xslocobot_ros_control:/home/locobot/interbotix_ws/install/interbotix_xslocobot_nav:/home/locobot/interbotix_ws/install/interbotix_xslocobot_joy:/home/locobot/interbotix_ws/install/sllidar_ros2:/home/locobot/interbotix_ws/install/interbotix_ros_xsarms_examples:/home/locobot/interbotix_ws/install/interbotix_xsarm_moveit_interface:/home/locobot/interbotix_ws/install/interbotix_moveit_interface:/home/locobot/interbotix_ws/install/moveit_visual_tools:/home/locobot/interbotix_ws/install/irobot_create_ignition_sim:/home/locobot/interbotix_ws/install/irobot_create_ignition_bringup:/home/locobot/interbotix_ws/install/irobot_create_gazebo_sim:/home/locobot/interbotix_ws/install/irobot_create_gazebo_bringup:/home/locobot/interbotix_ws/install/irobot_create_common_bringup:/home/locobot/interbotix_ws/install/irobot_create_nodes:/home/locobot/interbotix_ws/install/irobot_create_ignition_toolbox:/home/locobot/interbotix_ws/install/irobot_create_gazebo_plugins:/home/locobot/interbotix_ws/install/irobot_create_ignition_plugins:/home/locobot/interbotix_ws/install/irobot_create_description:/home/locobot/interbotix_ws/install/irobot_create_control:/home/locobot/interbotix_ws/install/interbotix_xslocobot_sim:/home/locobot/interbotix_ws/install/interbotix_xslocobot_descriptions:/home/locobot/interbotix_ws/install/interbotix_ros_xsarms:/home/locobot/interbotix_ws/install/interbotix_xsarm_moveit:/home/locobot/interbotix_ws/install/interbotix_xsarm_sim:/home/locobot/interbotix_ws/install/interbotix_xsarm_ros_control:/home/locobot/interbotix_ws/install/interbotix_xsarm_puppet:/home/locobot/interbotix_ws/install/interbotix_xsarm_perception:/home/locobot/interbotix_ws/install/interbotix_xsarm_joy:/home/locobot/interbotix_ws/install/interbotix_xsarm_dual:/home/locobot/interbotix_ws/install/interbotix_xsarm_control:/home/locobot/interbotix_ws/install/interbotix_xsarm_descriptions:/home/locobot/interbotix_ws/install/interbotix_xs_toolbox:/home/locobot/interbotix_ws/install/interbotix_xs_rviz:/home/locobot/interbotix_ws/install/interbotix_ros_xseries:/home/locobot/interbotix_ws/install/interbotix_xs_sdk:/home/locobot/interbotix_ws/install/interbotix_xs_ros_control:/home/locobot/interbotix_ws/install/interbotix_perception_toolbox:/home/locobot/interbotix_ws/install/interbotix_perception_pipelines:/home/locobot/interbotix_ws/install/interbotix_xs_msgs:/home/locobot/interbotix_ws/install/interbotix_xs_driver:/home/locobot/interbotix_ws/install/interbotix_tf_tools:/home/locobot/interbotix_ws/install/interbotix_perception_msgs:/home/locobot/interbotix_ws/install/interbotix_moveit_interface_msgs:/home/locobot/interbotix_ws/install/interbotix_common_toolbox:/home/locobot/interbotix_ws/install/interbotix_common_sim:/home/locobot/interbotix_ws/install/dynamixel_workbench_toolbox:/home/locobot/locobot_ws/install/yolov8_ros:/home/locobot/locobot_ws/install/detection:/home/locobot/locobot_ws/install/locobot_move:/home/locobot/locobot_ws/install/create3_teleop:/home/locobot/locobot_ws/install/create3_examples_py:/home/locobot/interbotix_ws/install/interbotix_xslocobot_control:/home/locobot/interbotix_ws/install/interbotix_xs_modules:/home/locobot/interbotix_ws/install/interbotix_perception_modules:/home/locobot/interbotix_ws/install/interbotix_common_modules:/opt/ros/humble LD_LIBRARY_PATH=/home/locobot/interbotix_ws/install/irobot_create_toolbox/lib:/home/locobot/locobot_ws/install/yolov8_msgs/lib:/home/locobot/locobot_ws/install/urg_node2/lib:/home/locobot/locobot_ws/install/realsense2_camera/lib:/home/locobot/locobot_ws/install/realsense2_camera_msgs/lib:/home/locobot/locobot_ws/install/create3_coverage/lib:/home/locobot/locobot_ws/install/create3_examples_msgs/lib:/home/locobot/locobot_ws/install/cartographer_rviz/lib:/home/locobot/locobot_ws/install/cartographer_ros/lib:/home/locobot/locobot_ws/install/cartographer_ros_msgs/lib:/home/locobot/apriltag_ws/install/apriltag_ros/lib:/home/locobot/interbotix_ws/install/moveit_visual_tools/lib:/home/locobot/interbotix_ws/install/irobot_create_nodes/lib:/home/locobot/interbotix_ws/install/irobot_create_gazebo_plugins/lib:/home/locobot/interbotix_ws/install/interbotix_xs_rviz/lib:/home/locobot/interbotix_ws/install/interbotix_xs_ros_control/lib:/home/locobot/interbotix_ws/install/interbotix_xs_msgs/lib:/home/locobot/interbotix_ws/install/interbotix_xs_driver/lib:/home/locobot/interbotix_ws/install/interbotix_tf_tools/lib:/home/locobot/interbotix_ws/install/interbotix_perception_msgs/lib:/home/locobot/interbotix_ws/install/interbotix_moveit_interface_msgs/lib:/home/locobot/interbotix_ws/install/dynamixel_workbench_toolbox/lib:/opt/ros/humble/opt/rviz_ogre_vendor/lib:/opt/ros/humble/lib/x86_64-linux-gnu:/opt/ros/humble/lib /usr/bin/cmake --build /home/locobot/interbotix_ws/build/irobot_create_gazebo_plugins -- -j4 -l4
[0.096s] -- Found ament_cmake: 1.3.11 (/opt/ros/humble/share/ament_cmake/cmake)
[0.340s] -- Found geometry_msgs: 4.2.4 (/opt/ros/humble/share/geometry_msgs/cmake)
[0.383s] -- Found rosidl_generator_c: 3.1.6 (/opt/ros/humble/share/rosidl_generator_c/cmake)
[0.387s] -- Found rosidl_adapter: 3.1.6 (/opt/ros/humble/share/rosidl_adapter/cmake)
[0.398s] -- Found rosidl_generator_cpp: 3.1.6 (/opt/ros/humble/share/rosidl_generator_cpp/cmake)
[0.422s] -- Using all available rosidl_typesupport_c: rosidl_typesupport_fastrtps_c;rosidl_typesupport_introspection_c
[0.452s] -- Using all available rosidl_typesupport_cpp: rosidl_typesupport_fastrtps_cpp;rosidl_typesupport_introspection_cpp
[0.517s] -- Found irobot_create_msgs: 2.1.0 (/opt/ros/humble/share/irobot_create_msgs/cmake)
[0.596s] -- Found irobot_create_toolbox: 2.1.0 (/home/locobot/interbotix_ws/install/irobot_create_toolbox/share/irobot_create_toolbox/cmake)
[0.657s] -- Found rmw_implementation_cmake: 6.1.2 (/opt/ros/humble/share/rmw_implementation_cmake/cmake)
[0.668s] -- Found rmw_fastrtps_cpp: 6.2.7 (/opt/ros/humble/share/rmw_fastrtps_cpp/cmake)
[0.893s] -- Using RMW implementation 'rmw_fastrtps_cpp' as default
[0.959s] -- Found sensor_msgs: 4.2.4 (/opt/ros/humble/share/sensor_msgs/cmake)
[1.042s] -- Found DART: /usr/include (Required is at least version "6.6") found components: dart 
[1.113s] -- Found Protobuf: /usr/lib/x86_64-linux-gnu/libprotobuf.so (found version "3.12.4") 
[1.116s] -- Looking for ignition-math6 -- found version 6.15.1
[1.118s] -- Looking for OGRE...
[1.143s] -- Found Ogre Ghadamon (1.9.0)
[1.146s] -- Found OGRE: optimized;/usr/lib/x86_64-linux-gnu/libOgreMain.so;debug;/usr/lib/x86_64-linux-gnu/libOgreMain.so
[1.165s] -- Looking for OGRE_Paging...
[1.165s] -- Found OGRE_Paging: optimized;/usr/lib/x86_64-linux-gnu/libOgrePaging.so;debug;/usr/lib/x86_64-linux-gnu/libOgrePaging.so
[1.166s] -- Looking for OGRE_Terrain...
[1.166s] -- Found OGRE_Terrain: optimized;/usr/lib/x86_64-linux-gnu/libOgreTerrain.so;debug;/usr/lib/x86_64-linux-gnu/libOgreTerrain.so
[1.166s] -- Looking for OGRE_Property...
[1.167s] -- Found OGRE_Property: optimized;/usr/lib/x86_64-linux-gnu/libOgreProperty.so;debug;/usr/lib/x86_64-linux-gnu/libOgreProperty.so
[1.168s] -- Looking for OGRE_RTShaderSystem...
[1.169s] -- Found OGRE_RTShaderSystem: optimized;/usr/lib/x86_64-linux-gnu/libOgreRTShaderSystem.so;debug;/usr/lib/x86_64-linux-gnu/libOgreRTShaderSystem.so
[1.171s] -- Looking for OGRE_Volume...
[1.172s] -- Found OGRE_Volume: optimized;/usr/lib/x86_64-linux-gnu/libOgreVolume.so;debug;/usr/lib/x86_64-linux-gnu/libOgreVolume.so
[1.173s] -- Looking for OGRE_Overlay...
[1.174s] -- Found OGRE_Overlay: optimized;/usr/lib/x86_64-linux-gnu/libOgreOverlay.so;debug;/usr/lib/x86_64-linux-gnu/libOgreOverlay.so
[1.775s] -- Looking for ignition-math6 -- found version 6.15.1
[1.777s] -- Looking for ignition-transport8 -- found version 8.2.1
[1.778s] -- Searching for dependencies of ignition-transport8
[1.816s] -- Found Protobuf: /usr/lib/x86_64-linux-gnu/libprotobuf.so (found suitable version "3.12.4", minimum required is "3") 
[1.843s] -- Config-file not installed for ZeroMQ -- checking for pkg-config
[1.851s] -- Checking for module 'libzmq >= 4'
[1.888s] --   Found libzmq , version 4.3.4
[1.968s] -- Checking for module 'uuid'
[2.005s] --   Found uuid, version 2.37.2
[2.068s] -- Looking for ignition-msgs5 -- found version 5.8.1
[2.072s] -- Searching for dependencies of ignition-msgs5
[2.112s] -- Looking for ignition-math6 -- found version 6.15.1
[2.121s] -- Checking for module 'tinyxml2'
[2.156s] --   Found tinyxml2, version 9.0.0
[2.231s] -- Looking for ignition-msgs5 -- found version 5.8.1
[2.233s] -- Looking for ignition-common3 -- found version 3.14.0
[2.233s] -- Searching for dependencies of ignition-common3
[2.233s] -- Looking for dlfcn.h - found
[2.233s] -- Looking for libdl - found
[2.259s] -- Searching for <ignition-common3> component [graphics]
[2.261s] -- Looking for ignition-common3-graphics -- found version 3.14.0
[2.261s] -- Searching for dependencies of ignition-common3-graphics
[2.262s] -- Looking for ignition-math6 -- found version 6.15.1
[2.265s] -- Looking for ignition-fuel_tools4 -- found version 4.4.0
[2.265s] -- Searching for dependencies of ignition-fuel_tools4
[2.359s] -- Checking for module 'jsoncpp'
[2.393s] --   Found jsoncpp, version 1.9.5
[2.461s] -- Checking for module 'libzip'
[2.495s] --   Found libzip, version 1.7.3
[2.557s] -- Looking for ignition-common3 -- found version 3.14.0
[2.558s] -- Looking for ignition-math6 -- found version 6.15.1
[2.558s] -- Looking for ignition-msgs5 -- found version 5.8.1
[2.562s] -- Gazebo version: 11.10
[3.683s] -- Found ament_lint_auto: 0.12.11 (/opt/ros/humble/share/ament_lint_auto/cmake)
[3.822s] -- Added test 'cppcheck' to perform static code analysis on C / C++ code
[3.826s] -- Configured cppcheck include dirs: /home/locobot/interbotix_ws/src/create3_sim/irobot_create_gazebo/irobot_create_gazebo_plugins/include
[3.827s] -- Configured cppcheck exclude dirs and/or files: 
[3.830s] -- Added test 'cpplint' to check C / C++ code against the Google style
[3.830s] -- Configured cpplint exclude dirs and/or files: 
[3.830s] -- Added test 'lint_cmake' to check CMake code style
[3.831s] -- Added test 'uncrustify' to check C / C++ code style
[3.831s] -- Configured uncrustify additional arguments: 
[3.832s] -- Added test 'xmllint' to check XML markup files
[3.834s] -- Configuring done
[4.131s] -- Generating done
[4.136s] -- Build files have been written to: /home/locobot/interbotix_ws/build/irobot_create_gazebo_plugins
[4.186s] [35m[1mConsolidate compiler generated dependencies of target gazebo_ros_create_helpers[0m
[4.238s] [  5%] [32mBuilding CXX object CMakeFiles/gazebo_ros_create_helpers.dir/src/gazebo_ros_helpers.cpp.o[0m
[15.376s] [ 10%] [32m[1mLinking CXX shared library libgazebo_ros_create_helpers.so[0m
[15.870s] [ 10%] Built target gazebo_ros_create_helpers
[15.893s] [35m[1mConsolidate compiler generated dependencies of target gazebo_ros_create_bumper[0m
[15.964s] [ 15%] [32mBuilding CXX object CMakeFiles/gazebo_ros_create_bumper.dir/src/gazebo_ros_bumper.cpp.o[0m
[44.381s] [ 20%] [32m[1mLinking CXX shared library libgazebo_ros_create_bumper.so[0m
[47.393s] [ 20%] Built target gazebo_ros_create_bumper
[47.415s] [35m[1mConsolidate compiler generated dependencies of target gazebo_ros_create_imu[0m
[47.464s] [ 25%] [32mBuilding CXX object CMakeFiles/gazebo_ros_create_imu.dir/src/gazebo_ros_imu.cpp.o[0m
[70.669s] [ 30%] [32m[1mLinking CXX shared library libgazebo_ros_create_imu.so[0m
[71.669s] [ 30%] Built target gazebo_ros_create_imu
[71.696s] [35m[1mConsolidate compiler generated dependencies of target gazebo_ros_create_ir_intensity_sensor[0m
[71.744s] [ 35%] [32mBuilding CXX object CMakeFiles/gazebo_ros_create_ir_intensity_sensor.dir/src/gazebo_ros_ir_intensity_sensor.cpp.o[0m
[92.339s] [ 40%] [32m[1mLinking CXX shared library libgazebo_ros_create_ir_intensity_sensor.so[0m
[93.342s] [ 40%] Built target gazebo_ros_create_ir_intensity_sensor
[93.362s] [35m[1mConsolidate compiler generated dependencies of target gazebo_ros_create_optical_mouse[0m
[93.410s] [ 45%] [32mBuilding CXX object CMakeFiles/gazebo_ros_create_optical_mouse.dir/src/gazebo_ros_optical_mouse.cpp.o[0m
[115.535s] [ 50%] [32m[1mLinking CXX shared library libgazebo_ros_create_optical_mouse.so[0m
[116.702s] [ 50%] Built target gazebo_ros_create_optical_mouse
[116.727s] [35m[1mConsolidate compiler generated dependencies of target docking_manager[0m
[116.775s] [ 55%] [32mBuilding CXX object CMakeFiles/docking_manager.dir/src/docking_manager.cpp.o[0m
[136.701s] [ 60%] [32m[1mLinking CXX shared library libdocking_manager.so[0m
[137.552s] [ 60%] Built target docking_manager
[137.586s] [35m[1mConsolidate compiler generated dependencies of target gazebo_ros_create_wheel_drop[0m
[137.631s] [ 65%] [32mBuilding CXX object CMakeFiles/gazebo_ros_create_wheel_drop.dir/src/gazebo_ros_wheel_drop.cpp.o[0m
[159.904s] [ 70%] [32m[1mLinking CXX shared library libgazebo_ros_create_wheel_drop.so[0m
[161.083s] [ 70%] Built target gazebo_ros_create_wheel_drop
[161.113s] [35m[1mConsolidate compiler generated dependencies of target gazebo_ros_create_ir_opcode[0m
[161.157s] [ 75%] [32mBuilding CXX object CMakeFiles/gazebo_ros_create_ir_opcode.dir/src/gazebo_ros_ir_opcode.cpp.o[0m
[182.894s] [ 80%] [32m[1mLinking CXX shared library libgazebo_ros_create_ir_opcode.so[0m
[184.251s] [ 80%] Built target gazebo_ros_create_ir_opcode
[184.272s] [35m[1mConsolidate compiler generated dependencies of target gazebo_ros_create_docking_status[0m
[184.315s] [ 85%] [32mBuilding CXX object CMakeFiles/gazebo_ros_create_docking_status.dir/src/gazebo_ros_docking_status.cpp.o[0m
[209.194s] [ 90%] [32m[1mLinking CXX shared library libgazebo_ros_create_docking_status.so[0m
[210.627s] [ 90%] Built target gazebo_ros_create_docking_status
[210.648s] [35m[1mConsolidate compiler generated dependencies of target gazebo_ros_create_cliff_sensor[0m
[210.684s] [ 95%] [32mBuilding CXX object CMakeFiles/gazebo_ros_create_cliff_sensor.dir/src/gazebo_ros_cliff_sensor.cpp.o[0m
[228.158s] [100%] [32m[1mLinking CXX shared library libgazebo_ros_create_cliff_sensor.so[0m
[229.047s] [100%] Built target gazebo_ros_create_cliff_sensor
[229.060s] Invoked command in '/home/locobot/interbotix_ws/build/irobot_create_gazebo_plugins' returned '0': CMAKE_PREFIX_PATH=/home/locobot/interbotix_ws/install/irobot_create_toolbox:/home/locobot/locobot_ws/install/yolov8_bringup:/home/locobot/locobot_ws/install/yolov8_msgs:/home/locobot/locobot_ws/install/urg_node2:/home/locobot/locobot_ws/install/tts_ros:/home/locobot/locobot_ws/install/realsense2_description:/home/locobot/locobot_ws/install/interbotix_xslocobot_moveit:/home/locobot/locobot_ws/install/interbotix_xslocobot_ros_control:/home/locobot/locobot_ws/install/interbotix_xslocobot_nav:/home/locobot/locobot_ws/install/interbotix_xslocobot_joy:/home/locobot/locobot_ws/install/interbotix_xslocobot_control:/home/locobot/locobot_ws/install/realsense2_camera:/home/locobot/locobot_ws/install/realsense2_camera_msgs:/home/locobot/locobot_ws/install/interbotix_xslocobot_sim:/home/locobot/locobot_ws/install/interbotix_xslocobot_descriptions:/home/locobot/locobot_ws/install/interbotix_ros_xsarms_examples:/home/locobot/locobot_ws/install/interbotix_xsarm_moveit_interface:/home/locobot/locobot_ws/install/interbotix_ros_xsarms:/home/locobot/locobot_ws/install/interbotix_xsarm_moveit:/home/locobot/locobot_ws/install/interbotix_xsarm_sim:/home/locobot/locobot_ws/install/interbotix_xsarm_ros_control:/home/locobot/locobot_ws/install/interbotix_xsarm_puppet:/home/locobot/locobot_ws/install/interbotix_xsarm_joy:/home/locobot/locobot_ws/install/interbotix_xsarm_dual:/home/locobot/locobot_ws/install/interbotix_xsarm_control:/home/locobot/locobot_ws/install/interbotix_xsarm_descriptions:/home/locobot/locobot_ws/install/create3_republisher:/home/locobot/locobot_ws/install/create3_lidar_slam:/home/locobot/locobot_ws/install/create3_coverage:/home/locobot/locobot_ws/install/create3_examples_msgs:/home/locobot/locobot_ws/install/cartographer_rviz:/home/locobot/locobot_ws/install/cartographer_ros:/home/locobot/locobot_ws/install/cartographer_ros_msgs:/home/locobot/locobot_ws/install/cartographer:/home/locobot/apriltag_ws/install/apriltag_ros:/home/locobot/interbotix_ws/install/interbotix_xslocobot_moveit:/home/locobot/interbotix_ws/install/interbotix_xslocobot_ros_control:/home/locobot/interbotix_ws/install/interbotix_xslocobot_nav:/home/locobot/interbotix_ws/install/interbotix_xslocobot_joy:/home/locobot/interbotix_ws/install/sllidar_ros2:/home/locobot/interbotix_ws/install/interbotix_ros_xsarms_examples:/home/locobot/interbotix_ws/install/interbotix_xsarm_moveit_interface:/home/locobot/interbotix_ws/install/interbotix_moveit_interface:/home/locobot/interbotix_ws/install/moveit_visual_tools:/home/locobot/interbotix_ws/install/irobot_create_ignition_sim:/home/locobot/interbotix_ws/install/irobot_create_ignition_bringup:/home/locobot/interbotix_ws/install/irobot_create_gazebo_sim:/home/locobot/interbotix_ws/install/irobot_create_gazebo_bringup:/home/locobot/interbotix_ws/install/irobot_create_common_bringup:/home/locobot/interbotix_ws/install/irobot_create_nodes:/home/locobot/interbotix_ws/install/irobot_create_ignition_toolbox:/home/locobot/interbotix_ws/install/irobot_create_gazebo_plugins:/home/locobot/interbotix_ws/install/irobot_create_ignition_plugins:/home/locobot/interbotix_ws/install/irobot_create_description:/home/locobot/interbotix_ws/install/irobot_create_control:/home/locobot/interbotix_ws/install/interbotix_xslocobot_sim:/home/locobot/interbotix_ws/install/interbotix_xslocobot_descriptions:/home/locobot/interbotix_ws/install/interbotix_ros_xsarms:/home/locobot/interbotix_ws/install/interbotix_xsarm_moveit:/home/locobot/interbotix_ws/install/interbotix_xsarm_sim:/home/locobot/interbotix_ws/install/interbotix_xsarm_ros_control:/home/locobot/interbotix_ws/install/interbotix_xsarm_puppet:/home/locobot/interbotix_ws/install/interbotix_xsarm_perception:/home/locobot/interbotix_ws/install/interbotix_xsarm_joy:/home/locobot/interbotix_ws/install/interbotix_xsarm_dual:/home/locobot/interbotix_ws/install/interbotix_xsarm_control:/home/locobot/interbotix_ws/install/interbotix_xsarm_descriptions:/home/locobot/interbotix_ws/install/interbotix_xs_toolbox:/home/locobot/interbotix_ws/install/interbotix_xs_rviz:/home/locobot/interbotix_ws/install/interbotix_ros_xseries:/home/locobot/interbotix_ws/install/interbotix_xs_sdk:/home/locobot/interbotix_ws/install/interbotix_xs_ros_control:/home/locobot/interbotix_ws/install/interbotix_perception_toolbox:/home/locobot/interbotix_ws/install/interbotix_perception_pipelines:/home/locobot/interbotix_ws/install/interbotix_xs_msgs:/home/locobot/interbotix_ws/install/interbotix_xs_driver:/home/locobot/interbotix_ws/install/interbotix_tf_tools:/home/locobot/interbotix_ws/install/interbotix_perception_msgs:/home/locobot/interbotix_ws/install/interbotix_moveit_interface_msgs:/home/locobot/interbotix_ws/install/interbotix_common_toolbox:/home/locobot/interbotix_ws/install/interbotix_common_sim:/home/locobot/interbotix_ws/install/dynamixel_workbench_toolbox:/home/locobot/locobot_ws/install/yolov8_ros:/home/locobot/locobot_ws/install/detection:/home/locobot/locobot_ws/install/locobot_move:/home/locobot/locobot_ws/install/create3_teleop:/home/locobot/locobot_ws/install/create3_examples_py:/home/locobot/interbotix_ws/install/interbotix_xslocobot_control:/home/locobot/interbotix_ws/install/interbotix_xs_modules:/home/locobot/interbotix_ws/install/interbotix_perception_modules:/home/locobot/interbotix_ws/install/interbotix_common_modules:/opt/ros/humble LD_LIBRARY_PATH=/home/locobot/interbotix_ws/install/irobot_create_toolbox/lib:/home/locobot/locobot_ws/install/yolov8_msgs/lib:/home/locobot/locobot_ws/install/urg_node2/lib:/home/locobot/locobot_ws/install/realsense2_camera/lib:/home/locobot/locobot_ws/install/realsense2_camera_msgs/lib:/home/locobot/locobot_ws/install/create3_coverage/lib:/home/locobot/locobot_ws/install/create3_examples_msgs/lib:/home/locobot/locobot_ws/install/cartographer_rviz/lib:/home/locobot/locobot_ws/install/cartographer_ros/lib:/home/locobot/locobot_ws/install/cartographer_ros_msgs/lib:/home/locobot/apriltag_ws/install/apriltag_ros/lib:/home/locobot/interbotix_ws/install/moveit_visual_tools/lib:/home/locobot/interbotix_ws/install/irobot_create_nodes/lib:/home/locobot/interbotix_ws/install/irobot_create_gazebo_plugins/lib:/home/locobot/interbotix_ws/install/interbotix_xs_rviz/lib:/home/locobot/interbotix_ws/install/interbotix_xs_ros_control/lib:/home/locobot/interbotix_ws/install/interbotix_xs_msgs/lib:/home/locobot/interbotix_ws/install/interbotix_xs_driver/lib:/home/locobot/interbotix_ws/install/interbotix_tf_tools/lib:/home/locobot/interbotix_ws/install/interbotix_perception_msgs/lib:/home/locobot/interbotix_ws/install/interbotix_moveit_interface_msgs/lib:/home/locobot/interbotix_ws/install/dynamixel_workbench_toolbox/lib:/opt/ros/humble/opt/rviz_ogre_vendor/lib:/opt/ros/humble/lib/x86_64-linux-gnu:/opt/ros/humble/lib /usr/bin/cmake --build /home/locobot/interbotix_ws/build/irobot_create_gazebo_plugins -- -j4 -l4
[229.126s] Invoking command in '/home/locobot/interbotix_ws/build/irobot_create_gazebo_plugins': CMAKE_PREFIX_PATH=/home/locobot/interbotix_ws/install/irobot_create_toolbox:/home/locobot/locobot_ws/install/yolov8_bringup:/home/locobot/locobot_ws/install/yolov8_msgs:/home/locobot/locobot_ws/install/urg_node2:/home/locobot/locobot_ws/install/tts_ros:/home/locobot/locobot_ws/install/realsense2_description:/home/locobot/locobot_ws/install/interbotix_xslocobot_moveit:/home/locobot/locobot_ws/install/interbotix_xslocobot_ros_control:/home/locobot/locobot_ws/install/interbotix_xslocobot_nav:/home/locobot/locobot_ws/install/interbotix_xslocobot_joy:/home/locobot/locobot_ws/install/interbotix_xslocobot_control:/home/locobot/locobot_ws/install/realsense2_camera:/home/locobot/locobot_ws/install/realsense2_camera_msgs:/home/locobot/locobot_ws/install/interbotix_xslocobot_sim:/home/locobot/locobot_ws/install/interbotix_xslocobot_descriptions:/home/locobot/locobot_ws/install/interbotix_ros_xsarms_examples:/home/locobot/locobot_ws/install/interbotix_xsarm_moveit_interface:/home/locobot/locobot_ws/install/interbotix_ros_xsarms:/home/locobot/locobot_ws/install/interbotix_xsarm_moveit:/home/locobot/locobot_ws/install/interbotix_xsarm_sim:/home/locobot/locobot_ws/install/interbotix_xsarm_ros_control:/home/locobot/locobot_ws/install/interbotix_xsarm_puppet:/home/locobot/locobot_ws/install/interbotix_xsarm_joy:/home/locobot/locobot_ws/install/interbotix_xsarm_dual:/home/locobot/locobot_ws/install/interbotix_xsarm_control:/home/locobot/locobot_ws/install/interbotix_xsarm_descriptions:/home/locobot/locobot_ws/install/create3_republisher:/home/locobot/locobot_ws/install/create3_lidar_slam:/home/locobot/locobot_ws/install/create3_coverage:/home/locobot/locobot_ws/install/create3_examples_msgs:/home/locobot/locobot_ws/install/cartographer_rviz:/home/locobot/locobot_ws/install/cartographer_ros:/home/locobot/locobot_ws/install/cartographer_ros_msgs:/home/locobot/locobot_ws/install/cartographer:/home/locobot/apriltag_ws/install/apriltag_ros:/home/locobot/interbotix_ws/install/interbotix_xslocobot_moveit:/home/locobot/interbotix_ws/install/interbotix_xslocobot_ros_control:/home/locobot/interbotix_ws/install/interbotix_xslocobot_nav:/home/locobot/interbotix_ws/install/interbotix_xslocobot_joy:/home/locobot/interbotix_ws/install/sllidar_ros2:/home/locobot/interbotix_ws/install/interbotix_ros_xsarms_examples:/home/locobot/interbotix_ws/install/interbotix_xsarm_moveit_interface:/home/locobot/interbotix_ws/install/interbotix_moveit_interface:/home/locobot/interbotix_ws/install/moveit_visual_tools:/home/locobot/interbotix_ws/install/irobot_create_ignition_sim:/home/locobot/interbotix_ws/install/irobot_create_ignition_bringup:/home/locobot/interbotix_ws/install/irobot_create_gazebo_sim:/home/locobot/interbotix_ws/install/irobot_create_gazebo_bringup:/home/locobot/interbotix_ws/install/irobot_create_common_bringup:/home/locobot/interbotix_ws/install/irobot_create_nodes:/home/locobot/interbotix_ws/install/irobot_create_ignition_toolbox:/home/locobot/interbotix_ws/install/irobot_create_gazebo_plugins:/home/locobot/interbotix_ws/install/irobot_create_ignition_plugins:/home/locobot/interbotix_ws/install/irobot_create_description:/home/locobot/interbotix_ws/install/irobot_create_control:/home/locobot/interbotix_ws/install/interbotix_xslocobot_sim:/home/locobot/interbotix_ws/install/interbotix_xslocobot_descriptions:/home/locobot/interbotix_ws/install/interbotix_ros_xsarms:/home/locobot/interbotix_ws/install/interbotix_xsarm_moveit:/home/locobot/interbotix_ws/install/interbotix_xsarm_sim:/home/locobot/interbotix_ws/install/interbotix_xsarm_ros_control:/home/locobot/interbotix_ws/install/interbotix_xsarm_puppet:/home/locobot/interbotix_ws/install/interbotix_xsarm_perception:/home/locobot/interbotix_ws/install/interbotix_xsarm_joy:/home/locobot/interbotix_ws/install/interbotix_xsarm_dual:/home/locobot/interbotix_ws/install/interbotix_xsarm_control:/home/locobot/interbotix_ws/install/interbotix_xsarm_descriptions:/home/locobot/interbotix_ws/install/interbotix_xs_toolbox:/home/locobot/interbotix_ws/install/interbotix_xs_rviz:/home/locobot/interbotix_ws/install/interbotix_ros_xseries:/home/locobot/interbotix_ws/install/interbotix_xs_sdk:/home/locobot/interbotix_ws/install/interbotix_xs_ros_control:/home/locobot/interbotix_ws/install/interbotix_perception_toolbox:/home/locobot/interbotix_ws/install/interbotix_perception_pipelines:/home/locobot/interbotix_ws/install/interbotix_xs_msgs:/home/locobot/interbotix_ws/install/interbotix_xs_driver:/home/locobot/interbotix_ws/install/interbotix_tf_tools:/home/locobot/interbotix_ws/install/interbotix_perception_msgs:/home/locobot/interbotix_ws/install/interbotix_moveit_interface_msgs:/home/locobot/interbotix_ws/install/interbotix_common_toolbox:/home/locobot/interbotix_ws/install/interbotix_common_sim:/home/locobot/interbotix_ws/install/dynamixel_workbench_toolbox:/home/locobot/locobot_ws/install/yolov8_ros:/home/locobot/locobot_ws/install/detection:/home/locobot/locobot_ws/install/locobot_move:/home/locobot/locobot_ws/install/create3_teleop:/home/locobot/locobot_ws/install/create3_examples_py:/home/locobot/interbotix_ws/install/interbotix_xslocobot_control:/home/locobot/interbotix_ws/install/interbotix_xs_modules:/home/locobot/interbotix_ws/install/interbotix_perception_modules:/home/locobot/interbotix_ws/install/interbotix_common_modules:/opt/ros/humble LD_LIBRARY_PATH=/home/locobot/interbotix_ws/install/irobot_create_toolbox/lib:/home/locobot/locobot_ws/install/yolov8_msgs/lib:/home/locobot/locobot_ws/install/urg_node2/lib:/home/locobot/locobot_ws/install/realsense2_camera/lib:/home/locobot/locobot_ws/install/realsense2_camera_msgs/lib:/home/locobot/locobot_ws/install/create3_coverage/lib:/home/locobot/locobot_ws/install/create3_examples_msgs/lib:/home/locobot/locobot_ws/install/cartographer_rviz/lib:/home/locobot/locobot_ws/install/cartographer_ros/lib:/home/locobot/locobot_ws/install/cartographer_ros_msgs/lib:/home/locobot/apriltag_ws/install/apriltag_ros/lib:/home/locobot/interbotix_ws/install/moveit_visual_tools/lib:/home/locobot/interbotix_ws/install/irobot_create_nodes/lib:/home/locobot/interbotix_ws/install/irobot_create_gazebo_plugins/lib:/home/locobot/interbotix_ws/install/interbotix_xs_rviz/lib:/home/locobot/interbotix_ws/install/interbotix_xs_ros_control/lib:/home/locobot/interbotix_ws/install/interbotix_xs_msgs/lib:/home/locobot/interbotix_ws/install/interbotix_xs_driver/lib:/home/locobot/interbotix_ws/install/interbotix_tf_tools/lib:/home/locobot/interbotix_ws/install/interbotix_perception_msgs/lib:/home/locobot/interbotix_ws/install/interbotix_moveit_interface_msgs/lib:/home/locobot/interbotix_ws/install/dynamixel_workbench_toolbox/lib:/opt/ros/humble/opt/rviz_ogre_vendor/lib:/opt/ros/humble/lib/x86_64-linux-gnu:/opt/ros/humble/lib /usr/bin/cmake --install /home/locobot/interbotix_ws/build/irobot_create_gazebo_plugins
[229.134s] -- Install configuration: ""
[229.134s] -- Up-to-date: /home/locobot/interbotix_ws/install/irobot_create_gazebo_plugins/share/irobot_create_gazebo_plugins/environment/library_path.sh
[229.134s] -- Installing: /home/locobot/interbotix_ws/install/irobot_create_gazebo_plugins/share/irobot_create_gazebo_plugins/environment/library_path.dsv
[229.134s] -- Up-to-date: /home/locobot/interbotix_ws/install/irobot_create_gazebo_plugins/include
[229.134s] -- Up-to-date: /home/locobot/interbotix_ws/install/irobot_create_gazebo_plugins/include/irobot_create_gazebo_plugins
[229.135s] -- Up-to-date: /home/locobot/interbotix_ws/install/irobot_create_gazebo_plugins/include/irobot_create_gazebo_plugins/gazebo_ros_ir_intensity_sensor.hpp
[229.135s] -- Up-to-date: /home/locobot/interbotix_ws/install/irobot_create_gazebo_plugins/include/irobot_create_gazebo_plugins/gazebo_ros_bumper.hpp
[229.135s] -- Up-to-date: /home/locobot/interbotix_ws/install/irobot_create_gazebo_plugins/include/irobot_create_gazebo_plugins/gazebo_ros_wheel_drop.hpp
[229.135s] -- Up-to-date: /home/locobot/interbotix_ws/install/irobot_create_gazebo_plugins/include/irobot_create_gazebo_plugins/gazebo_ros_helpers.hpp
[229.135s] -- Up-to-date: /home/locobot/interbotix_ws/install/irobot_create_gazebo_plugins/include/irobot_create_gazebo_plugins/gazebo_ros_docking_status.hpp
[229.135s] -- Up-to-date: /home/locobot/interbotix_ws/install/irobot_create_gazebo_plugins/include/irobot_create_gazebo_plugins/gazebo_ros_ir_opcode.hpp
[229.135s] -- Up-to-date: /home/locobot/interbotix_ws/install/irobot_create_gazebo_plugins/include/irobot_create_gazebo_plugins/docking_manager.hpp
[229.135s] -- Up-to-date: /home/locobot/interbotix_ws/install/irobot_create_gazebo_plugins/include/irobot_create_gazebo_plugins/gazebo_ros_optical_mouse.hpp
[229.135s] -- Up-to-date: /home/locobot/interbotix_ws/install/irobot_create_gazebo_plugins/include/irobot_create_gazebo_plugins/gazebo_ros_cliff_sensor.hpp
[229.136s] -- Up-to-date: /home/locobot/interbotix_ws/install/irobot_create_gazebo_plugins/include/irobot_create_gazebo_plugins/gazebo_ros_imu.hpp
[229.136s] -- Installing: /home/locobot/interbotix_ws/install/irobot_create_gazebo_plugins/lib/libgazebo_ros_create_bumper.so
[229.137s] -- Set runtime path of "/home/locobot/interbotix_ws/install/irobot_create_gazebo_plugins/lib/libgazebo_ros_create_bumper.so" to ""
[229.138s] -- Installing: /home/locobot/interbotix_ws/install/irobot_create_gazebo_plugins/lib/libgazebo_ros_create_cliff_sensor.so
[229.140s] -- Set runtime path of "/home/locobot/interbotix_ws/install/irobot_create_gazebo_plugins/lib/libgazebo_ros_create_cliff_sensor.so" to ""
[229.141s] -- Installing: /home/locobot/interbotix_ws/install/irobot_create_gazebo_plugins/lib/libgazebo_ros_create_docking_status.so
[229.146s] -- Set runtime path of "/home/locobot/interbotix_ws/install/irobot_create_gazebo_plugins/lib/libgazebo_ros_create_docking_status.so" to ""
[229.146s] -- Installing: /home/locobot/interbotix_ws/install/irobot_create_gazebo_plugins/lib/libgazebo_ros_create_helpers.so
[229.147s] -- Set runtime path of "/home/locobot/interbotix_ws/install/irobot_create_gazebo_plugins/lib/libgazebo_ros_create_helpers.so" to ""
[229.148s] -- Installing: /home/locobot/interbotix_ws/install/irobot_create_gazebo_plugins/lib/libgazebo_ros_create_imu.so
[229.150s] -- Set runtime path of "/home/locobot/interbotix_ws/install/irobot_create_gazebo_plugins/lib/libgazebo_ros_create_imu.so" to ""
[229.150s] -- Installing: /home/locobot/interbotix_ws/install/irobot_create_gazebo_plugins/lib/libgazebo_ros_create_ir_intensity_sensor.so
[229.152s] -- Set runtime path of "/home/locobot/interbotix_ws/install/irobot_create_gazebo_plugins/lib/libgazebo_ros_create_ir_intensity_sensor.so" to ""
[229.153s] -- Installing: /home/locobot/interbotix_ws/install/irobot_create_gazebo_plugins/lib/libgazebo_ros_create_optical_mouse.so
[229.156s] -- Set runtime path of "/home/locobot/interbotix_ws/install/irobot_create_gazebo_plugins/lib/libgazebo_ros_create_optical_mouse.so" to ""
[229.156s] -- Installing: /home/locobot/interbotix_ws/install/irobot_create_gazebo_plugins/lib/libgazebo_ros_create_ir_opcode.so
[229.158s] -- Set runtime path of "/home/locobot/interbotix_ws/install/irobot_create_gazebo_plugins/lib/libgazebo_ros_create_ir_opcode.so" to ""
[229.159s] -- Installing: /home/locobot/interbotix_ws/install/irobot_create_gazebo_plugins/lib/libdocking_manager.so
[229.160s] -- Set runtime path of "/home/locobot/interbotix_ws/install/irobot_create_gazebo_plugins/lib/libdocking_manager.so" to ""
[229.160s] -- Installing: /home/locobot/interbotix_ws/install/irobot_create_gazebo_plugins/lib/libgazebo_ros_create_wheel_drop.so
[229.162s] -- Set runtime path of "/home/locobot/interbotix_ws/install/irobot_create_gazebo_plugins/lib/libgazebo_ros_create_wheel_drop.so" to ""
[229.163s] -- Up-to-date: /home/locobot/interbotix_ws/install/irobot_create_gazebo_plugins/share/ament_index/resource_index/package_run_dependencies/irobot_create_gazebo_plugins
[229.163s] -- Installing: /home/locobot/interbotix_ws/install/irobot_create_gazebo_plugins/share/ament_index/resource_index/parent_prefix_path/irobot_create_gazebo_plugins
[229.163s] -- Installing: /home/locobot/interbotix_ws/install/irobot_create_gazebo_plugins/share/irobot_create_gazebo_plugins/environment/ament_prefix_path.sh
[229.163s] -- Installing: /home/locobot/interbotix_ws/install/irobot_create_gazebo_plugins/share/irobot_create_gazebo_plugins/environment/ament_prefix_path.dsv
[229.163s] -- Installing: /home/locobot/interbotix_ws/install/irobot_create_gazebo_plugins/share/irobot_create_gazebo_plugins/environment/path.sh
[229.163s] -- Installing: /home/locobot/interbotix_ws/install/irobot_create_gazebo_plugins/share/irobot_create_gazebo_plugins/environment/path.dsv
[229.164s] -- Up-to-date: /home/locobot/interbotix_ws/install/irobot_create_gazebo_plugins/share/irobot_create_gazebo_plugins/local_setup.bash
[229.164s] -- Up-to-date: /home/locobot/interbotix_ws/install/irobot_create_gazebo_plugins/share/irobot_create_gazebo_plugins/local_setup.sh
[229.164s] -- Up-to-date: /home/locobot/interbotix_ws/install/irobot_create_gazebo_plugins/share/irobot_create_gazebo_plugins/local_setup.zsh
[229.164s] -- Installing: /home/locobot/interbotix_ws/install/irobot_create_gazebo_plugins/share/irobot_create_gazebo_plugins/local_setup.dsv
[229.164s] -- Installing: /home/locobot/interbotix_ws/install/irobot_create_gazebo_plugins/share/irobot_create_gazebo_plugins/package.dsv
[229.164s] -- Up-to-date: /home/locobot/interbotix_ws/install/irobot_create_gazebo_plugins/share/ament_index/resource_index/packages/irobot_create_gazebo_plugins
[229.165s] -- Up-to-date: /home/locobot/interbotix_ws/install/irobot_create_gazebo_plugins/share/irobot_create_gazebo_plugins/cmake/ament_cmake_export_libraries-extras.cmake
[229.165s] -- Up-to-date: /home/locobot/interbotix_ws/install/irobot_create_gazebo_plugins/share/irobot_create_gazebo_plugins/cmake/ament_cmake_export_include_directories-extras.cmake
[229.165s] -- Up-to-date: /home/locobot/interbotix_ws/install/irobot_create_gazebo_plugins/share/irobot_create_gazebo_plugins/cmake/ament_cmake_export_dependencies-extras.cmake
[229.165s] -- Up-to-date: /home/locobot/interbotix_ws/install/irobot_create_gazebo_plugins/share/irobot_create_gazebo_plugins/cmake/irobot_create_gazebo_pluginsConfig.cmake
[229.165s] -- Up-to-date: /home/locobot/interbotix_ws/install/irobot_create_gazebo_plugins/share/irobot_create_gazebo_plugins/cmake/irobot_create_gazebo_pluginsConfig-version.cmake
[229.165s] -- Up-to-date: /home/locobot/interbotix_ws/install/irobot_create_gazebo_plugins/share/irobot_create_gazebo_plugins/package.xml
[229.167s] Invoked command in '/home/locobot/interbotix_ws/build/irobot_create_gazebo_plugins' returned '0': CMAKE_PREFIX_PATH=/home/locobot/interbotix_ws/install/irobot_create_toolbox:/home/locobot/locobot_ws/install/yolov8_bringup:/home/locobot/locobot_ws/install/yolov8_msgs:/home/locobot/locobot_ws/install/urg_node2:/home/locobot/locobot_ws/install/tts_ros:/home/locobot/locobot_ws/install/realsense2_description:/home/locobot/locobot_ws/install/interbotix_xslocobot_moveit:/home/locobot/locobot_ws/install/interbotix_xslocobot_ros_control:/home/locobot/locobot_ws/install/interbotix_xslocobot_nav:/home/locobot/locobot_ws/install/interbotix_xslocobot_joy:/home/locobot/locobot_ws/install/interbotix_xslocobot_control:/home/locobot/locobot_ws/install/realsense2_camera:/home/locobot/locobot_ws/install/realsense2_camera_msgs:/home/locobot/locobot_ws/install/interbotix_xslocobot_sim:/home/locobot/locobot_ws/install/interbotix_xslocobot_descriptions:/home/locobot/locobot_ws/install/interbotix_ros_xsarms_examples:/home/locobot/locobot_ws/install/interbotix_xsarm_moveit_interface:/home/locobot/locobot_ws/install/interbotix_ros_xsarms:/home/locobot/locobot_ws/install/interbotix_xsarm_moveit:/home/locobot/locobot_ws/install/interbotix_xsarm_sim:/home/locobot/locobot_ws/install/interbotix_xsarm_ros_control:/home/locobot/locobot_ws/install/interbotix_xsarm_puppet:/home/locobot/locobot_ws/install/interbotix_xsarm_joy:/home/locobot/locobot_ws/install/interbotix_xsarm_dual:/home/locobot/locobot_ws/install/interbotix_xsarm_control:/home/locobot/locobot_ws/install/interbotix_xsarm_descriptions:/home/locobot/locobot_ws/install/create3_republisher:/home/locobot/locobot_ws/install/create3_lidar_slam:/home/locobot/locobot_ws/install/create3_coverage:/home/locobot/locobot_ws/install/create3_examples_msgs:/home/locobot/locobot_ws/install/cartographer_rviz:/home/locobot/locobot_ws/install/cartographer_ros:/home/locobot/locobot_ws/install/cartographer_ros_msgs:/home/locobot/locobot_ws/install/cartographer:/home/locobot/apriltag_ws/install/apriltag_ros:/home/locobot/interbotix_ws/install/interbotix_xslocobot_moveit:/home/locobot/interbotix_ws/install/interbotix_xslocobot_ros_control:/home/locobot/interbotix_ws/install/interbotix_xslocobot_nav:/home/locobot/interbotix_ws/install/interbotix_xslocobot_joy:/home/locobot/interbotix_ws/install/sllidar_ros2:/home/locobot/interbotix_ws/install/interbotix_ros_xsarms_examples:/home/locobot/interbotix_ws/install/interbotix_xsarm_moveit_interface:/home/locobot/interbotix_ws/install/interbotix_moveit_interface:/home/locobot/interbotix_ws/install/moveit_visual_tools:/home/locobot/interbotix_ws/install/irobot_create_ignition_sim:/home/locobot/interbotix_ws/install/irobot_create_ignition_bringup:/home/locobot/interbotix_ws/install/irobot_create_gazebo_sim:/home/locobot/interbotix_ws/install/irobot_create_gazebo_bringup:/home/locobot/interbotix_ws/install/irobot_create_common_bringup:/home/locobot/interbotix_ws/install/irobot_create_nodes:/home/locobot/interbotix_ws/install/irobot_create_ignition_toolbox:/home/locobot/interbotix_ws/install/irobot_create_gazebo_plugins:/home/locobot/interbotix_ws/install/irobot_create_ignition_plugins:/home/locobot/interbotix_ws/install/irobot_create_description:/home/locobot/interbotix_ws/install/irobot_create_control:/home/locobot/interbotix_ws/install/interbotix_xslocobot_sim:/home/locobot/interbotix_ws/install/interbotix_xslocobot_descriptions:/home/locobot/interbotix_ws/install/interbotix_ros_xsarms:/home/locobot/interbotix_ws/install/interbotix_xsarm_moveit:/home/locobot/interbotix_ws/install/interbotix_xsarm_sim:/home/locobot/interbotix_ws/install/interbotix_xsarm_ros_control:/home/locobot/interbotix_ws/install/interbotix_xsarm_puppet:/home/locobot/interbotix_ws/install/interbotix_xsarm_perception:/home/locobot/interbotix_ws/install/interbotix_xsarm_joy:/home/locobot/interbotix_ws/install/interbotix_xsarm_dual:/home/locobot/interbotix_ws/install/interbotix_xsarm_control:/home/locobot/interbotix_ws/install/interbotix_xsarm_descriptions:/home/locobot/interbotix_ws/install/interbotix_xs_toolbox:/home/locobot/interbotix_ws/install/interbotix_xs_rviz:/home/locobot/interbotix_ws/install/interbotix_ros_xseries:/home/locobot/interbotix_ws/install/interbotix_xs_sdk:/home/locobot/interbotix_ws/install/interbotix_xs_ros_control:/home/locobot/interbotix_ws/install/interbotix_perception_toolbox:/home/locobot/interbotix_ws/install/interbotix_perception_pipelines:/home/locobot/interbotix_ws/install/interbotix_xs_msgs:/home/locobot/interbotix_ws/install/interbotix_xs_driver:/home/locobot/interbotix_ws/install/interbotix_tf_tools:/home/locobot/interbotix_ws/install/interbotix_perception_msgs:/home/locobot/interbotix_ws/install/interbotix_moveit_interface_msgs:/home/locobot/interbotix_ws/install/interbotix_common_toolbox:/home/locobot/interbotix_ws/install/interbotix_common_sim:/home/locobot/interbotix_ws/install/dynamixel_workbench_toolbox:/home/locobot/locobot_ws/install/yolov8_ros:/home/locobot/locobot_ws/install/detection:/home/locobot/locobot_ws/install/locobot_move:/home/locobot/locobot_ws/install/create3_teleop:/home/locobot/locobot_ws/install/create3_examples_py:/home/locobot/interbotix_ws/install/interbotix_xslocobot_control:/home/locobot/interbotix_ws/install/interbotix_xs_modules:/home/locobot/interbotix_ws/install/interbotix_perception_modules:/home/locobot/interbotix_ws/install/interbotix_common_modules:/opt/ros/humble LD_LIBRARY_PATH=/home/locobot/interbotix_ws/install/irobot_create_toolbox/lib:/home/locobot/locobot_ws/install/yolov8_msgs/lib:/home/locobot/locobot_ws/install/urg_node2/lib:/home/locobot/locobot_ws/install/realsense2_camera/lib:/home/locobot/locobot_ws/install/realsense2_camera_msgs/lib:/home/locobot/locobot_ws/install/create3_coverage/lib:/home/locobot/locobot_ws/install/create3_examples_msgs/lib:/home/locobot/locobot_ws/install/cartographer_rviz/lib:/home/locobot/locobot_ws/install/cartographer_ros/lib:/home/locobot/locobot_ws/install/cartographer_ros_msgs/lib:/home/locobot/apriltag_ws/install/apriltag_ros/lib:/home/locobot/interbotix_ws/install/moveit_visual_tools/lib:/home/locobot/interbotix_ws/install/irobot_create_nodes/lib:/home/locobot/interbotix_ws/install/irobot_create_gazebo_plugins/lib:/home/locobot/interbotix_ws/install/interbotix_xs_rviz/lib:/home/locobot/interbotix_ws/install/interbotix_xs_ros_control/lib:/home/locobot/interbotix_ws/install/interbotix_xs_msgs/lib:/home/locobot/interbotix_ws/install/interbotix_xs_driver/lib:/home/locobot/interbotix_ws/install/interbotix_tf_tools/lib:/home/locobot/interbotix_ws/install/interbotix_perception_msgs/lib:/home/locobot/interbotix_ws/install/interbotix_moveit_interface_msgs/lib:/home/locobot/interbotix_ws/install/dynamixel_workbench_toolbox/lib:/opt/ros/humble/opt/rviz_ogre_vendor/lib:/opt/ros/humble/lib/x86_64-linux-gnu:/opt/ros/humble/lib /usr/bin/cmake --install /home/locobot/interbotix_ws/build/irobot_create_gazebo_plugins
