-- The C compiler identification is GNU 11.4.0
-- The CXX compiler identification is GNU 11.4.0
-- Detecting C compiler ABI info
-- Detecting C compiler ABI info - done
-- Check for working C compiler: /usr/bin/cc - skipped
-- Detecting C compile features
-- Detecting C compile features - done
-- Detecting CXX compiler ABI info
-- Detecting CXX compiler ABI info - done
-- Check for working CXX compiler: /usr/bin/c++ - skipped
-- Detecting CXX compile features
-- Detecting CXX compile features - done
-- Found ament_cmake: 1.3.8 (/opt/ros/humble/share/ament_cmake/cmake)
-- Found Python3: /usr/bin/python3 (found version "3.10.12") found components: Interpreter 
[33mCMake Warning at CMakeLists.txt:13 (message):
  ros_ign_interfaces not found.  Skipping irobot_create_ignition_bringup
  package.

[0m
-- Configuring done
-- Generating done
-- Build files have been written to: /home/locobot/interbotix_ws/build/irobot_create_ignition_bringup
-- Install configuration: ""
-- Installing: /home/locobot/interbotix_ws/install/irobot_create_ignition_bringup/share/ament_index/resource_index/package_run_dependencies/irobot_create_ignition_bringup
-- Installing: /home/locobot/interbotix_ws/install/irobot_create_ignition_bringup/share/ament_index/resource_index/parent_prefix_path/irobot_create_ignition_bringup
-- Installing: /home/locobot/interbotix_ws/install/irobot_create_ignition_bringup/share/irobot_create_ignition_bringup/environment/ament_prefix_path.sh
-- Installing: /home/locobot/interbotix_ws/install/irobot_create_ignition_bringup/share/irobot_create_ignition_bringup/environment/ament_prefix_path.dsv
-- Installing: /home/locobot/interbotix_ws/install/irobot_create_ignition_bringup/share/irobot_create_ignition_bringup/environment/path.sh
-- Installing: /home/locobot/interbotix_ws/install/irobot_create_ignition_bringup/share/irobot_create_ignition_bringup/environment/path.dsv
-- Installing: /home/locobot/interbotix_ws/install/irobot_create_ignition_bringup/share/irobot_create_ignition_bringup/local_setup.bash
-- Installing: /home/locobot/interbotix_ws/install/irobot_create_ignition_bringup/share/irobot_create_ignition_bringup/local_setup.sh
-- Installing: /home/locobot/interbotix_ws/install/irobot_create_ignition_bringup/share/irobot_create_ignition_bringup/local_setup.zsh
-- Installing: /home/locobot/interbotix_ws/install/irobot_create_ignition_bringup/share/irobot_create_ignition_bringup/local_setup.dsv
-- Installing: /home/locobot/interbotix_ws/install/irobot_create_ignition_bringup/share/irobot_create_ignition_bringup/package.dsv
-- Installing: /home/locobot/interbotix_ws/install/irobot_create_ignition_bringup/share/ament_index/resource_index/packages/irobot_create_ignition_bringup
-- Installing: /home/locobot/interbotix_ws/install/irobot_create_ignition_bringup/share/irobot_create_ignition_bringup/cmake/irobot_create_ignition_bringupConfig.cmake
-- Installing: /home/locobot/interbotix_ws/install/irobot_create_ignition_bringup/share/irobot_create_ignition_bringup/cmake/irobot_create_ignition_bringupConfig-version.cmake
-- Installing: /home/locobot/interbotix_ws/install/irobot_create_ignition_bringup/share/irobot_create_ignition_bringup/package.xml
