[0.971s] Invoking command in '/home/locobot/interbotix_ws/src/interbotix_ros_toolboxes/interbotix_common_toolbox/interbotix_common_modules': PYTHONPATH=/home/locobot/interbotix_ws/build/interbotix_common_modules/prefix_override:/home/locobot/interbotix_ws/install/interbotix_common_modules/lib/python3.10/site-packages:${PYTHONPATH} /usr/bin/python3 -W ignore:setup.py install is deprecated setup.py egg_info --egg-base ../../../../build/interbotix_common_modules build --build-base /home/locobot/interbotix_ws/build/interbotix_common_modules/build install --record /home/locobot/interbotix_ws/build/interbotix_common_modules/install.log --single-version-externally-managed install_data
[1.396s] running egg_info
[1.397s] writing ../../../../build/interbotix_common_modules/interbotix_common_modules.egg-info/PKG-INFO
[1.398s] writing dependency_links to ../../../../build/interbotix_common_modules/interbotix_common_modules.egg-info/dependency_links.txt
[1.398s] writing entry points to ../../../../build/interbotix_common_modules/interbotix_common_modules.egg-info/entry_points.txt
[1.398s] writing requirements to ../../../../build/interbotix_common_modules/interbotix_common_modules.egg-info/requires.txt
[1.399s] writing top-level names to ../../../../build/interbotix_common_modules/interbotix_common_modules.egg-info/top_level.txt
[1.402s] reading manifest file '../../../../build/interbotix_common_modules/interbotix_common_modules.egg-info/SOURCES.txt'
[1.404s] writing manifest file '../../../../build/interbotix_common_modules/interbotix_common_modules.egg-info/SOURCES.txt'
[1.404s] running build
[1.404s] running build_py
[1.406s] running install
[1.407s] running install_lib
[1.409s] running install_data
[1.410s] running install_egg_info
[1.418s] removing '/home/locobot/interbotix_ws/install/interbotix_common_modules/lib/python3.10/site-packages/interbotix_common_modules-0.0.0-py3.10.egg-info' (and everything under it)
[1.418s] Copying ../../../../build/interbotix_common_modules/interbotix_common_modules.egg-info to /home/locobot/interbotix_ws/install/interbotix_common_modules/lib/python3.10/site-packages/interbotix_common_modules-0.0.0-py3.10.egg-info
[1.418s] running install_scripts
[1.477s] writing list of installed files to '/home/locobot/interbotix_ws/build/interbotix_common_modules/install.log'
[1.506s] Invoked command in '/home/locobot/interbotix_ws/src/interbotix_ros_toolboxes/interbotix_common_toolbox/interbotix_common_modules' returned '0': PYTHONPATH=/home/locobot/interbotix_ws/build/interbotix_common_modules/prefix_override:/home/locobot/interbotix_ws/install/interbotix_common_modules/lib/python3.10/site-packages:${PYTHONPATH} /usr/bin/python3 -W ignore:setup.py install is deprecated setup.py egg_info --egg-base ../../../../build/interbotix_common_modules build --build-base /home/locobot/interbotix_ws/build/interbotix_common_modules/build install --record /home/locobot/interbotix_ws/build/interbotix_common_modules/install.log --single-version-externally-managed install_data
