[0.020s] Invoking command in '/home/locobot/interbotix_ws/build/interbotix_perception_toolbox': AMENT_PREFIX_PATH=/home/locobot/interbotix_ws/install/interbotix_perception_modules:/home/locobot/interbotix_ws/install/interbotix_perception_pipelines:/home/locobot/interbotix_ws/install/interbotix_xs_msgs:/home/locobot/interbotix_ws/install/interbotix_perception_msgs:/home/locobot/interbotix_ws/install/interbotix_common_modules:${AMENT_PREFIX_PATH} CMAKE_PREFIX_PATH=/home/locobot/interbotix_ws/install/interbotix_perception_pipelines:/home/locobot/interbotix_ws/install/interbotix_xs_msgs:/home/locobot/interbotix_ws/install/interbotix_perception_msgs:/home/locobot/apriltag_ws/install/apriltag_ros:/opt/ros/humble LD_LIBRARY_PATH=/home/locobot/interbotix_ws/install/interbotix_xs_msgs/lib:/home/locobot/interbotix_ws/install/interbotix_perception_msgs/lib:${LD_LIBRARY_PATH} PYTHONPATH=/home/locobot/interbotix_ws/install/interbotix_perception_modules/lib/python3.10/site-packages:/home/locobot/interbotix_ws/install/interbotix_xs_msgs/local/lib/python3.10/dist-packages:/home/locobot/interbotix_ws/install/interbotix_perception_msgs/local/lib/python3.10/dist-packages:/home/locobot/interbotix_ws/install/interbotix_common_modules/lib/python3.10/site-packages:${PYTHONPATH} /usr/bin/cmake /home/locobot/interbotix_ws/src/interbotix_ros_toolboxes/interbotix_perception_toolbox/interbotix_perception_toolbox -DCMAKE_INSTALL_PREFIX=/home/locobot/interbotix_ws/install/interbotix_perception_toolbox
[0.077s] -- The C compiler identification is GNU 11.4.0
[0.151s] -- The CXX compiler identification is GNU 11.4.0
[0.158s] -- Detecting C compiler ABI info
[0.238s] -- Detecting C compiler ABI info - done
[0.251s] -- Check for working C compiler: /usr/bin/cc - skipped
[0.252s] -- Detecting C compile features
[0.252s] -- Detecting C compile features - done
[0.256s] -- Detecting CXX compiler ABI info
[0.353s] -- Detecting CXX compiler ABI info - done
[0.366s] -- Check for working CXX compiler: /usr/bin/c++ - skipped
[0.367s] -- Detecting CXX compile features
[0.367s] -- Detecting CXX compile features - done
[0.371s] -- Found ament_cmake: 1.3.8 (/opt/ros/humble/share/ament_cmake/cmake)
[0.597s] -- Found Python3: /usr/bin/python3 (found version "3.10.12") found components: Interpreter 
[0.738s] -- Found ament_lint_auto: 0.12.10 (/opt/ros/humble/share/ament_lint_auto/cmake)
[0.861s] -- Added test 'copyright' to check source files copyright and LICENSE
[0.863s] -- Added test 'lint_cmake' to check CMake code style
[0.864s] -- Added test 'xmllint' to check XML markup files
[0.866s] -- Configuring done
[0.869s] -- Generating done
[0.871s] -- Build files have been written to: /home/locobot/interbotix_ws/build/interbotix_perception_toolbox
[0.877s] Invoked command in '/home/locobot/interbotix_ws/build/interbotix_perception_toolbox' returned '0': AMENT_PREFIX_PATH=/home/locobot/interbotix_ws/install/interbotix_perception_modules:/home/locobot/interbotix_ws/install/interbotix_perception_pipelines:/home/locobot/interbotix_ws/install/interbotix_xs_msgs:/home/locobot/interbotix_ws/install/interbotix_perception_msgs:/home/locobot/interbotix_ws/install/interbotix_common_modules:${AMENT_PREFIX_PATH} CMAKE_PREFIX_PATH=/home/locobot/interbotix_ws/install/interbotix_perception_pipelines:/home/locobot/interbotix_ws/install/interbotix_xs_msgs:/home/locobot/interbotix_ws/install/interbotix_perception_msgs:/home/locobot/apriltag_ws/install/apriltag_ros:/opt/ros/humble LD_LIBRARY_PATH=/home/locobot/interbotix_ws/install/interbotix_xs_msgs/lib:/home/locobot/interbotix_ws/install/interbotix_perception_msgs/lib:${LD_LIBRARY_PATH} PYTHONPATH=/home/locobot/interbotix_ws/install/interbotix_perception_modules/lib/python3.10/site-packages:/home/locobot/interbotix_ws/install/interbotix_xs_msgs/local/lib/python3.10/dist-packages:/home/locobot/interbotix_ws/install/interbotix_perception_msgs/local/lib/python3.10/dist-packages:/home/locobot/interbotix_ws/install/interbotix_common_modules/lib/python3.10/site-packages:${PYTHONPATH} /usr/bin/cmake /home/locobot/interbotix_ws/src/interbotix_ros_toolboxes/interbotix_perception_toolbox/interbotix_perception_toolbox -DCMAKE_INSTALL_PREFIX=/home/locobot/interbotix_ws/install/interbotix_perception_toolbox
[0.878s] Invoking command in '/home/locobot/interbotix_ws/build/interbotix_perception_toolbox': AMENT_PREFIX_PATH=/home/locobot/interbotix_ws/install/interbotix_perception_modules:/home/locobot/interbotix_ws/install/interbotix_perception_pipelines:/home/locobot/interbotix_ws/install/interbotix_xs_msgs:/home/locobot/interbotix_ws/install/interbotix_perception_msgs:/home/locobot/interbotix_ws/install/interbotix_common_modules:${AMENT_PREFIX_PATH} CMAKE_PREFIX_PATH=/home/locobot/interbotix_ws/install/interbotix_perception_pipelines:/home/locobot/interbotix_ws/install/interbotix_xs_msgs:/home/locobot/interbotix_ws/install/interbotix_perception_msgs:/home/locobot/apriltag_ws/install/apriltag_ros:/opt/ros/humble LD_LIBRARY_PATH=/home/locobot/interbotix_ws/install/interbotix_xs_msgs/lib:/home/locobot/interbotix_ws/install/interbotix_perception_msgs/lib:${LD_LIBRARY_PATH} PYTHONPATH=/home/locobot/interbotix_ws/install/interbotix_perception_modules/lib/python3.10/site-packages:/home/locobot/interbotix_ws/install/interbotix_xs_msgs/local/lib/python3.10/dist-packages:/home/locobot/interbotix_ws/install/interbotix_perception_msgs/local/lib/python3.10/dist-packages:/home/locobot/interbotix_ws/install/interbotix_common_modules/lib/python3.10/site-packages:${PYTHONPATH} /usr/bin/cmake --build /home/locobot/interbotix_ws/build/interbotix_perception_toolbox -- -j4 -l4
[0.929s] Invoked command in '/home/locobot/interbotix_ws/build/interbotix_perception_toolbox' returned '0': AMENT_PREFIX_PATH=/home/locobot/interbotix_ws/install/interbotix_perception_modules:/home/locobot/interbotix_ws/install/interbotix_perception_pipelines:/home/locobot/interbotix_ws/install/interbotix_xs_msgs:/home/locobot/interbotix_ws/install/interbotix_perception_msgs:/home/locobot/interbotix_ws/install/interbotix_common_modules:${AMENT_PREFIX_PATH} CMAKE_PREFIX_PATH=/home/locobot/interbotix_ws/install/interbotix_perception_pipelines:/home/locobot/interbotix_ws/install/interbotix_xs_msgs:/home/locobot/interbotix_ws/install/interbotix_perception_msgs:/home/locobot/apriltag_ws/install/apriltag_ros:/opt/ros/humble LD_LIBRARY_PATH=/home/locobot/interbotix_ws/install/interbotix_xs_msgs/lib:/home/locobot/interbotix_ws/install/interbotix_perception_msgs/lib:${LD_LIBRARY_PATH} PYTHONPATH=/home/locobot/interbotix_ws/install/interbotix_perception_modules/lib/python3.10/site-packages:/home/locobot/interbotix_ws/install/interbotix_xs_msgs/local/lib/python3.10/dist-packages:/home/locobot/interbotix_ws/install/interbotix_perception_msgs/local/lib/python3.10/dist-packages:/home/locobot/interbotix_ws/install/interbotix_common_modules/lib/python3.10/site-packages:${PYTHONPATH} /usr/bin/cmake --build /home/locobot/interbotix_ws/build/interbotix_perception_toolbox -- -j4 -l4
[0.956s] Invoking command in '/home/locobot/interbotix_ws/build/interbotix_perception_toolbox': AMENT_PREFIX_PATH=/home/locobot/interbotix_ws/install/interbotix_perception_modules:/home/locobot/interbotix_ws/install/interbotix_perception_pipelines:/home/locobot/interbotix_ws/install/interbotix_xs_msgs:/home/locobot/interbotix_ws/install/interbotix_perception_msgs:/home/locobot/interbotix_ws/install/interbotix_common_modules:${AMENT_PREFIX_PATH} CMAKE_PREFIX_PATH=/home/locobot/interbotix_ws/install/interbotix_perception_pipelines:/home/locobot/interbotix_ws/install/interbotix_xs_msgs:/home/locobot/interbotix_ws/install/interbotix_perception_msgs:/home/locobot/apriltag_ws/install/apriltag_ros:/opt/ros/humble LD_LIBRARY_PATH=/home/locobot/interbotix_ws/install/interbotix_xs_msgs/lib:/home/locobot/interbotix_ws/install/interbotix_perception_msgs/lib:${LD_LIBRARY_PATH} PYTHONPATH=/home/locobot/interbotix_ws/install/interbotix_perception_modules/lib/python3.10/site-packages:/home/locobot/interbotix_ws/install/interbotix_xs_msgs/local/lib/python3.10/dist-packages:/home/locobot/interbotix_ws/install/interbotix_perception_msgs/local/lib/python3.10/dist-packages:/home/locobot/interbotix_ws/install/interbotix_common_modules/lib/python3.10/site-packages:${PYTHONPATH} /usr/bin/cmake --install /home/locobot/interbotix_ws/build/interbotix_perception_toolbox
[0.966s] -- Install configuration: ""
[0.967s] -- Installing: /home/locobot/interbotix_ws/install/interbotix_perception_toolbox/share/ament_index/resource_index/package_run_dependencies/interbotix_perception_toolbox
[0.967s] -- Installing: /home/locobot/interbotix_ws/install/interbotix_perception_toolbox/share/ament_index/resource_index/parent_prefix_path/interbotix_perception_toolbox
[0.967s] -- Installing: /home/locobot/interbotix_ws/install/interbotix_perception_toolbox/share/interbotix_perception_toolbox/environment/ament_prefix_path.sh
[0.967s] -- Installing: /home/locobot/interbotix_ws/install/interbotix_perception_toolbox/share/interbotix_perception_toolbox/environment/ament_prefix_path.dsv
[0.967s] -- Installing: /home/locobot/interbotix_ws/install/interbotix_perception_toolbox/share/interbotix_perception_toolbox/environment/path.sh
[0.967s] -- Installing: /home/locobot/interbotix_ws/install/interbotix_perception_toolbox/share/interbotix_perception_toolbox/environment/path.dsv
[0.968s] -- Installing: /home/locobot/interbotix_ws/install/interbotix_perception_toolbox/share/interbotix_perception_toolbox/local_setup.bash
[0.968s] -- Installing: /home/locobot/interbotix_ws/install/interbotix_perception_toolbox/share/interbotix_perception_toolbox/local_setup.sh
[0.968s] -- Installing: /home/locobot/interbotix_ws/install/interbotix_perception_toolbox/share/interbotix_perception_toolbox/local_setup.zsh
[0.968s] -- Installing: /home/locobot/interbotix_ws/install/interbotix_perception_toolbox/share/interbotix_perception_toolbox/local_setup.dsv
[0.968s] -- Installing: /home/locobot/interbotix_ws/install/interbotix_perception_toolbox/share/interbotix_perception_toolbox/package.dsv
[0.968s] -- Installing: /home/locobot/interbotix_ws/install/interbotix_perception_toolbox/share/ament_index/resource_index/packages/interbotix_perception_toolbox
[0.969s] -- Installing: /home/locobot/interbotix_ws/install/interbotix_perception_toolbox/share/interbotix_perception_toolbox/cmake/interbotix_perception_toolboxConfig.cmake
[0.969s] -- Installing: /home/locobot/interbotix_ws/install/interbotix_perception_toolbox/share/interbotix_perception_toolbox/cmake/interbotix_perception_toolboxConfig-version.cmake
[0.969s] -- Installing: /home/locobot/interbotix_ws/install/interbotix_perception_toolbox/share/interbotix_perception_toolbox/package.xml
[0.972s] Invoked command in '/home/locobot/interbotix_ws/build/interbotix_perception_toolbox' returned '0': AMENT_PREFIX_PATH=/home/locobot/interbotix_ws/install/interbotix_perception_modules:/home/locobot/interbotix_ws/install/interbotix_perception_pipelines:/home/locobot/interbotix_ws/install/interbotix_xs_msgs:/home/locobot/interbotix_ws/install/interbotix_perception_msgs:/home/locobot/interbotix_ws/install/interbotix_common_modules:${AMENT_PREFIX_PATH} CMAKE_PREFIX_PATH=/home/locobot/interbotix_ws/install/interbotix_perception_pipelines:/home/locobot/interbotix_ws/install/interbotix_xs_msgs:/home/locobot/interbotix_ws/install/interbotix_perception_msgs:/home/locobot/apriltag_ws/install/apriltag_ros:/opt/ros/humble LD_LIBRARY_PATH=/home/locobot/interbotix_ws/install/interbotix_xs_msgs/lib:/home/locobot/interbotix_ws/install/interbotix_perception_msgs/lib:${LD_LIBRARY_PATH} PYTHONPATH=/home/locobot/interbotix_ws/install/interbotix_perception_modules/lib/python3.10/site-packages:/home/locobot/interbotix_ws/install/interbotix_xs_msgs/local/lib/python3.10/dist-packages:/home/locobot/interbotix_ws/install/interbotix_perception_msgs/local/lib/python3.10/dist-packages:/home/locobot/interbotix_ws/install/interbotix_common_modules/lib/python3.10/site-packages:${PYTHONPATH} /usr/bin/cmake --install /home/locobot/interbotix_ws/build/interbotix_perception_toolbox
