[0.023s] Invoking command in '/home/locobot/interbotix_ws/build/irobot_create_toolbox': CMAKE_PREFIX_PATH=${CMAKE_PREFIX_PATH}:/home/locobot/locobot_ws/install/yolov8_ros:/home/locobot/locobot_ws/install/detection:/home/locobot/locobot_ws/install/locobot_move:/home/locobot/locobot_ws/install/create3_teleop:/home/locobot/locobot_ws/install/create3_examples_py:/home/locobot/interbotix_ws/install/interbotix_xslocobot_control:/home/locobot/interbotix_ws/install/interbotix_xs_modules:/home/locobot/interbotix_ws/install/interbotix_perception_modules:/home/locobot/interbotix_ws/install/interbotix_common_modules:/opt/ros/humble /usr/bin/cmake --build /home/locobot/interbotix_ws/build/irobot_create_toolbox -- -j4 -l4
[0.068s] -- Found ament_cmake: 1.3.11 (/opt/ros/humble/share/ament_cmake/cmake)
[0.302s] -- Looking for ignition-math6 -- found version 6.15.1
[0.325s] -- Searching for dependencies of ignition-math6
[0.327s] -- Found rclcpp: 16.0.11 (/opt/ros/humble/share/rclcpp/cmake)
[0.393s] -- Found rosidl_generator_c: 3.1.6 (/opt/ros/humble/share/rosidl_generator_c/cmake)
[0.397s] -- Found rosidl_adapter: 3.1.6 (/opt/ros/humble/share/rosidl_adapter/cmake)
[0.407s] -- Found rosidl_generator_cpp: 3.1.6 (/opt/ros/humble/share/rosidl_generator_cpp/cmake)
[0.430s] -- Using all available rosidl_typesupport_c: rosidl_typesupport_fastrtps_c;rosidl_typesupport_introspection_c
[0.459s] -- Using all available rosidl_typesupport_cpp: rosidl_typesupport_fastrtps_cpp;rosidl_typesupport_introspection_cpp
[0.521s] -- Found rmw_implementation_cmake: 6.1.2 (/opt/ros/humble/share/rmw_implementation_cmake/cmake)
[0.533s] -- Found rmw_fastrtps_cpp: 6.2.7 (/opt/ros/humble/share/rmw_fastrtps_cpp/cmake)
[0.780s] -- Using RMW implementation 'rmw_fastrtps_cpp' as default
[0.872s] -- Found ament_lint_auto: 0.12.11 (/opt/ros/humble/share/ament_lint_auto/cmake)
[1.005s] -- Added test 'cppcheck' to perform static code analysis on C / C++ code
[1.006s] -- Configured cppcheck include dirs: /home/locobot/interbotix_ws/src/create3_sim/irobot_create_common/irobot_create_toolbox/include
[1.006s] -- Configured cppcheck exclude dirs and/or files: 
[1.008s] -- Added test 'cpplint' to check C / C++ code against the Google style
[1.008s] -- Configured cpplint exclude dirs and/or files: 
[1.008s] -- Added test 'lint_cmake' to check CMake code style
[1.009s] -- Added test 'uncrustify' to check C / C++ code style
[1.010s] -- Configured uncrustify additional arguments: 
[1.011s] -- Added test 'xmllint' to check XML markup files
[1.017s] -- Configuring done
[1.027s] -- Generating done
[1.029s] -- Build files have been written to: /home/locobot/interbotix_ws/build/irobot_create_toolbox
[1.069s] [35m[1mConsolidate compiler generated dependencies of target irobot_create_toolbox[0m
[1.091s] [ 50%] [32mBuilding CXX object CMakeFiles/irobot_create_toolbox.dir/src/polar_coordinates.cpp.o[0m
[5.367s] [100%] [32m[1mLinking CXX shared library libirobot_create_toolbox.so[0m
[5.755s] [100%] Built target irobot_create_toolbox
[5.786s] Invoked command in '/home/locobot/interbotix_ws/build/irobot_create_toolbox' returned '0': CMAKE_PREFIX_PATH=${CMAKE_PREFIX_PATH}:/home/locobot/locobot_ws/install/yolov8_ros:/home/locobot/locobot_ws/install/detection:/home/locobot/locobot_ws/install/locobot_move:/home/locobot/locobot_ws/install/create3_teleop:/home/locobot/locobot_ws/install/create3_examples_py:/home/locobot/interbotix_ws/install/interbotix_xslocobot_control:/home/locobot/interbotix_ws/install/interbotix_xs_modules:/home/locobot/interbotix_ws/install/interbotix_perception_modules:/home/locobot/interbotix_ws/install/interbotix_common_modules:/opt/ros/humble /usr/bin/cmake --build /home/locobot/interbotix_ws/build/irobot_create_toolbox -- -j4 -l4
[5.887s] Invoking command in '/home/locobot/interbotix_ws/build/irobot_create_toolbox': CMAKE_PREFIX_PATH=${CMAKE_PREFIX_PATH}:/home/locobot/locobot_ws/install/yolov8_ros:/home/locobot/locobot_ws/install/detection:/home/locobot/locobot_ws/install/locobot_move:/home/locobot/locobot_ws/install/create3_teleop:/home/locobot/locobot_ws/install/create3_examples_py:/home/locobot/interbotix_ws/install/interbotix_xslocobot_control:/home/locobot/interbotix_ws/install/interbotix_xs_modules:/home/locobot/interbotix_ws/install/interbotix_perception_modules:/home/locobot/interbotix_ws/install/interbotix_common_modules:/opt/ros/humble /usr/bin/cmake --install /home/locobot/interbotix_ws/build/irobot_create_toolbox
[5.906s] -- Install configuration: ""
[5.907s] -- Installing: /home/locobot/interbotix_ws/install/irobot_create_toolbox/lib/libirobot_create_toolbox.so
[5.911s] -- Set runtime path of "/home/locobot/interbotix_ws/install/irobot_create_toolbox/lib/libirobot_create_toolbox.so" to ""
[5.911s] -- Up-to-date: /home/locobot/interbotix_ws/install/irobot_create_toolbox/include
[5.911s] -- Up-to-date: /home/locobot/interbotix_ws/install/irobot_create_toolbox/include/irobot_create_toolbox
[5.912s] -- Up-to-date: /home/locobot/interbotix_ws/install/irobot_create_toolbox/include/irobot_create_toolbox/math.hpp
[5.912s] -- Up-to-date: /home/locobot/interbotix_ws/install/irobot_create_toolbox/include/irobot_create_toolbox/sensors
[5.913s] -- Up-to-date: /home/locobot/interbotix_ws/install/irobot_create_toolbox/include/irobot_create_toolbox/sensors/bumpers.hpp
[5.913s] -- Up-to-date: /home/locobot/interbotix_ws/install/irobot_create_toolbox/include/irobot_create_toolbox/polar_coordinates.hpp
[5.913s] -- Up-to-date: /home/locobot/interbotix_ws/install/irobot_create_toolbox/share/irobot_create_toolbox/environment/library_path.sh
[5.913s] -- Installing: /home/locobot/interbotix_ws/install/irobot_create_toolbox/share/irobot_create_toolbox/environment/library_path.dsv
[5.913s] -- Up-to-date: /home/locobot/interbotix_ws/install/irobot_create_toolbox/share/ament_index/resource_index/package_run_dependencies/irobot_create_toolbox
[5.915s] -- Installing: /home/locobot/interbotix_ws/install/irobot_create_toolbox/share/ament_index/resource_index/parent_prefix_path/irobot_create_toolbox
[5.915s] -- Installing: /home/locobot/interbotix_ws/install/irobot_create_toolbox/share/irobot_create_toolbox/environment/ament_prefix_path.sh
[5.915s] -- Installing: /home/locobot/interbotix_ws/install/irobot_create_toolbox/share/irobot_create_toolbox/environment/ament_prefix_path.dsv
[5.915s] -- Installing: /home/locobot/interbotix_ws/install/irobot_create_toolbox/share/irobot_create_toolbox/environment/path.sh
[5.915s] -- Installing: /home/locobot/interbotix_ws/install/irobot_create_toolbox/share/irobot_create_toolbox/environment/path.dsv
[5.915s] -- Up-to-date: /home/locobot/interbotix_ws/install/irobot_create_toolbox/share/irobot_create_toolbox/local_setup.bash
[5.915s] -- Up-to-date: /home/locobot/interbotix_ws/install/irobot_create_toolbox/share/irobot_create_toolbox/local_setup.sh
[5.915s] -- Up-to-date: /home/locobot/interbotix_ws/install/irobot_create_toolbox/share/irobot_create_toolbox/local_setup.zsh
[5.916s] -- Installing: /home/locobot/interbotix_ws/install/irobot_create_toolbox/share/irobot_create_toolbox/local_setup.dsv
[5.916s] -- Installing: /home/locobot/interbotix_ws/install/irobot_create_toolbox/share/irobot_create_toolbox/package.dsv
[5.916s] -- Up-to-date: /home/locobot/interbotix_ws/install/irobot_create_toolbox/share/ament_index/resource_index/packages/irobot_create_toolbox
[5.929s] -- Up-to-date: /home/locobot/interbotix_ws/install/irobot_create_toolbox/share/irobot_create_toolbox/cmake/ament_cmake_export_include_directories-extras.cmake
[5.929s] -- Up-to-date: /home/locobot/interbotix_ws/install/irobot_create_toolbox/share/irobot_create_toolbox/cmake/ament_cmake_export_libraries-extras.cmake
[5.929s] -- Up-to-date: /home/locobot/interbotix_ws/install/irobot_create_toolbox/share/irobot_create_toolbox/cmake/ament_cmake_export_dependencies-extras.cmake
[5.929s] -- Up-to-date: /home/locobot/interbotix_ws/install/irobot_create_toolbox/share/irobot_create_toolbox/cmake/irobot_create_toolboxConfig.cmake
[5.930s] -- Up-to-date: /home/locobot/interbotix_ws/install/irobot_create_toolbox/share/irobot_create_toolbox/cmake/irobot_create_toolboxConfig-version.cmake
[5.930s] -- Up-to-date: /home/locobot/interbotix_ws/install/irobot_create_toolbox/share/irobot_create_toolbox/package.xml
[5.930s] Invoked command in '/home/locobot/interbotix_ws/build/irobot_create_toolbox' returned '0': CMAKE_PREFIX_PATH=${CMAKE_PREFIX_PATH}:/home/locobot/locobot_ws/install/yolov8_ros:/home/locobot/locobot_ws/install/detection:/home/locobot/locobot_ws/install/locobot_move:/home/locobot/locobot_ws/install/create3_teleop:/home/locobot/locobot_ws/install/create3_examples_py:/home/locobot/interbotix_ws/install/interbotix_xslocobot_control:/home/locobot/interbotix_ws/install/interbotix_xs_modules:/home/locobot/interbotix_ws/install/interbotix_perception_modules:/home/locobot/interbotix_ws/install/interbotix_common_modules:/opt/ros/humble /usr/bin/cmake --install /home/locobot/interbotix_ws/build/irobot_create_toolbox
