[0.030s] Invoking command in '/home/locobot/interbotix_ws/build/interbotix_tf_tools': CMAKE_PREFIX_PATH=${CMAKE_PREFIX_PATH}:/home/locobot/locobot_ws/install/yolov8_ros:/home/locobot/locobot_ws/install/detection:/home/locobot/locobot_ws/install/locobot_move:/home/locobot/locobot_ws/install/create3_teleop:/home/locobot/locobot_ws/install/create3_examples_py:/home/locobot/interbotix_ws/install/interbotix_xslocobot_control:/home/locobot/interbotix_ws/install/interbotix_xs_modules:/home/locobot/interbotix_ws/install/interbotix_perception_modules:/home/locobot/interbotix_ws/install/interbotix_common_modules:/opt/ros/humble /usr/bin/cmake --build /home/locobot/interbotix_ws/build/interbotix_tf_tools -- -j4 -l4
[0.082s] -- Found ament_cmake: 1.3.11 (/opt/ros/humble/share/ament_cmake/cmake)
[0.340s] -- Found geometry_msgs: 4.2.4 (/opt/ros/humble/share/geometry_msgs/cmake)
[0.391s] -- Found rosidl_generator_c: 3.1.6 (/opt/ros/humble/share/rosidl_generator_c/cmake)
[0.396s] -- Found rosidl_adapter: 3.1.6 (/opt/ros/humble/share/rosidl_adapter/cmake)
[0.407s] -- Found rosidl_generator_cpp: 3.1.6 (/opt/ros/humble/share/rosidl_generator_cpp/cmake)
[0.436s] -- Using all available rosidl_typesupport_c: rosidl_typesupport_fastrtps_c;rosidl_typesupport_introspection_c
[0.467s] -- Using all available rosidl_typesupport_cpp: rosidl_typesupport_fastrtps_cpp;rosidl_typesupport_introspection_cpp
[0.551s] -- Found rclcpp: 16.0.11 (/opt/ros/humble/share/rclcpp/cmake)
[0.606s] -- Found rmw_implementation_cmake: 6.1.2 (/opt/ros/humble/share/rmw_implementation_cmake/cmake)
[0.616s] -- Found rmw_fastrtps_cpp: 6.2.7 (/opt/ros/humble/share/rmw_fastrtps_cpp/cmake)
[0.839s] -- Using RMW implementation 'rmw_fastrtps_cpp' as default
[0.917s] -- Found rclcpp_components: 16.0.11 (/opt/ros/humble/share/rclcpp_components/cmake)
[0.949s] -- Found tf2_msgs: 0.25.11 (/opt/ros/humble/share/tf2_msgs/cmake)
[1.072s] -- Found tf2_ros: 0.25.11 (/opt/ros/humble/share/tf2_ros/cmake)
[1.149s] -- Found ament_lint_auto: 0.12.11 (/opt/ros/humble/share/ament_lint_auto/cmake)
[1.313s] -- Added test 'copyright' to check source files copyright and LICENSE
[1.321s] -- Added test 'cppcheck' to perform static code analysis on C / C++ code
[1.321s] -- Configured cppcheck include dirs: /home/locobot/interbotix_ws/src/interbotix_ros_toolboxes/interbotix_common_toolbox/interbotix_tf_tools/include
[1.321s] -- Configured cppcheck exclude dirs and/or files: 
[1.321s] -- Added test 'cpplint' to check C / C++ code against the Google style
[1.321s] -- Configured cpplint exclude dirs and/or files: 
[1.321s] -- Added test 'flake8' to check Python code syntax and style conventions
[1.321s] -- Added test 'lint_cmake' to check CMake code style
[1.321s] -- Added test 'pep257' to check Python code against some of the docstring style conventions in PEP 257
[1.322s] -- Added test 'uncrustify' to check C / C++ code style
[1.322s] -- Configured uncrustify additional arguments: 
[1.323s] -- Added test 'xmllint' to check XML markup files
[1.325s] -- Configuring done
[1.346s] -- Generating done
[1.349s] -- Build files have been written to: /home/locobot/interbotix_ws/build/interbotix_tf_tools
[1.402s] [35m[1mConsolidate compiler generated dependencies of target tf_rebroadcaster[0m
[1.430s] [ 50%] [32mBuilding CXX object CMakeFiles/tf_rebroadcaster.dir/src/tf_rebroadcaster.cpp.o[0m
[17.055s] [100%] [32m[1mLinking CXX shared library libtf_rebroadcaster.so[0m
[17.914s] [100%] Built target tf_rebroadcaster
[17.931s] Invoked command in '/home/locobot/interbotix_ws/build/interbotix_tf_tools' returned '0': CMAKE_PREFIX_PATH=${CMAKE_PREFIX_PATH}:/home/locobot/locobot_ws/install/yolov8_ros:/home/locobot/locobot_ws/install/detection:/home/locobot/locobot_ws/install/locobot_move:/home/locobot/locobot_ws/install/create3_teleop:/home/locobot/locobot_ws/install/create3_examples_py:/home/locobot/interbotix_ws/install/interbotix_xslocobot_control:/home/locobot/interbotix_ws/install/interbotix_xs_modules:/home/locobot/interbotix_ws/install/interbotix_perception_modules:/home/locobot/interbotix_ws/install/interbotix_common_modules:/opt/ros/humble /usr/bin/cmake --build /home/locobot/interbotix_ws/build/interbotix_tf_tools -- -j4 -l4
[17.984s] Invoking command in '/home/locobot/interbotix_ws/build/interbotix_tf_tools': CMAKE_PREFIX_PATH=${CMAKE_PREFIX_PATH}:/home/locobot/locobot_ws/install/yolov8_ros:/home/locobot/locobot_ws/install/detection:/home/locobot/locobot_ws/install/locobot_move:/home/locobot/locobot_ws/install/create3_teleop:/home/locobot/locobot_ws/install/create3_examples_py:/home/locobot/interbotix_ws/install/interbotix_xslocobot_control:/home/locobot/interbotix_ws/install/interbotix_xs_modules:/home/locobot/interbotix_ws/install/interbotix_perception_modules:/home/locobot/interbotix_ws/install/interbotix_common_modules:/opt/ros/humble /usr/bin/cmake --install /home/locobot/interbotix_ws/build/interbotix_tf_tools
[17.996s] -- Install configuration: ""
[17.997s] -- Installing: /home/locobot/interbotix_ws/install/interbotix_tf_tools/lib/libtf_rebroadcaster.so
[18.004s] -- Set runtime path of "/home/locobot/interbotix_ws/install/interbotix_tf_tools/lib/libtf_rebroadcaster.so" to ""
[18.004s] -- Up-to-date: /home/locobot/interbotix_ws/install/interbotix_tf_tools/lib/interbotix_tf_tools/static_trans_pub.py
[18.005s] -- Up-to-date: /home/locobot/interbotix_ws/install/interbotix_tf_tools/share/interbotix_tf_tools//config
[18.005s] -- Up-to-date: /home/locobot/interbotix_ws/install/interbotix_tf_tools/share/interbotix_tf_tools//config/tf_rebroadcaster.yaml
[18.005s] -- Up-to-date: /home/locobot/interbotix_ws/install/interbotix_tf_tools/share/interbotix_tf_tools//launch
[18.005s] -- Up-to-date: /home/locobot/interbotix_ws/install/interbotix_tf_tools/share/interbotix_tf_tools//launch/tf_rebroadcaster.launch.py
[18.006s] -- Up-to-date: /home/locobot/interbotix_ws/install/interbotix_tf_tools/share/interbotix_tf_tools//launch/static_transform_pub.launch.py
[18.006s] -- Up-to-date: /home/locobot/interbotix_ws/install/interbotix_tf_tools/share/ament_index/resource_index/package_run_dependencies/interbotix_tf_tools
[18.007s] -- Installing: /home/locobot/interbotix_ws/install/interbotix_tf_tools/share/ament_index/resource_index/parent_prefix_path/interbotix_tf_tools
[18.007s] -- Installing: /home/locobot/interbotix_ws/install/interbotix_tf_tools/share/interbotix_tf_tools/environment/ament_prefix_path.sh
[18.008s] -- Installing: /home/locobot/interbotix_ws/install/interbotix_tf_tools/share/interbotix_tf_tools/environment/ament_prefix_path.dsv
[18.008s] -- Installing: /home/locobot/interbotix_ws/install/interbotix_tf_tools/share/interbotix_tf_tools/environment/path.sh
[18.009s] -- Installing: /home/locobot/interbotix_ws/install/interbotix_tf_tools/share/interbotix_tf_tools/environment/path.dsv
[18.009s] -- Up-to-date: /home/locobot/interbotix_ws/install/interbotix_tf_tools/share/interbotix_tf_tools/local_setup.bash
[18.009s] -- Up-to-date: /home/locobot/interbotix_ws/install/interbotix_tf_tools/share/interbotix_tf_tools/local_setup.sh
[18.010s] -- Up-to-date: /home/locobot/interbotix_ws/install/interbotix_tf_tools/share/interbotix_tf_tools/local_setup.zsh
[18.010s] -- Installing: /home/locobot/interbotix_ws/install/interbotix_tf_tools/share/interbotix_tf_tools/local_setup.dsv
[18.011s] -- Installing: /home/locobot/interbotix_ws/install/interbotix_tf_tools/share/interbotix_tf_tools/package.dsv
[18.012s] -- Up-to-date: /home/locobot/interbotix_ws/install/interbotix_tf_tools/share/ament_index/resource_index/packages/interbotix_tf_tools
[18.013s] -- Up-to-date: /home/locobot/interbotix_ws/install/interbotix_tf_tools/share/ament_index/resource_index/rclcpp_components/interbotix_tf_tools
[18.013s] -- Up-to-date: /home/locobot/interbotix_ws/install/interbotix_tf_tools/share/interbotix_tf_tools/cmake/interbotix_tf_toolsConfig.cmake
[18.014s] -- Up-to-date: /home/locobot/interbotix_ws/install/interbotix_tf_tools/share/interbotix_tf_tools/cmake/interbotix_tf_toolsConfig-version.cmake
[18.015s] -- Up-to-date: /home/locobot/interbotix_ws/install/interbotix_tf_tools/share/interbotix_tf_tools/package.xml
[18.019s] Invoked command in '/home/locobot/interbotix_ws/build/interbotix_tf_tools' returned '0': CMAKE_PREFIX_PATH=${CMAKE_PREFIX_PATH}:/home/locobot/locobot_ws/install/yolov8_ros:/home/locobot/locobot_ws/install/detection:/home/locobot/locobot_ws/install/locobot_move:/home/locobot/locobot_ws/install/create3_teleop:/home/locobot/locobot_ws/install/create3_examples_py:/home/locobot/interbotix_ws/install/interbotix_xslocobot_control:/home/locobot/interbotix_ws/install/interbotix_xs_modules:/home/locobot/interbotix_ws/install/interbotix_perception_modules:/home/locobot/interbotix_ws/install/interbotix_common_modules:/opt/ros/humble /usr/bin/cmake --install /home/locobot/interbotix_ws/build/interbotix_tf_tools
