[0.006s] Invoking command in '/home/locobot/interbotix_ws/build/sllidar_ros2': CMAKE_PREFIX_PATH=${CMAKE_PREFIX_PATH}:/home/locobot/interbotix_ws/install/interbotix_xs_modules:/home/locobot/interbotix_ws/install/interbotix_perception_modules:/home/locobot/interbotix_ws/install/interbotix_common_modules:/opt/ros/humble /usr/bin/cmake --build /home/locobot/interbotix_ws/build/sllidar_ros2 -- -j4 -l4
[0.091s] [35m[1mConsolidate compiler generated dependencies of target sllidar_client[0m
[0.096s] [35m[1mConsolidate compiler generated dependencies of target sllidar_node[0m
[0.141s] [ 10%] Built target sllidar_client
[0.142s] [100%] Built target sllidar_node
[0.157s] Invoked command in '/home/locobot/interbotix_ws/build/sllidar_ros2' returned '0': CMAKE_PREFIX_PATH=${CMAKE_PREFIX_PATH}:/home/locobot/interbotix_ws/install/interbotix_xs_modules:/home/locobot/interbotix_ws/install/interbotix_perception_modules:/home/locobot/interbotix_ws/install/interbotix_common_modules:/opt/ros/humble /usr/bin/cmake --build /home/locobot/interbotix_ws/build/sllidar_ros2 -- -j4 -l4
[0.254s] Invoking command in '/home/locobot/interbotix_ws/build/sllidar_ros2': CMAKE_PREFIX_PATH=${CMAKE_PREFIX_PATH}:/home/locobot/interbotix_ws/install/interbotix_xs_modules:/home/locobot/interbotix_ws/install/interbotix_perception_modules:/home/locobot/interbotix_ws/install/interbotix_common_modules:/opt/ros/humble /usr/bin/cmake --install /home/locobot/interbotix_ws/build/sllidar_ros2
[0.265s] -- Install configuration: ""
[0.265s] -- Up-to-date: /home/locobot/interbotix_ws/install/sllidar_ros2/share/sllidar_ros2/launch
[0.265s] -- Up-to-date: /home/locobot/interbotix_ws/install/sllidar_ros2/share/sllidar_ros2/launch/sllidar_t1_launch.py
[0.265s] -- Up-to-date: /home/locobot/interbotix_ws/install/sllidar_ros2/share/sllidar_ros2/launch/sllidar_a3_launch.py
[0.266s] -- Up-to-date: /home/locobot/interbotix_ws/install/sllidar_ros2/share/sllidar_ros2/launch/sllidar_s2e_launch.py
[0.266s] -- Up-to-date: /home/locobot/interbotix_ws/install/sllidar_ros2/share/sllidar_ros2/launch/sllidar_a1_launch.py
[0.266s] -- Up-to-date: /home/locobot/interbotix_ws/install/sllidar_ros2/share/sllidar_ros2/launch/view_sllidar_s1_launch.py
[0.266s] -- Up-to-date: /home/locobot/interbotix_ws/install/sllidar_ros2/share/sllidar_ros2/launch/sllidar_s1_launch.py
[0.266s] -- Up-to-date: /home/locobot/interbotix_ws/install/sllidar_ros2/share/sllidar_ros2/launch/sllidar_a2m7_launch.py
[0.266s] -- Up-to-date: /home/locobot/interbotix_ws/install/sllidar_ros2/share/sllidar_ros2/launch/sllidar_c1_launch.py
[0.266s] -- Up-to-date: /home/locobot/interbotix_ws/install/sllidar_ros2/share/sllidar_ros2/launch/view_sllidar_s2e_launch.py
[0.266s] -- Up-to-date: /home/locobot/interbotix_ws/install/sllidar_ros2/share/sllidar_ros2/launch/view_sllidar_s3_launch.py
[0.266s] -- Up-to-date: /home/locobot/interbotix_ws/install/sllidar_ros2/share/sllidar_ros2/launch/view_sllidar_a2m12_launch.py
[0.267s] -- Up-to-date: /home/locobot/interbotix_ws/install/sllidar_ros2/share/sllidar_ros2/launch/view_sllidar_c1_launch.py
[0.267s] -- Up-to-date: /home/locobot/interbotix_ws/install/sllidar_ros2/share/sllidar_ros2/launch/sllidar_s3_launch.py
[0.267s] -- Up-to-date: /home/locobot/interbotix_ws/install/sllidar_ros2/share/sllidar_ros2/launch/view_sllidar_a3_launch.py
[0.267s] -- Up-to-date: /home/locobot/interbotix_ws/install/sllidar_ros2/share/sllidar_ros2/launch/view_sllidar_a2m8_launch.py
[0.267s] -- Up-to-date: /home/locobot/interbotix_ws/install/sllidar_ros2/share/sllidar_ros2/launch/sllidar_s2_launch.py
[0.267s] -- Up-to-date: /home/locobot/interbotix_ws/install/sllidar_ros2/share/sllidar_ros2/launch/view_sllidar_s2_launch.py
[0.267s] -- Up-to-date: /home/locobot/interbotix_ws/install/sllidar_ros2/share/sllidar_ros2/launch/view_sllidar_a1_launch.py
[0.268s] -- Up-to-date: /home/locobot/interbotix_ws/install/sllidar_ros2/share/sllidar_ros2/launch/sllidar_s1_tcp_launch.py
[0.268s] -- Up-to-date: /home/locobot/interbotix_ws/install/sllidar_ros2/share/sllidar_ros2/launch/view_sllidar_s1_tcp_launch.py
[0.268s] -- Up-to-date: /home/locobot/interbotix_ws/install/sllidar_ros2/share/sllidar_ros2/launch/view_sllidar_t1_launch.py
[0.268s] -- Up-to-date: /home/locobot/interbotix_ws/install/sllidar_ros2/share/sllidar_ros2/launch/sllidar_a2m12_launch .py
[0.268s] -- Up-to-date: /home/locobot/interbotix_ws/install/sllidar_ros2/share/sllidar_ros2/launch/sllidar_a2m8_launch.py
[0.268s] -- Up-to-date: /home/locobot/interbotix_ws/install/sllidar_ros2/share/sllidar_ros2/launch/view_sllidar_a2m7_launch.py
[0.268s] -- Up-to-date: /home/locobot/interbotix_ws/install/sllidar_ros2/share/sllidar_ros2/rviz
[0.268s] -- Up-to-date: /home/locobot/interbotix_ws/install/sllidar_ros2/share/sllidar_ros2/rviz/sllidar_ros2.rviz
[0.268s] -- Up-to-date: /home/locobot/interbotix_ws/install/sllidar_ros2/lib/sllidar_ros2/sllidar_node
[0.269s] -- Up-to-date: /home/locobot/interbotix_ws/install/sllidar_ros2/lib/sllidar_ros2/sllidar_client
[0.269s] -- Up-to-date: /home/locobot/interbotix_ws/install/sllidar_ros2/share/ament_index/resource_index/package_run_dependencies/sllidar_ros2
[0.270s] -- Up-to-date: /home/locobot/interbotix_ws/install/sllidar_ros2/share/ament_index/resource_index/parent_prefix_path/sllidar_ros2
[0.270s] -- Up-to-date: /home/locobot/interbotix_ws/install/sllidar_ros2/share/sllidar_ros2/environment/ament_prefix_path.sh
[0.270s] -- Up-to-date: /home/locobot/interbotix_ws/install/sllidar_ros2/share/sllidar_ros2/environment/ament_prefix_path.dsv
[0.270s] -- Up-to-date: /home/locobot/interbotix_ws/install/sllidar_ros2/share/sllidar_ros2/environment/path.sh
[0.271s] -- Up-to-date: /home/locobot/interbotix_ws/install/sllidar_ros2/share/sllidar_ros2/environment/path.dsv
[0.271s] -- Up-to-date: /home/locobot/interbotix_ws/install/sllidar_ros2/share/sllidar_ros2/local_setup.bash
[0.271s] -- Up-to-date: /home/locobot/interbotix_ws/install/sllidar_ros2/share/sllidar_ros2/local_setup.sh
[0.271s] -- Up-to-date: /home/locobot/interbotix_ws/install/sllidar_ros2/share/sllidar_ros2/local_setup.zsh
[0.271s] -- Up-to-date: /home/locobot/interbotix_ws/install/sllidar_ros2/share/sllidar_ros2/local_setup.dsv
[0.271s] -- Installing: /home/locobot/interbotix_ws/install/sllidar_ros2/share/sllidar_ros2/package.dsv
[0.271s] -- Up-to-date: /home/locobot/interbotix_ws/install/sllidar_ros2/share/ament_index/resource_index/packages/sllidar_ros2
[0.271s] -- Up-to-date: /home/locobot/interbotix_ws/install/sllidar_ros2/share/sllidar_ros2/cmake/ament_cmake_export_dependencies-extras.cmake
[0.272s] -- Up-to-date: /home/locobot/interbotix_ws/install/sllidar_ros2/share/sllidar_ros2/cmake/ament_cmake_export_include_directories-extras.cmake
[0.272s] -- Up-to-date: /home/locobot/interbotix_ws/install/sllidar_ros2/share/sllidar_ros2/cmake/sllidar_ros2Config.cmake
[0.272s] -- Up-to-date: /home/locobot/interbotix_ws/install/sllidar_ros2/share/sllidar_ros2/cmake/sllidar_ros2Config-version.cmake
[0.272s] -- Up-to-date: /home/locobot/interbotix_ws/install/sllidar_ros2/share/sllidar_ros2/package.xml
[0.277s] Invoked command in '/home/locobot/interbotix_ws/build/sllidar_ros2' returned '0': CMAKE_PREFIX_PATH=${CMAKE_PREFIX_PATH}:/home/locobot/interbotix_ws/install/interbotix_xs_modules:/home/locobot/interbotix_ws/install/interbotix_perception_modules:/home/locobot/interbotix_ws/install/interbotix_common_modules:/opt/ros/humble /usr/bin/cmake --install /home/locobot/interbotix_ws/build/sllidar_ros2
