[0.035s] Invoking command in '/home/locobot/interbotix_ws/build/interbotix_tf_tools': CMAKE_PREFIX_PATH=${CMAKE_PREFIX_PATH}:/home/locobot/interbotix_ws/install/interbotix_xs_modules:/home/locobot/interbotix_ws/install/interbotix_perception_modules:/home/locobot/interbotix_ws/install/interbotix_common_modules:/opt/ros/humble /usr/bin/cmake --build /home/locobot/interbotix_ws/build/interbotix_tf_tools -- -j4 -l4
[0.103s] [100%] Built target tf_rebroadcaster
[0.130s] Invoked command in '/home/locobot/interbotix_ws/build/interbotix_tf_tools' returned '0': CMAKE_PREFIX_PATH=${CMAKE_PREFIX_PATH}:/home/locobot/interbotix_ws/install/interbotix_xs_modules:/home/locobot/interbotix_ws/install/interbotix_perception_modules:/home/locobot/interbotix_ws/install/interbotix_common_modules:/opt/ros/humble /usr/bin/cmake --build /home/locobot/interbotix_ws/build/interbotix_tf_tools -- -j4 -l4
[0.169s] Invoking command in '/home/locobot/interbotix_ws/build/interbotix_tf_tools': CMAKE_PREFIX_PATH=${CMAKE_PREFIX_PATH}:/home/locobot/interbotix_ws/install/interbotix_xs_modules:/home/locobot/interbotix_ws/install/interbotix_perception_modules:/home/locobot/interbotix_ws/install/interbotix_common_modules:/opt/ros/humble /usr/bin/cmake --install /home/locobot/interbotix_ws/build/interbotix_tf_tools
[0.180s] -- Install configuration: ""
[0.180s] -- Up-to-date: /home/locobot/interbotix_ws/install/interbotix_tf_tools/lib/libtf_rebroadcaster.so
[0.181s] -- Up-to-date: /home/locobot/interbotix_ws/install/interbotix_tf_tools/lib/interbotix_tf_tools/static_trans_pub.py
[0.181s] -- Up-to-date: /home/locobot/interbotix_ws/install/interbotix_tf_tools/share/interbotix_tf_tools//config
[0.181s] -- Up-to-date: /home/locobot/interbotix_ws/install/interbotix_tf_tools/share/interbotix_tf_tools//config/tf_rebroadcaster.yaml
[0.182s] -- Up-to-date: /home/locobot/interbotix_ws/install/interbotix_tf_tools/share/interbotix_tf_tools//launch
[0.182s] -- Up-to-date: /home/locobot/interbotix_ws/install/interbotix_tf_tools/share/interbotix_tf_tools//launch/tf_rebroadcaster.launch.py
[0.182s] -- Up-to-date: /home/locobot/interbotix_ws/install/interbotix_tf_tools/share/interbotix_tf_tools//launch/static_transform_pub.launch.py
[0.182s] -- Up-to-date: /home/locobot/interbotix_ws/install/interbotix_tf_tools/share/ament_index/resource_index/package_run_dependencies/interbotix_tf_tools
[0.182s] -- Up-to-date: /home/locobot/interbotix_ws/install/interbotix_tf_tools/share/ament_index/resource_index/parent_prefix_path/interbotix_tf_tools
[0.183s] -- Up-to-date: /home/locobot/interbotix_ws/install/interbotix_tf_tools/share/interbotix_tf_tools/environment/ament_prefix_path.sh
[0.183s] -- Up-to-date: /home/locobot/interbotix_ws/install/interbotix_tf_tools/share/interbotix_tf_tools/environment/ament_prefix_path.dsv
[0.183s] -- Up-to-date: /home/locobot/interbotix_ws/install/interbotix_tf_tools/share/interbotix_tf_tools/environment/path.sh
[0.183s] -- Up-to-date: /home/locobot/interbotix_ws/install/interbotix_tf_tools/share/interbotix_tf_tools/environment/path.dsv
[0.184s] -- Up-to-date: /home/locobot/interbotix_ws/install/interbotix_tf_tools/share/interbotix_tf_tools/local_setup.bash
[0.184s] -- Up-to-date: /home/locobot/interbotix_ws/install/interbotix_tf_tools/share/interbotix_tf_tools/local_setup.sh
[0.184s] -- Up-to-date: /home/locobot/interbotix_ws/install/interbotix_tf_tools/share/interbotix_tf_tools/local_setup.zsh
[0.184s] -- Up-to-date: /home/locobot/interbotix_ws/install/interbotix_tf_tools/share/interbotix_tf_tools/local_setup.dsv
[0.185s] -- Installing: /home/locobot/interbotix_ws/install/interbotix_tf_tools/share/interbotix_tf_tools/package.dsv
[0.185s] -- Up-to-date: /home/locobot/interbotix_ws/install/interbotix_tf_tools/share/ament_index/resource_index/packages/interbotix_tf_tools
[0.185s] -- Up-to-date: /home/locobot/interbotix_ws/install/interbotix_tf_tools/share/ament_index/resource_index/rclcpp_components/interbotix_tf_tools
[0.186s] -- Up-to-date: /home/locobot/interbotix_ws/install/interbotix_tf_tools/share/interbotix_tf_tools/cmake/interbotix_tf_toolsConfig.cmake
[0.186s] -- Up-to-date: /home/locobot/interbotix_ws/install/interbotix_tf_tools/share/interbotix_tf_tools/cmake/interbotix_tf_toolsConfig-version.cmake
[0.186s] -- Up-to-date: /home/locobot/interbotix_ws/install/interbotix_tf_tools/share/interbotix_tf_tools/package.xml
[0.189s] Invoked command in '/home/locobot/interbotix_ws/build/interbotix_tf_tools' returned '0': CMAKE_PREFIX_PATH=${CMAKE_PREFIX_PATH}:/home/locobot/interbotix_ws/install/interbotix_xs_modules:/home/locobot/interbotix_ws/install/interbotix_perception_modules:/home/locobot/interbotix_ws/install/interbotix_common_modules:/opt/ros/humble /usr/bin/cmake --install /home/locobot/interbotix_ws/build/interbotix_tf_tools
