[0.069s] Invoking command in '/home/locobot/interbotix_ws/build/irobot_create_control': CMAKE_PREFIX_PATH=${CMAKE_PREFIX_PATH}:/home/locobot/locobot_ws/install/yolov8_ros:/home/locobot/locobot_ws/install/detection:/home/locobot/locobot_ws/install/locobot_move:/home/locobot/locobot_ws/install/create3_teleop:/home/locobot/locobot_ws/install/create3_examples_py:/home/locobot/interbotix_ws/install/interbotix_xslocobot_control:/home/locobot/interbotix_ws/install/interbotix_xs_modules:/home/locobot/interbotix_ws/install/interbotix_perception_modules:/home/locobot/interbotix_ws/install/interbotix_common_modules:/opt/ros/humble /usr/bin/cmake --build /home/locobot/interbotix_ws/build/irobot_create_control -- -j4 -l4
[0.140s] -- Found ament_cmake: 1.3.11 (/opt/ros/humble/share/ament_cmake/cmake)
[0.425s] -- Found ament_lint_auto: 0.12.11 (/opt/ros/humble/share/ament_lint_auto/cmake)
[0.700s] -- Added test 'flake8' to check Python code syntax and style conventions
[0.701s] -- Added test 'lint_cmake' to check CMake code style
[0.701s] -- Added test 'pep257' to check Python code against some of the docstring style conventions in PEP 257
[0.702s] -- Added test 'xmllint' to check XML markup files
[0.708s] -- Configuring done
[0.725s] -- Generating done
[0.729s] -- Build files have been written to: /home/locobot/interbotix_ws/build/irobot_create_control
[0.789s] Invoked command in '/home/locobot/interbotix_ws/build/irobot_create_control' returned '0': CMAKE_PREFIX_PATH=${CMAKE_PREFIX_PATH}:/home/locobot/locobot_ws/install/yolov8_ros:/home/locobot/locobot_ws/install/detection:/home/locobot/locobot_ws/install/locobot_move:/home/locobot/locobot_ws/install/create3_teleop:/home/locobot/locobot_ws/install/create3_examples_py:/home/locobot/interbotix_ws/install/interbotix_xslocobot_control:/home/locobot/interbotix_ws/install/interbotix_xs_modules:/home/locobot/interbotix_ws/install/interbotix_perception_modules:/home/locobot/interbotix_ws/install/interbotix_common_modules:/opt/ros/humble /usr/bin/cmake --build /home/locobot/interbotix_ws/build/irobot_create_control -- -j4 -l4
[0.859s] Invoking command in '/home/locobot/interbotix_ws/build/irobot_create_control': CMAKE_PREFIX_PATH=${CMAKE_PREFIX_PATH}:/home/locobot/locobot_ws/install/yolov8_ros:/home/locobot/locobot_ws/install/detection:/home/locobot/locobot_ws/install/locobot_move:/home/locobot/locobot_ws/install/create3_teleop:/home/locobot/locobot_ws/install/create3_examples_py:/home/locobot/interbotix_ws/install/interbotix_xslocobot_control:/home/locobot/interbotix_ws/install/interbotix_xs_modules:/home/locobot/interbotix_ws/install/interbotix_perception_modules:/home/locobot/interbotix_ws/install/interbotix_common_modules:/opt/ros/humble /usr/bin/cmake --install /home/locobot/interbotix_ws/build/irobot_create_control
[0.879s] -- Install configuration: ""
[0.879s] -- Up-to-date: /home/locobot/interbotix_ws/install/irobot_create_control/share/irobot_create_control//launch
[0.882s] -- Up-to-date: /home/locobot/interbotix_ws/install/irobot_create_control/share/irobot_create_control//launch/include
[0.882s] -- Up-to-date: /home/locobot/interbotix_ws/install/irobot_create_control/share/irobot_create_control//launch/include/control.py
[0.882s] -- Up-to-date: /home/locobot/interbotix_ws/install/irobot_create_control/share/irobot_create_control//config
[0.883s] -- Up-to-date: /home/locobot/interbotix_ws/install/irobot_create_control/share/irobot_create_control//config/control.yaml
[0.883s] -- Up-to-date: /home/locobot/interbotix_ws/install/irobot_create_control/share/ament_index/resource_index/package_run_dependencies/irobot_create_control
[0.883s] -- Installing: /home/locobot/interbotix_ws/install/irobot_create_control/share/ament_index/resource_index/parent_prefix_path/irobot_create_control
[0.884s] -- Installing: /home/locobot/interbotix_ws/install/irobot_create_control/share/irobot_create_control/environment/ament_prefix_path.sh
[0.884s] -- Installing: /home/locobot/interbotix_ws/install/irobot_create_control/share/irobot_create_control/environment/ament_prefix_path.dsv
[0.884s] -- Installing: /home/locobot/interbotix_ws/install/irobot_create_control/share/irobot_create_control/environment/path.sh
[0.884s] -- Installing: /home/locobot/interbotix_ws/install/irobot_create_control/share/irobot_create_control/environment/path.dsv
[0.885s] -- Up-to-date: /home/locobot/interbotix_ws/install/irobot_create_control/share/irobot_create_control/local_setup.bash
[0.885s] -- Up-to-date: /home/locobot/interbotix_ws/install/irobot_create_control/share/irobot_create_control/local_setup.sh
[0.885s] -- Up-to-date: /home/locobot/interbotix_ws/install/irobot_create_control/share/irobot_create_control/local_setup.zsh
[0.885s] -- Installing: /home/locobot/interbotix_ws/install/irobot_create_control/share/irobot_create_control/local_setup.dsv
[0.885s] -- Installing: /home/locobot/interbotix_ws/install/irobot_create_control/share/irobot_create_control/package.dsv
[0.885s] -- Up-to-date: /home/locobot/interbotix_ws/install/irobot_create_control/share/ament_index/resource_index/packages/irobot_create_control
[0.885s] -- Up-to-date: /home/locobot/interbotix_ws/install/irobot_create_control/share/irobot_create_control/cmake/irobot_create_controlConfig.cmake
[0.885s] -- Up-to-date: /home/locobot/interbotix_ws/install/irobot_create_control/share/irobot_create_control/cmake/irobot_create_controlConfig-version.cmake
[0.885s] -- Up-to-date: /home/locobot/interbotix_ws/install/irobot_create_control/share/irobot_create_control/package.xml
[0.892s] Invoked command in '/home/locobot/interbotix_ws/build/irobot_create_control' returned '0': CMAKE_PREFIX_PATH=${CMAKE_PREFIX_PATH}:/home/locobot/locobot_ws/install/yolov8_ros:/home/locobot/locobot_ws/install/detection:/home/locobot/locobot_ws/install/locobot_move:/home/locobot/locobot_ws/install/create3_teleop:/home/locobot/locobot_ws/install/create3_examples_py:/home/locobot/interbotix_ws/install/interbotix_xslocobot_control:/home/locobot/interbotix_ws/install/interbotix_xs_modules:/home/locobot/interbotix_ws/install/interbotix_perception_modules:/home/locobot/interbotix_ws/install/interbotix_common_modules:/opt/ros/humble /usr/bin/cmake --install /home/locobot/interbotix_ws/build/irobot_create_control
