[0.022s] Invoking command in '/home/locobot/interbotix_ws/build/irobot_create_control': CMAKE_PREFIX_PATH=${CMAKE_PREFIX_PATH}:/home/locobot/locobot_ws/install/yolov8_ros:/home/locobot/locobot_ws/install/detection:/home/locobot/locobot_ws/install/locobot_move:/home/locobot/locobot_ws/install/locobot_bringup:/home/locobot/locobot_ws/install/create3_teleop:/home/locobot/locobot_ws/install/create3_examples_py:/home/locobot/interbotix_ws/install/interbotix_xs_modules:/home/locobot/interbotix_ws/install/interbotix_perception_modules:/home/locobot/interbotix_ws/install/interbotix_common_modules:/opt/ros/humble /usr/bin/cmake --build /home/locobot/interbotix_ws/build/irobot_create_control -- -j4 -l4
[0.084s] Invoked command in '/home/locobot/interbotix_ws/build/irobot_create_control' returned '0': CMAKE_PREFIX_PATH=${CMAKE_PREFIX_PATH}:/home/locobot/locobot_ws/install/yolov8_ros:/home/locobot/locobot_ws/install/detection:/home/locobot/locobot_ws/install/locobot_move:/home/locobot/locobot_ws/install/locobot_bringup:/home/locobot/locobot_ws/install/create3_teleop:/home/locobot/locobot_ws/install/create3_examples_py:/home/locobot/interbotix_ws/install/interbotix_xs_modules:/home/locobot/interbotix_ws/install/interbotix_perception_modules:/home/locobot/interbotix_ws/install/interbotix_common_modules:/opt/ros/humble /usr/bin/cmake --build /home/locobot/interbotix_ws/build/irobot_create_control -- -j4 -l4
[0.147s] Invoking command in '/home/locobot/interbotix_ws/build/irobot_create_control': CMAKE_PREFIX_PATH=${CMAKE_PREFIX_PATH}:/home/locobot/locobot_ws/install/yolov8_ros:/home/locobot/locobot_ws/install/detection:/home/locobot/locobot_ws/install/locobot_move:/home/locobot/locobot_ws/install/locobot_bringup:/home/locobot/locobot_ws/install/create3_teleop:/home/locobot/locobot_ws/install/create3_examples_py:/home/locobot/interbotix_ws/install/interbotix_xs_modules:/home/locobot/interbotix_ws/install/interbotix_perception_modules:/home/locobot/interbotix_ws/install/interbotix_common_modules:/opt/ros/humble /usr/bin/cmake --install /home/locobot/interbotix_ws/build/irobot_create_control
[0.159s] -- Install configuration: ""
[0.160s] -- Up-to-date: /home/locobot/interbotix_ws/install/irobot_create_control/share/irobot_create_control//launch
[0.161s] -- Up-to-date: /home/locobot/interbotix_ws/install/irobot_create_control/share/irobot_create_control//launch/include
[0.161s] -- Up-to-date: /home/locobot/interbotix_ws/install/irobot_create_control/share/irobot_create_control//launch/include/control.py
[0.161s] -- Up-to-date: /home/locobot/interbotix_ws/install/irobot_create_control/share/irobot_create_control//config
[0.161s] -- Up-to-date: /home/locobot/interbotix_ws/install/irobot_create_control/share/irobot_create_control//config/control.yaml
[0.161s] -- Up-to-date: /home/locobot/interbotix_ws/install/irobot_create_control/share/ament_index/resource_index/package_run_dependencies/irobot_create_control
[0.161s] -- Up-to-date: /home/locobot/interbotix_ws/install/irobot_create_control/share/ament_index/resource_index/parent_prefix_path/irobot_create_control
[0.163s] -- Up-to-date: /home/locobot/interbotix_ws/install/irobot_create_control/share/irobot_create_control/environment/ament_prefix_path.sh
[0.163s] -- Up-to-date: /home/locobot/interbotix_ws/install/irobot_create_control/share/irobot_create_control/environment/ament_prefix_path.dsv
[0.163s] -- Up-to-date: /home/locobot/interbotix_ws/install/irobot_create_control/share/irobot_create_control/environment/path.sh
[0.163s] -- Up-to-date: /home/locobot/interbotix_ws/install/irobot_create_control/share/irobot_create_control/environment/path.dsv
[0.163s] -- Up-to-date: /home/locobot/interbotix_ws/install/irobot_create_control/share/irobot_create_control/local_setup.bash
[0.163s] -- Up-to-date: /home/locobot/interbotix_ws/install/irobot_create_control/share/irobot_create_control/local_setup.sh
[0.164s] -- Up-to-date: /home/locobot/interbotix_ws/install/irobot_create_control/share/irobot_create_control/local_setup.zsh
[0.166s] -- Up-to-date: /home/locobot/interbotix_ws/install/irobot_create_control/share/irobot_create_control/local_setup.dsv
[0.166s] -- Installing: /home/locobot/interbotix_ws/install/irobot_create_control/share/irobot_create_control/package.dsv
[0.167s] -- Up-to-date: /home/locobot/interbotix_ws/install/irobot_create_control/share/ament_index/resource_index/packages/irobot_create_control
[0.167s] -- Up-to-date: /home/locobot/interbotix_ws/install/irobot_create_control/share/irobot_create_control/cmake/irobot_create_controlConfig.cmake
[0.167s] -- Up-to-date: /home/locobot/interbotix_ws/install/irobot_create_control/share/irobot_create_control/cmake/irobot_create_controlConfig-version.cmake
[0.170s] -- Up-to-date: /home/locobot/interbotix_ws/install/irobot_create_control/share/irobot_create_control/package.xml
[0.174s] Invoked command in '/home/locobot/interbotix_ws/build/irobot_create_control' returned '0': CMAKE_PREFIX_PATH=${CMAKE_PREFIX_PATH}:/home/locobot/locobot_ws/install/yolov8_ros:/home/locobot/locobot_ws/install/detection:/home/locobot/locobot_ws/install/locobot_move:/home/locobot/locobot_ws/install/locobot_bringup:/home/locobot/locobot_ws/install/create3_teleop:/home/locobot/locobot_ws/install/create3_examples_py:/home/locobot/interbotix_ws/install/interbotix_xs_modules:/home/locobot/interbotix_ws/install/interbotix_perception_modules:/home/locobot/interbotix_ws/install/interbotix_common_modules:/opt/ros/humble /usr/bin/cmake --install /home/locobot/interbotix_ws/build/irobot_create_control
