[0.056s] Invoking command in '/home/locobot/interbotix_ws/build/interbotix_tf_tools': CMAKE_PREFIX_PATH=${CMAKE_PREFIX_PATH}:/opt/ros/humble /usr/bin/cmake /home/locobot/interbotix_ws/src/interbotix_ros_toolboxes/interbotix_common_toolbox/interbotix_tf_tools -DCMAKE_INSTALL_PREFIX=/home/locobot/interbotix_ws/install/interbotix_tf_tools
[0.314s] -- The C compiler identification is GNU 11.4.0
[0.560s] -- The CXX compiler identification is GNU 11.4.0
[0.576s] -- Detecting C compiler ABI info
[0.952s] -- Detecting C compiler ABI info - done
[0.973s] -- Check for working C compiler: /usr/bin/cc - skipped
[0.974s] -- Detecting C compile features
[0.974s] -- Detecting C compile features - done
[0.978s] -- Detecting CXX compiler ABI info
[1.369s] -- Detecting CXX compiler ABI info - done
[1.391s] -- Check for working CXX compiler: /usr/bin/c++ - skipped
[1.405s] -- Detecting CXX compile features
[1.406s] -- Detecting CXX compile features - done
[1.410s] -- Found ament_cmake: 1.3.8 (/opt/ros/humble/share/ament_cmake/cmake)
[1.884s] -- Found Python3: /usr/bin/python3 (found version "3.10.12") found components: Interpreter 
[2.158s] -- Found geometry_msgs: 4.2.3 (/opt/ros/humble/share/geometry_msgs/cmake)
[2.267s] -- Found rosidl_generator_c: 3.1.5 (/opt/ros/humble/share/rosidl_generator_c/cmake)
[2.288s] -- Found rosidl_adapter: 3.1.5 (/opt/ros/humble/share/rosidl_adapter/cmake)
[2.307s] -- Found rosidl_generator_cpp: 3.1.5 (/opt/ros/humble/share/rosidl_generator_cpp/cmake)
[2.352s] -- Using all available rosidl_typesupport_c: rosidl_typesupport_fastrtps_c;rosidl_typesupport_introspection_c
[2.417s] -- Using all available rosidl_typesupport_cpp: rosidl_typesupport_fastrtps_cpp;rosidl_typesupport_introspection_cpp
[2.840s] -- Found rclcpp: 16.0.8 (/opt/ros/humble/share/rclcpp/cmake)
[3.034s] -- Found rmw_implementation_cmake: 6.1.1 (/opt/ros/humble/share/rmw_implementation_cmake/cmake)
[3.042s] -- Found rmw_fastrtps_cpp: 6.2.6 (/opt/ros/humble/share/rmw_fastrtps_cpp/cmake)
[3.567s] -- Found OpenSSL: /usr/lib/x86_64-linux-gnu/libcrypto.so (found version "3.0.2")  
[3.640s] -- Found FastRTPS: /opt/ros/humble/include  
[3.767s] -- Using RMW implementation 'rmw_fastrtps_cpp' as default
[3.781s] -- Looking for pthread.h
[4.036s] -- Looking for pthread.h - found
[4.036s] -- Performing Test CMAKE_HAVE_LIBC_PTHREAD
[4.249s] -- Performing Test CMAKE_HAVE_LIBC_PTHREAD - Success
[4.251s] -- Found Threads: TRUE  
[4.598s] -- Found rclcpp_components: 16.0.8 (/opt/ros/humble/share/rclcpp_components/cmake)
[4.764s] -- Found tf2_msgs: 0.25.6 (/opt/ros/humble/share/tf2_msgs/cmake)
[5.124s] -- Found tf2_ros: 0.25.6 (/opt/ros/humble/share/tf2_ros/cmake)
[5.359s] -- Found ament_lint_auto: 0.12.10 (/opt/ros/humble/share/ament_lint_auto/cmake)
[5.603s] -- Added test 'copyright' to check source files copyright and LICENSE
[5.605s] -- Added test 'cppcheck' to perform static code analysis on C / C++ code
[5.607s] -- Configured cppcheck include dirs: /home/locobot/interbotix_ws/src/interbotix_ros_toolboxes/interbotix_common_toolbox/interbotix_tf_tools/include
[5.613s] -- Configured cppcheck exclude dirs and/or files: 
[5.627s] -- Added test 'cpplint' to check C / C++ code against the Google style
[5.627s] -- Configured cpplint exclude dirs and/or files: 
[5.628s] -- Added test 'flake8' to check Python code syntax and style conventions
[5.630s] -- Added test 'lint_cmake' to check CMake code style
[5.630s] -- Added test 'pep257' to check Python code against some of the docstring style conventions in PEP 257
[5.632s] -- Added test 'uncrustify' to check C / C++ code style
[5.632s] -- Configured uncrustify additional arguments: 
[5.633s] -- Added test 'xmllint' to check XML markup files
[5.634s] -- Configuring done
[5.659s] -- Generating done
[5.673s] -- Build files have been written to: /home/locobot/interbotix_ws/build/interbotix_tf_tools
[5.705s] Invoked command in '/home/locobot/interbotix_ws/build/interbotix_tf_tools' returned '0': CMAKE_PREFIX_PATH=${CMAKE_PREFIX_PATH}:/opt/ros/humble /usr/bin/cmake /home/locobot/interbotix_ws/src/interbotix_ros_toolboxes/interbotix_common_toolbox/interbotix_tf_tools -DCMAKE_INSTALL_PREFIX=/home/locobot/interbotix_ws/install/interbotix_tf_tools
[5.706s] Invoking command in '/home/locobot/interbotix_ws/build/interbotix_tf_tools': CMAKE_PREFIX_PATH=${CMAKE_PREFIX_PATH}:/opt/ros/humble /usr/bin/cmake --build /home/locobot/interbotix_ws/build/interbotix_tf_tools -- -j4 -l4
[5.946s] [ 50%] [32mBuilding CXX object CMakeFiles/tf_rebroadcaster.dir/src/tf_rebroadcaster.cpp.o[0m
[23.617s] [100%] [32m[1mLinking CXX shared library libtf_rebroadcaster.so[0m
[24.478s] [100%] Built target tf_rebroadcaster
[24.489s] Invoked command in '/home/locobot/interbotix_ws/build/interbotix_tf_tools' returned '0': CMAKE_PREFIX_PATH=${CMAKE_PREFIX_PATH}:/opt/ros/humble /usr/bin/cmake --build /home/locobot/interbotix_ws/build/interbotix_tf_tools -- -j4 -l4
[24.521s] Invoking command in '/home/locobot/interbotix_ws/build/interbotix_tf_tools': CMAKE_PREFIX_PATH=${CMAKE_PREFIX_PATH}:/opt/ros/humble /usr/bin/cmake --install /home/locobot/interbotix_ws/build/interbotix_tf_tools
[24.532s] -- Install configuration: ""
[24.532s] -- Installing: /home/locobot/interbotix_ws/install/interbotix_tf_tools/lib/libtf_rebroadcaster.so
[24.539s] -- Set runtime path of "/home/locobot/interbotix_ws/install/interbotix_tf_tools/lib/libtf_rebroadcaster.so" to ""
[24.539s] -- Installing: /home/locobot/interbotix_ws/install/interbotix_tf_tools/lib/interbotix_tf_tools/static_trans_pub.py
[24.539s] -- Installing: /home/locobot/interbotix_ws/install/interbotix_tf_tools/share/interbotix_tf_tools//config
[24.539s] -- Installing: /home/locobot/interbotix_ws/install/interbotix_tf_tools/share/interbotix_tf_tools//config/tf_rebroadcaster.yaml
[24.539s] -- Installing: /home/locobot/interbotix_ws/install/interbotix_tf_tools/share/interbotix_tf_tools//launch
[24.540s] -- Installing: /home/locobot/interbotix_ws/install/interbotix_tf_tools/share/interbotix_tf_tools//launch/tf_rebroadcaster.launch.py
[24.540s] -- Installing: /home/locobot/interbotix_ws/install/interbotix_tf_tools/share/interbotix_tf_tools//launch/static_transform_pub.launch.py
[24.540s] -- Installing: /home/locobot/interbotix_ws/install/interbotix_tf_tools/share/ament_index/resource_index/package_run_dependencies/interbotix_tf_tools
[24.540s] -- Installing: /home/locobot/interbotix_ws/install/interbotix_tf_tools/share/ament_index/resource_index/parent_prefix_path/interbotix_tf_tools
[24.540s] -- Installing: /home/locobot/interbotix_ws/install/interbotix_tf_tools/share/interbotix_tf_tools/environment/ament_prefix_path.sh
[24.540s] -- Installing: /home/locobot/interbotix_ws/install/interbotix_tf_tools/share/interbotix_tf_tools/environment/ament_prefix_path.dsv
[24.541s] -- Installing: /home/locobot/interbotix_ws/install/interbotix_tf_tools/share/interbotix_tf_tools/environment/path.sh
[24.541s] -- Installing: /home/locobot/interbotix_ws/install/interbotix_tf_tools/share/interbotix_tf_tools/environment/path.dsv
[24.541s] -- Installing: /home/locobot/interbotix_ws/install/interbotix_tf_tools/share/interbotix_tf_tools/local_setup.bash
[24.541s] -- Installing: /home/locobot/interbotix_ws/install/interbotix_tf_tools/share/interbotix_tf_tools/local_setup.sh
[24.541s] -- Installing: /home/locobot/interbotix_ws/install/interbotix_tf_tools/share/interbotix_tf_tools/local_setup.zsh
[24.541s] -- Installing: /home/locobot/interbotix_ws/install/interbotix_tf_tools/share/interbotix_tf_tools/local_setup.dsv
[24.542s] -- Installing: /home/locobot/interbotix_ws/install/interbotix_tf_tools/share/interbotix_tf_tools/package.dsv
[24.542s] -- Installing: /home/locobot/interbotix_ws/install/interbotix_tf_tools/share/ament_index/resource_index/packages/interbotix_tf_tools
[24.542s] -- Installing: /home/locobot/interbotix_ws/install/interbotix_tf_tools/share/ament_index/resource_index/rclcpp_components/interbotix_tf_tools
[24.542s] -- Installing: /home/locobot/interbotix_ws/install/interbotix_tf_tools/share/interbotix_tf_tools/cmake/interbotix_tf_toolsConfig.cmake
[24.542s] -- Installing: /home/locobot/interbotix_ws/install/interbotix_tf_tools/share/interbotix_tf_tools/cmake/interbotix_tf_toolsConfig-version.cmake
[24.542s] -- Installing: /home/locobot/interbotix_ws/install/interbotix_tf_tools/share/interbotix_tf_tools/package.xml
[24.552s] Invoked command in '/home/locobot/interbotix_ws/build/interbotix_tf_tools' returned '0': CMAKE_PREFIX_PATH=${CMAKE_PREFIX_PATH}:/opt/ros/humble /usr/bin/cmake --install /home/locobot/interbotix_ws/build/interbotix_tf_tools
