[0.021s] Invoking command in '/home/locobot/interbotix_ws/build/interbotix_xsarm_ros_control': AMENT_PREFIX_PATH=/home/locobot/interbotix_ws/install/interbotix_xsarm_control:/home/locobot/interbotix_ws/install/interbotix_xsarm_descriptions:/home/locobot/interbotix_ws/install/interbotix_xs_modules:/home/locobot/interbotix_ws/install/interbotix_xs_sdk:/home/locobot/interbotix_ws/install/interbotix_xs_ros_control:/home/locobot/interbotix_ws/install/interbotix_xs_driver:/home/locobot/interbotix_ws/install/interbotix_xs_msgs:/home/locobot/interbotix_ws/install/interbotix_common_modules:/home/locobot/interbotix_ws/install/dynamixel_workbench_toolbox:${AMENT_PREFIX_PATH} CMAKE_PREFIX_PATH=/home/locobot/interbotix_ws/install/interbotix_xsarm_control:/home/locobot/interbotix_ws/install/interbotix_xsarm_descriptions:/home/locobot/interbotix_ws/install/interbotix_xs_sdk:/home/locobot/interbotix_ws/install/interbotix_xs_ros_control:/home/locobot/interbotix_ws/install/interbotix_xs_driver:/home/locobot/interbotix_ws/install/interbotix_xs_msgs:/home/locobot/interbotix_ws/install/dynamixel_workbench_toolbox:/home/locobot/apriltag_ws/install/apriltag_ros:/opt/ros/humble LD_LIBRARY_PATH=/home/locobot/interbotix_ws/install/interbotix_xs_ros_control/lib:/home/locobot/interbotix_ws/install/interbotix_xs_driver/lib:/home/locobot/interbotix_ws/install/interbotix_xs_msgs/lib:/home/locobot/interbotix_ws/install/dynamixel_workbench_toolbox/lib:${LD_LIBRARY_PATH} PYTHONPATH=/home/locobot/interbotix_ws/install/interbotix_xs_modules/lib/python3.10/site-packages:/home/locobot/interbotix_ws/install/interbotix_xs_msgs/local/lib/python3.10/dist-packages:/home/locobot/interbotix_ws/install/interbotix_common_modules/lib/python3.10/site-packages:${PYTHONPATH} /usr/bin/cmake /home/locobot/interbotix_ws/src/interbotix_ros_manipulators/interbotix_ros_xsarms/interbotix_xsarm_ros_control -DCMAKE_INSTALL_PREFIX=/home/locobot/interbotix_ws/install/interbotix_xsarm_ros_control
[0.099s] -- The C compiler identification is GNU 11.4.0
[0.188s] -- The CXX compiler identification is GNU 11.4.0
[0.198s] -- Detecting C compiler ABI info
[0.283s] -- Detecting C compiler ABI info - done
[0.296s] -- Check for working C compiler: /usr/bin/cc - skipped
[0.296s] -- Detecting C compile features
[0.309s] -- Detecting C compile features - done
[0.309s] -- Detecting CXX compiler ABI info
[0.405s] -- Detecting CXX compiler ABI info - done
[0.418s] -- Check for working CXX compiler: /usr/bin/c++ - skipped
[0.418s] -- Detecting CXX compile features
[0.419s] -- Detecting CXX compile features - done
[0.423s] -- Found ament_cmake: 1.3.8 (/opt/ros/humble/share/ament_cmake/cmake)
[0.638s] -- Found Python3: /usr/bin/python3 (found version "3.10.12") found components: Interpreter 
[0.774s] -- Found ament_lint_auto: 0.12.10 (/opt/ros/humble/share/ament_lint_auto/cmake)
[0.896s] -- Added test 'copyright' to check source files copyright and LICENSE
[0.899s] -- Added test 'flake8' to check Python code syntax and style conventions
[0.900s] -- Added test 'lint_cmake' to check CMake code style
[0.901s] -- Added test 'pep257' to check Python code against some of the docstring style conventions in PEP 257
[0.903s] -- Added test 'xmllint' to check XML markup files
[0.904s] -- Configuring done
[0.909s] -- Generating done
[0.911s] -- Build files have been written to: /home/locobot/interbotix_ws/build/interbotix_xsarm_ros_control
[0.918s] Invoked command in '/home/locobot/interbotix_ws/build/interbotix_xsarm_ros_control' returned '0': AMENT_PREFIX_PATH=/home/locobot/interbotix_ws/install/interbotix_xsarm_control:/home/locobot/interbotix_ws/install/interbotix_xsarm_descriptions:/home/locobot/interbotix_ws/install/interbotix_xs_modules:/home/locobot/interbotix_ws/install/interbotix_xs_sdk:/home/locobot/interbotix_ws/install/interbotix_xs_ros_control:/home/locobot/interbotix_ws/install/interbotix_xs_driver:/home/locobot/interbotix_ws/install/interbotix_xs_msgs:/home/locobot/interbotix_ws/install/interbotix_common_modules:/home/locobot/interbotix_ws/install/dynamixel_workbench_toolbox:${AMENT_PREFIX_PATH} CMAKE_PREFIX_PATH=/home/locobot/interbotix_ws/install/interbotix_xsarm_control:/home/locobot/interbotix_ws/install/interbotix_xsarm_descriptions:/home/locobot/interbotix_ws/install/interbotix_xs_sdk:/home/locobot/interbotix_ws/install/interbotix_xs_ros_control:/home/locobot/interbotix_ws/install/interbotix_xs_driver:/home/locobot/interbotix_ws/install/interbotix_xs_msgs:/home/locobot/interbotix_ws/install/dynamixel_workbench_toolbox:/home/locobot/apriltag_ws/install/apriltag_ros:/opt/ros/humble LD_LIBRARY_PATH=/home/locobot/interbotix_ws/install/interbotix_xs_ros_control/lib:/home/locobot/interbotix_ws/install/interbotix_xs_driver/lib:/home/locobot/interbotix_ws/install/interbotix_xs_msgs/lib:/home/locobot/interbotix_ws/install/dynamixel_workbench_toolbox/lib:${LD_LIBRARY_PATH} PYTHONPATH=/home/locobot/interbotix_ws/install/interbotix_xs_modules/lib/python3.10/site-packages:/home/locobot/interbotix_ws/install/interbotix_xs_msgs/local/lib/python3.10/dist-packages:/home/locobot/interbotix_ws/install/interbotix_common_modules/lib/python3.10/site-packages:${PYTHONPATH} /usr/bin/cmake /home/locobot/interbotix_ws/src/interbotix_ros_manipulators/interbotix_ros_xsarms/interbotix_xsarm_ros_control -DCMAKE_INSTALL_PREFIX=/home/locobot/interbotix_ws/install/interbotix_xsarm_ros_control
[0.919s] Invoking command in '/home/locobot/interbotix_ws/build/interbotix_xsarm_ros_control': AMENT_PREFIX_PATH=/home/locobot/interbotix_ws/install/interbotix_xsarm_control:/home/locobot/interbotix_ws/install/interbotix_xsarm_descriptions:/home/locobot/interbotix_ws/install/interbotix_xs_modules:/home/locobot/interbotix_ws/install/interbotix_xs_sdk:/home/locobot/interbotix_ws/install/interbotix_xs_ros_control:/home/locobot/interbotix_ws/install/interbotix_xs_driver:/home/locobot/interbotix_ws/install/interbotix_xs_msgs:/home/locobot/interbotix_ws/install/interbotix_common_modules:/home/locobot/interbotix_ws/install/dynamixel_workbench_toolbox:${AMENT_PREFIX_PATH} CMAKE_PREFIX_PATH=/home/locobot/interbotix_ws/install/interbotix_xsarm_control:/home/locobot/interbotix_ws/install/interbotix_xsarm_descriptions:/home/locobot/interbotix_ws/install/interbotix_xs_sdk:/home/locobot/interbotix_ws/install/interbotix_xs_ros_control:/home/locobot/interbotix_ws/install/interbotix_xs_driver:/home/locobot/interbotix_ws/install/interbotix_xs_msgs:/home/locobot/interbotix_ws/install/dynamixel_workbench_toolbox:/home/locobot/apriltag_ws/install/apriltag_ros:/opt/ros/humble LD_LIBRARY_PATH=/home/locobot/interbotix_ws/install/interbotix_xs_ros_control/lib:/home/locobot/interbotix_ws/install/interbotix_xs_driver/lib:/home/locobot/interbotix_ws/install/interbotix_xs_msgs/lib:/home/locobot/interbotix_ws/install/dynamixel_workbench_toolbox/lib:${LD_LIBRARY_PATH} PYTHONPATH=/home/locobot/interbotix_ws/install/interbotix_xs_modules/lib/python3.10/site-packages:/home/locobot/interbotix_ws/install/interbotix_xs_msgs/local/lib/python3.10/dist-packages:/home/locobot/interbotix_ws/install/interbotix_common_modules/lib/python3.10/site-packages:${PYTHONPATH} /usr/bin/cmake --build /home/locobot/interbotix_ws/build/interbotix_xsarm_ros_control -- -j4 -l4
[0.969s] Invoked command in '/home/locobot/interbotix_ws/build/interbotix_xsarm_ros_control' returned '0': AMENT_PREFIX_PATH=/home/locobot/interbotix_ws/install/interbotix_xsarm_control:/home/locobot/interbotix_ws/install/interbotix_xsarm_descriptions:/home/locobot/interbotix_ws/install/interbotix_xs_modules:/home/locobot/interbotix_ws/install/interbotix_xs_sdk:/home/locobot/interbotix_ws/install/interbotix_xs_ros_control:/home/locobot/interbotix_ws/install/interbotix_xs_driver:/home/locobot/interbotix_ws/install/interbotix_xs_msgs:/home/locobot/interbotix_ws/install/interbotix_common_modules:/home/locobot/interbotix_ws/install/dynamixel_workbench_toolbox:${AMENT_PREFIX_PATH} CMAKE_PREFIX_PATH=/home/locobot/interbotix_ws/install/interbotix_xsarm_control:/home/locobot/interbotix_ws/install/interbotix_xsarm_descriptions:/home/locobot/interbotix_ws/install/interbotix_xs_sdk:/home/locobot/interbotix_ws/install/interbotix_xs_ros_control:/home/locobot/interbotix_ws/install/interbotix_xs_driver:/home/locobot/interbotix_ws/install/interbotix_xs_msgs:/home/locobot/interbotix_ws/install/dynamixel_workbench_toolbox:/home/locobot/apriltag_ws/install/apriltag_ros:/opt/ros/humble LD_LIBRARY_PATH=/home/locobot/interbotix_ws/install/interbotix_xs_ros_control/lib:/home/locobot/interbotix_ws/install/interbotix_xs_driver/lib:/home/locobot/interbotix_ws/install/interbotix_xs_msgs/lib:/home/locobot/interbotix_ws/install/dynamixel_workbench_toolbox/lib:${LD_LIBRARY_PATH} PYTHONPATH=/home/locobot/interbotix_ws/install/interbotix_xs_modules/lib/python3.10/site-packages:/home/locobot/interbotix_ws/install/interbotix_xs_msgs/local/lib/python3.10/dist-packages:/home/locobot/interbotix_ws/install/interbotix_common_modules/lib/python3.10/site-packages:${PYTHONPATH} /usr/bin/cmake --build /home/locobot/interbotix_ws/build/interbotix_xsarm_ros_control -- -j4 -l4
[0.997s] Invoking command in '/home/locobot/interbotix_ws/build/interbotix_xsarm_ros_control': AMENT_PREFIX_PATH=/home/locobot/interbotix_ws/install/interbotix_xsarm_control:/home/locobot/interbotix_ws/install/interbotix_xsarm_descriptions:/home/locobot/interbotix_ws/install/interbotix_xs_modules:/home/locobot/interbotix_ws/install/interbotix_xs_sdk:/home/locobot/interbotix_ws/install/interbotix_xs_ros_control:/home/locobot/interbotix_ws/install/interbotix_xs_driver:/home/locobot/interbotix_ws/install/interbotix_xs_msgs:/home/locobot/interbotix_ws/install/interbotix_common_modules:/home/locobot/interbotix_ws/install/dynamixel_workbench_toolbox:${AMENT_PREFIX_PATH} CMAKE_PREFIX_PATH=/home/locobot/interbotix_ws/install/interbotix_xsarm_control:/home/locobot/interbotix_ws/install/interbotix_xsarm_descriptions:/home/locobot/interbotix_ws/install/interbotix_xs_sdk:/home/locobot/interbotix_ws/install/interbotix_xs_ros_control:/home/locobot/interbotix_ws/install/interbotix_xs_driver:/home/locobot/interbotix_ws/install/interbotix_xs_msgs:/home/locobot/interbotix_ws/install/dynamixel_workbench_toolbox:/home/locobot/apriltag_ws/install/apriltag_ros:/opt/ros/humble LD_LIBRARY_PATH=/home/locobot/interbotix_ws/install/interbotix_xs_ros_control/lib:/home/locobot/interbotix_ws/install/interbotix_xs_driver/lib:/home/locobot/interbotix_ws/install/interbotix_xs_msgs/lib:/home/locobot/interbotix_ws/install/dynamixel_workbench_toolbox/lib:${LD_LIBRARY_PATH} PYTHONPATH=/home/locobot/interbotix_ws/install/interbotix_xs_modules/lib/python3.10/site-packages:/home/locobot/interbotix_ws/install/interbotix_xs_msgs/local/lib/python3.10/dist-packages:/home/locobot/interbotix_ws/install/interbotix_common_modules/lib/python3.10/site-packages:${PYTHONPATH} /usr/bin/cmake --install /home/locobot/interbotix_ws/build/interbotix_xsarm_ros_control
[1.010s] -- Install configuration: ""
[1.010s] -- Installing: /home/locobot/interbotix_ws/install/interbotix_xsarm_ros_control/share/interbotix_xsarm_ros_control//launch
[1.010s] -- Installing: /home/locobot/interbotix_ws/install/interbotix_xsarm_ros_control/share/interbotix_xsarm_ros_control//launch/xsarm_ros_control.launch.py
[1.010s] -- Installing: /home/locobot/interbotix_ws/install/interbotix_xsarm_ros_control/share/interbotix_xsarm_ros_control//config
[1.010s] -- Installing: /home/locobot/interbotix_ws/install/interbotix_xsarm_ros_control/share/interbotix_xsarm_ros_control//config/modes.yaml
[1.010s] -- Installing: /home/locobot/interbotix_ws/install/interbotix_xsarm_ros_control/share/interbotix_xsarm_ros_control//config/controllers
[1.010s] -- Installing: /home/locobot/interbotix_ws/install/interbotix_xsarm_ros_control/share/interbotix_xsarm_ros_control//config/controllers/mobile_px100_controllers.yaml
[1.012s] -- Installing: /home/locobot/interbotix_ws/install/interbotix_xsarm_ros_control/share/interbotix_xsarm_ros_control//config/controllers/rx200_controllers.yaml
[1.012s] -- Installing: /home/locobot/interbotix_ws/install/interbotix_xsarm_ros_control/share/interbotix_xsarm_ros_control//config/controllers/vx250_controllers.yaml
[1.013s] -- Installing: /home/locobot/interbotix_ws/install/interbotix_xsarm_ros_control/share/interbotix_xsarm_ros_control//config/controllers/px150_controllers.yaml
[1.013s] -- Installing: /home/locobot/interbotix_ws/install/interbotix_xsarm_ros_control/share/interbotix_xsarm_ros_control//config/controllers/vx300s_controllers.yaml
[1.014s] -- Installing: /home/locobot/interbotix_ws/install/interbotix_xsarm_ros_control/share/interbotix_xsarm_ros_control//config/controllers/px100_controllers.yaml
[1.014s] -- Installing: /home/locobot/interbotix_ws/install/interbotix_xsarm_ros_control/share/interbotix_xsarm_ros_control//config/controllers/wx250_controllers.yaml
[1.014s] -- Installing: /home/locobot/interbotix_ws/install/interbotix_xsarm_ros_control/share/interbotix_xsarm_ros_control//config/controllers/wx250s_controllers.yaml
[1.015s] -- Installing: /home/locobot/interbotix_ws/install/interbotix_xsarm_ros_control/share/interbotix_xsarm_ros_control//config/controllers/vx300_controllers.yaml
[1.015s] -- Installing: /home/locobot/interbotix_ws/install/interbotix_xsarm_ros_control/share/interbotix_xsarm_ros_control//config/controllers/wx200_controllers.yaml
[1.016s] -- Installing: /home/locobot/interbotix_ws/install/interbotix_xsarm_ros_control/share/interbotix_xsarm_ros_control//config/controllers/mobile_wx250s_controllers.yaml
[1.017s] -- Installing: /home/locobot/interbotix_ws/install/interbotix_xsarm_ros_control/share/interbotix_xsarm_ros_control//config/controllers/mobile_wx200_controllers.yaml
[1.018s] -- Installing: /home/locobot/interbotix_ws/install/interbotix_xsarm_ros_control/share/interbotix_xsarm_ros_control//config/controllers/rx150_controllers.yaml
[1.019s] -- Installing: /home/locobot/interbotix_ws/install/interbotix_xsarm_ros_control/share/ament_index/resource_index/package_run_dependencies/interbotix_xsarm_ros_control
[1.019s] -- Installing: /home/locobot/interbotix_ws/install/interbotix_xsarm_ros_control/share/ament_index/resource_index/parent_prefix_path/interbotix_xsarm_ros_control
[1.020s] -- Installing: /home/locobot/interbotix_ws/install/interbotix_xsarm_ros_control/share/interbotix_xsarm_ros_control/environment/ament_prefix_path.sh
[1.020s] -- Installing: /home/locobot/interbotix_ws/install/interbotix_xsarm_ros_control/share/interbotix_xsarm_ros_control/environment/ament_prefix_path.dsv
[1.020s] -- Installing: /home/locobot/interbotix_ws/install/interbotix_xsarm_ros_control/share/interbotix_xsarm_ros_control/environment/path.sh
[1.021s] -- Installing: /home/locobot/interbotix_ws/install/interbotix_xsarm_ros_control/share/interbotix_xsarm_ros_control/environment/path.dsv
[1.021s] -- Installing: /home/locobot/interbotix_ws/install/interbotix_xsarm_ros_control/share/interbotix_xsarm_ros_control/local_setup.bash
[1.021s] -- Installing: /home/locobot/interbotix_ws/install/interbotix_xsarm_ros_control/share/interbotix_xsarm_ros_control/local_setup.sh
[1.022s] -- Installing: /home/locobot/interbotix_ws/install/interbotix_xsarm_ros_control/share/interbotix_xsarm_ros_control/local_setup.zsh
[1.022s] -- Installing: /home/locobot/interbotix_ws/install/interbotix_xsarm_ros_control/share/interbotix_xsarm_ros_control/local_setup.dsv
[1.023s] -- Installing: /home/locobot/interbotix_ws/install/interbotix_xsarm_ros_control/share/interbotix_xsarm_ros_control/package.dsv
[1.023s] -- Installing: /home/locobot/interbotix_ws/install/interbotix_xsarm_ros_control/share/ament_index/resource_index/packages/interbotix_xsarm_ros_control
[1.023s] -- Installing: /home/locobot/interbotix_ws/install/interbotix_xsarm_ros_control/share/interbotix_xsarm_ros_control/cmake/interbotix_xsarm_ros_controlConfig.cmake
[1.024s] -- Installing: /home/locobot/interbotix_ws/install/interbotix_xsarm_ros_control/share/interbotix_xsarm_ros_control/cmake/interbotix_xsarm_ros_controlConfig-version.cmake
[1.024s] -- Installing: /home/locobot/interbotix_ws/install/interbotix_xsarm_ros_control/share/interbotix_xsarm_ros_control/package.xml
[1.029s] Invoked command in '/home/locobot/interbotix_ws/build/interbotix_xsarm_ros_control' returned '0': AMENT_PREFIX_PATH=/home/locobot/interbotix_ws/install/interbotix_xsarm_control:/home/locobot/interbotix_ws/install/interbotix_xsarm_descriptions:/home/locobot/interbotix_ws/install/interbotix_xs_modules:/home/locobot/interbotix_ws/install/interbotix_xs_sdk:/home/locobot/interbotix_ws/install/interbotix_xs_ros_control:/home/locobot/interbotix_ws/install/interbotix_xs_driver:/home/locobot/interbotix_ws/install/interbotix_xs_msgs:/home/locobot/interbotix_ws/install/interbotix_common_modules:/home/locobot/interbotix_ws/install/dynamixel_workbench_toolbox:${AMENT_PREFIX_PATH} CMAKE_PREFIX_PATH=/home/locobot/interbotix_ws/install/interbotix_xsarm_control:/home/locobot/interbotix_ws/install/interbotix_xsarm_descriptions:/home/locobot/interbotix_ws/install/interbotix_xs_sdk:/home/locobot/interbotix_ws/install/interbotix_xs_ros_control:/home/locobot/interbotix_ws/install/interbotix_xs_driver:/home/locobot/interbotix_ws/install/interbotix_xs_msgs:/home/locobot/interbotix_ws/install/dynamixel_workbench_toolbox:/home/locobot/apriltag_ws/install/apriltag_ros:/opt/ros/humble LD_LIBRARY_PATH=/home/locobot/interbotix_ws/install/interbotix_xs_ros_control/lib:/home/locobot/interbotix_ws/install/interbotix_xs_driver/lib:/home/locobot/interbotix_ws/install/interbotix_xs_msgs/lib:/home/locobot/interbotix_ws/install/dynamixel_workbench_toolbox/lib:${LD_LIBRARY_PATH} PYTHONPATH=/home/locobot/interbotix_ws/install/interbotix_xs_modules/lib/python3.10/site-packages:/home/locobot/interbotix_ws/install/interbotix_xs_msgs/local/lib/python3.10/dist-packages:/home/locobot/interbotix_ws/install/interbotix_common_modules/lib/python3.10/site-packages:${PYTHONPATH} /usr/bin/cmake --install /home/locobot/interbotix_ws/build/interbotix_xsarm_ros_control
