[0.021s] Invoking command in '/home/locobot/interbotix_ws/build/interbotix_xsarm_puppet': AMENT_PREFIX_PATH=/home/locobot/interbotix_ws/install/interbotix_xsarm_control:/home/locobot/interbotix_ws/install/interbotix_xsarm_descriptions:/home/locobot/interbotix_ws/install/interbotix_xs_modules:/home/locobot/interbotix_ws/install/interbotix_xs_sdk:/home/locobot/interbotix_ws/install/interbotix_xs_driver:/home/locobot/interbotix_ws/install/interbotix_xs_msgs:/home/locobot/interbotix_ws/install/interbotix_common_modules:/home/locobot/interbotix_ws/install/dynamixel_workbench_toolbox:${AMENT_PREFIX_PATH} CMAKE_PREFIX_PATH=/home/locobot/interbotix_ws/install/interbotix_xsarm_control:/home/locobot/interbotix_ws/install/interbotix_xsarm_descriptions:/home/locobot/interbotix_ws/install/interbotix_xs_sdk:/home/locobot/interbotix_ws/install/interbotix_xs_driver:/home/locobot/interbotix_ws/install/interbotix_xs_msgs:/home/locobot/interbotix_ws/install/dynamixel_workbench_toolbox:/home/locobot/apriltag_ws/install/apriltag_ros:/opt/ros/humble LD_LIBRARY_PATH=/home/locobot/interbotix_ws/install/interbotix_xs_driver/lib:/home/locobot/interbotix_ws/install/interbotix_xs_msgs/lib:/home/locobot/interbotix_ws/install/dynamixel_workbench_toolbox/lib:${LD_LIBRARY_PATH} PYTHONPATH=/home/locobot/interbotix_ws/install/interbotix_xs_modules/lib/python3.10/site-packages:/home/locobot/interbotix_ws/install/interbotix_xs_msgs/local/lib/python3.10/dist-packages:/home/locobot/interbotix_ws/install/interbotix_common_modules/lib/python3.10/site-packages:${PYTHONPATH} /usr/bin/cmake /home/locobot/interbotix_ws/src/interbotix_ros_manipulators/interbotix_ros_xsarms/examples/interbotix_xsarm_puppet -DCMAKE_INSTALL_PREFIX=/home/locobot/interbotix_ws/install/interbotix_xsarm_puppet
[0.119s] -- The C compiler identification is GNU 11.4.0
[0.205s] -- The CXX compiler identification is GNU 11.4.0
[0.215s] -- Detecting C compiler ABI info
[0.312s] -- Detecting C compiler ABI info - done
[0.326s] -- Check for working C compiler: /usr/bin/cc - skipped
[0.326s] -- Detecting C compile features
[0.327s] -- Detecting C compile features - done
[0.331s] -- Detecting CXX compiler ABI info
[0.440s] -- Detecting CXX compiler ABI info - done
[0.453s] -- Check for working CXX compiler: /usr/bin/c++ - skipped
[0.453s] -- Detecting CXX compile features
[0.454s] -- Detecting CXX compile features - done
[0.458s] -- Found ament_cmake: 1.3.8 (/opt/ros/humble/share/ament_cmake/cmake)
[0.691s] -- Found Python3: /usr/bin/python3 (found version "3.10.12") found components: Interpreter 
[0.845s] -- Found interbotix_xs_msgs: 0.0.0 (/home/locobot/interbotix_ws/install/interbotix_xs_msgs/share/interbotix_xs_msgs/cmake)
[0.904s] -- Found rosidl_generator_c: 3.1.5 (/opt/ros/humble/share/rosidl_generator_c/cmake)
[0.913s] -- Found rosidl_adapter: 3.1.5 (/opt/ros/humble/share/rosidl_adapter/cmake)
[0.926s] -- Found rosidl_generator_cpp: 3.1.5 (/opt/ros/humble/share/rosidl_generator_cpp/cmake)
[0.947s] -- Using all available rosidl_typesupport_c: rosidl_typesupport_fastrtps_c;rosidl_typesupport_introspection_c
[0.978s] -- Using all available rosidl_typesupport_cpp: rosidl_typesupport_fastrtps_cpp;rosidl_typesupport_introspection_cpp
[1.499s] -- Found rclcpp: 16.0.8 (/opt/ros/humble/share/rclcpp/cmake)
[1.614s] -- Found rmw_implementation_cmake: 6.1.1 (/opt/ros/humble/share/rmw_implementation_cmake/cmake)
[1.619s] -- Found rmw_fastrtps_cpp: 6.2.6 (/opt/ros/humble/share/rmw_fastrtps_cpp/cmake)
[1.784s] -- Found OpenSSL: /usr/lib/x86_64-linux-gnu/libcrypto.so (found version "3.0.2")  
[1.829s] -- Found FastRTPS: /opt/ros/humble/include  
[1.895s] -- Using RMW implementation 'rmw_fastrtps_cpp' as default
[1.916s] -- Looking for pthread.h
[2.024s] -- Looking for pthread.h - found
[2.025s] -- Performing Test CMAKE_HAVE_LIBC_PTHREAD
[2.132s] -- Performing Test CMAKE_HAVE_LIBC_PTHREAD - Success
[2.132s] -- Found Threads: TRUE  
[2.401s] -- Found sensor_msgs: 4.2.3 (/opt/ros/humble/share/sensor_msgs/cmake)
[2.579s] -- Found ament_lint_auto: 0.12.10 (/opt/ros/humble/share/ament_lint_auto/cmake)
[2.741s] -- Added test 'copyright' to check source files copyright and LICENSE
[2.744s] -- Added test 'cppcheck' to perform static code analysis on C / C++ code
[2.744s] -- Configured cppcheck include dirs: /home/locobot/interbotix_ws/src/interbotix_ros_manipulators/interbotix_ros_xsarms/examples/interbotix_xsarm_puppet/include
[2.744s] -- Configured cppcheck exclude dirs and/or files: 
[2.746s] -- Added test 'cpplint' to check C / C++ code against the Google style
[2.746s] -- Configured cpplint exclude dirs and/or files: 
[2.748s] -- Added test 'flake8' to check Python code syntax and style conventions
[2.749s] -- Added test 'lint_cmake' to check CMake code style
[2.750s] -- Added test 'pep257' to check Python code against some of the docstring style conventions in PEP 257
[2.752s] -- Added test 'uncrustify' to check C / C++ code style
[2.752s] -- Configured uncrustify additional arguments: 
[2.753s] -- Added test 'xmllint' to check XML markup files
[2.755s] -- Configuring done
[2.777s] -- Generating done
[2.779s] -- Build files have been written to: /home/locobot/interbotix_ws/build/interbotix_xsarm_puppet
[2.797s] Invoked command in '/home/locobot/interbotix_ws/build/interbotix_xsarm_puppet' returned '0': AMENT_PREFIX_PATH=/home/locobot/interbotix_ws/install/interbotix_xsarm_control:/home/locobot/interbotix_ws/install/interbotix_xsarm_descriptions:/home/locobot/interbotix_ws/install/interbotix_xs_modules:/home/locobot/interbotix_ws/install/interbotix_xs_sdk:/home/locobot/interbotix_ws/install/interbotix_xs_driver:/home/locobot/interbotix_ws/install/interbotix_xs_msgs:/home/locobot/interbotix_ws/install/interbotix_common_modules:/home/locobot/interbotix_ws/install/dynamixel_workbench_toolbox:${AMENT_PREFIX_PATH} CMAKE_PREFIX_PATH=/home/locobot/interbotix_ws/install/interbotix_xsarm_control:/home/locobot/interbotix_ws/install/interbotix_xsarm_descriptions:/home/locobot/interbotix_ws/install/interbotix_xs_sdk:/home/locobot/interbotix_ws/install/interbotix_xs_driver:/home/locobot/interbotix_ws/install/interbotix_xs_msgs:/home/locobot/interbotix_ws/install/dynamixel_workbench_toolbox:/home/locobot/apriltag_ws/install/apriltag_ros:/opt/ros/humble LD_LIBRARY_PATH=/home/locobot/interbotix_ws/install/interbotix_xs_driver/lib:/home/locobot/interbotix_ws/install/interbotix_xs_msgs/lib:/home/locobot/interbotix_ws/install/dynamixel_workbench_toolbox/lib:${LD_LIBRARY_PATH} PYTHONPATH=/home/locobot/interbotix_ws/install/interbotix_xs_modules/lib/python3.10/site-packages:/home/locobot/interbotix_ws/install/interbotix_xs_msgs/local/lib/python3.10/dist-packages:/home/locobot/interbotix_ws/install/interbotix_common_modules/lib/python3.10/site-packages:${PYTHONPATH} /usr/bin/cmake /home/locobot/interbotix_ws/src/interbotix_ros_manipulators/interbotix_ros_xsarms/examples/interbotix_xsarm_puppet -DCMAKE_INSTALL_PREFIX=/home/locobot/interbotix_ws/install/interbotix_xsarm_puppet
[2.797s] Invoking command in '/home/locobot/interbotix_ws/build/interbotix_xsarm_puppet': AMENT_PREFIX_PATH=/home/locobot/interbotix_ws/install/interbotix_xsarm_control:/home/locobot/interbotix_ws/install/interbotix_xsarm_descriptions:/home/locobot/interbotix_ws/install/interbotix_xs_modules:/home/locobot/interbotix_ws/install/interbotix_xs_sdk:/home/locobot/interbotix_ws/install/interbotix_xs_driver:/home/locobot/interbotix_ws/install/interbotix_xs_msgs:/home/locobot/interbotix_ws/install/interbotix_common_modules:/home/locobot/interbotix_ws/install/dynamixel_workbench_toolbox:${AMENT_PREFIX_PATH} CMAKE_PREFIX_PATH=/home/locobot/interbotix_ws/install/interbotix_xsarm_control:/home/locobot/interbotix_ws/install/interbotix_xsarm_descriptions:/home/locobot/interbotix_ws/install/interbotix_xs_sdk:/home/locobot/interbotix_ws/install/interbotix_xs_driver:/home/locobot/interbotix_ws/install/interbotix_xs_msgs:/home/locobot/interbotix_ws/install/dynamixel_workbench_toolbox:/home/locobot/apriltag_ws/install/apriltag_ros:/opt/ros/humble LD_LIBRARY_PATH=/home/locobot/interbotix_ws/install/interbotix_xs_driver/lib:/home/locobot/interbotix_ws/install/interbotix_xs_msgs/lib:/home/locobot/interbotix_ws/install/dynamixel_workbench_toolbox/lib:${LD_LIBRARY_PATH} PYTHONPATH=/home/locobot/interbotix_ws/install/interbotix_xs_modules/lib/python3.10/site-packages:/home/locobot/interbotix_ws/install/interbotix_xs_msgs/local/lib/python3.10/dist-packages:/home/locobot/interbotix_ws/install/interbotix_common_modules/lib/python3.10/site-packages:${PYTHONPATH} /usr/bin/cmake --build /home/locobot/interbotix_ws/build/interbotix_xsarm_puppet -- -j4 -l4
[2.871s] [ 25%] [32mBuilding CXX object CMakeFiles/xsarm_puppet.dir/src/xsarm_puppet.cpp.o[0m
[18.107s] [ 50%] [32m[1mLinking CXX executable xsarm_puppet[0m
[18.948s] [ 50%] Built target xsarm_puppet
[18.980s] [ 75%] [32mBuilding CXX object CMakeFiles/xsarm_puppet_single.dir/src/xsarm_puppet_single.cpp.o[0m
[30.662s] [100%] [32m[1mLinking CXX executable xsarm_puppet_single[0m
[31.244s] [100%] Built target xsarm_puppet_single
[31.254s] Invoked command in '/home/locobot/interbotix_ws/build/interbotix_xsarm_puppet' returned '0': AMENT_PREFIX_PATH=/home/locobot/interbotix_ws/install/interbotix_xsarm_control:/home/locobot/interbotix_ws/install/interbotix_xsarm_descriptions:/home/locobot/interbotix_ws/install/interbotix_xs_modules:/home/locobot/interbotix_ws/install/interbotix_xs_sdk:/home/locobot/interbotix_ws/install/interbotix_xs_driver:/home/locobot/interbotix_ws/install/interbotix_xs_msgs:/home/locobot/interbotix_ws/install/interbotix_common_modules:/home/locobot/interbotix_ws/install/dynamixel_workbench_toolbox:${AMENT_PREFIX_PATH} CMAKE_PREFIX_PATH=/home/locobot/interbotix_ws/install/interbotix_xsarm_control:/home/locobot/interbotix_ws/install/interbotix_xsarm_descriptions:/home/locobot/interbotix_ws/install/interbotix_xs_sdk:/home/locobot/interbotix_ws/install/interbotix_xs_driver:/home/locobot/interbotix_ws/install/interbotix_xs_msgs:/home/locobot/interbotix_ws/install/dynamixel_workbench_toolbox:/home/locobot/apriltag_ws/install/apriltag_ros:/opt/ros/humble LD_LIBRARY_PATH=/home/locobot/interbotix_ws/install/interbotix_xs_driver/lib:/home/locobot/interbotix_ws/install/interbotix_xs_msgs/lib:/home/locobot/interbotix_ws/install/dynamixel_workbench_toolbox/lib:${LD_LIBRARY_PATH} PYTHONPATH=/home/locobot/interbotix_ws/install/interbotix_xs_modules/lib/python3.10/site-packages:/home/locobot/interbotix_ws/install/interbotix_xs_msgs/local/lib/python3.10/dist-packages:/home/locobot/interbotix_ws/install/interbotix_common_modules/lib/python3.10/site-packages:${PYTHONPATH} /usr/bin/cmake --build /home/locobot/interbotix_ws/build/interbotix_xsarm_puppet -- -j4 -l4
[31.277s] Invoking command in '/home/locobot/interbotix_ws/build/interbotix_xsarm_puppet': AMENT_PREFIX_PATH=/home/locobot/interbotix_ws/install/interbotix_xsarm_control:/home/locobot/interbotix_ws/install/interbotix_xsarm_descriptions:/home/locobot/interbotix_ws/install/interbotix_xs_modules:/home/locobot/interbotix_ws/install/interbotix_xs_sdk:/home/locobot/interbotix_ws/install/interbotix_xs_driver:/home/locobot/interbotix_ws/install/interbotix_xs_msgs:/home/locobot/interbotix_ws/install/interbotix_common_modules:/home/locobot/interbotix_ws/install/dynamixel_workbench_toolbox:${AMENT_PREFIX_PATH} CMAKE_PREFIX_PATH=/home/locobot/interbotix_ws/install/interbotix_xsarm_control:/home/locobot/interbotix_ws/install/interbotix_xsarm_descriptions:/home/locobot/interbotix_ws/install/interbotix_xs_sdk:/home/locobot/interbotix_ws/install/interbotix_xs_driver:/home/locobot/interbotix_ws/install/interbotix_xs_msgs:/home/locobot/interbotix_ws/install/dynamixel_workbench_toolbox:/home/locobot/apriltag_ws/install/apriltag_ros:/opt/ros/humble LD_LIBRARY_PATH=/home/locobot/interbotix_ws/install/interbotix_xs_driver/lib:/home/locobot/interbotix_ws/install/interbotix_xs_msgs/lib:/home/locobot/interbotix_ws/install/dynamixel_workbench_toolbox/lib:${LD_LIBRARY_PATH} PYTHONPATH=/home/locobot/interbotix_ws/install/interbotix_xs_modules/lib/python3.10/site-packages:/home/locobot/interbotix_ws/install/interbotix_xs_msgs/local/lib/python3.10/dist-packages:/home/locobot/interbotix_ws/install/interbotix_common_modules/lib/python3.10/site-packages:${PYTHONPATH} /usr/bin/cmake --install /home/locobot/interbotix_ws/build/interbotix_xsarm_puppet
[31.284s] -- Install configuration: ""
[31.284s] -- Installing: /home/locobot/interbotix_ws/install/interbotix_xsarm_puppet/lib/interbotix_xsarm_puppet/xsarm_puppet
[31.288s] -- Set runtime path of "/home/locobot/interbotix_ws/install/interbotix_xsarm_puppet/lib/interbotix_xsarm_puppet/xsarm_puppet" to ""
[31.288s] -- Installing: /home/locobot/interbotix_ws/install/interbotix_xsarm_puppet/lib/interbotix_xsarm_puppet/xsarm_puppet_single
[31.292s] -- Set runtime path of "/home/locobot/interbotix_ws/install/interbotix_xsarm_puppet/lib/interbotix_xsarm_puppet/xsarm_puppet_single" to ""
[31.292s] -- Installing: /home/locobot/interbotix_ws/install/interbotix_xsarm_puppet/share/interbotix_xsarm_puppet//bag
[31.292s] -- Installing: /home/locobot/interbotix_ws/install/interbotix_xsarm_puppet/share/interbotix_xsarm_puppet//bag/.gitkeep
[31.292s] -- Installing: /home/locobot/interbotix_ws/install/interbotix_xsarm_puppet/share/interbotix_xsarm_puppet//bag/duck_dunk.bag
[31.293s] -- Installing: /home/locobot/interbotix_ws/install/interbotix_xsarm_puppet/share/interbotix_xsarm_puppet//config
[31.293s] -- Installing: /home/locobot/interbotix_ws/install/interbotix_xsarm_puppet/share/interbotix_xsarm_puppet//config/leader_modes.yaml
[31.293s] -- Installing: /home/locobot/interbotix_ws/install/interbotix_xsarm_puppet/share/interbotix_xsarm_puppet//config/record_modes.yaml
[31.293s] -- Installing: /home/locobot/interbotix_ws/install/interbotix_xsarm_puppet/share/interbotix_xsarm_puppet//config/follower_modes.yaml
[31.293s] -- Installing: /home/locobot/interbotix_ws/install/interbotix_xsarm_puppet/share/interbotix_xsarm_puppet//config/playback_modes.yaml
[31.294s] -- Installing: /home/locobot/interbotix_ws/install/interbotix_xsarm_puppet/share/interbotix_xsarm_puppet//launch
[31.294s] -- Installing: /home/locobot/interbotix_ws/install/interbotix_xsarm_puppet/share/interbotix_xsarm_puppet//launch/xsarm_puppet.launch.py
[31.294s] -- Installing: /home/locobot/interbotix_ws/install/interbotix_xsarm_puppet/share/interbotix_xsarm_puppet//launch/xsarm_puppet_single.launch.py
[31.294s] -- Installing: /home/locobot/interbotix_ws/install/interbotix_xsarm_puppet/share/interbotix_xsarm_puppet//rviz
[31.294s] -- Installing: /home/locobot/interbotix_ws/install/interbotix_xsarm_puppet/share/interbotix_xsarm_puppet//rviz/xsarm_puppet.rviz
[31.294s] -- Installing: /home/locobot/interbotix_ws/install/interbotix_xsarm_puppet/share/ament_index/resource_index/package_run_dependencies/interbotix_xsarm_puppet
[31.295s] -- Installing: /home/locobot/interbotix_ws/install/interbotix_xsarm_puppet/share/ament_index/resource_index/parent_prefix_path/interbotix_xsarm_puppet
[31.295s] -- Installing: /home/locobot/interbotix_ws/install/interbotix_xsarm_puppet/share/interbotix_xsarm_puppet/environment/ament_prefix_path.sh
[31.295s] -- Installing: /home/locobot/interbotix_ws/install/interbotix_xsarm_puppet/share/interbotix_xsarm_puppet/environment/ament_prefix_path.dsv
[31.295s] -- Installing: /home/locobot/interbotix_ws/install/interbotix_xsarm_puppet/share/interbotix_xsarm_puppet/environment/path.sh
[31.295s] -- Installing: /home/locobot/interbotix_ws/install/interbotix_xsarm_puppet/share/interbotix_xsarm_puppet/environment/path.dsv
[31.295s] -- Installing: /home/locobot/interbotix_ws/install/interbotix_xsarm_puppet/share/interbotix_xsarm_puppet/local_setup.bash
[31.296s] -- Installing: /home/locobot/interbotix_ws/install/interbotix_xsarm_puppet/share/interbotix_xsarm_puppet/local_setup.sh
[31.296s] -- Installing: /home/locobot/interbotix_ws/install/interbotix_xsarm_puppet/share/interbotix_xsarm_puppet/local_setup.zsh
[31.296s] -- Installing: /home/locobot/interbotix_ws/install/interbotix_xsarm_puppet/share/interbotix_xsarm_puppet/local_setup.dsv
[31.296s] -- Installing: /home/locobot/interbotix_ws/install/interbotix_xsarm_puppet/share/interbotix_xsarm_puppet/package.dsv
[31.296s] -- Installing: /home/locobot/interbotix_ws/install/interbotix_xsarm_puppet/share/ament_index/resource_index/packages/interbotix_xsarm_puppet
[31.296s] -- Installing: /home/locobot/interbotix_ws/install/interbotix_xsarm_puppet/share/interbotix_xsarm_puppet/cmake/interbotix_xsarm_puppetConfig.cmake
[31.296s] -- Installing: /home/locobot/interbotix_ws/install/interbotix_xsarm_puppet/share/interbotix_xsarm_puppet/cmake/interbotix_xsarm_puppetConfig-version.cmake
[31.296s] -- Installing: /home/locobot/interbotix_ws/install/interbotix_xsarm_puppet/share/interbotix_xsarm_puppet/package.xml
[31.298s] Invoked command in '/home/locobot/interbotix_ws/build/interbotix_xsarm_puppet' returned '0': AMENT_PREFIX_PATH=/home/locobot/interbotix_ws/install/interbotix_xsarm_control:/home/locobot/interbotix_ws/install/interbotix_xsarm_descriptions:/home/locobot/interbotix_ws/install/interbotix_xs_modules:/home/locobot/interbotix_ws/install/interbotix_xs_sdk:/home/locobot/interbotix_ws/install/interbotix_xs_driver:/home/locobot/interbotix_ws/install/interbotix_xs_msgs:/home/locobot/interbotix_ws/install/interbotix_common_modules:/home/locobot/interbotix_ws/install/dynamixel_workbench_toolbox:${AMENT_PREFIX_PATH} CMAKE_PREFIX_PATH=/home/locobot/interbotix_ws/install/interbotix_xsarm_control:/home/locobot/interbotix_ws/install/interbotix_xsarm_descriptions:/home/locobot/interbotix_ws/install/interbotix_xs_sdk:/home/locobot/interbotix_ws/install/interbotix_xs_driver:/home/locobot/interbotix_ws/install/interbotix_xs_msgs:/home/locobot/interbotix_ws/install/dynamixel_workbench_toolbox:/home/locobot/apriltag_ws/install/apriltag_ros:/opt/ros/humble LD_LIBRARY_PATH=/home/locobot/interbotix_ws/install/interbotix_xs_driver/lib:/home/locobot/interbotix_ws/install/interbotix_xs_msgs/lib:/home/locobot/interbotix_ws/install/dynamixel_workbench_toolbox/lib:${LD_LIBRARY_PATH} PYTHONPATH=/home/locobot/interbotix_ws/install/interbotix_xs_modules/lib/python3.10/site-packages:/home/locobot/interbotix_ws/install/interbotix_xs_msgs/local/lib/python3.10/dist-packages:/home/locobot/interbotix_ws/install/interbotix_common_modules/lib/python3.10/site-packages:${PYTHONPATH} /usr/bin/cmake --install /home/locobot/interbotix_ws/build/interbotix_xsarm_puppet
