-- Found ament_cmake: 1.3.11 (/opt/ros/humble/share/ament_cmake/cmake)
-- Found ament_lint_auto: 0.12.11 (/opt/ros/humble/share/ament_lint_auto/cmake)
-- Added test 'copyright' to check source files copyright and LICENSE
-- Added test 'lint_cmake' to check CMake code style
-- Added test 'xmllint' to check XML markup files
-- Configuring done
-- Generating done
-- Build files have been written to: /home/locobot/interbotix_ws/build/interbotix_perception_toolbox
-- Install configuration: ""
-- Up-to-date: /home/locobot/interbotix_ws/install/interbotix_perception_toolbox/share/ament_index/resource_index/package_run_dependencies/interbotix_perception_toolbox
-- Installing: /home/locobot/interbotix_ws/install/interbotix_perception_toolbox/share/ament_index/resource_index/parent_prefix_path/interbotix_perception_toolbox
-- Installing: /home/locobot/interbotix_ws/install/interbotix_perception_toolbox/share/interbotix_perception_toolbox/environment/ament_prefix_path.sh
-- Installing: /home/locobot/interbotix_ws/install/interbotix_perception_toolbox/share/interbotix_perception_toolbox/environment/ament_prefix_path.dsv
-- Installing: /home/locobot/interbotix_ws/install/interbotix_perception_toolbox/share/interbotix_perception_toolbox/environment/path.sh
-- Installing: /home/locobot/interbotix_ws/install/interbotix_perception_toolbox/share/interbotix_perception_toolbox/environment/path.dsv
-- Up-to-date: /home/locobot/interbotix_ws/install/interbotix_perception_toolbox/share/interbotix_perception_toolbox/local_setup.bash
-- Up-to-date: /home/locobot/interbotix_ws/install/interbotix_perception_toolbox/share/interbotix_perception_toolbox/local_setup.sh
-- Up-to-date: /home/locobot/interbotix_ws/install/interbotix_perception_toolbox/share/interbotix_perception_toolbox/local_setup.zsh
-- Installing: /home/locobot/interbotix_ws/install/interbotix_perception_toolbox/share/interbotix_perception_toolbox/local_setup.dsv
-- Installing: /home/locobot/interbotix_ws/install/interbotix_perception_toolbox/share/interbotix_perception_toolbox/package.dsv
-- Up-to-date: /home/locobot/interbotix_ws/install/interbotix_perception_toolbox/share/ament_index/resource_index/packages/interbotix_perception_toolbox
-- Up-to-date: /home/locobot/interbotix_ws/install/interbotix_perception_toolbox/share/interbotix_perception_toolbox/cmake/interbotix_perception_toolboxConfig.cmake
-- Up-to-date: /home/locobot/interbotix_ws/install/interbotix_perception_toolbox/share/interbotix_perception_toolbox/cmake/interbotix_perception_toolboxConfig-version.cmake
-- Up-to-date: /home/locobot/interbotix_ws/install/interbotix_perception_toolbox/share/interbotix_perception_toolbox/package.xml
