[1.132s] Invoking command in '/home/locobot/interbotix_ws/src/interbotix_ros_toolboxes/interbotix_common_toolbox/interbotix_common_modules': PYTHONPATH=/home/locobot/interbotix_ws/build/interbotix_common_modules/prefix_override:/home/locobot/interbotix_ws/install/interbotix_common_modules/lib/python3.10/site-packages:${PYTHONPATH} /usr/bin/python3 -W ignore:setup.py install is deprecated setup.py egg_info --egg-base ../../../../build/interbotix_common_modules build --build-base /home/locobot/interbotix_ws/build/interbotix_common_modules/build install --record /home/locobot/interbotix_ws/build/interbotix_common_modules/install.log --single-version-externally-managed install_data
[1.543s] running egg_info
[1.544s] writing ../../../../build/interbotix_common_modules/interbotix_common_modules.egg-info/PKG-INFO
[1.545s] writing dependency_links to ../../../../build/interbotix_common_modules/interbotix_common_modules.egg-info/dependency_links.txt
[1.546s] writing entry points to ../../../../build/interbotix_common_modules/interbotix_common_modules.egg-info/entry_points.txt
[1.546s] writing requirements to ../../../../build/interbotix_common_modules/interbotix_common_modules.egg-info/requires.txt
[1.546s] writing top-level names to ../../../../build/interbotix_common_modules/interbotix_common_modules.egg-info/top_level.txt
[1.557s] reading manifest file '../../../../build/interbotix_common_modules/interbotix_common_modules.egg-info/SOURCES.txt'
[1.557s] writing manifest file '../../../../build/interbotix_common_modules/interbotix_common_modules.egg-info/SOURCES.txt'
[1.557s] running build
[1.557s] running build_py
[1.560s] running install
[1.562s] running install_lib
[1.566s] running install_data
[1.567s] running install_egg_info
[1.570s] removing '/home/locobot/interbotix_ws/install/interbotix_common_modules/lib/python3.10/site-packages/interbotix_common_modules-0.0.0-py3.10.egg-info' (and everything under it)
[1.571s] Copying ../../../../build/interbotix_common_modules/interbotix_common_modules.egg-info to /home/locobot/interbotix_ws/install/interbotix_common_modules/lib/python3.10/site-packages/interbotix_common_modules-0.0.0-py3.10.egg-info
[1.573s] running install_scripts
[1.607s] writing list of installed files to '/home/locobot/interbotix_ws/build/interbotix_common_modules/install.log'
[1.657s] Invoked command in '/home/locobot/interbotix_ws/src/interbotix_ros_toolboxes/interbotix_common_toolbox/interbotix_common_modules' returned '0': PYTHONPATH=/home/locobot/interbotix_ws/build/interbotix_common_modules/prefix_override:/home/locobot/interbotix_ws/install/interbotix_common_modules/lib/python3.10/site-packages:${PYTHONPATH} /usr/bin/python3 -W ignore:setup.py install is deprecated setup.py egg_info --egg-base ../../../../build/interbotix_common_modules build --build-base /home/locobot/interbotix_ws/build/interbotix_common_modules/build install --record /home/locobot/interbotix_ws/build/interbotix_common_modules/install.log --single-version-externally-managed install_data
