[0.053s] Invoking command in '/home/locobot/interbotix_ws/build/irobot_create_description': CMAKE_PREFIX_PATH=${CMAKE_PREFIX_PATH}:/home/locobot/locobot_ws/install/yolov8_ros:/home/locobot/locobot_ws/install/detection:/home/locobot/locobot_ws/install/locobot_move:/home/locobot/locobot_ws/install/create3_teleop:/home/locobot/locobot_ws/install/create3_examples_py:/home/locobot/interbotix_ws/install/interbotix_xslocobot_control:/home/locobot/interbotix_ws/install/interbotix_xs_modules:/home/locobot/interbotix_ws/install/interbotix_perception_modules:/home/locobot/interbotix_ws/install/interbotix_common_modules:/opt/ros/humble /usr/bin/cmake --build /home/locobot/interbotix_ws/build/irobot_create_description -- -j4 -l4
[0.120s] -- Found ament_cmake: 1.3.11 (/opt/ros/humble/share/ament_cmake/cmake)
[0.637s] -- Found ament_lint_auto: 0.12.11 (/opt/ros/humble/share/ament_lint_auto/cmake)
[0.974s] -- Added test 'lint_cmake' to check CMake code style
[0.981s] -- Configuring done
[0.995s] -- Generating done
[0.995s] -- Build files have been written to: /home/locobot/interbotix_ws/build/irobot_create_description
[1.094s] Invoked command in '/home/locobot/interbotix_ws/build/irobot_create_description' returned '0': CMAKE_PREFIX_PATH=${CMAKE_PREFIX_PATH}:/home/locobot/locobot_ws/install/yolov8_ros:/home/locobot/locobot_ws/install/detection:/home/locobot/locobot_ws/install/locobot_move:/home/locobot/locobot_ws/install/create3_teleop:/home/locobot/locobot_ws/install/create3_examples_py:/home/locobot/interbotix_ws/install/interbotix_xslocobot_control:/home/locobot/interbotix_ws/install/interbotix_xs_modules:/home/locobot/interbotix_ws/install/interbotix_perception_modules:/home/locobot/interbotix_ws/install/interbotix_common_modules:/opt/ros/humble /usr/bin/cmake --build /home/locobot/interbotix_ws/build/irobot_create_description -- -j4 -l4
[1.203s] Invoking command in '/home/locobot/interbotix_ws/build/irobot_create_description': CMAKE_PREFIX_PATH=${CMAKE_PREFIX_PATH}:/home/locobot/locobot_ws/install/yolov8_ros:/home/locobot/locobot_ws/install/detection:/home/locobot/locobot_ws/install/locobot_move:/home/locobot/locobot_ws/install/create3_teleop:/home/locobot/locobot_ws/install/create3_examples_py:/home/locobot/interbotix_ws/install/interbotix_xslocobot_control:/home/locobot/interbotix_ws/install/interbotix_xs_modules:/home/locobot/interbotix_ws/install/interbotix_perception_modules:/home/locobot/interbotix_ws/install/interbotix_common_modules:/opt/ros/humble /usr/bin/cmake --install /home/locobot/interbotix_ws/build/irobot_create_description
[1.218s] -- Install configuration: ""
[1.218s] -- Up-to-date: /home/locobot/interbotix_ws/install/irobot_create_description/share/irobot_create_description//meshes
[1.221s] -- Up-to-date: /home/locobot/interbotix_ws/install/irobot_create_description/share/irobot_create_description//meshes/dock
[1.221s] -- Up-to-date: /home/locobot/interbotix_ws/install/irobot_create_description/share/irobot_create_description//meshes/dock/visual.dae
[1.221s] -- Up-to-date: /home/locobot/interbotix_ws/install/irobot_create_description/share/irobot_create_description//meshes/bumper_collision.dae
[1.221s] -- Up-to-date: /home/locobot/interbotix_ws/install/irobot_create_description/share/irobot_create_description//meshes/bumper_visual.dae
[1.221s] -- Up-to-date: /home/locobot/interbotix_ws/install/irobot_create_description/share/irobot_create_description//meshes/body_visual.dae
[1.222s] -- Up-to-date: /home/locobot/interbotix_ws/install/irobot_create_description/share/irobot_create_description//urdf
[1.222s] -- Up-to-date: /home/locobot/interbotix_ws/install/irobot_create_description/share/irobot_create_description//urdf/dock
[1.222s] -- Up-to-date: /home/locobot/interbotix_ws/install/irobot_create_description/share/irobot_create_description//urdf/dock/ir_emitter.urdf.xacro
[1.223s] -- Up-to-date: /home/locobot/interbotix_ws/install/irobot_create_description/share/irobot_create_description//urdf/dock/standard_dock.urdf.xacro
[1.223s] -- Up-to-date: /home/locobot/interbotix_ws/install/irobot_create_description/share/irobot_create_description//urdf/button.urdf.xacro
[1.223s] -- Up-to-date: /home/locobot/interbotix_ws/install/irobot_create_description/share/irobot_create_description//urdf/caster.urdf.xacro
[1.223s] -- Up-to-date: /home/locobot/interbotix_ws/install/irobot_create_description/share/irobot_create_description//urdf/wheel_drop.urdf.xacro
[1.223s] -- Up-to-date: /home/locobot/interbotix_ws/install/irobot_create_description/share/irobot_create_description//urdf/create3.urdf.xacro
[1.225s] -- Up-to-date: /home/locobot/interbotix_ws/install/irobot_create_description/share/irobot_create_description//urdf/wheel.urdf.xacro
[1.225s] -- Up-to-date: /home/locobot/interbotix_ws/install/irobot_create_description/share/irobot_create_description//urdf/bumper.urdf.xacro
[1.225s] -- Up-to-date: /home/locobot/interbotix_ws/install/irobot_create_description/share/irobot_create_description//urdf/wheel_with_wheeldrop.urdf.xacro
[1.225s] -- Up-to-date: /home/locobot/interbotix_ws/install/irobot_create_description/share/irobot_create_description//urdf/sensors
[1.225s] -- Up-to-date: /home/locobot/interbotix_ws/install/irobot_create_description/share/irobot_create_description//urdf/sensors/cliff_sensor.urdf.xacro
[1.225s] -- Up-to-date: /home/locobot/interbotix_ws/install/irobot_create_description/share/irobot_create_description//urdf/sensors/ir_intensity.urdf.xacro
[1.225s] -- Up-to-date: /home/locobot/interbotix_ws/install/irobot_create_description/share/irobot_create_description//urdf/sensors/imu.urdf.xacro
[1.226s] -- Up-to-date: /home/locobot/interbotix_ws/install/irobot_create_description/share/irobot_create_description//urdf/sensors/optical_mouse.urdf.xacro
[1.230s] -- Up-to-date: /home/locobot/interbotix_ws/install/irobot_create_description/share/irobot_create_description//urdf/sensors/ir_opcode_receivers.urdf.xacro
[1.230s] -- Up-to-date: /home/locobot/interbotix_ws/install/irobot_create_description/share/irobot_create_description//urdf/common_properties.urdf.xacro
[1.230s] -- Up-to-date: /home/locobot/interbotix_ws/install/irobot_create_description/share/ament_index/resource_index/package_run_dependencies/irobot_create_description
[1.230s] -- Installing: /home/locobot/interbotix_ws/install/irobot_create_description/share/ament_index/resource_index/parent_prefix_path/irobot_create_description
[1.230s] -- Installing: /home/locobot/interbotix_ws/install/irobot_create_description/share/irobot_create_description/environment/ament_prefix_path.sh
[1.230s] -- Installing: /home/locobot/interbotix_ws/install/irobot_create_description/share/irobot_create_description/environment/ament_prefix_path.dsv
[1.230s] -- Installing: /home/locobot/interbotix_ws/install/irobot_create_description/share/irobot_create_description/environment/path.sh
[1.232s] -- Installing: /home/locobot/interbotix_ws/install/irobot_create_description/share/irobot_create_description/environment/path.dsv
[1.234s] -- Up-to-date: /home/locobot/interbotix_ws/install/irobot_create_description/share/irobot_create_description/local_setup.bash
[1.234s] -- Up-to-date: /home/locobot/interbotix_ws/install/irobot_create_description/share/irobot_create_description/local_setup.sh
[1.234s] -- Up-to-date: /home/locobot/interbotix_ws/install/irobot_create_description/share/irobot_create_description/local_setup.zsh
[1.234s] -- Installing: /home/locobot/interbotix_ws/install/irobot_create_description/share/irobot_create_description/local_setup.dsv
[1.234s] -- Installing: /home/locobot/interbotix_ws/install/irobot_create_description/share/irobot_create_description/package.dsv
[1.234s] -- Up-to-date: /home/locobot/interbotix_ws/install/irobot_create_description/share/ament_index/resource_index/packages/irobot_create_description
[1.237s] -- Up-to-date: /home/locobot/interbotix_ws/install/irobot_create_description/share/irobot_create_description/cmake/irobot_create_descriptionConfig.cmake
[1.237s] -- Up-to-date: /home/locobot/interbotix_ws/install/irobot_create_description/share/irobot_create_description/cmake/irobot_create_descriptionConfig-version.cmake
[1.237s] -- Up-to-date: /home/locobot/interbotix_ws/install/irobot_create_description/share/irobot_create_description/package.xml
[1.241s] Invoked command in '/home/locobot/interbotix_ws/build/irobot_create_description' returned '0': CMAKE_PREFIX_PATH=${CMAKE_PREFIX_PATH}:/home/locobot/locobot_ws/install/yolov8_ros:/home/locobot/locobot_ws/install/detection:/home/locobot/locobot_ws/install/locobot_move:/home/locobot/locobot_ws/install/create3_teleop:/home/locobot/locobot_ws/install/create3_examples_py:/home/locobot/interbotix_ws/install/interbotix_xslocobot_control:/home/locobot/interbotix_ws/install/interbotix_xs_modules:/home/locobot/interbotix_ws/install/interbotix_perception_modules:/home/locobot/interbotix_ws/install/interbotix_common_modules:/opt/ros/humble /usr/bin/cmake --install /home/locobot/interbotix_ws/build/irobot_create_description
