[0.073s] Invoking command in '/home/locobot/interbotix_ws/build/interbotix_common_toolbox': AMENT_PREFIX_PATH=/home/locobot/interbotix_ws/install/interbotix_common_sim:/home/locobot/interbotix_ws/install/interbotix_common_modules:${AMENT_PREFIX_PATH} CMAKE_PREFIX_PATH=/home/locobot/interbotix_ws/install/interbotix_common_sim:/home/locobot/apriltag_ws/install/apriltag_ros:/opt/ros/humble PYTHONPATH=/home/locobot/interbotix_ws/install/interbotix_common_modules/lib/python3.10/site-packages:${PYTHONPATH} /usr/bin/cmake /home/locobot/interbotix_ws/src/interbotix_ros_toolboxes/interbotix_common_toolbox/interbotix_common_toolbox -DCMAKE_INSTALL_PREFIX=/home/locobot/interbotix_ws/install/interbotix_common_toolbox
[0.264s] -- The C compiler identification is GNU 11.4.0
[0.461s] -- The CXX compiler identification is GNU 11.4.0
[0.472s] -- Detecting C compiler ABI info
[0.767s] -- Detecting C compiler ABI info - done
[0.780s] -- Check for working C compiler: /usr/bin/cc - skipped
[0.780s] -- Detecting C compile features
[0.789s] -- Detecting C compile features - done
[0.794s] -- Detecting CXX compiler ABI info
[1.012s] -- Detecting CXX compiler ABI info - done
[1.026s] -- Check for working CXX compiler: /usr/bin/c++ - skipped
[1.027s] -- Detecting CXX compile features
[1.028s] -- Detecting CXX compile features - done
[1.033s] -- Found ament_cmake: 1.3.8 (/opt/ros/humble/share/ament_cmake/cmake)
[1.547s] -- Found Python3: /usr/bin/python3 (found version "3.10.12") found components: Interpreter 
[1.832s] -- Found ament_lint_auto: 0.12.10 (/opt/ros/humble/share/ament_lint_auto/cmake)
[2.002s] -- Added test 'copyright' to check source files copyright and LICENSE
[2.005s] -- Added test 'lint_cmake' to check CMake code style
[2.006s] -- Added test 'xmllint' to check XML markup files
[2.008s] -- Configuring done
[2.017s] -- Generating done
[2.018s] -- Build files have been written to: /home/locobot/interbotix_ws/build/interbotix_common_toolbox
[2.041s] Invoked command in '/home/locobot/interbotix_ws/build/interbotix_common_toolbox' returned '0': AMENT_PREFIX_PATH=/home/locobot/interbotix_ws/install/interbotix_common_sim:/home/locobot/interbotix_ws/install/interbotix_common_modules:${AMENT_PREFIX_PATH} CMAKE_PREFIX_PATH=/home/locobot/interbotix_ws/install/interbotix_common_sim:/home/locobot/apriltag_ws/install/apriltag_ros:/opt/ros/humble PYTHONPATH=/home/locobot/interbotix_ws/install/interbotix_common_modules/lib/python3.10/site-packages:${PYTHONPATH} /usr/bin/cmake /home/locobot/interbotix_ws/src/interbotix_ros_toolboxes/interbotix_common_toolbox/interbotix_common_toolbox -DCMAKE_INSTALL_PREFIX=/home/locobot/interbotix_ws/install/interbotix_common_toolbox
[2.041s] Invoking command in '/home/locobot/interbotix_ws/build/interbotix_common_toolbox': AMENT_PREFIX_PATH=/home/locobot/interbotix_ws/install/interbotix_common_sim:/home/locobot/interbotix_ws/install/interbotix_common_modules:${AMENT_PREFIX_PATH} CMAKE_PREFIX_PATH=/home/locobot/interbotix_ws/install/interbotix_common_sim:/home/locobot/apriltag_ws/install/apriltag_ros:/opt/ros/humble PYTHONPATH=/home/locobot/interbotix_ws/install/interbotix_common_modules/lib/python3.10/site-packages:${PYTHONPATH} /usr/bin/cmake --build /home/locobot/interbotix_ws/build/interbotix_common_toolbox -- -j4 -l4
[2.195s] Invoked command in '/home/locobot/interbotix_ws/build/interbotix_common_toolbox' returned '0': AMENT_PREFIX_PATH=/home/locobot/interbotix_ws/install/interbotix_common_sim:/home/locobot/interbotix_ws/install/interbotix_common_modules:${AMENT_PREFIX_PATH} CMAKE_PREFIX_PATH=/home/locobot/interbotix_ws/install/interbotix_common_sim:/home/locobot/apriltag_ws/install/apriltag_ros:/opt/ros/humble PYTHONPATH=/home/locobot/interbotix_ws/install/interbotix_common_modules/lib/python3.10/site-packages:${PYTHONPATH} /usr/bin/cmake --build /home/locobot/interbotix_ws/build/interbotix_common_toolbox -- -j4 -l4
[2.437s] Invoking command in '/home/locobot/interbotix_ws/build/interbotix_common_toolbox': AMENT_PREFIX_PATH=/home/locobot/interbotix_ws/install/interbotix_common_sim:/home/locobot/interbotix_ws/install/interbotix_common_modules:${AMENT_PREFIX_PATH} CMAKE_PREFIX_PATH=/home/locobot/interbotix_ws/install/interbotix_common_sim:/home/locobot/apriltag_ws/install/apriltag_ros:/opt/ros/humble PYTHONPATH=/home/locobot/interbotix_ws/install/interbotix_common_modules/lib/python3.10/site-packages:${PYTHONPATH} /usr/bin/cmake --install /home/locobot/interbotix_ws/build/interbotix_common_toolbox
[2.447s] -- Install configuration: ""
[2.447s] -- Installing: /home/locobot/interbotix_ws/install/interbotix_common_toolbox/share/ament_index/resource_index/package_run_dependencies/interbotix_common_toolbox
[2.447s] -- Installing: /home/locobot/interbotix_ws/install/interbotix_common_toolbox/share/ament_index/resource_index/parent_prefix_path/interbotix_common_toolbox
[2.448s] -- Installing: /home/locobot/interbotix_ws/install/interbotix_common_toolbox/share/interbotix_common_toolbox/environment/ament_prefix_path.sh
[2.448s] -- Installing: /home/locobot/interbotix_ws/install/interbotix_common_toolbox/share/interbotix_common_toolbox/environment/ament_prefix_path.dsv
[2.448s] -- Installing: /home/locobot/interbotix_ws/install/interbotix_common_toolbox/share/interbotix_common_toolbox/environment/path.sh
[2.448s] -- Installing: /home/locobot/interbotix_ws/install/interbotix_common_toolbox/share/interbotix_common_toolbox/environment/path.dsv
[2.448s] -- Installing: /home/locobot/interbotix_ws/install/interbotix_common_toolbox/share/interbotix_common_toolbox/local_setup.bash
[2.454s] -- Installing: /home/locobot/interbotix_ws/install/interbotix_common_toolbox/share/interbotix_common_toolbox/local_setup.sh
[2.454s] -- Installing: /home/locobot/interbotix_ws/install/interbotix_common_toolbox/share/interbotix_common_toolbox/local_setup.zsh
[2.455s] -- Installing: /home/locobot/interbotix_ws/install/interbotix_common_toolbox/share/interbotix_common_toolbox/local_setup.dsv
[2.455s] -- Installing: /home/locobot/interbotix_ws/install/interbotix_common_toolbox/share/interbotix_common_toolbox/package.dsv
[2.455s] -- Installing: /home/locobot/interbotix_ws/install/interbotix_common_toolbox/share/ament_index/resource_index/packages/interbotix_common_toolbox
[2.455s] -- Installing: /home/locobot/interbotix_ws/install/interbotix_common_toolbox/share/interbotix_common_toolbox/cmake/interbotix_common_toolboxConfig.cmake
[2.455s] -- Installing: /home/locobot/interbotix_ws/install/interbotix_common_toolbox/share/interbotix_common_toolbox/cmake/interbotix_common_toolboxConfig-version.cmake
[2.455s] -- Installing: /home/locobot/interbotix_ws/install/interbotix_common_toolbox/share/interbotix_common_toolbox/package.xml
[2.464s] Invoked command in '/home/locobot/interbotix_ws/build/interbotix_common_toolbox' returned '0': AMENT_PREFIX_PATH=/home/locobot/interbotix_ws/install/interbotix_common_sim:/home/locobot/interbotix_ws/install/interbotix_common_modules:${AMENT_PREFIX_PATH} CMAKE_PREFIX_PATH=/home/locobot/interbotix_ws/install/interbotix_common_sim:/home/locobot/apriltag_ws/install/apriltag_ros:/opt/ros/humble PYTHONPATH=/home/locobot/interbotix_ws/install/interbotix_common_modules/lib/python3.10/site-packages:${PYTHONPATH} /usr/bin/cmake --install /home/locobot/interbotix_ws/build/interbotix_common_toolbox
