[0.022s] Invoking command in '/home/locobot/interbotix_ws/build/interbotix_xs_driver': AMENT_PREFIX_PATH=/home/locobot/interbotix_ws/install/dynamixel_workbench_toolbox:${AMENT_PREFIX_PATH} CMAKE_PREFIX_PATH=/home/locobot/interbotix_ws/install/dynamixel_workbench_toolbox:/home/locobot/apriltag_ws/install/apriltag_ros:/opt/ros/humble LD_LIBRARY_PATH=/home/locobot/interbotix_ws/install/dynamixel_workbench_toolbox/lib:${LD_LIBRARY_PATH} /usr/bin/cmake /home/locobot/interbotix_ws/src/interbotix_ros_core/interbotix_ros_xseries/interbotix_xs_driver -DCMAKE_INSTALL_PREFIX=/home/locobot/interbotix_ws/install/interbotix_xs_driver
[0.125s] -- The CXX compiler identification is GNU 11.4.0
[0.135s] -- Detecting CXX compiler ABI info
[0.253s] -- Detecting CXX compiler ABI info - done
[0.266s] -- Check for working CXX compiler: /usr/bin/c++ - skipped
[0.267s] -- Detecting CXX compile features
[0.267s] -- Detecting CXX compile features - done
[0.268s] -- Found dynamixel_workbench_toolbox: 2.2.2 (/home/locobot/interbotix_ws/install/dynamixel_workbench_toolbox/share/dynamixel_workbench_toolbox/cmake)
[0.526s] -- Found Python3: /usr/bin/python3 (found version "3.10.12") found components: Interpreter 
[0.802s] -- Found rosidl_generator_c: 3.1.5 (/opt/ros/humble/share/rosidl_generator_c/cmake)
[0.810s] -- Found rosidl_adapter: 3.1.5 (/opt/ros/humble/share/rosidl_adapter/cmake)
[0.825s] -- Found rosidl_generator_cpp: 3.1.5 (/opt/ros/humble/share/rosidl_generator_cpp/cmake)
[0.848s] -- Using all available rosidl_typesupport_c: rosidl_typesupport_fastrtps_c;rosidl_typesupport_introspection_c
[0.881s] -- Using all available rosidl_typesupport_cpp: rosidl_typesupport_fastrtps_cpp;rosidl_typesupport_introspection_cpp
[1.093s] -- Found rmw_implementation_cmake: 6.1.1 (/opt/ros/humble/share/rmw_implementation_cmake/cmake)
[1.097s] -- Found rmw_fastrtps_cpp: 6.2.6 (/opt/ros/humble/share/rmw_fastrtps_cpp/cmake)
[1.544s] -- Found OpenSSL: /usr/lib/x86_64-linux-gnu/libcrypto.so (found version "3.0.2")  
[1.614s] -- Found FastRTPS: /opt/ros/humble/include  
[1.742s] -- Using RMW implementation 'rmw_fastrtps_cpp' as default
[1.769s] -- Looking for C++ include pthread.h
[2.043s] -- Looking for C++ include pthread.h - found
[2.043s] -- Performing Test CMAKE_HAVE_LIBC_PTHREAD
[2.373s] -- Performing Test CMAKE_HAVE_LIBC_PTHREAD - Success
[2.373s] -- Found Threads: TRUE  
[3.005s] -- Found ament_lint_auto: 0.12.10 (/opt/ros/humble/share/ament_lint_auto/cmake)
[3.361s] -- Added test 'copyright' to check source files copyright and LICENSE
[3.363s] -- Added test 'cppcheck' to perform static code analysis on C / C++ code
[3.364s] -- Configured cppcheck include dirs: /home/locobot/interbotix_ws/src/interbotix_ros_core/interbotix_ros_xseries/interbotix_xs_driver/include;$<BUILD_INTERFACE:/home/locobot/interbotix_ws/src/interbotix_ros_core/interbotix_ros_xseries/interbotix_xs_driver/include>
[3.364s] -- Configured cppcheck exclude dirs and/or files: 
[3.366s] -- Added test 'cpplint' to check C / C++ code against the Google style
[3.366s] -- Configured cpplint exclude dirs and/or files: 
[3.368s] -- Added test 'lint_cmake' to check CMake code style
[3.370s] -- Added test 'uncrustify' to check C / C++ code style
[3.370s] -- Configured uncrustify additional arguments: 
[3.371s] -- Added test 'xmllint' to check XML markup files
[3.385s] -- Configuring done
[3.415s] -- Generating done
[3.429s] -- Build files have been written to: /home/locobot/interbotix_ws/build/interbotix_xs_driver
[3.446s] Invoked command in '/home/locobot/interbotix_ws/build/interbotix_xs_driver' returned '0': AMENT_PREFIX_PATH=/home/locobot/interbotix_ws/install/dynamixel_workbench_toolbox:${AMENT_PREFIX_PATH} CMAKE_PREFIX_PATH=/home/locobot/interbotix_ws/install/dynamixel_workbench_toolbox:/home/locobot/apriltag_ws/install/apriltag_ros:/opt/ros/humble LD_LIBRARY_PATH=/home/locobot/interbotix_ws/install/dynamixel_workbench_toolbox/lib:${LD_LIBRARY_PATH} /usr/bin/cmake /home/locobot/interbotix_ws/src/interbotix_ros_core/interbotix_ros_xseries/interbotix_xs_driver -DCMAKE_INSTALL_PREFIX=/home/locobot/interbotix_ws/install/interbotix_xs_driver
[3.447s] Invoking command in '/home/locobot/interbotix_ws/build/interbotix_xs_driver': AMENT_PREFIX_PATH=/home/locobot/interbotix_ws/install/dynamixel_workbench_toolbox:${AMENT_PREFIX_PATH} CMAKE_PREFIX_PATH=/home/locobot/interbotix_ws/install/dynamixel_workbench_toolbox:/home/locobot/apriltag_ws/install/apriltag_ros:/opt/ros/humble LD_LIBRARY_PATH=/home/locobot/interbotix_ws/install/dynamixel_workbench_toolbox/lib:${LD_LIBRARY_PATH} /usr/bin/cmake --build /home/locobot/interbotix_ws/build/interbotix_xs_driver -- -j4 -l4
[3.698s] [ 33%] [32mBuilding CXX object CMakeFiles/interbotix_xs_driver.dir/src/xs_driver.cpp.o[0m
[3.729s] [ 66%] [32mBuilding CXX object CMakeFiles/interbotix_xs_driver.dir/src/xs_logging.cpp.o[0m
[13.061s] [100%] [32m[1mLinking CXX shared library libinterbotix_xs_driver.so[0m
[13.560s] [100%] Built target interbotix_xs_driver
[13.601s] Invoked command in '/home/locobot/interbotix_ws/build/interbotix_xs_driver' returned '0': AMENT_PREFIX_PATH=/home/locobot/interbotix_ws/install/dynamixel_workbench_toolbox:${AMENT_PREFIX_PATH} CMAKE_PREFIX_PATH=/home/locobot/interbotix_ws/install/dynamixel_workbench_toolbox:/home/locobot/apriltag_ws/install/apriltag_ros:/opt/ros/humble LD_LIBRARY_PATH=/home/locobot/interbotix_ws/install/dynamixel_workbench_toolbox/lib:${LD_LIBRARY_PATH} /usr/bin/cmake --build /home/locobot/interbotix_ws/build/interbotix_xs_driver -- -j4 -l4
[13.986s] Invoking command in '/home/locobot/interbotix_ws/build/interbotix_xs_driver': AMENT_PREFIX_PATH=/home/locobot/interbotix_ws/install/dynamixel_workbench_toolbox:${AMENT_PREFIX_PATH} CMAKE_PREFIX_PATH=/home/locobot/interbotix_ws/install/dynamixel_workbench_toolbox:/home/locobot/apriltag_ws/install/apriltag_ros:/opt/ros/humble LD_LIBRARY_PATH=/home/locobot/interbotix_ws/install/dynamixel_workbench_toolbox/lib:${LD_LIBRARY_PATH} /usr/bin/cmake --install /home/locobot/interbotix_ws/build/interbotix_xs_driver
[14.017s] -- Install configuration: ""
[14.021s] -- Installing: /home/locobot/interbotix_ws/install/interbotix_xs_driver/lib/libinterbotix_xs_driver.so
[14.025s] -- Set runtime path of "/home/locobot/interbotix_ws/install/interbotix_xs_driver/lib/libinterbotix_xs_driver.so" to ""
[14.025s] -- Installing: /home/locobot/interbotix_ws/install/interbotix_xs_driver/include/interbotix_xs_driver/version.hpp
[14.025s] -- Up-to-date: /home/locobot/interbotix_ws/install/interbotix_xs_driver/include/interbotix_xs_driver
[14.025s] -- Installing: /home/locobot/interbotix_ws/install/interbotix_xs_driver/include/interbotix_xs_driver/xs_common.hpp
[14.026s] -- Installing: /home/locobot/interbotix_ws/install/interbotix_xs_driver/include/interbotix_xs_driver/xs_driver.hpp
[14.026s] -- Installing: /home/locobot/interbotix_ws/install/interbotix_xs_driver/include/interbotix_xs_driver/xs_logging.hpp
[14.026s] -- Installing: /home/locobot/interbotix_ws/install/interbotix_xs_driver/share/interbotix_xs_driver/package.xml
[14.026s] -- Installing: /home/locobot/interbotix_ws/install/interbotix_xs_driver/share/ament_index/resource_index/package_run_dependencies/interbotix_xs_driver
[14.026s] -- Installing: /home/locobot/interbotix_ws/install/interbotix_xs_driver/share/ament_index/resource_index/parent_prefix_path/interbotix_xs_driver
[14.026s] -- Installing: /home/locobot/interbotix_ws/install/interbotix_xs_driver/share/interbotix_xs_driver/environment/ament_prefix_path.sh
[14.026s] -- Installing: /home/locobot/interbotix_ws/install/interbotix_xs_driver/share/interbotix_xs_driver/environment/ament_prefix_path.dsv
[14.027s] -- Installing: /home/locobot/interbotix_ws/install/interbotix_xs_driver/share/interbotix_xs_driver/environment/path.sh
[14.027s] -- Installing: /home/locobot/interbotix_ws/install/interbotix_xs_driver/share/interbotix_xs_driver/environment/path.dsv
[14.027s] -- Installing: /home/locobot/interbotix_ws/install/interbotix_xs_driver/share/interbotix_xs_driver/local_setup.bash
[14.027s] -- Installing: /home/locobot/interbotix_ws/install/interbotix_xs_driver/share/interbotix_xs_driver/local_setup.sh
[14.027s] -- Installing: /home/locobot/interbotix_ws/install/interbotix_xs_driver/share/interbotix_xs_driver/local_setup.zsh
[14.027s] -- Installing: /home/locobot/interbotix_ws/install/interbotix_xs_driver/share/interbotix_xs_driver/local_setup.dsv
[14.028s] -- Installing: /home/locobot/interbotix_ws/install/interbotix_xs_driver/share/interbotix_xs_driver/package.dsv
[14.028s] -- Installing: /home/locobot/interbotix_ws/install/interbotix_xs_driver/share/ament_index/resource_index/packages/interbotix_xs_driver
[14.028s] -- Installing: /home/locobot/interbotix_ws/install/interbotix_xs_driver/share/interbotix_xs_driver/cmake/export_interbotix_xs_driverExport.cmake
[14.028s] -- Installing: /home/locobot/interbotix_ws/install/interbotix_xs_driver/share/interbotix_xs_driver/cmake/export_interbotix_xs_driverExport-noconfig.cmake
[14.028s] -- Installing: /home/locobot/interbotix_ws/install/interbotix_xs_driver/share/interbotix_xs_driver/cmake/ament_cmake_export_dependencies-extras.cmake
[14.028s] -- Installing: /home/locobot/interbotix_ws/install/interbotix_xs_driver/share/interbotix_xs_driver/cmake/ament_cmake_export_targets-extras.cmake
[14.029s] -- Installing: /home/locobot/interbotix_ws/install/interbotix_xs_driver/share/interbotix_xs_driver/cmake/interbotix_xs_driverConfig.cmake
[14.029s] -- Installing: /home/locobot/interbotix_ws/install/interbotix_xs_driver/share/interbotix_xs_driver/cmake/interbotix_xs_driverConfig-version.cmake
[14.029s] -- Up-to-date: /home/locobot/interbotix_ws/install/interbotix_xs_driver/share/interbotix_xs_driver/package.xml
[14.037s] Invoked command in '/home/locobot/interbotix_ws/build/interbotix_xs_driver' returned '0': AMENT_PREFIX_PATH=/home/locobot/interbotix_ws/install/dynamixel_workbench_toolbox:${AMENT_PREFIX_PATH} CMAKE_PREFIX_PATH=/home/locobot/interbotix_ws/install/dynamixel_workbench_toolbox:/home/locobot/apriltag_ws/install/apriltag_ros:/opt/ros/humble LD_LIBRARY_PATH=/home/locobot/interbotix_ws/install/dynamixel_workbench_toolbox/lib:${LD_LIBRARY_PATH} /usr/bin/cmake --install /home/locobot/interbotix_ws/build/interbotix_xs_driver
