[0.028s] Invoking command in '/home/locobot/interbotix_ws/build/irobot_create_nodes': AMENT_PREFIX_PATH=/home/locobot/interbotix_ws/install/irobot_create_toolbox:${AMENT_PREFIX_PATH} CMAKE_PREFIX_PATH=/home/locobot/interbotix_ws/install/irobot_create_toolbox:/home/locobot/interbotix_ws/install/interbotix_xslocobot_moveit:/home/locobot/interbotix_ws/install/interbotix_xslocobot_ros_control:/home/locobot/interbotix_ws/install/interbotix_xslocobot_sim:/home/locobot/interbotix_ws/install/interbotix_xslocobot_nav:/home/locobot/interbotix_ws/install/interbotix_xslocobot_joy:/home/locobot/interbotix_ws/install/interbotix_xslocobot_control:/home/locobot/interbotix_ws/install/interbotix_xslocobot_descriptions:/home/locobot/interbotix_ws/install/interbotix_ros_xsarms_examples:/home/locobot/interbotix_ws/install/interbotix_xsarm_moveit_interface:/home/locobot/interbotix_ws/install/interbotix_moveit_interface:/home/locobot/interbotix_ws/install/moveit_visual_tools:/home/locobot/interbotix_ws/install/interbotix_ros_xsarms:/home/locobot/interbotix_ws/install/interbotix_xsarm_moveit:/home/locobot/interbotix_ws/install/interbotix_xsarm_sim:/home/locobot/interbotix_ws/install/interbotix_xsarm_ros_control:/home/locobot/interbotix_ws/install/interbotix_xsarm_puppet:/home/locobot/interbotix_ws/install/interbotix_xsarm_perception:/home/locobot/interbotix_ws/install/interbotix_xsarm_joy:/home/locobot/interbotix_ws/install/interbotix_xsarm_dual:/home/locobot/interbotix_ws/install/interbotix_xsarm_control:/home/locobot/interbotix_ws/install/interbotix_xsarm_descriptions:/home/locobot/interbotix_ws/install/interbotix_xs_toolbox:/home/locobot/interbotix_ws/install/interbotix_xs_rviz:/home/locobot/interbotix_ws/install/interbotix_ros_xseries:/home/locobot/interbotix_ws/install/interbotix_xs_sdk:/home/locobot/interbotix_ws/install/interbotix_xs_ros_control:/home/locobot/interbotix_ws/install/interbotix_perception_toolbox:/home/locobot/interbotix_ws/install/interbotix_perception_pipelines:/home/locobot/interbotix_ws/install/interbotix_xs_msgs:/home/locobot/interbotix_ws/install/interbotix_xs_driver:/home/locobot/interbotix_ws/install/interbotix_tf_tools:/home/locobot/interbotix_ws/install/interbotix_perception_msgs:/home/locobot/interbotix_ws/install/interbotix_moveit_interface_msgs:/home/locobot/interbotix_ws/install/interbotix_common_toolbox:/home/locobot/interbotix_ws/install/interbotix_common_sim:/home/locobot/interbotix_ws/install/dynamixel_workbench_toolbox:/home/locobot/apriltag_ws/install/apriltag_ros:/home/locobot/interbotix_ws/install/interbotix_xs_modules:/home/locobot/interbotix_ws/install/interbotix_perception_modules:/home/locobot/interbotix_ws/install/interbotix_common_modules:/opt/ros/humble LD_LIBRARY_PATH=/home/locobot/interbotix_ws/install/irobot_create_toolbox/lib:${LD_LIBRARY_PATH} /usr/bin/cmake /home/locobot/interbotix_ws/src/create3_sim/irobot_create_common/irobot_create_nodes -DCMAKE_INSTALL_PREFIX=/home/locobot/interbotix_ws/install/irobot_create_nodes
[0.093s] -- Found ament_cmake: 1.3.8 (/opt/ros/humble/share/ament_cmake/cmake)
[0.294s] -- Found angles: 1.15.0 (/opt/ros/humble/share/angles/cmake)
[0.296s] -- Found control_msgs: 4.4.0 (/opt/ros/humble/share/control_msgs/cmake)
[0.335s] -- Found rosidl_generator_c: 3.1.5 (/opt/ros/humble/share/rosidl_generator_c/cmake)
[0.340s] -- Found rosidl_adapter: 3.1.5 (/opt/ros/humble/share/rosidl_adapter/cmake)
[0.350s] -- Found rosidl_generator_cpp: 3.1.5 (/opt/ros/humble/share/rosidl_generator_cpp/cmake)
[0.375s] -- Using all available rosidl_typesupport_c: rosidl_typesupport_fastrtps_c;rosidl_typesupport_introspection_c
[0.403s] -- Using all available rosidl_typesupport_cpp: rosidl_typesupport_fastrtps_cpp;rosidl_typesupport_introspection_cpp
[1.260s] -- Found nav_msgs: 4.2.3 (/opt/ros/humble/share/nav_msgs/cmake)
[1.346s] -- Found irobot_create_msgs: 2.1.0 (/opt/ros/humble/share/irobot_create_msgs/cmake)
[1.565s] -- Found irobot_create_toolbox: 2.1.0 (/home/locobot/interbotix_ws/install/irobot_create_toolbox/share/irobot_create_toolbox/cmake)
[1.747s] -- Found rmw_implementation_cmake: 6.1.1 (/opt/ros/humble/share/rmw_implementation_cmake/cmake)
[1.758s] -- Found rmw_fastrtps_cpp: 6.2.6 (/opt/ros/humble/share/rmw_fastrtps_cpp/cmake)
[1.941s] -- Found OpenSSL: /usr/lib/x86_64-linux-gnu/libcrypto.so (found version "3.0.2")  
[1.984s] -- Found FastRTPS: /opt/ros/humble/include  
[2.058s] -- Using RMW implementation 'rmw_fastrtps_cpp' as default
[2.084s] -- Looking for pthread.h
[2.179s] -- Looking for pthread.h - found
[2.179s] -- Performing Test CMAKE_HAVE_LIBC_PTHREAD
[2.294s] -- Performing Test CMAKE_HAVE_LIBC_PTHREAD - Success
[2.296s] -- Found Threads: TRUE  
[2.565s] -- Found rclcpp_action: 16.0.8 (/opt/ros/humble/share/rclcpp_action/cmake)
[2.645s] -- Found rclcpp_components: 16.0.8 (/opt/ros/humble/share/rclcpp_components/cmake)
[2.809s] -- Found tf2: 0.25.6 (/opt/ros/humble/share/tf2/cmake)
[2.820s] -- Found tf2_geometry_msgs: 0.25.6 (/opt/ros/humble/share/tf2_geometry_msgs/cmake)
[2.852s] -- Found eigen3_cmake_module: 0.1.1 (/opt/ros/humble/share/eigen3_cmake_module/cmake)
[2.853s] -- Found Eigen3: TRUE (found version "3.4.0") 
[2.853s] -- Ensuring Eigen3 include directory is part of orocos-kdl CMake target
[3.209s] -- Found Boost: /usr/lib/x86_64-linux-gnu/cmake/Boost-1.74.0/BoostConfig.cmake (found version "1.74.0")  
[3.583s] -- Found ament_lint_auto: 0.12.10 (/opt/ros/humble/share/ament_lint_auto/cmake)
[3.742s] -- Added test 'cppcheck' to perform static code analysis on C / C++ code
[3.745s] -- Configured cppcheck include dirs: /home/locobot/interbotix_ws/src/create3_sim/irobot_create_common/irobot_create_nodes/include
[3.745s] -- Configured cppcheck exclude dirs and/or files: 
[3.748s] -- Added test 'cpplint' to check C / C++ code against the Google style
[3.748s] -- Configured cpplint exclude dirs and/or files: 
[3.751s] -- Added test 'lint_cmake' to check CMake code style
[3.754s] -- Added test 'uncrustify' to check C / C++ code style
[3.754s] -- Configured uncrustify additional arguments: 
[3.756s] -- Added test 'xmllint' to check XML markup files
[3.761s] -- Configuring done
[3.932s] -- Generating done
[3.936s] -- Build files have been written to: /home/locobot/interbotix_ws/build/irobot_create_nodes
[3.952s] Invoked command in '/home/locobot/interbotix_ws/build/irobot_create_nodes' returned '0': AMENT_PREFIX_PATH=/home/locobot/interbotix_ws/install/irobot_create_toolbox:${AMENT_PREFIX_PATH} CMAKE_PREFIX_PATH=/home/locobot/interbotix_ws/install/irobot_create_toolbox:/home/locobot/interbotix_ws/install/interbotix_xslocobot_moveit:/home/locobot/interbotix_ws/install/interbotix_xslocobot_ros_control:/home/locobot/interbotix_ws/install/interbotix_xslocobot_sim:/home/locobot/interbotix_ws/install/interbotix_xslocobot_nav:/home/locobot/interbotix_ws/install/interbotix_xslocobot_joy:/home/locobot/interbotix_ws/install/interbotix_xslocobot_control:/home/locobot/interbotix_ws/install/interbotix_xslocobot_descriptions:/home/locobot/interbotix_ws/install/interbotix_ros_xsarms_examples:/home/locobot/interbotix_ws/install/interbotix_xsarm_moveit_interface:/home/locobot/interbotix_ws/install/interbotix_moveit_interface:/home/locobot/interbotix_ws/install/moveit_visual_tools:/home/locobot/interbotix_ws/install/interbotix_ros_xsarms:/home/locobot/interbotix_ws/install/interbotix_xsarm_moveit:/home/locobot/interbotix_ws/install/interbotix_xsarm_sim:/home/locobot/interbotix_ws/install/interbotix_xsarm_ros_control:/home/locobot/interbotix_ws/install/interbotix_xsarm_puppet:/home/locobot/interbotix_ws/install/interbotix_xsarm_perception:/home/locobot/interbotix_ws/install/interbotix_xsarm_joy:/home/locobot/interbotix_ws/install/interbotix_xsarm_dual:/home/locobot/interbotix_ws/install/interbotix_xsarm_control:/home/locobot/interbotix_ws/install/interbotix_xsarm_descriptions:/home/locobot/interbotix_ws/install/interbotix_xs_toolbox:/home/locobot/interbotix_ws/install/interbotix_xs_rviz:/home/locobot/interbotix_ws/install/interbotix_ros_xseries:/home/locobot/interbotix_ws/install/interbotix_xs_sdk:/home/locobot/interbotix_ws/install/interbotix_xs_ros_control:/home/locobot/interbotix_ws/install/interbotix_perception_toolbox:/home/locobot/interbotix_ws/install/interbotix_perception_pipelines:/home/locobot/interbotix_ws/install/interbotix_xs_msgs:/home/locobot/interbotix_ws/install/interbotix_xs_driver:/home/locobot/interbotix_ws/install/interbotix_tf_tools:/home/locobot/interbotix_ws/install/interbotix_perception_msgs:/home/locobot/interbotix_ws/install/interbotix_moveit_interface_msgs:/home/locobot/interbotix_ws/install/interbotix_common_toolbox:/home/locobot/interbotix_ws/install/interbotix_common_sim:/home/locobot/interbotix_ws/install/dynamixel_workbench_toolbox:/home/locobot/apriltag_ws/install/apriltag_ros:/home/locobot/interbotix_ws/install/interbotix_xs_modules:/home/locobot/interbotix_ws/install/interbotix_perception_modules:/home/locobot/interbotix_ws/install/interbotix_common_modules:/opt/ros/humble LD_LIBRARY_PATH=/home/locobot/interbotix_ws/install/irobot_create_toolbox/lib:${LD_LIBRARY_PATH} /usr/bin/cmake /home/locobot/interbotix_ws/src/create3_sim/irobot_create_common/irobot_create_nodes -DCMAKE_INSTALL_PREFIX=/home/locobot/interbotix_ws/install/irobot_create_nodes
[3.953s] Invoking command in '/home/locobot/interbotix_ws/build/irobot_create_nodes': AMENT_PREFIX_PATH=/home/locobot/interbotix_ws/install/irobot_create_toolbox:${AMENT_PREFIX_PATH} CMAKE_PREFIX_PATH=/home/locobot/interbotix_ws/install/irobot_create_toolbox:/home/locobot/interbotix_ws/install/interbotix_xslocobot_moveit:/home/locobot/interbotix_ws/install/interbotix_xslocobot_ros_control:/home/locobot/interbotix_ws/install/interbotix_xslocobot_sim:/home/locobot/interbotix_ws/install/interbotix_xslocobot_nav:/home/locobot/interbotix_ws/install/interbotix_xslocobot_joy:/home/locobot/interbotix_ws/install/interbotix_xslocobot_control:/home/locobot/interbotix_ws/install/interbotix_xslocobot_descriptions:/home/locobot/interbotix_ws/install/interbotix_ros_xsarms_examples:/home/locobot/interbotix_ws/install/interbotix_xsarm_moveit_interface:/home/locobot/interbotix_ws/install/interbotix_moveit_interface:/home/locobot/interbotix_ws/install/moveit_visual_tools:/home/locobot/interbotix_ws/install/interbotix_ros_xsarms:/home/locobot/interbotix_ws/install/interbotix_xsarm_moveit:/home/locobot/interbotix_ws/install/interbotix_xsarm_sim:/home/locobot/interbotix_ws/install/interbotix_xsarm_ros_control:/home/locobot/interbotix_ws/install/interbotix_xsarm_puppet:/home/locobot/interbotix_ws/install/interbotix_xsarm_perception:/home/locobot/interbotix_ws/install/interbotix_xsarm_joy:/home/locobot/interbotix_ws/install/interbotix_xsarm_dual:/home/locobot/interbotix_ws/install/interbotix_xsarm_control:/home/locobot/interbotix_ws/install/interbotix_xsarm_descriptions:/home/locobot/interbotix_ws/install/interbotix_xs_toolbox:/home/locobot/interbotix_ws/install/interbotix_xs_rviz:/home/locobot/interbotix_ws/install/interbotix_ros_xseries:/home/locobot/interbotix_ws/install/interbotix_xs_sdk:/home/locobot/interbotix_ws/install/interbotix_xs_ros_control:/home/locobot/interbotix_ws/install/interbotix_perception_toolbox:/home/locobot/interbotix_ws/install/interbotix_perception_pipelines:/home/locobot/interbotix_ws/install/interbotix_xs_msgs:/home/locobot/interbotix_ws/install/interbotix_xs_driver:/home/locobot/interbotix_ws/install/interbotix_tf_tools:/home/locobot/interbotix_ws/install/interbotix_perception_msgs:/home/locobot/interbotix_ws/install/interbotix_moveit_interface_msgs:/home/locobot/interbotix_ws/install/interbotix_common_toolbox:/home/locobot/interbotix_ws/install/interbotix_common_sim:/home/locobot/interbotix_ws/install/dynamixel_workbench_toolbox:/home/locobot/apriltag_ws/install/apriltag_ros:/home/locobot/interbotix_ws/install/interbotix_xs_modules:/home/locobot/interbotix_ws/install/interbotix_perception_modules:/home/locobot/interbotix_ws/install/interbotix_common_modules:/opt/ros/humble LD_LIBRARY_PATH=/home/locobot/interbotix_ws/install/irobot_create_toolbox/lib:${LD_LIBRARY_PATH} /usr/bin/cmake --build /home/locobot/interbotix_ws/build/irobot_create_nodes -- -j4 -l4
[4.064s] [  2%] [32mBuilding CXX object CMakeFiles/hazard_publisher_lib.dir/src/hazards_vector_publisher.cpp.o[0m
[4.081s] [  5%] [32mBuilding CXX object CMakeFiles/hazards_vector_publisher.dir/rclcpp_components/node_main_hazards_vector_publisher.cpp.o[0m
[4.100s] [  8%] [32mBuilding CXX object CMakeFiles/ir_intensity_publisher_lib.dir/src/ir_intensity_vector_publisher.cpp.o[0m
[4.107s] [ 10%] [32mBuilding CXX object CMakeFiles/ir_intensity_vector_publisher.dir/rclcpp_components/node_main_ir_intensity_vector_publisher.cpp.o[0m
[10.660s] [ 13%] [32m[1mLinking CXX executable ir_intensity_vector_publisher[0m
[10.951s] [ 13%] Built target ir_intensity_vector_publisher
[11.001s] [ 16%] [32mBuilding CXX object CMakeFiles/motion_control_lib.dir/src/motion_control_node.cpp.o[0m
[11.094s] [ 18%] [32m[1mLinking CXX executable hazards_vector_publisher[0m
[11.525s] [ 18%] Built target hazards_vector_publisher
[11.572s] [ 21%] [32mBuilding CXX object CMakeFiles/motion_control.dir/rclcpp_components/node_main_motion_control.cpp.o[0m
[18.298s] [ 24%] [32m[1mLinking CXX executable motion_control[0m
[18.723s] [ 24%] Built target motion_control
[18.849s] [ 27%] [32mBuilding CXX object CMakeFiles/wheel_status_publisher_lib.dir/src/wheels_publisher.cpp.o[0m
[21.306s] [ 29%] [32m[1mLinking CXX shared library libhazard_publisher_lib.so[0m
[22.907s] [ 29%] Built target hazard_publisher_lib
[22.948s] [ 32%] [32mBuilding CXX object CMakeFiles/motion_control_lib.dir/src/motion_control/docking_behavior.cpp.o[0m
[23.016s] [ 35%] [32m[1mLinking CXX shared library libir_intensity_publisher_lib.so[0m
[24.124s] [ 35%] Built target ir_intensity_publisher_lib
[24.237s] [ 37%] [32mBuilding CXX object CMakeFiles/wheel_status_publisher.dir/rclcpp_components/node_main_wheel_status_publisher.cpp.o[0m
[34.274s] [ 40%] [32m[1mLinking CXX executable wheel_status_publisher[0m
[34.743s] [ 40%] Built target wheel_status_publisher
[34.791s] [ 43%] [32mBuilding CXX object CMakeFiles/motion_control_lib.dir/src/motion_control/drive_goal_behaviors.cpp.o[0m
[40.677s] [ 45%] [32m[1mLinking CXX shared library libwheel_status_publisher_lib.so[0m
[43.451s] [ 45%] Built target wheel_status_publisher_lib
[43.653s] [ 48%] [32mBuilding CXX object CMakeFiles/robot_state_lib.dir/src/robot_state.cpp.o[0m
