[0.021s] Invoking command in '/home/locobot/interbotix_ws/build/irobot_create_toolbox': CMAKE_PREFIX_PATH=${CMAKE_PREFIX_PATH}:/home/locobot/interbotix_ws/install/interbotix_xs_modules:/home/locobot/interbotix_ws/install/interbotix_perception_modules:/home/locobot/interbotix_ws/install/interbotix_common_modules:/opt/ros/humble /usr/bin/cmake --build /home/locobot/interbotix_ws/build/irobot_create_toolbox -- -j4 -l4
[0.098s] [100%] Built target irobot_create_toolbox
[0.116s] Invoked command in '/home/locobot/interbotix_ws/build/irobot_create_toolbox' returned '0': CMAKE_PREFIX_PATH=${CMAKE_PREFIX_PATH}:/home/locobot/interbotix_ws/install/interbotix_xs_modules:/home/locobot/interbotix_ws/install/interbotix_perception_modules:/home/locobot/interbotix_ws/install/interbotix_common_modules:/opt/ros/humble /usr/bin/cmake --build /home/locobot/interbotix_ws/build/irobot_create_toolbox -- -j4 -l4
[0.150s] Invoking command in '/home/locobot/interbotix_ws/build/irobot_create_toolbox': CMAKE_PREFIX_PATH=${CMAKE_PREFIX_PATH}:/home/locobot/interbotix_ws/install/interbotix_xs_modules:/home/locobot/interbotix_ws/install/interbotix_perception_modules:/home/locobot/interbotix_ws/install/interbotix_common_modules:/opt/ros/humble /usr/bin/cmake --install /home/locobot/interbotix_ws/build/irobot_create_toolbox
[0.161s] -- Install configuration: ""
[0.162s] -- Up-to-date: /home/locobot/interbotix_ws/install/irobot_create_toolbox/lib/libirobot_create_toolbox.so
[0.162s] -- Up-to-date: /home/locobot/interbotix_ws/install/irobot_create_toolbox/include
[0.163s] -- Up-to-date: /home/locobot/interbotix_ws/install/irobot_create_toolbox/include/irobot_create_toolbox
[0.163s] -- Up-to-date: /home/locobot/interbotix_ws/install/irobot_create_toolbox/include/irobot_create_toolbox/math.hpp
[0.163s] -- Up-to-date: /home/locobot/interbotix_ws/install/irobot_create_toolbox/include/irobot_create_toolbox/sensors
[0.164s] -- Up-to-date: /home/locobot/interbotix_ws/install/irobot_create_toolbox/include/irobot_create_toolbox/sensors/bumpers.hpp
[0.164s] -- Up-to-date: /home/locobot/interbotix_ws/install/irobot_create_toolbox/include/irobot_create_toolbox/polar_coordinates.hpp
[0.164s] -- Up-to-date: /home/locobot/interbotix_ws/install/irobot_create_toolbox/share/irobot_create_toolbox/environment/library_path.sh
[0.164s] -- Up-to-date: /home/locobot/interbotix_ws/install/irobot_create_toolbox/share/irobot_create_toolbox/environment/library_path.dsv
[0.165s] -- Up-to-date: /home/locobot/interbotix_ws/install/irobot_create_toolbox/share/ament_index/resource_index/package_run_dependencies/irobot_create_toolbox
[0.165s] -- Up-to-date: /home/locobot/interbotix_ws/install/irobot_create_toolbox/share/ament_index/resource_index/parent_prefix_path/irobot_create_toolbox
[0.165s] -- Up-to-date: /home/locobot/interbotix_ws/install/irobot_create_toolbox/share/irobot_create_toolbox/environment/ament_prefix_path.sh
[0.166s] -- Up-to-date: /home/locobot/interbotix_ws/install/irobot_create_toolbox/share/irobot_create_toolbox/environment/ament_prefix_path.dsv
[0.166s] -- Up-to-date: /home/locobot/interbotix_ws/install/irobot_create_toolbox/share/irobot_create_toolbox/environment/path.sh
[0.166s] -- Up-to-date: /home/locobot/interbotix_ws/install/irobot_create_toolbox/share/irobot_create_toolbox/environment/path.dsv
[0.166s] -- Up-to-date: /home/locobot/interbotix_ws/install/irobot_create_toolbox/share/irobot_create_toolbox/local_setup.bash
[0.166s] -- Up-to-date: /home/locobot/interbotix_ws/install/irobot_create_toolbox/share/irobot_create_toolbox/local_setup.sh
[0.167s] -- Up-to-date: /home/locobot/interbotix_ws/install/irobot_create_toolbox/share/irobot_create_toolbox/local_setup.zsh
[0.167s] -- Up-to-date: /home/locobot/interbotix_ws/install/irobot_create_toolbox/share/irobot_create_toolbox/local_setup.dsv
[0.167s] -- Installing: /home/locobot/interbotix_ws/install/irobot_create_toolbox/share/irobot_create_toolbox/package.dsv
[0.167s] -- Up-to-date: /home/locobot/interbotix_ws/install/irobot_create_toolbox/share/ament_index/resource_index/packages/irobot_create_toolbox
[0.167s] -- Up-to-date: /home/locobot/interbotix_ws/install/irobot_create_toolbox/share/irobot_create_toolbox/cmake/ament_cmake_export_include_directories-extras.cmake
[0.168s] -- Up-to-date: /home/locobot/interbotix_ws/install/irobot_create_toolbox/share/irobot_create_toolbox/cmake/ament_cmake_export_libraries-extras.cmake
[0.169s] -- Up-to-date: /home/locobot/interbotix_ws/install/irobot_create_toolbox/share/irobot_create_toolbox/cmake/ament_cmake_export_dependencies-extras.cmake
[0.169s] -- Up-to-date: /home/locobot/interbotix_ws/install/irobot_create_toolbox/share/irobot_create_toolbox/cmake/irobot_create_toolboxConfig.cmake
[0.169s] -- Up-to-date: /home/locobot/interbotix_ws/install/irobot_create_toolbox/share/irobot_create_toolbox/cmake/irobot_create_toolboxConfig-version.cmake
[0.170s] -- Up-to-date: /home/locobot/interbotix_ws/install/irobot_create_toolbox/share/irobot_create_toolbox/package.xml
[0.174s] Invoked command in '/home/locobot/interbotix_ws/build/irobot_create_toolbox' returned '0': CMAKE_PREFIX_PATH=${CMAKE_PREFIX_PATH}:/home/locobot/interbotix_ws/install/interbotix_xs_modules:/home/locobot/interbotix_ws/install/interbotix_perception_modules:/home/locobot/interbotix_ws/install/interbotix_common_modules:/opt/ros/humble /usr/bin/cmake --install /home/locobot/interbotix_ws/build/irobot_create_toolbox
