[0.019s] Invoking command in '/home/locobot/interbotix_ws/build/interbotix_ros_xseries': AMENT_PREFIX_PATH=/home/locobot/interbotix_ws/install/interbotix_xs_sdk:/home/locobot/interbotix_ws/install/interbotix_xs_driver:/home/locobot/interbotix_ws/install/interbotix_xs_msgs:/home/locobot/interbotix_ws/install/dynamixel_workbench_toolbox:${AMENT_PREFIX_PATH} CMAKE_PREFIX_PATH=/home/locobot/interbotix_ws/install/interbotix_xs_sdk:/home/locobot/interbotix_ws/install/interbotix_xs_driver:/home/locobot/interbotix_ws/install/interbotix_xs_msgs:/home/locobot/interbotix_ws/install/dynamixel_workbench_toolbox:/home/locobot/apriltag_ws/install/apriltag_ros:/opt/ros/humble LD_LIBRARY_PATH=/home/locobot/interbotix_ws/install/interbotix_xs_driver/lib:/home/locobot/interbotix_ws/install/interbotix_xs_msgs/lib:/home/locobot/interbotix_ws/install/dynamixel_workbench_toolbox/lib:${LD_LIBRARY_PATH} PYTHONPATH=/home/locobot/interbotix_ws/install/interbotix_xs_msgs/local/lib/python3.10/dist-packages:${PYTHONPATH} /usr/bin/cmake /home/locobot/interbotix_ws/src/interbotix_ros_core/interbotix_ros_xseries/interbotix_ros_xseries -DCMAKE_INSTALL_PREFIX=/home/locobot/interbotix_ws/install/interbotix_ros_xseries
[0.096s] -- The C compiler identification is GNU 11.4.0
[0.174s] -- The CXX compiler identification is GNU 11.4.0
[0.183s] -- Detecting C compiler ABI info
[0.278s] -- Detecting C compiler ABI info - done
[0.291s] -- Check for working C compiler: /usr/bin/cc - skipped
[0.292s] -- Detecting C compile features
[0.293s] -- Detecting C compile features - done
[0.297s] -- Detecting CXX compiler ABI info
[0.408s] -- Detecting CXX compiler ABI info - done
[0.422s] -- Check for working CXX compiler: /usr/bin/c++ - skipped
[0.422s] -- Detecting CXX compile features
[0.423s] -- Detecting CXX compile features - done
[0.427s] -- Found ament_cmake: 1.3.8 (/opt/ros/humble/share/ament_cmake/cmake)
[0.637s] -- Found Python3: /usr/bin/python3 (found version "3.10.12") found components: Interpreter 
[0.771s] -- Found ament_lint_auto: 0.12.10 (/opt/ros/humble/share/ament_lint_auto/cmake)
[0.902s] -- Added test 'copyright' to check source files copyright and LICENSE
[0.902s] -- Added test 'lint_cmake' to check CMake code style
[0.902s] -- Added test 'xmllint' to check XML markup files
[0.902s] -- Configuring done
[0.906s] -- Generating done
[0.907s] -- Build files have been written to: /home/locobot/interbotix_ws/build/interbotix_ros_xseries
[0.913s] Invoked command in '/home/locobot/interbotix_ws/build/interbotix_ros_xseries' returned '0': AMENT_PREFIX_PATH=/home/locobot/interbotix_ws/install/interbotix_xs_sdk:/home/locobot/interbotix_ws/install/interbotix_xs_driver:/home/locobot/interbotix_ws/install/interbotix_xs_msgs:/home/locobot/interbotix_ws/install/dynamixel_workbench_toolbox:${AMENT_PREFIX_PATH} CMAKE_PREFIX_PATH=/home/locobot/interbotix_ws/install/interbotix_xs_sdk:/home/locobot/interbotix_ws/install/interbotix_xs_driver:/home/locobot/interbotix_ws/install/interbotix_xs_msgs:/home/locobot/interbotix_ws/install/dynamixel_workbench_toolbox:/home/locobot/apriltag_ws/install/apriltag_ros:/opt/ros/humble LD_LIBRARY_PATH=/home/locobot/interbotix_ws/install/interbotix_xs_driver/lib:/home/locobot/interbotix_ws/install/interbotix_xs_msgs/lib:/home/locobot/interbotix_ws/install/dynamixel_workbench_toolbox/lib:${LD_LIBRARY_PATH} PYTHONPATH=/home/locobot/interbotix_ws/install/interbotix_xs_msgs/local/lib/python3.10/dist-packages:${PYTHONPATH} /usr/bin/cmake /home/locobot/interbotix_ws/src/interbotix_ros_core/interbotix_ros_xseries/interbotix_ros_xseries -DCMAKE_INSTALL_PREFIX=/home/locobot/interbotix_ws/install/interbotix_ros_xseries
[0.914s] Invoking command in '/home/locobot/interbotix_ws/build/interbotix_ros_xseries': AMENT_PREFIX_PATH=/home/locobot/interbotix_ws/install/interbotix_xs_sdk:/home/locobot/interbotix_ws/install/interbotix_xs_driver:/home/locobot/interbotix_ws/install/interbotix_xs_msgs:/home/locobot/interbotix_ws/install/dynamixel_workbench_toolbox:${AMENT_PREFIX_PATH} CMAKE_PREFIX_PATH=/home/locobot/interbotix_ws/install/interbotix_xs_sdk:/home/locobot/interbotix_ws/install/interbotix_xs_driver:/home/locobot/interbotix_ws/install/interbotix_xs_msgs:/home/locobot/interbotix_ws/install/dynamixel_workbench_toolbox:/home/locobot/apriltag_ws/install/apriltag_ros:/opt/ros/humble LD_LIBRARY_PATH=/home/locobot/interbotix_ws/install/interbotix_xs_driver/lib:/home/locobot/interbotix_ws/install/interbotix_xs_msgs/lib:/home/locobot/interbotix_ws/install/dynamixel_workbench_toolbox/lib:${LD_LIBRARY_PATH} PYTHONPATH=/home/locobot/interbotix_ws/install/interbotix_xs_msgs/local/lib/python3.10/dist-packages:${PYTHONPATH} /usr/bin/cmake --build /home/locobot/interbotix_ws/build/interbotix_ros_xseries -- -j4 -l4
[0.962s] Invoked command in '/home/locobot/interbotix_ws/build/interbotix_ros_xseries' returned '0': AMENT_PREFIX_PATH=/home/locobot/interbotix_ws/install/interbotix_xs_sdk:/home/locobot/interbotix_ws/install/interbotix_xs_driver:/home/locobot/interbotix_ws/install/interbotix_xs_msgs:/home/locobot/interbotix_ws/install/dynamixel_workbench_toolbox:${AMENT_PREFIX_PATH} CMAKE_PREFIX_PATH=/home/locobot/interbotix_ws/install/interbotix_xs_sdk:/home/locobot/interbotix_ws/install/interbotix_xs_driver:/home/locobot/interbotix_ws/install/interbotix_xs_msgs:/home/locobot/interbotix_ws/install/dynamixel_workbench_toolbox:/home/locobot/apriltag_ws/install/apriltag_ros:/opt/ros/humble LD_LIBRARY_PATH=/home/locobot/interbotix_ws/install/interbotix_xs_driver/lib:/home/locobot/interbotix_ws/install/interbotix_xs_msgs/lib:/home/locobot/interbotix_ws/install/dynamixel_workbench_toolbox/lib:${LD_LIBRARY_PATH} PYTHONPATH=/home/locobot/interbotix_ws/install/interbotix_xs_msgs/local/lib/python3.10/dist-packages:${PYTHONPATH} /usr/bin/cmake --build /home/locobot/interbotix_ws/build/interbotix_ros_xseries -- -j4 -l4
[0.996s] Invoking command in '/home/locobot/interbotix_ws/build/interbotix_ros_xseries': AMENT_PREFIX_PATH=/home/locobot/interbotix_ws/install/interbotix_xs_sdk:/home/locobot/interbotix_ws/install/interbotix_xs_driver:/home/locobot/interbotix_ws/install/interbotix_xs_msgs:/home/locobot/interbotix_ws/install/dynamixel_workbench_toolbox:${AMENT_PREFIX_PATH} CMAKE_PREFIX_PATH=/home/locobot/interbotix_ws/install/interbotix_xs_sdk:/home/locobot/interbotix_ws/install/interbotix_xs_driver:/home/locobot/interbotix_ws/install/interbotix_xs_msgs:/home/locobot/interbotix_ws/install/dynamixel_workbench_toolbox:/home/locobot/apriltag_ws/install/apriltag_ros:/opt/ros/humble LD_LIBRARY_PATH=/home/locobot/interbotix_ws/install/interbotix_xs_driver/lib:/home/locobot/interbotix_ws/install/interbotix_xs_msgs/lib:/home/locobot/interbotix_ws/install/dynamixel_workbench_toolbox/lib:${LD_LIBRARY_PATH} PYTHONPATH=/home/locobot/interbotix_ws/install/interbotix_xs_msgs/local/lib/python3.10/dist-packages:${PYTHONPATH} /usr/bin/cmake --install /home/locobot/interbotix_ws/build/interbotix_ros_xseries
[1.007s] -- Install configuration: ""
[1.007s] -- Installing: /home/locobot/interbotix_ws/install/interbotix_ros_xseries/share/ament_index/resource_index/package_run_dependencies/interbotix_ros_xseries
[1.007s] -- Installing: /home/locobot/interbotix_ws/install/interbotix_ros_xseries/share/ament_index/resource_index/parent_prefix_path/interbotix_ros_xseries
[1.007s] -- Installing: /home/locobot/interbotix_ws/install/interbotix_ros_xseries/share/interbotix_ros_xseries/environment/ament_prefix_path.sh
[1.008s] -- Installing: /home/locobot/interbotix_ws/install/interbotix_ros_xseries/share/interbotix_ros_xseries/environment/ament_prefix_path.dsv
[1.008s] -- Installing: /home/locobot/interbotix_ws/install/interbotix_ros_xseries/share/interbotix_ros_xseries/environment/path.sh
[1.008s] -- Installing: /home/locobot/interbotix_ws/install/interbotix_ros_xseries/share/interbotix_ros_xseries/environment/path.dsv
[1.008s] -- Installing: /home/locobot/interbotix_ws/install/interbotix_ros_xseries/share/interbotix_ros_xseries/local_setup.bash
[1.008s] -- Installing: /home/locobot/interbotix_ws/install/interbotix_ros_xseries/share/interbotix_ros_xseries/local_setup.sh
[1.008s] -- Installing: /home/locobot/interbotix_ws/install/interbotix_ros_xseries/share/interbotix_ros_xseries/local_setup.zsh
[1.009s] -- Installing: /home/locobot/interbotix_ws/install/interbotix_ros_xseries/share/interbotix_ros_xseries/local_setup.dsv
[1.009s] -- Installing: /home/locobot/interbotix_ws/install/interbotix_ros_xseries/share/interbotix_ros_xseries/package.dsv
[1.009s] -- Installing: /home/locobot/interbotix_ws/install/interbotix_ros_xseries/share/ament_index/resource_index/packages/interbotix_ros_xseries
[1.009s] -- Installing: /home/locobot/interbotix_ws/install/interbotix_ros_xseries/share/interbotix_ros_xseries/cmake/interbotix_ros_xseriesConfig.cmake
[1.009s] -- Installing: /home/locobot/interbotix_ws/install/interbotix_ros_xseries/share/interbotix_ros_xseries/cmake/interbotix_ros_xseriesConfig-version.cmake
[1.009s] -- Installing: /home/locobot/interbotix_ws/install/interbotix_ros_xseries/share/interbotix_ros_xseries/package.xml
[1.018s] Invoked command in '/home/locobot/interbotix_ws/build/interbotix_ros_xseries' returned '0': AMENT_PREFIX_PATH=/home/locobot/interbotix_ws/install/interbotix_xs_sdk:/home/locobot/interbotix_ws/install/interbotix_xs_driver:/home/locobot/interbotix_ws/install/interbotix_xs_msgs:/home/locobot/interbotix_ws/install/dynamixel_workbench_toolbox:${AMENT_PREFIX_PATH} CMAKE_PREFIX_PATH=/home/locobot/interbotix_ws/install/interbotix_xs_sdk:/home/locobot/interbotix_ws/install/interbotix_xs_driver:/home/locobot/interbotix_ws/install/interbotix_xs_msgs:/home/locobot/interbotix_ws/install/dynamixel_workbench_toolbox:/home/locobot/apriltag_ws/install/apriltag_ros:/opt/ros/humble LD_LIBRARY_PATH=/home/locobot/interbotix_ws/install/interbotix_xs_driver/lib:/home/locobot/interbotix_ws/install/interbotix_xs_msgs/lib:/home/locobot/interbotix_ws/install/dynamixel_workbench_toolbox/lib:${LD_LIBRARY_PATH} PYTHONPATH=/home/locobot/interbotix_ws/install/interbotix_xs_msgs/local/lib/python3.10/dist-packages:${PYTHONPATH} /usr/bin/cmake --install /home/locobot/interbotix_ws/build/interbotix_ros_xseries
