-- Found ament_cmake: 1.3.11 (/opt/ros/humble/share/ament_cmake/cmake)
-- Configuring done
-- Generating done
-- Build files have been written to: /home/locobot/interbotix_ws/build/irobot_create_ignition_plugins
-- Install configuration: ""
-- Up-to-date: /home/locobot/interbotix_ws/install/irobot_create_ignition_plugins/share/ament_index/resource_index/package_run_dependencies/irobot_create_ignition_plugins
-- Installing: /home/locobot/interbotix_ws/install/irobot_create_ignition_plugins/share/ament_index/resource_index/parent_prefix_path/irobot_create_ignition_plugins
-- Installing: /home/locobot/interbotix_ws/install/irobot_create_ignition_plugins/share/irobot_create_ignition_plugins/environment/ament_prefix_path.sh
-- Installing: /home/locobot/interbotix_ws/install/irobot_create_ignition_plugins/share/irobot_create_ignition_plugins/environment/ament_prefix_path.dsv
-- Installing: /home/locobot/interbotix_ws/install/irobot_create_ignition_plugins/share/irobot_create_ignition_plugins/environment/path.sh
-- Installing: /home/locobot/interbotix_ws/install/irobot_create_ignition_plugins/share/irobot_create_ignition_plugins/environment/path.dsv
-- Up-to-date: /home/locobot/interbotix_ws/install/irobot_create_ignition_plugins/share/irobot_create_ignition_plugins/local_setup.bash
-- Up-to-date: /home/locobot/interbotix_ws/install/irobot_create_ignition_plugins/share/irobot_create_ignition_plugins/local_setup.sh
-- Up-to-date: /home/locobot/interbotix_ws/install/irobot_create_ignition_plugins/share/irobot_create_ignition_plugins/local_setup.zsh
-- Installing: /home/locobot/interbotix_ws/install/irobot_create_ignition_plugins/share/irobot_create_ignition_plugins/local_setup.dsv
-- Installing: /home/locobot/interbotix_ws/install/irobot_create_ignition_plugins/share/irobot_create_ignition_plugins/package.dsv
-- Up-to-date: /home/locobot/interbotix_ws/install/irobot_create_ignition_plugins/share/ament_index/resource_index/packages/irobot_create_ignition_plugins
-- Up-to-date: /home/locobot/interbotix_ws/install/irobot_create_ignition_plugins/share/irobot_create_ignition_plugins/cmake/irobot_create_ignition_pluginsConfig.cmake
-- Up-to-date: /home/locobot/interbotix_ws/install/irobot_create_ignition_plugins/share/irobot_create_ignition_plugins/cmake/irobot_create_ignition_pluginsConfig-version.cmake
-- Up-to-date: /home/locobot/interbotix_ws/install/irobot_create_ignition_plugins/share/irobot_create_ignition_plugins/package.xml
