[0.019s] Invoking command in '/home/locobot/interbotix_ws/build/irobot_create_description': CMAKE_PREFIX_PATH=${CMAKE_PREFIX_PATH}:/home/locobot/interbotix_ws/install/interbotix_xs_modules:/home/locobot/interbotix_ws/install/interbotix_perception_modules:/home/locobot/interbotix_ws/install/interbotix_common_modules:/opt/ros/humble /usr/bin/cmake --build /home/locobot/interbotix_ws/build/irobot_create_description -- -j4 -l4
[0.121s] Invoked command in '/home/locobot/interbotix_ws/build/irobot_create_description' returned '0': CMAKE_PREFIX_PATH=${CMAKE_PREFIX_PATH}:/home/locobot/interbotix_ws/install/interbotix_xs_modules:/home/locobot/interbotix_ws/install/interbotix_perception_modules:/home/locobot/interbotix_ws/install/interbotix_common_modules:/opt/ros/humble /usr/bin/cmake --build /home/locobot/interbotix_ws/build/irobot_create_description -- -j4 -l4
[0.202s] Invoking command in '/home/locobot/interbotix_ws/build/irobot_create_description': CMAKE_PREFIX_PATH=${CMAKE_PREFIX_PATH}:/home/locobot/interbotix_ws/install/interbotix_xs_modules:/home/locobot/interbotix_ws/install/interbotix_perception_modules:/home/locobot/interbotix_ws/install/interbotix_common_modules:/opt/ros/humble /usr/bin/cmake --install /home/locobot/interbotix_ws/build/irobot_create_description
[0.215s] -- Install configuration: ""
[0.215s] -- Up-to-date: /home/locobot/interbotix_ws/install/irobot_create_description/share/irobot_create_description//meshes
[0.215s] -- Up-to-date: /home/locobot/interbotix_ws/install/irobot_create_description/share/irobot_create_description//meshes/dock
[0.218s] -- Up-to-date: /home/locobot/interbotix_ws/install/irobot_create_description/share/irobot_create_description//meshes/dock/visual.dae
[0.218s] -- Up-to-date: /home/locobot/interbotix_ws/install/irobot_create_description/share/irobot_create_description//meshes/bumper_collision.dae
[0.223s] -- Up-to-date: /home/locobot/interbotix_ws/install/irobot_create_description/share/irobot_create_description//meshes/bumper_visual.dae
[0.224s] -- Up-to-date: /home/locobot/interbotix_ws/install/irobot_create_description/share/irobot_create_description//meshes/body_visual.dae
[0.225s] -- Up-to-date: /home/locobot/interbotix_ws/install/irobot_create_description/share/irobot_create_description//urdf
[0.225s] -- Up-to-date: /home/locobot/interbotix_ws/install/irobot_create_description/share/irobot_create_description//urdf/dock
[0.225s] -- Up-to-date: /home/locobot/interbotix_ws/install/irobot_create_description/share/irobot_create_description//urdf/dock/ir_emitter.urdf.xacro
[0.225s] -- Up-to-date: /home/locobot/interbotix_ws/install/irobot_create_description/share/irobot_create_description//urdf/dock/standard_dock.urdf.xacro
[0.226s] -- Up-to-date: /home/locobot/interbotix_ws/install/irobot_create_description/share/irobot_create_description//urdf/button.urdf.xacro
[0.226s] -- Up-to-date: /home/locobot/interbotix_ws/install/irobot_create_description/share/irobot_create_description//urdf/caster.urdf.xacro
[0.226s] -- Up-to-date: /home/locobot/interbotix_ws/install/irobot_create_description/share/irobot_create_description//urdf/wheel_drop.urdf.xacro
[0.227s] -- Up-to-date: /home/locobot/interbotix_ws/install/irobot_create_description/share/irobot_create_description//urdf/create3.urdf.xacro
[0.227s] -- Up-to-date: /home/locobot/interbotix_ws/install/irobot_create_description/share/irobot_create_description//urdf/wheel.urdf.xacro
[0.228s] -- Up-to-date: /home/locobot/interbotix_ws/install/irobot_create_description/share/irobot_create_description//urdf/bumper.urdf.xacro
[0.228s] -- Up-to-date: /home/locobot/interbotix_ws/install/irobot_create_description/share/irobot_create_description//urdf/wheel_with_wheeldrop.urdf.xacro
[0.228s] -- Up-to-date: /home/locobot/interbotix_ws/install/irobot_create_description/share/irobot_create_description//urdf/sensors
[0.228s] -- Up-to-date: /home/locobot/interbotix_ws/install/irobot_create_description/share/irobot_create_description//urdf/sensors/cliff_sensor.urdf.xacro
[0.228s] -- Up-to-date: /home/locobot/interbotix_ws/install/irobot_create_description/share/irobot_create_description//urdf/sensors/ir_intensity.urdf.xacro
[0.229s] -- Up-to-date: /home/locobot/interbotix_ws/install/irobot_create_description/share/irobot_create_description//urdf/sensors/imu.urdf.xacro
[0.229s] -- Up-to-date: /home/locobot/interbotix_ws/install/irobot_create_description/share/irobot_create_description//urdf/sensors/optical_mouse.urdf.xacro
[0.229s] -- Up-to-date: /home/locobot/interbotix_ws/install/irobot_create_description/share/irobot_create_description//urdf/sensors/ir_opcode_receivers.urdf.xacro
[0.229s] -- Up-to-date: /home/locobot/interbotix_ws/install/irobot_create_description/share/irobot_create_description//urdf/common_properties.urdf.xacro
[0.229s] -- Up-to-date: /home/locobot/interbotix_ws/install/irobot_create_description/share/ament_index/resource_index/package_run_dependencies/irobot_create_description
[0.230s] -- Up-to-date: /home/locobot/interbotix_ws/install/irobot_create_description/share/ament_index/resource_index/parent_prefix_path/irobot_create_description
[0.230s] -- Up-to-date: /home/locobot/interbotix_ws/install/irobot_create_description/share/irobot_create_description/environment/ament_prefix_path.sh
[0.231s] -- Up-to-date: /home/locobot/interbotix_ws/install/irobot_create_description/share/irobot_create_description/environment/ament_prefix_path.dsv
[0.231s] -- Up-to-date: /home/locobot/interbotix_ws/install/irobot_create_description/share/irobot_create_description/environment/path.sh
[0.232s] -- Up-to-date: /home/locobot/interbotix_ws/install/irobot_create_description/share/irobot_create_description/environment/path.dsv
[0.232s] -- Up-to-date: /home/locobot/interbotix_ws/install/irobot_create_description/share/irobot_create_description/local_setup.bash
[0.232s] -- Up-to-date: /home/locobot/interbotix_ws/install/irobot_create_description/share/irobot_create_description/local_setup.sh
[0.232s] -- Up-to-date: /home/locobot/interbotix_ws/install/irobot_create_description/share/irobot_create_description/local_setup.zsh
[0.233s] -- Up-to-date: /home/locobot/interbotix_ws/install/irobot_create_description/share/irobot_create_description/local_setup.dsv
[0.233s] -- Installing: /home/locobot/interbotix_ws/install/irobot_create_description/share/irobot_create_description/package.dsv
[0.235s] -- Up-to-date: /home/locobot/interbotix_ws/install/irobot_create_description/share/ament_index/resource_index/packages/irobot_create_description
[0.236s] -- Up-to-date: /home/locobot/interbotix_ws/install/irobot_create_description/share/irobot_create_description/cmake/irobot_create_descriptionConfig.cmake
[0.236s] -- Up-to-date: /home/locobot/interbotix_ws/install/irobot_create_description/share/irobot_create_description/cmake/irobot_create_descriptionConfig-version.cmake
[0.236s] -- Up-to-date: /home/locobot/interbotix_ws/install/irobot_create_description/share/irobot_create_description/package.xml
[0.237s] Invoked command in '/home/locobot/interbotix_ws/build/irobot_create_description' returned '0': CMAKE_PREFIX_PATH=${CMAKE_PREFIX_PATH}:/home/locobot/interbotix_ws/install/interbotix_xs_modules:/home/locobot/interbotix_ws/install/interbotix_perception_modules:/home/locobot/interbotix_ws/install/interbotix_common_modules:/opt/ros/humble /usr/bin/cmake --install /home/locobot/interbotix_ws/build/irobot_create_description
