[0.027s] Invoking command in '/home/locobot/interbotix_ws/build/moveit_visual_tools': CMAKE_PREFIX_PATH=${CMAKE_PREFIX_PATH}:/home/locobot/locobot_ws/install/yolov8_ros:/home/locobot/locobot_ws/install/detection:/home/locobot/locobot_ws/install/locobot_move:/home/locobot/locobot_ws/install/locobot_bringup:/home/locobot/locobot_ws/install/create3_teleop:/home/locobot/locobot_ws/install/create3_examples_py:/home/locobot/interbotix_ws/install/interbotix_xs_modules:/home/locobot/interbotix_ws/install/interbotix_perception_modules:/home/locobot/interbotix_ws/install/interbotix_common_modules:/opt/ros/humble /usr/bin/cmake --build /home/locobot/interbotix_ws/build/moveit_visual_tools -- -j4 -l4
[0.180s] [ 66%] Built target moveit_visual_tools
[0.245s] [100%] Built target moveit_visual_tools_demo
[0.539s] Invoked command in '/home/locobot/interbotix_ws/build/moveit_visual_tools' returned '0': CMAKE_PREFIX_PATH=${CMAKE_PREFIX_PATH}:/home/locobot/locobot_ws/install/yolov8_ros:/home/locobot/locobot_ws/install/detection:/home/locobot/locobot_ws/install/locobot_move:/home/locobot/locobot_ws/install/locobot_bringup:/home/locobot/locobot_ws/install/create3_teleop:/home/locobot/locobot_ws/install/create3_examples_py:/home/locobot/interbotix_ws/install/interbotix_xs_modules:/home/locobot/interbotix_ws/install/interbotix_perception_modules:/home/locobot/interbotix_ws/install/interbotix_common_modules:/opt/ros/humble /usr/bin/cmake --build /home/locobot/interbotix_ws/build/moveit_visual_tools -- -j4 -l4
[0.602s] Invoking command in '/home/locobot/interbotix_ws/build/moveit_visual_tools': CMAKE_PREFIX_PATH=${CMAKE_PREFIX_PATH}:/home/locobot/locobot_ws/install/yolov8_ros:/home/locobot/locobot_ws/install/detection:/home/locobot/locobot_ws/install/locobot_move:/home/locobot/locobot_ws/install/locobot_bringup:/home/locobot/locobot_ws/install/create3_teleop:/home/locobot/locobot_ws/install/create3_examples_py:/home/locobot/interbotix_ws/install/interbotix_xs_modules:/home/locobot/interbotix_ws/install/interbotix_perception_modules:/home/locobot/interbotix_ws/install/interbotix_common_modules:/opt/ros/humble /usr/bin/cmake --install /home/locobot/interbotix_ws/build/moveit_visual_tools
[0.612s] -- Install configuration: "Release"
[0.612s] -- Up-to-date: /home/locobot/interbotix_ws/install/moveit_visual_tools/share/moveit_visual_tools/environment/library_path.sh
[0.612s] -- Up-to-date: /home/locobot/interbotix_ws/install/moveit_visual_tools/share/moveit_visual_tools/environment/library_path.dsv
[0.614s] -- Up-to-date: /home/locobot/interbotix_ws/install/moveit_visual_tools/lib/libmoveit_visual_tools.so
[0.615s] -- Up-to-date: /home/locobot/interbotix_ws/install/moveit_visual_tools/lib/moveit_visual_tools/moveit_visual_tools_demo
[0.616s] -- Up-to-date: /home/locobot/interbotix_ws/install/moveit_visual_tools/include
[0.616s] -- Up-to-date: /home/locobot/interbotix_ws/install/moveit_visual_tools/include/moveit_visual_tools
[0.616s] -- Up-to-date: /home/locobot/interbotix_ws/install/moveit_visual_tools/include/moveit_visual_tools/imarker_end_effector.h
[0.617s] -- Up-to-date: /home/locobot/interbotix_ws/install/moveit_visual_tools/include/moveit_visual_tools/moveit_visual_tools.h
[0.617s] -- Up-to-date: /home/locobot/interbotix_ws/install/moveit_visual_tools/include/moveit_visual_tools/imarker_robot_state.h
[0.617s] -- Up-to-date: /home/locobot/interbotix_ws/install/moveit_visual_tools/share/moveit_visual_tools/launch
[0.618s] -- Up-to-date: /home/locobot/interbotix_ws/install/moveit_visual_tools/share/moveit_visual_tools/launch/demo.rviz
[0.618s] -- Up-to-date: /home/locobot/interbotix_ws/install/moveit_visual_tools/share/moveit_visual_tools/launch/demo_rviz.launch.py
[0.618s] -- Up-to-date: /home/locobot/interbotix_ws/install/moveit_visual_tools/share/moveit_visual_tools/resources
[0.618s] -- Up-to-date: /home/locobot/interbotix_ws/install/moveit_visual_tools/share/moveit_visual_tools/resources/demo_mesh.stl
[0.619s] -- Up-to-date: /home/locobot/interbotix_ws/install/moveit_visual_tools/share/moveit_visual_tools/resources/rrbot.srdf
[0.619s] -- Up-to-date: /home/locobot/interbotix_ws/install/moveit_visual_tools/share/moveit_visual_tools/resources/demo.png
[0.619s] -- Up-to-date: /home/locobot/interbotix_ws/install/moveit_visual_tools/share/moveit_visual_tools/resources/screenshot.png
[0.619s] -- Up-to-date: /home/locobot/interbotix_ws/install/moveit_visual_tools/share/moveit_visual_tools/resources/rrbot.urdf
[0.619s] -- Up-to-date: /home/locobot/interbotix_ws/install/moveit_visual_tools/share/ament_index/resource_index/package_run_dependencies/moveit_visual_tools
[0.620s] -- Up-to-date: /home/locobot/interbotix_ws/install/moveit_visual_tools/share/ament_index/resource_index/parent_prefix_path/moveit_visual_tools
[0.620s] -- Up-to-date: /home/locobot/interbotix_ws/install/moveit_visual_tools/share/moveit_visual_tools/environment/ament_prefix_path.sh
[0.620s] -- Up-to-date: /home/locobot/interbotix_ws/install/moveit_visual_tools/share/moveit_visual_tools/environment/ament_prefix_path.dsv
[0.620s] -- Up-to-date: /home/locobot/interbotix_ws/install/moveit_visual_tools/share/moveit_visual_tools/environment/path.sh
[0.621s] -- Up-to-date: /home/locobot/interbotix_ws/install/moveit_visual_tools/share/moveit_visual_tools/environment/path.dsv
[0.621s] -- Up-to-date: /home/locobot/interbotix_ws/install/moveit_visual_tools/share/moveit_visual_tools/local_setup.bash
[0.621s] -- Up-to-date: /home/locobot/interbotix_ws/install/moveit_visual_tools/share/moveit_visual_tools/local_setup.sh
[0.622s] -- Up-to-date: /home/locobot/interbotix_ws/install/moveit_visual_tools/share/moveit_visual_tools/local_setup.zsh
[0.622s] -- Up-to-date: /home/locobot/interbotix_ws/install/moveit_visual_tools/share/moveit_visual_tools/local_setup.dsv
[0.622s] -- Installing: /home/locobot/interbotix_ws/install/moveit_visual_tools/share/moveit_visual_tools/package.dsv
[0.623s] -- Up-to-date: /home/locobot/interbotix_ws/install/moveit_visual_tools/share/ament_index/resource_index/packages/moveit_visual_tools
[0.624s] -- Up-to-date: /home/locobot/interbotix_ws/install/moveit_visual_tools/share/moveit_visual_tools/cmake/export_moveit_visual_toolsExport.cmake
[0.625s] -- Up-to-date: /home/locobot/interbotix_ws/install/moveit_visual_tools/share/moveit_visual_tools/cmake/export_moveit_visual_toolsExport-release.cmake
[0.625s] -- Up-to-date: /home/locobot/interbotix_ws/install/moveit_visual_tools/share/moveit_visual_tools/cmake/ament_cmake_export_targets-extras.cmake
[0.625s] -- Up-to-date: /home/locobot/interbotix_ws/install/moveit_visual_tools/share/moveit_visual_tools/cmake/ament_cmake_export_dependencies-extras.cmake
[0.626s] -- Up-to-date: /home/locobot/interbotix_ws/install/moveit_visual_tools/share/moveit_visual_tools/cmake/moveit_visual_toolsConfig.cmake
[0.626s] -- Up-to-date: /home/locobot/interbotix_ws/install/moveit_visual_tools/share/moveit_visual_tools/cmake/moveit_visual_toolsConfig-version.cmake
[0.626s] -- Up-to-date: /home/locobot/interbotix_ws/install/moveit_visual_tools/share/moveit_visual_tools/package.xml
[0.630s] Invoked command in '/home/locobot/interbotix_ws/build/moveit_visual_tools' returned '0': CMAKE_PREFIX_PATH=${CMAKE_PREFIX_PATH}:/home/locobot/locobot_ws/install/yolov8_ros:/home/locobot/locobot_ws/install/detection:/home/locobot/locobot_ws/install/locobot_move:/home/locobot/locobot_ws/install/locobot_bringup:/home/locobot/locobot_ws/install/create3_teleop:/home/locobot/locobot_ws/install/create3_examples_py:/home/locobot/interbotix_ws/install/interbotix_xs_modules:/home/locobot/interbotix_ws/install/interbotix_perception_modules:/home/locobot/interbotix_ws/install/interbotix_common_modules:/opt/ros/humble /usr/bin/cmake --install /home/locobot/interbotix_ws/build/moveit_visual_tools
