[0.018s] Invoking command in '/home/locobot/interbotix_ws/build/irobot_create_control': CMAKE_PREFIX_PATH=${CMAKE_PREFIX_PATH}:/home/locobot/interbotix_ws/install/interbotix_xs_modules:/home/locobot/interbotix_ws/install/interbotix_perception_modules:/home/locobot/interbotix_ws/install/interbotix_common_modules:/opt/ros/humble /usr/bin/cmake /home/locobot/interbotix_ws/src/create3_sim/irobot_create_common/irobot_create_control -DCMAKE_INSTALL_PREFIX=/home/locobot/interbotix_ws/install/irobot_create_control
[0.099s] -- The C compiler identification is GNU 11.4.0
[0.177s] -- The CXX compiler identification is GNU 11.4.0
[0.186s] -- Detecting C compiler ABI info
[0.288s] -- Detecting C compiler ABI info - done
[0.305s] -- Check for working C compiler: /usr/bin/cc - skipped
[0.305s] -- Detecting C compile features
[0.305s] -- Detecting C compile features - done
[0.307s] -- Detecting CXX compiler ABI info
[0.416s] -- Detecting CXX compiler ABI info - done
[0.429s] -- Check for working CXX compiler: /usr/bin/c++ - skipped
[0.429s] -- Detecting CXX compile features
[0.430s] -- Detecting CXX compile features - done
[0.438s] -- Found ament_cmake: 1.3.8 (/opt/ros/humble/share/ament_cmake/cmake)
[0.696s] -- Found Python3: /usr/bin/python3 (found version "3.10.12") found components: Interpreter 
[0.900s] -- Found ament_lint_auto: 0.12.10 (/opt/ros/humble/share/ament_lint_auto/cmake)
[1.033s] -- Added test 'flake8' to check Python code syntax and style conventions
[1.034s] -- Added test 'lint_cmake' to check CMake code style
[1.036s] -- Added test 'pep257' to check Python code against some of the docstring style conventions in PEP 257
[1.038s] -- Added test 'xmllint' to check XML markup files
[1.041s] -- Configuring done
[1.045s] -- Generating done
[1.046s] -- Build files have been written to: /home/locobot/interbotix_ws/build/irobot_create_control
[1.242s] Invoked command in '/home/locobot/interbotix_ws/build/irobot_create_control' returned '0': CMAKE_PREFIX_PATH=${CMAKE_PREFIX_PATH}:/home/locobot/interbotix_ws/install/interbotix_xs_modules:/home/locobot/interbotix_ws/install/interbotix_perception_modules:/home/locobot/interbotix_ws/install/interbotix_common_modules:/opt/ros/humble /usr/bin/cmake /home/locobot/interbotix_ws/src/create3_sim/irobot_create_common/irobot_create_control -DCMAKE_INSTALL_PREFIX=/home/locobot/interbotix_ws/install/irobot_create_control
[1.244s] Invoking command in '/home/locobot/interbotix_ws/build/irobot_create_control': CMAKE_PREFIX_PATH=${CMAKE_PREFIX_PATH}:/home/locobot/interbotix_ws/install/interbotix_xs_modules:/home/locobot/interbotix_ws/install/interbotix_perception_modules:/home/locobot/interbotix_ws/install/interbotix_common_modules:/opt/ros/humble /usr/bin/cmake --build /home/locobot/interbotix_ws/build/irobot_create_control -- -j4 -l4
[1.297s] Invoked command in '/home/locobot/interbotix_ws/build/irobot_create_control' returned '0': CMAKE_PREFIX_PATH=${CMAKE_PREFIX_PATH}:/home/locobot/interbotix_ws/install/interbotix_xs_modules:/home/locobot/interbotix_ws/install/interbotix_perception_modules:/home/locobot/interbotix_ws/install/interbotix_common_modules:/opt/ros/humble /usr/bin/cmake --build /home/locobot/interbotix_ws/build/irobot_create_control -- -j4 -l4
[1.339s] Invoking command in '/home/locobot/interbotix_ws/build/irobot_create_control': CMAKE_PREFIX_PATH=${CMAKE_PREFIX_PATH}:/home/locobot/interbotix_ws/install/interbotix_xs_modules:/home/locobot/interbotix_ws/install/interbotix_perception_modules:/home/locobot/interbotix_ws/install/interbotix_common_modules:/opt/ros/humble /usr/bin/cmake --install /home/locobot/interbotix_ws/build/irobot_create_control
[1.355s] -- Install configuration: ""
[1.355s] -- Installing: /home/locobot/interbotix_ws/install/irobot_create_control/share/irobot_create_control//launch
[1.355s] -- Installing: /home/locobot/interbotix_ws/install/irobot_create_control/share/irobot_create_control//launch/include
[1.355s] -- Installing: /home/locobot/interbotix_ws/install/irobot_create_control/share/irobot_create_control//launch/include/control.py
[1.355s] -- Installing: /home/locobot/interbotix_ws/install/irobot_create_control/share/irobot_create_control//config
[1.355s] -- Installing: /home/locobot/interbotix_ws/install/irobot_create_control/share/irobot_create_control//config/control.yaml
[1.355s] -- Installing: /home/locobot/interbotix_ws/install/irobot_create_control/share/ament_index/resource_index/package_run_dependencies/irobot_create_control
[1.355s] -- Installing: /home/locobot/interbotix_ws/install/irobot_create_control/share/ament_index/resource_index/parent_prefix_path/irobot_create_control
[1.355s] -- Installing: /home/locobot/interbotix_ws/install/irobot_create_control/share/irobot_create_control/environment/ament_prefix_path.sh
[1.355s] -- Installing: /home/locobot/interbotix_ws/install/irobot_create_control/share/irobot_create_control/environment/ament_prefix_path.dsv
[1.356s] -- Installing: /home/locobot/interbotix_ws/install/irobot_create_control/share/irobot_create_control/environment/path.sh
[1.356s] -- Installing: /home/locobot/interbotix_ws/install/irobot_create_control/share/irobot_create_control/environment/path.dsv
[1.356s] -- Installing: /home/locobot/interbotix_ws/install/irobot_create_control/share/irobot_create_control/local_setup.bash
[1.356s] -- Installing: /home/locobot/interbotix_ws/install/irobot_create_control/share/irobot_create_control/local_setup.sh
[1.356s] -- Installing: /home/locobot/interbotix_ws/install/irobot_create_control/share/irobot_create_control/local_setup.zsh
[1.356s] -- Installing: /home/locobot/interbotix_ws/install/irobot_create_control/share/irobot_create_control/local_setup.dsv
[1.356s] -- Installing: /home/locobot/interbotix_ws/install/irobot_create_control/share/irobot_create_control/package.dsv
[1.356s] -- Installing: /home/locobot/interbotix_ws/install/irobot_create_control/share/ament_index/resource_index/packages/irobot_create_control
[1.356s] -- Installing: /home/locobot/interbotix_ws/install/irobot_create_control/share/irobot_create_control/cmake/irobot_create_controlConfig.cmake
[1.356s] -- Installing: /home/locobot/interbotix_ws/install/irobot_create_control/share/irobot_create_control/cmake/irobot_create_controlConfig-version.cmake
[1.356s] -- Installing: /home/locobot/interbotix_ws/install/irobot_create_control/share/irobot_create_control/package.xml
[1.364s] Invoked command in '/home/locobot/interbotix_ws/build/irobot_create_control' returned '0': CMAKE_PREFIX_PATH=${CMAKE_PREFIX_PATH}:/home/locobot/interbotix_ws/install/interbotix_xs_modules:/home/locobot/interbotix_ws/install/interbotix_perception_modules:/home/locobot/interbotix_ws/install/interbotix_common_modules:/opt/ros/humble /usr/bin/cmake --install /home/locobot/interbotix_ws/build/irobot_create_control
