[35m[1mConsolidate compiler generated dependencies of target gazebo_ros_create_helpers[0m
[ 10%] Built target gazebo_ros_create_helpers
[ 15%] [32mBuilding CXX object CMakeFiles/gazebo_ros_create_bumper.dir/src/gazebo_ros_bumper.cpp.o[0m
[ 20%] [32mBuilding CXX object CMakeFiles/gazebo_ros_create_imu.dir/src/gazebo_ros_imu.cpp.o[0m
[ 25%] [32mBuilding CXX object CMakeFiles/gazebo_ros_create_docking_status.dir/src/gazebo_ros_docking_status.cpp.o[0m
[ 30%] [32mBuilding CXX object CMakeFiles/gazebo_ros_create_cliff_sensor.dir/src/gazebo_ros_cliff_sensor.cpp.o[0m
[ 40%] [32m[1mLinking CXX shared library libgazebo_ros_create_bumper.so[0m
[ 40%] [32m[1mLinking CXX shared library libgazebo_ros_create_imu.so[0m
[ 40%] Built target gazebo_ros_create_imu
[ 40%] Built target gazebo_ros_create_bumper
[ 45%] [32m[1mLinking CXX shared library libgazebo_ros_create_docking_status.so[0m
[ 50%] [32m[1mLinking CXX shared library libgazebo_ros_create_cliff_sensor.so[0m
[ 50%] Built target gazebo_ros_create_cliff_sensor
[ 50%] Built target gazebo_ros_create_docking_status
[ 55%] [32mBuilding CXX object CMakeFiles/docking_manager.dir/src/docking_manager.cpp.o[0m
[ 60%] [32m[1mLinking CXX shared library libdocking_manager.so[0m
[ 60%] Built target docking_manager
[ 65%] [32mBuilding CXX object CMakeFiles/gazebo_ros_create_wheel_drop.dir/src/gazebo_ros_wheel_drop.cpp.o[0m
[ 70%] [32m[1mLinking CXX shared library libgazebo_ros_create_wheel_drop.so[0m
[ 70%] Built target gazebo_ros_create_wheel_drop
[ 75%] [32mBuilding CXX object CMakeFiles/gazebo_ros_create_optical_mouse.dir/src/gazebo_ros_optical_mouse.cpp.o[0m
[ 80%] [32mBuilding CXX object CMakeFiles/gazebo_ros_create_ir_opcode.dir/src/gazebo_ros_ir_opcode.cpp.o[0m
[ 85%] [32m[1mLinking CXX shared library libgazebo_ros_create_optical_mouse.so[0m
[ 85%] Built target gazebo_ros_create_optical_mouse
[ 90%] [32mBuilding CXX object CMakeFiles/gazebo_ros_create_ir_intensity_sensor.dir/src/gazebo_ros_ir_intensity_sensor.cpp.o[0m
[ 95%] [32m[1mLinking CXX shared library libgazebo_ros_create_ir_opcode.so[0m
[ 95%] Built target gazebo_ros_create_ir_opcode
[100%] [32m[1mLinking CXX shared library libgazebo_ros_create_ir_intensity_sensor.so[0m
[100%] Built target gazebo_ros_create_ir_intensity_sensor
-- Install configuration: ""
-- Installing: /home/locobot/interbotix_ws/install/irobot_create_gazebo_plugins/share/irobot_create_gazebo_plugins/environment/library_path.sh
-- Installing: /home/locobot/interbotix_ws/install/irobot_create_gazebo_plugins/share/irobot_create_gazebo_plugins/environment/library_path.dsv
-- Installing: /home/locobot/interbotix_ws/install/irobot_create_gazebo_plugins/include
-- Installing: /home/locobot/interbotix_ws/install/irobot_create_gazebo_plugins/include/irobot_create_gazebo_plugins
-- Installing: /home/locobot/interbotix_ws/install/irobot_create_gazebo_plugins/include/irobot_create_gazebo_plugins/gazebo_ros_ir_intensity_sensor.hpp
-- Installing: /home/locobot/interbotix_ws/install/irobot_create_gazebo_plugins/include/irobot_create_gazebo_plugins/gazebo_ros_bumper.hpp
-- Installing: /home/locobot/interbotix_ws/install/irobot_create_gazebo_plugins/include/irobot_create_gazebo_plugins/gazebo_ros_wheel_drop.hpp
-- Installing: /home/locobot/interbotix_ws/install/irobot_create_gazebo_plugins/include/irobot_create_gazebo_plugins/gazebo_ros_helpers.hpp
-- Installing: /home/locobot/interbotix_ws/install/irobot_create_gazebo_plugins/include/irobot_create_gazebo_plugins/gazebo_ros_docking_status.hpp
-- Installing: /home/locobot/interbotix_ws/install/irobot_create_gazebo_plugins/include/irobot_create_gazebo_plugins/gazebo_ros_ir_opcode.hpp
-- Installing: /home/locobot/interbotix_ws/install/irobot_create_gazebo_plugins/include/irobot_create_gazebo_plugins/docking_manager.hpp
-- Installing: /home/locobot/interbotix_ws/install/irobot_create_gazebo_plugins/include/irobot_create_gazebo_plugins/gazebo_ros_optical_mouse.hpp
-- Installing: /home/locobot/interbotix_ws/install/irobot_create_gazebo_plugins/include/irobot_create_gazebo_plugins/gazebo_ros_cliff_sensor.hpp
-- Installing: /home/locobot/interbotix_ws/install/irobot_create_gazebo_plugins/include/irobot_create_gazebo_plugins/gazebo_ros_imu.hpp
-- Installing: /home/locobot/interbotix_ws/install/irobot_create_gazebo_plugins/lib/libgazebo_ros_create_bumper.so
-- Set runtime path of "/home/locobot/interbotix_ws/install/irobot_create_gazebo_plugins/lib/libgazebo_ros_create_bumper.so" to ""
-- Installing: /home/locobot/interbotix_ws/install/irobot_create_gazebo_plugins/lib/libgazebo_ros_create_cliff_sensor.so
-- Set runtime path of "/home/locobot/interbotix_ws/install/irobot_create_gazebo_plugins/lib/libgazebo_ros_create_cliff_sensor.so" to ""
-- Installing: /home/locobot/interbotix_ws/install/irobot_create_gazebo_plugins/lib/libgazebo_ros_create_docking_status.so
-- Set runtime path of "/home/locobot/interbotix_ws/install/irobot_create_gazebo_plugins/lib/libgazebo_ros_create_docking_status.so" to ""
-- Installing: /home/locobot/interbotix_ws/install/irobot_create_gazebo_plugins/lib/libgazebo_ros_create_helpers.so
-- Set runtime path of "/home/locobot/interbotix_ws/install/irobot_create_gazebo_plugins/lib/libgazebo_ros_create_helpers.so" to ""
-- Installing: /home/locobot/interbotix_ws/install/irobot_create_gazebo_plugins/lib/libgazebo_ros_create_imu.so
-- Set runtime path of "/home/locobot/interbotix_ws/install/irobot_create_gazebo_plugins/lib/libgazebo_ros_create_imu.so" to ""
-- Installing: /home/locobot/interbotix_ws/install/irobot_create_gazebo_plugins/lib/libgazebo_ros_create_ir_intensity_sensor.so
-- Set runtime path of "/home/locobot/interbotix_ws/install/irobot_create_gazebo_plugins/lib/libgazebo_ros_create_ir_intensity_sensor.so" to ""
-- Installing: /home/locobot/interbotix_ws/install/irobot_create_gazebo_plugins/lib/libgazebo_ros_create_optical_mouse.so
-- Set runtime path of "/home/locobot/interbotix_ws/install/irobot_create_gazebo_plugins/lib/libgazebo_ros_create_optical_mouse.so" to ""
-- Installing: /home/locobot/interbotix_ws/install/irobot_create_gazebo_plugins/lib/libgazebo_ros_create_ir_opcode.so
-- Set runtime path of "/home/locobot/interbotix_ws/install/irobot_create_gazebo_plugins/lib/libgazebo_ros_create_ir_opcode.so" to ""
-- Installing: /home/locobot/interbotix_ws/install/irobot_create_gazebo_plugins/lib/libdocking_manager.so
-- Set runtime path of "/home/locobot/interbotix_ws/install/irobot_create_gazebo_plugins/lib/libdocking_manager.so" to ""
-- Installing: /home/locobot/interbotix_ws/install/irobot_create_gazebo_plugins/lib/libgazebo_ros_create_wheel_drop.so
-- Set runtime path of "/home/locobot/interbotix_ws/install/irobot_create_gazebo_plugins/lib/libgazebo_ros_create_wheel_drop.so" to ""
-- Installing: /home/locobot/interbotix_ws/install/irobot_create_gazebo_plugins/share/ament_index/resource_index/package_run_dependencies/irobot_create_gazebo_plugins
-- Installing: /home/locobot/interbotix_ws/install/irobot_create_gazebo_plugins/share/ament_index/resource_index/parent_prefix_path/irobot_create_gazebo_plugins
-- Installing: /home/locobot/interbotix_ws/install/irobot_create_gazebo_plugins/share/irobot_create_gazebo_plugins/environment/ament_prefix_path.sh
-- Installing: /home/locobot/interbotix_ws/install/irobot_create_gazebo_plugins/share/irobot_create_gazebo_plugins/environment/ament_prefix_path.dsv
-- Installing: /home/locobot/interbotix_ws/install/irobot_create_gazebo_plugins/share/irobot_create_gazebo_plugins/environment/path.sh
-- Installing: /home/locobot/interbotix_ws/install/irobot_create_gazebo_plugins/share/irobot_create_gazebo_plugins/environment/path.dsv
-- Installing: /home/locobot/interbotix_ws/install/irobot_create_gazebo_plugins/share/irobot_create_gazebo_plugins/local_setup.bash
-- Installing: /home/locobot/interbotix_ws/install/irobot_create_gazebo_plugins/share/irobot_create_gazebo_plugins/local_setup.sh
-- Installing: /home/locobot/interbotix_ws/install/irobot_create_gazebo_plugins/share/irobot_create_gazebo_plugins/local_setup.zsh
-- Installing: /home/locobot/interbotix_ws/install/irobot_create_gazebo_plugins/share/irobot_create_gazebo_plugins/local_setup.dsv
-- Installing: /home/locobot/interbotix_ws/install/irobot_create_gazebo_plugins/share/irobot_create_gazebo_plugins/package.dsv
-- Installing: /home/locobot/interbotix_ws/install/irobot_create_gazebo_plugins/share/ament_index/resource_index/packages/irobot_create_gazebo_plugins
-- Installing: /home/locobot/interbotix_ws/install/irobot_create_gazebo_plugins/share/irobot_create_gazebo_plugins/cmake/ament_cmake_export_libraries-extras.cmake
-- Installing: /home/locobot/interbotix_ws/install/irobot_create_gazebo_plugins/share/irobot_create_gazebo_plugins/cmake/ament_cmake_export_include_directories-extras.cmake
-- Installing: /home/locobot/interbotix_ws/install/irobot_create_gazebo_plugins/share/irobot_create_gazebo_plugins/cmake/ament_cmake_export_dependencies-extras.cmake
-- Installing: /home/locobot/interbotix_ws/install/irobot_create_gazebo_plugins/share/irobot_create_gazebo_plugins/cmake/irobot_create_gazebo_pluginsConfig.cmake
-- Installing: /home/locobot/interbotix_ws/install/irobot_create_gazebo_plugins/share/irobot_create_gazebo_plugins/cmake/irobot_create_gazebo_pluginsConfig-version.cmake
-- Installing: /home/locobot/interbotix_ws/install/irobot_create_gazebo_plugins/share/irobot_create_gazebo_plugins/package.xml
