[0.052s] Invoking command in '/home/locobot/interbotix_ws/build/moveit_visual_tools': CMAKE_PREFIX_PATH=${CMAKE_PREFIX_PATH}:/opt/ros/humble /usr/bin/cmake /home/locobot/interbotix_ws/src/moveit_visual_tools -DCMAKE_INSTALL_PREFIX=/home/locobot/interbotix_ws/install/moveit_visual_tools
[0.374s] -- The C compiler identification is GNU 11.4.0
[0.617s] -- The CXX compiler identification is GNU 11.4.0
[0.636s] -- Detecting C compiler ABI info
[1.009s] -- Detecting C compiler ABI info - done
[1.036s] -- Check for working C compiler: /usr/bin/cc - skipped
[1.037s] -- Detecting C compile features
[1.043s] -- Detecting C compile features - done
[1.055s] -- Detecting CXX compiler ABI info
[1.573s] -- Detecting CXX compiler ABI info - done
[1.603s] -- Check for working CXX compiler: /usr/bin/c++ - skipped
[1.604s] -- Detecting CXX compile features
[1.605s] -- Detecting CXX compile features - done
[1.615s] -- Found moveit_common: 2.5.5 (/opt/ros/humble/share/moveit_common/cmake)
[1.618s] -- Found ament_cmake: 1.3.8 (/opt/ros/humble/share/ament_cmake/cmake)
[2.200s] -- Found Python3: /usr/bin/python3 (found version "3.10.12") found components: Interpreter 
[2.694s] -- Found libdw: /usr/lib/x86_64-linux-gnu/libdw.so  
[2.711s] -- Could NOT find libbfd (missing: LIBBFD_LIBRARY LIBBFD_INCLUDE_DIR) 
[2.711s] -- BACKWARD_HAS_UNWIND=1
[2.712s] -- BACKWARD_HAS_BACKTRACE=0
[2.712s] -- BACKWARD_HAS_BACKTRACE_SYMBOL=0
[2.712s] -- BACKWARD_HAS_DW=1
[2.712s] -- BACKWARD_HAS_BFD=0
[2.714s] -- Found Backward: /opt/ros/humble/share/backward_ros/cmake  
[2.714s] [0mmoveit_visual_tools: You did not request a specific build type: Choosing 'Release' for maximum performance[0m
[2.742s] -- Found Boost: /usr/lib/x86_64-linux-gnu/cmake/Boost-1.74.0/BoostConfig.cmake (found version "1.74.0") found components: system 
[2.764s] -- Found geometry_msgs: 4.2.3 (/opt/ros/humble/share/geometry_msgs/cmake)
[2.864s] -- Found rosidl_generator_c: 3.1.5 (/opt/ros/humble/share/rosidl_generator_c/cmake)
[2.879s] -- Found rosidl_adapter: 3.1.5 (/opt/ros/humble/share/rosidl_adapter/cmake)
[2.903s] -- Found rosidl_generator_cpp: 3.1.5 (/opt/ros/humble/share/rosidl_generator_cpp/cmake)
[2.955s] -- Using all available rosidl_typesupport_c: rosidl_typesupport_fastrtps_c;rosidl_typesupport_introspection_c
[3.022s] -- Using all available rosidl_typesupport_cpp: rosidl_typesupport_fastrtps_cpp;rosidl_typesupport_introspection_cpp
[3.452s] -- Found graph_msgs: 0.2.0 (/opt/ros/humble/share/graph_msgs/cmake)
[3.763s] -- Found moveit_core: 2.5.5 (/opt/ros/humble/share/moveit_core/cmake)
[4.566s] -- Found Boost: /usr/lib/x86_64-linux-gnu/cmake/Boost-1.74.0/BoostConfig.cmake (found version "1.74.0") found components: chrono date_time filesystem iostreams program_options regex serialization system thread 
[4.599s] -- Found parameter_traits: 0.3.8 (/opt/ros/humble/share/parameter_traits/cmake)
[4.725s] -- Found rmw_implementation_cmake: 6.1.1 (/opt/ros/humble/share/rmw_implementation_cmake/cmake)
[4.729s] -- Found rmw_fastrtps_cpp: 6.2.6 (/opt/ros/humble/share/rmw_fastrtps_cpp/cmake)
[5.003s] -- Found OpenSSL: /usr/lib/x86_64-linux-gnu/libcrypto.so (found version "3.0.2")  
[5.061s] -- Found FastRTPS: /opt/ros/humble/include  
[5.181s] -- Using RMW implementation 'rmw_fastrtps_cpp' as default
[5.213s] -- Found Threads: TRUE  
[5.624s] -- Found rclcpp_lifecycle: 16.0.8 (/opt/ros/humble/share/rclcpp_lifecycle/cmake)
[5.737s] -- Found Boost: /usr/lib/x86_64-linux-gnu/cmake/Boost-1.74.0/BoostConfig.cmake (found version "1.74.0") found components: filesystem 
[6.162s] -- library: /usr/lib/x86_64-linux-gnu/libcurl.so
[7.215s] -- Found Eigen3: TRUE (found version "3.4.0") 
[7.215s] -- Ensuring Eigen3 include directory is part of orocos-kdl CMake target
[11.040s] -- Found moveit_ros_planning: 2.5.5 (/opt/ros/humble/share/moveit_ros_planning/cmake)
[11.048s] -- Found Boost: /usr/lib/x86_64-linux-gnu/cmake/Boost-1.74.0/BoostConfig.cmake (found version "1.74.0") found components: system filesystem date_time program_options thread chrono 
[12.090s] -- Found rviz_visual_tools: 4.1.4 (/opt/ros/humble/share/rviz_visual_tools/cmake)
[12.408s] -- Setting OGRE_DIR to: '/opt/ros/humble/share/rviz_ogre_vendor/cmake/../../../opt/rviz_ogre_vendor/lib/OGRE/cmake'
[12.411s] -- Found OGRE
[12.411s] --   static     : OFF
[12.411s] --   components : HLMS;MeshLodGenerator;Overlay;Paging;Property;RTShaderSystem;Terrain;Volume
[12.411s] --   plugins    : Plugin_BSPSceneManager;Plugin_OctreeSceneManager;Plugin_PCZSceneManager;Plugin_ParticleFX;RenderSystem_GL;RenderSystem_GL3Plus;Codec_STBI
[12.411s] --   media      : /opt/ros/humble/opt/rviz_ogre_vendor/share/OGRE/Media
[12.412s] -- OGRE_LIBRARIES: OgreHLMS;OgreMeshLodGenerator;OgreOverlay;OgrePaging;OgreProperty;OgreRTShaderSystem;OgreTerrain;OgreVolume;OgreMain
[12.412s] -- OGRE_LIBRARY_DIRS: /opt/ros/humble/opt/rviz_ogre_vendor/lib
[12.412s] -- OGRE_PLUGINS: Plugin_BSPSceneManager;Plugin_OctreeSceneManager;Plugin_PCZSceneManager;Plugin_ParticleFX;RenderSystem_GL;RenderSystem_GL3Plus;Codec_STBI
[12.412s] -- OGRE_PLUGIN_DIR: /opt/ros/humble/opt/rviz_ogre_vendor/lib/OGRE
[12.413s] -- rviz_ogre_vendor::OgreOverlay for IMPORTED_LOCATION_RELEASE: /opt/ros/humble/opt/rviz_ogre_vendor/lib/libOgreOverlay.so
[12.413s] -- rviz_ogre_vendor::OgreOverlay for IMPORTED_LOCATION_DEBUG: /opt/ros/humble/opt/rviz_ogre_vendor/lib/libOgreOverlay.so
[12.414s] -- rviz_ogre_vendor::OgreMain for IMPORTED_LOCATION_RELEASE: /opt/ros/humble/opt/rviz_ogre_vendor/lib/libOgreMain.so
[12.414s] -- rviz_ogre_vendor::OgreMain for IMPORTED_LOCATION_DEBUG: /opt/ros/humble/opt/rviz_ogre_vendor/lib/libOgreMain.so
[12.468s] -- Found ZLIB: /usr/lib/x86_64-linux-gnu/libz.so (found version "1.2.11") 
[12.484s] -- Found OpenGL: /usr/lib/x86_64-linux-gnu/libOpenGL.so   
[12.960s] -- Found X11: /usr/include   
[12.961s] -- Looking for XOpenDisplay in /usr/lib/x86_64-linux-gnu/libX11.so;/usr/lib/x86_64-linux-gnu/libXext.so
[13.404s] -- Looking for XOpenDisplay in /usr/lib/x86_64-linux-gnu/libX11.so;/usr/lib/x86_64-linux-gnu/libXext.so - found
[13.405s] -- Looking for gethostbyname
[13.768s] -- Looking for gethostbyname - found
[13.768s] -- Looking for connect
[14.167s] -- Looking for connect - found
[14.168s] -- Looking for remove
[14.498s] -- Looking for remove - found
[14.498s] -- Looking for shmat
[14.936s] -- Looking for shmat - found
[14.936s] -- Looking for IceConnectionNumber in ICE
[15.329s] -- Looking for IceConnectionNumber in ICE - found
[15.333s] -- rviz_ogre_vendor::RenderSystem_GL for IMPORTED_LOCATION_RELEASE: _render_system_gl_static_library_abs-NOTFOUND
[15.333s] -- rviz_ogre_vendor::RenderSystem_GL for IMPORTED_LOCATION_DEBUG: _render_system_gl_static_library_abs-NOTFOUND
[17.392s] -- Found ament_lint_auto: 0.12.10 (/opt/ros/humble/share/ament_lint_auto/cmake)
[17.434s] -- Added test 'copyright' to check source files copyright and LICENSE
[17.435s] -- Added test 'flake8' to check Python code syntax and style conventions
[17.438s] -- Added test 'lint_cmake' to check CMake code style
[17.452s] -- Added test 'pep257' to check Python code against some of the docstring style conventions in PEP 257
[17.453s] -- Added test 'xmllint' to check XML markup files
[17.475s] -- Configuring done
[17.637s] -- Generating done
[17.655s] -- Build files have been written to: /home/locobot/interbotix_ws/build/moveit_visual_tools
[17.703s] Invoked command in '/home/locobot/interbotix_ws/build/moveit_visual_tools' returned '0': CMAKE_PREFIX_PATH=${CMAKE_PREFIX_PATH}:/opt/ros/humble /usr/bin/cmake /home/locobot/interbotix_ws/src/moveit_visual_tools -DCMAKE_INSTALL_PREFIX=/home/locobot/interbotix_ws/install/moveit_visual_tools
[17.704s] Invoking command in '/home/locobot/interbotix_ws/build/moveit_visual_tools': CMAKE_PREFIX_PATH=${CMAKE_PREFIX_PATH}:/opt/ros/humble /usr/bin/cmake --build /home/locobot/interbotix_ws/build/moveit_visual_tools -- -j4 -l4
[17.903s] [ 16%] [32mBuilding CXX object CMakeFiles/moveit_visual_tools.dir/src/moveit_visual_tools.cpp.o[0m
[17.920s] [ 33%] [32mBuilding CXX object CMakeFiles/moveit_visual_tools.dir/src/imarker_robot_state.cpp.o[0m
[36.477s] [ 50%] [32mBuilding CXX object CMakeFiles/moveit_visual_tools.dir/src/imarker_end_effector.cpp.o[0m
[59.079s] [ 66%] [32m[1mLinking CXX shared library libmoveit_visual_tools.so[0m
[59.902s] [ 66%] Built target moveit_visual_tools
[59.932s] [ 83%] [32mBuilding CXX object CMakeFiles/moveit_visual_tools_demo.dir/src/moveit_visual_tools_demo.cpp.o[0m
[79.783s] [100%] [32m[1mLinking CXX executable moveit_visual_tools_demo[0m
[80.562s] [100%] Built target moveit_visual_tools_demo
[80.578s] Invoked command in '/home/locobot/interbotix_ws/build/moveit_visual_tools' returned '0': CMAKE_PREFIX_PATH=${CMAKE_PREFIX_PATH}:/opt/ros/humble /usr/bin/cmake --build /home/locobot/interbotix_ws/build/moveit_visual_tools -- -j4 -l4
[80.618s] Invoking command in '/home/locobot/interbotix_ws/build/moveit_visual_tools': CMAKE_PREFIX_PATH=${CMAKE_PREFIX_PATH}:/opt/ros/humble /usr/bin/cmake --install /home/locobot/interbotix_ws/build/moveit_visual_tools
[80.626s] -- Install configuration: "Release"
[80.626s] -- Installing: /home/locobot/interbotix_ws/install/moveit_visual_tools/share/moveit_visual_tools/environment/library_path.sh
[80.626s] -- Installing: /home/locobot/interbotix_ws/install/moveit_visual_tools/share/moveit_visual_tools/environment/library_path.dsv
[80.626s] -- Installing: /home/locobot/interbotix_ws/install/moveit_visual_tools/lib/libmoveit_visual_tools.so
[80.627s] -- Set runtime path of "/home/locobot/interbotix_ws/install/moveit_visual_tools/lib/libmoveit_visual_tools.so" to ""
[80.628s] -- Installing: /home/locobot/interbotix_ws/install/moveit_visual_tools/lib/moveit_visual_tools/moveit_visual_tools_demo
[80.628s] -- Set runtime path of "/home/locobot/interbotix_ws/install/moveit_visual_tools/lib/moveit_visual_tools/moveit_visual_tools_demo" to ""
[80.628s] -- Installing: /home/locobot/interbotix_ws/install/moveit_visual_tools/include
[80.628s] -- Installing: /home/locobot/interbotix_ws/install/moveit_visual_tools/include/moveit_visual_tools
[80.628s] -- Installing: /home/locobot/interbotix_ws/install/moveit_visual_tools/include/moveit_visual_tools/imarker_end_effector.h
[80.629s] -- Installing: /home/locobot/interbotix_ws/install/moveit_visual_tools/include/moveit_visual_tools/moveit_visual_tools.h
[80.629s] -- Installing: /home/locobot/interbotix_ws/install/moveit_visual_tools/include/moveit_visual_tools/imarker_robot_state.h
[80.629s] -- Installing: /home/locobot/interbotix_ws/install/moveit_visual_tools/share/moveit_visual_tools/launch
[80.629s] -- Installing: /home/locobot/interbotix_ws/install/moveit_visual_tools/share/moveit_visual_tools/launch/demo.rviz
[80.629s] -- Installing: /home/locobot/interbotix_ws/install/moveit_visual_tools/share/moveit_visual_tools/launch/demo_rviz.launch.py
[80.629s] -- Installing: /home/locobot/interbotix_ws/install/moveit_visual_tools/share/moveit_visual_tools/resources
[80.630s] -- Installing: /home/locobot/interbotix_ws/install/moveit_visual_tools/share/moveit_visual_tools/resources/demo_mesh.stl
[80.630s] -- Installing: /home/locobot/interbotix_ws/install/moveit_visual_tools/share/moveit_visual_tools/resources/rrbot.srdf
[80.630s] -- Installing: /home/locobot/interbotix_ws/install/moveit_visual_tools/share/moveit_visual_tools/resources/demo.png
[80.631s] -- Installing: /home/locobot/interbotix_ws/install/moveit_visual_tools/share/moveit_visual_tools/resources/screenshot.png
[80.631s] -- Installing: /home/locobot/interbotix_ws/install/moveit_visual_tools/share/moveit_visual_tools/resources/rrbot.urdf
[80.632s] -- Installing: /home/locobot/interbotix_ws/install/moveit_visual_tools/share/ament_index/resource_index/package_run_dependencies/moveit_visual_tools
[80.632s] -- Installing: /home/locobot/interbotix_ws/install/moveit_visual_tools/share/ament_index/resource_index/parent_prefix_path/moveit_visual_tools
[80.632s] -- Installing: /home/locobot/interbotix_ws/install/moveit_visual_tools/share/moveit_visual_tools/environment/ament_prefix_path.sh
[80.632s] -- Installing: /home/locobot/interbotix_ws/install/moveit_visual_tools/share/moveit_visual_tools/environment/ament_prefix_path.dsv
[80.632s] -- Installing: /home/locobot/interbotix_ws/install/moveit_visual_tools/share/moveit_visual_tools/environment/path.sh
[80.632s] -- Installing: /home/locobot/interbotix_ws/install/moveit_visual_tools/share/moveit_visual_tools/environment/path.dsv
[80.632s] -- Installing: /home/locobot/interbotix_ws/install/moveit_visual_tools/share/moveit_visual_tools/local_setup.bash
[80.633s] -- Installing: /home/locobot/interbotix_ws/install/moveit_visual_tools/share/moveit_visual_tools/local_setup.sh
[80.633s] -- Installing: /home/locobot/interbotix_ws/install/moveit_visual_tools/share/moveit_visual_tools/local_setup.zsh
[80.633s] -- Installing: /home/locobot/interbotix_ws/install/moveit_visual_tools/share/moveit_visual_tools/local_setup.dsv
[80.633s] -- Installing: /home/locobot/interbotix_ws/install/moveit_visual_tools/share/moveit_visual_tools/package.dsv
[80.633s] -- Installing: /home/locobot/interbotix_ws/install/moveit_visual_tools/share/ament_index/resource_index/packages/moveit_visual_tools
[80.633s] -- Installing: /home/locobot/interbotix_ws/install/moveit_visual_tools/share/moveit_visual_tools/cmake/export_moveit_visual_toolsExport.cmake
[80.634s] -- Installing: /home/locobot/interbotix_ws/install/moveit_visual_tools/share/moveit_visual_tools/cmake/export_moveit_visual_toolsExport-release.cmake
[80.634s] -- Installing: /home/locobot/interbotix_ws/install/moveit_visual_tools/share/moveit_visual_tools/cmake/ament_cmake_export_targets-extras.cmake
[80.634s] -- Installing: /home/locobot/interbotix_ws/install/moveit_visual_tools/share/moveit_visual_tools/cmake/ament_cmake_export_dependencies-extras.cmake
[80.634s] -- Installing: /home/locobot/interbotix_ws/install/moveit_visual_tools/share/moveit_visual_tools/cmake/moveit_visual_toolsConfig.cmake
[80.634s] -- Installing: /home/locobot/interbotix_ws/install/moveit_visual_tools/share/moveit_visual_tools/cmake/moveit_visual_toolsConfig-version.cmake
[80.634s] -- Installing: /home/locobot/interbotix_ws/install/moveit_visual_tools/share/moveit_visual_tools/package.xml
[80.639s] Invoked command in '/home/locobot/interbotix_ws/build/moveit_visual_tools' returned '0': CMAKE_PREFIX_PATH=${CMAKE_PREFIX_PATH}:/opt/ros/humble /usr/bin/cmake --install /home/locobot/interbotix_ws/build/moveit_visual_tools
