[0.032s] Invoking command in '/home/locobot/interbotix_ws/build/interbotix_xsarm_sim': AMENT_PREFIX_PATH=/home/locobot/interbotix_ws/install/interbotix_xsarm_descriptions:/home/locobot/interbotix_ws/install/interbotix_xs_modules:/home/locobot/interbotix_ws/install/interbotix_xs_sdk:/home/locobot/interbotix_ws/install/interbotix_xs_ros_control:/home/locobot/interbotix_ws/install/interbotix_xs_driver:/home/locobot/interbotix_ws/install/interbotix_xs_msgs:/home/locobot/interbotix_ws/install/interbotix_common_sim:/home/locobot/interbotix_ws/install/interbotix_common_modules:/home/locobot/interbotix_ws/install/dynamixel_workbench_toolbox:${AMENT_PREFIX_PATH} CMAKE_PREFIX_PATH=/home/locobot/interbotix_ws/install/interbotix_xsarm_descriptions:/home/locobot/interbotix_ws/install/interbotix_xs_sdk:/home/locobot/interbotix_ws/install/interbotix_xs_ros_control:/home/locobot/interbotix_ws/install/interbotix_xs_driver:/home/locobot/interbotix_ws/install/interbotix_xs_msgs:/home/locobot/interbotix_ws/install/interbotix_common_sim:/home/locobot/interbotix_ws/install/dynamixel_workbench_toolbox:/home/locobot/apriltag_ws/install/apriltag_ros:/opt/ros/humble LD_LIBRARY_PATH=/home/locobot/interbotix_ws/install/interbotix_xs_ros_control/lib:/home/locobot/interbotix_ws/install/interbotix_xs_driver/lib:/home/locobot/interbotix_ws/install/interbotix_xs_msgs/lib:/home/locobot/interbotix_ws/install/dynamixel_workbench_toolbox/lib:${LD_LIBRARY_PATH} PYTHONPATH=/home/locobot/interbotix_ws/install/interbotix_xs_modules/lib/python3.10/site-packages:/home/locobot/interbotix_ws/install/interbotix_xs_msgs/local/lib/python3.10/dist-packages:/home/locobot/interbotix_ws/install/interbotix_common_modules/lib/python3.10/site-packages:${PYTHONPATH} /usr/bin/cmake /home/locobot/interbotix_ws/src/interbotix_ros_manipulators/interbotix_ros_xsarms/interbotix_xsarm_sim -DCMAKE_INSTALL_PREFIX=/home/locobot/interbotix_ws/install/interbotix_xsarm_sim
[0.101s] -- The C compiler identification is GNU 11.4.0
[0.184s] -- The CXX compiler identification is GNU 11.4.0
[0.193s] -- Detecting C compiler ABI info
[0.285s] -- Detecting C compiler ABI info - done
[0.298s] -- Check for working C compiler: /usr/bin/cc - skipped
[0.298s] -- Detecting C compile features
[0.299s] -- Detecting C compile features - done
[0.303s] -- Detecting CXX compiler ABI info
[0.403s] -- Detecting CXX compiler ABI info - done
[0.417s] -- Check for working CXX compiler: /usr/bin/c++ - skipped
[0.417s] -- Detecting CXX compile features
[0.418s] -- Detecting CXX compile features - done
[0.423s] -- Found ament_cmake: 1.3.8 (/opt/ros/humble/share/ament_cmake/cmake)
[0.649s] -- Found Python3: /usr/bin/python3 (found version "3.10.12") found components: Interpreter 
[0.790s] -- Found ament_lint_auto: 0.12.10 (/opt/ros/humble/share/ament_lint_auto/cmake)
[0.922s] -- Added test 'copyright' to check source files copyright and LICENSE
[0.925s] -- Added test 'flake8' to check Python code syntax and style conventions
[0.927s] -- Added test 'lint_cmake' to check CMake code style
[0.928s] -- Added test 'pep257' to check Python code against some of the docstring style conventions in PEP 257
[0.930s] -- Added test 'xmllint' to check XML markup files
[0.933s] -- Configuring done
[0.937s] -- Generating done
[0.938s] -- Build files have been written to: /home/locobot/interbotix_ws/build/interbotix_xsarm_sim
[0.946s] Invoked command in '/home/locobot/interbotix_ws/build/interbotix_xsarm_sim' returned '0': AMENT_PREFIX_PATH=/home/locobot/interbotix_ws/install/interbotix_xsarm_descriptions:/home/locobot/interbotix_ws/install/interbotix_xs_modules:/home/locobot/interbotix_ws/install/interbotix_xs_sdk:/home/locobot/interbotix_ws/install/interbotix_xs_ros_control:/home/locobot/interbotix_ws/install/interbotix_xs_driver:/home/locobot/interbotix_ws/install/interbotix_xs_msgs:/home/locobot/interbotix_ws/install/interbotix_common_sim:/home/locobot/interbotix_ws/install/interbotix_common_modules:/home/locobot/interbotix_ws/install/dynamixel_workbench_toolbox:${AMENT_PREFIX_PATH} CMAKE_PREFIX_PATH=/home/locobot/interbotix_ws/install/interbotix_xsarm_descriptions:/home/locobot/interbotix_ws/install/interbotix_xs_sdk:/home/locobot/interbotix_ws/install/interbotix_xs_ros_control:/home/locobot/interbotix_ws/install/interbotix_xs_driver:/home/locobot/interbotix_ws/install/interbotix_xs_msgs:/home/locobot/interbotix_ws/install/interbotix_common_sim:/home/locobot/interbotix_ws/install/dynamixel_workbench_toolbox:/home/locobot/apriltag_ws/install/apriltag_ros:/opt/ros/humble LD_LIBRARY_PATH=/home/locobot/interbotix_ws/install/interbotix_xs_ros_control/lib:/home/locobot/interbotix_ws/install/interbotix_xs_driver/lib:/home/locobot/interbotix_ws/install/interbotix_xs_msgs/lib:/home/locobot/interbotix_ws/install/dynamixel_workbench_toolbox/lib:${LD_LIBRARY_PATH} PYTHONPATH=/home/locobot/interbotix_ws/install/interbotix_xs_modules/lib/python3.10/site-packages:/home/locobot/interbotix_ws/install/interbotix_xs_msgs/local/lib/python3.10/dist-packages:/home/locobot/interbotix_ws/install/interbotix_common_modules/lib/python3.10/site-packages:${PYTHONPATH} /usr/bin/cmake /home/locobot/interbotix_ws/src/interbotix_ros_manipulators/interbotix_ros_xsarms/interbotix_xsarm_sim -DCMAKE_INSTALL_PREFIX=/home/locobot/interbotix_ws/install/interbotix_xsarm_sim
[0.953s] Invoking command in '/home/locobot/interbotix_ws/build/interbotix_xsarm_sim': AMENT_PREFIX_PATH=/home/locobot/interbotix_ws/install/interbotix_xsarm_descriptions:/home/locobot/interbotix_ws/install/interbotix_xs_modules:/home/locobot/interbotix_ws/install/interbotix_xs_sdk:/home/locobot/interbotix_ws/install/interbotix_xs_ros_control:/home/locobot/interbotix_ws/install/interbotix_xs_driver:/home/locobot/interbotix_ws/install/interbotix_xs_msgs:/home/locobot/interbotix_ws/install/interbotix_common_sim:/home/locobot/interbotix_ws/install/interbotix_common_modules:/home/locobot/interbotix_ws/install/dynamixel_workbench_toolbox:${AMENT_PREFIX_PATH} CMAKE_PREFIX_PATH=/home/locobot/interbotix_ws/install/interbotix_xsarm_descriptions:/home/locobot/interbotix_ws/install/interbotix_xs_sdk:/home/locobot/interbotix_ws/install/interbotix_xs_ros_control:/home/locobot/interbotix_ws/install/interbotix_xs_driver:/home/locobot/interbotix_ws/install/interbotix_xs_msgs:/home/locobot/interbotix_ws/install/interbotix_common_sim:/home/locobot/interbotix_ws/install/dynamixel_workbench_toolbox:/home/locobot/apriltag_ws/install/apriltag_ros:/opt/ros/humble LD_LIBRARY_PATH=/home/locobot/interbotix_ws/install/interbotix_xs_ros_control/lib:/home/locobot/interbotix_ws/install/interbotix_xs_driver/lib:/home/locobot/interbotix_ws/install/interbotix_xs_msgs/lib:/home/locobot/interbotix_ws/install/dynamixel_workbench_toolbox/lib:${LD_LIBRARY_PATH} PYTHONPATH=/home/locobot/interbotix_ws/install/interbotix_xs_modules/lib/python3.10/site-packages:/home/locobot/interbotix_ws/install/interbotix_xs_msgs/local/lib/python3.10/dist-packages:/home/locobot/interbotix_ws/install/interbotix_common_modules/lib/python3.10/site-packages:${PYTHONPATH} /usr/bin/cmake --build /home/locobot/interbotix_ws/build/interbotix_xsarm_sim -- -j4 -l4
[0.995s] Invoked command in '/home/locobot/interbotix_ws/build/interbotix_xsarm_sim' returned '0': AMENT_PREFIX_PATH=/home/locobot/interbotix_ws/install/interbotix_xsarm_descriptions:/home/locobot/interbotix_ws/install/interbotix_xs_modules:/home/locobot/interbotix_ws/install/interbotix_xs_sdk:/home/locobot/interbotix_ws/install/interbotix_xs_ros_control:/home/locobot/interbotix_ws/install/interbotix_xs_driver:/home/locobot/interbotix_ws/install/interbotix_xs_msgs:/home/locobot/interbotix_ws/install/interbotix_common_sim:/home/locobot/interbotix_ws/install/interbotix_common_modules:/home/locobot/interbotix_ws/install/dynamixel_workbench_toolbox:${AMENT_PREFIX_PATH} CMAKE_PREFIX_PATH=/home/locobot/interbotix_ws/install/interbotix_xsarm_descriptions:/home/locobot/interbotix_ws/install/interbotix_xs_sdk:/home/locobot/interbotix_ws/install/interbotix_xs_ros_control:/home/locobot/interbotix_ws/install/interbotix_xs_driver:/home/locobot/interbotix_ws/install/interbotix_xs_msgs:/home/locobot/interbotix_ws/install/interbotix_common_sim:/home/locobot/interbotix_ws/install/dynamixel_workbench_toolbox:/home/locobot/apriltag_ws/install/apriltag_ros:/opt/ros/humble LD_LIBRARY_PATH=/home/locobot/interbotix_ws/install/interbotix_xs_ros_control/lib:/home/locobot/interbotix_ws/install/interbotix_xs_driver/lib:/home/locobot/interbotix_ws/install/interbotix_xs_msgs/lib:/home/locobot/interbotix_ws/install/dynamixel_workbench_toolbox/lib:${LD_LIBRARY_PATH} PYTHONPATH=/home/locobot/interbotix_ws/install/interbotix_xs_modules/lib/python3.10/site-packages:/home/locobot/interbotix_ws/install/interbotix_xs_msgs/local/lib/python3.10/dist-packages:/home/locobot/interbotix_ws/install/interbotix_common_modules/lib/python3.10/site-packages:${PYTHONPATH} /usr/bin/cmake --build /home/locobot/interbotix_ws/build/interbotix_xsarm_sim -- -j4 -l4
[1.020s] Invoking command in '/home/locobot/interbotix_ws/build/interbotix_xsarm_sim': AMENT_PREFIX_PATH=/home/locobot/interbotix_ws/install/interbotix_xsarm_descriptions:/home/locobot/interbotix_ws/install/interbotix_xs_modules:/home/locobot/interbotix_ws/install/interbotix_xs_sdk:/home/locobot/interbotix_ws/install/interbotix_xs_ros_control:/home/locobot/interbotix_ws/install/interbotix_xs_driver:/home/locobot/interbotix_ws/install/interbotix_xs_msgs:/home/locobot/interbotix_ws/install/interbotix_common_sim:/home/locobot/interbotix_ws/install/interbotix_common_modules:/home/locobot/interbotix_ws/install/dynamixel_workbench_toolbox:${AMENT_PREFIX_PATH} CMAKE_PREFIX_PATH=/home/locobot/interbotix_ws/install/interbotix_xsarm_descriptions:/home/locobot/interbotix_ws/install/interbotix_xs_sdk:/home/locobot/interbotix_ws/install/interbotix_xs_ros_control:/home/locobot/interbotix_ws/install/interbotix_xs_driver:/home/locobot/interbotix_ws/install/interbotix_xs_msgs:/home/locobot/interbotix_ws/install/interbotix_common_sim:/home/locobot/interbotix_ws/install/dynamixel_workbench_toolbox:/home/locobot/apriltag_ws/install/apriltag_ros:/opt/ros/humble LD_LIBRARY_PATH=/home/locobot/interbotix_ws/install/interbotix_xs_ros_control/lib:/home/locobot/interbotix_ws/install/interbotix_xs_driver/lib:/home/locobot/interbotix_ws/install/interbotix_xs_msgs/lib:/home/locobot/interbotix_ws/install/dynamixel_workbench_toolbox/lib:${LD_LIBRARY_PATH} PYTHONPATH=/home/locobot/interbotix_ws/install/interbotix_xs_modules/lib/python3.10/site-packages:/home/locobot/interbotix_ws/install/interbotix_xs_msgs/local/lib/python3.10/dist-packages:/home/locobot/interbotix_ws/install/interbotix_common_modules/lib/python3.10/site-packages:${PYTHONPATH} /usr/bin/cmake --install /home/locobot/interbotix_ws/build/interbotix_xsarm_sim
[1.034s] -- Install configuration: ""
[1.034s] -- Installing: /home/locobot/interbotix_ws/install/interbotix_xsarm_sim/share/interbotix_xsarm_sim//launch
[1.034s] -- Installing: /home/locobot/interbotix_ws/install/interbotix_xsarm_sim/share/interbotix_xsarm_sim//launch/xsarm_gz_classic.launch.py
[1.034s] -- Installing: /home/locobot/interbotix_ws/install/interbotix_xsarm_sim/share/interbotix_xsarm_sim//config
[1.034s] -- Installing: /home/locobot/interbotix_ws/install/interbotix_xsarm_sim/share/interbotix_xsarm_sim//config/trajectory_controllers
[1.034s] -- Installing: /home/locobot/interbotix_ws/install/interbotix_xsarm_sim/share/interbotix_xsarm_sim//config/trajectory_controllers/mobile_wx250s_trajectory_controllers.yaml
[1.034s] -- Installing: /home/locobot/interbotix_ws/install/interbotix_xsarm_sim/share/interbotix_xsarm_sim//config/trajectory_controllers/mobile_wx200_trajectory_controllers.yaml
[1.035s] -- Installing: /home/locobot/interbotix_ws/install/interbotix_xsarm_sim/share/interbotix_xsarm_sim//config/trajectory_controllers/wx250_trajectory_controllers.yaml
[1.035s] -- Installing: /home/locobot/interbotix_ws/install/interbotix_xsarm_sim/share/interbotix_xsarm_sim//config/trajectory_controllers/vx300_trajectory_controllers.yaml
[1.035s] -- Installing: /home/locobot/interbotix_ws/install/interbotix_xsarm_sim/share/interbotix_xsarm_sim//config/trajectory_controllers/rx150_trajectory_controllers.yaml
[1.035s] -- Installing: /home/locobot/interbotix_ws/install/interbotix_xsarm_sim/share/interbotix_xsarm_sim//config/trajectory_controllers/vx300s_trajectory_controllers.yaml
[1.036s] -- Installing: /home/locobot/interbotix_ws/install/interbotix_xsarm_sim/share/interbotix_xsarm_sim//config/trajectory_controllers/px100_trajectory_controllers.yaml
[1.036s] -- Installing: /home/locobot/interbotix_ws/install/interbotix_xsarm_sim/share/interbotix_xsarm_sim//config/trajectory_controllers/mobile_px100_trajectory_controllers.yaml
[1.036s] -- Installing: /home/locobot/interbotix_ws/install/interbotix_xsarm_sim/share/interbotix_xsarm_sim//config/trajectory_controllers/rx200_trajectory_controllers.yaml
[1.036s] -- Installing: /home/locobot/interbotix_ws/install/interbotix_xsarm_sim/share/interbotix_xsarm_sim//config/trajectory_controllers/vx250_trajectory_controllers.yaml
[1.037s] -- Installing: /home/locobot/interbotix_ws/install/interbotix_xsarm_sim/share/interbotix_xsarm_sim//config/trajectory_controllers/wx250s_trajectory_controllers.yaml
[1.044s] -- Installing: /home/locobot/interbotix_ws/install/interbotix_xsarm_sim/share/interbotix_xsarm_sim//config/trajectory_controllers/wx200_trajectory_controllers.yaml
[1.044s] -- Installing: /home/locobot/interbotix_ws/install/interbotix_xsarm_sim/share/interbotix_xsarm_sim//config/trajectory_controllers/px150_trajectory_controllers.yaml
[1.045s] -- Installing: /home/locobot/interbotix_ws/install/interbotix_xsarm_sim/share/interbotix_xsarm_sim//rviz
[1.045s] -- Installing: /home/locobot/interbotix_ws/install/interbotix_xsarm_sim/share/interbotix_xsarm_sim//rviz/xsarm_gz_classic.rviz
[1.053s] -- Installing: /home/locobot/interbotix_ws/install/interbotix_xsarm_sim/share/ament_index/resource_index/package_run_dependencies/interbotix_xsarm_sim
[1.053s] -- Installing: /home/locobot/interbotix_ws/install/interbotix_xsarm_sim/share/ament_index/resource_index/parent_prefix_path/interbotix_xsarm_sim
[1.053s] -- Installing: /home/locobot/interbotix_ws/install/interbotix_xsarm_sim/share/interbotix_xsarm_sim/environment/ament_prefix_path.sh
[1.053s] -- Installing: /home/locobot/interbotix_ws/install/interbotix_xsarm_sim/share/interbotix_xsarm_sim/environment/ament_prefix_path.dsv
[1.054s] -- Installing: /home/locobot/interbotix_ws/install/interbotix_xsarm_sim/share/interbotix_xsarm_sim/environment/path.sh
[1.054s] -- Installing: /home/locobot/interbotix_ws/install/interbotix_xsarm_sim/share/interbotix_xsarm_sim/environment/path.dsv
[1.054s] -- Installing: /home/locobot/interbotix_ws/install/interbotix_xsarm_sim/share/interbotix_xsarm_sim/local_setup.bash
[1.054s] -- Installing: /home/locobot/interbotix_ws/install/interbotix_xsarm_sim/share/interbotix_xsarm_sim/local_setup.sh
[1.054s] -- Installing: /home/locobot/interbotix_ws/install/interbotix_xsarm_sim/share/interbotix_xsarm_sim/local_setup.zsh
[1.054s] -- Installing: /home/locobot/interbotix_ws/install/interbotix_xsarm_sim/share/interbotix_xsarm_sim/local_setup.dsv
[1.054s] -- Installing: /home/locobot/interbotix_ws/install/interbotix_xsarm_sim/share/interbotix_xsarm_sim/package.dsv
[1.054s] -- Installing: /home/locobot/interbotix_ws/install/interbotix_xsarm_sim/share/ament_index/resource_index/packages/interbotix_xsarm_sim
[1.054s] -- Installing: /home/locobot/interbotix_ws/install/interbotix_xsarm_sim/share/interbotix_xsarm_sim/cmake/interbotix_xsarm_simConfig.cmake
[1.054s] -- Installing: /home/locobot/interbotix_ws/install/interbotix_xsarm_sim/share/interbotix_xsarm_sim/cmake/interbotix_xsarm_simConfig-version.cmake
[1.054s] -- Installing: /home/locobot/interbotix_ws/install/interbotix_xsarm_sim/share/interbotix_xsarm_sim/package.xml
[1.055s] Invoked command in '/home/locobot/interbotix_ws/build/interbotix_xsarm_sim' returned '0': AMENT_PREFIX_PATH=/home/locobot/interbotix_ws/install/interbotix_xsarm_descriptions:/home/locobot/interbotix_ws/install/interbotix_xs_modules:/home/locobot/interbotix_ws/install/interbotix_xs_sdk:/home/locobot/interbotix_ws/install/interbotix_xs_ros_control:/home/locobot/interbotix_ws/install/interbotix_xs_driver:/home/locobot/interbotix_ws/install/interbotix_xs_msgs:/home/locobot/interbotix_ws/install/interbotix_common_sim:/home/locobot/interbotix_ws/install/interbotix_common_modules:/home/locobot/interbotix_ws/install/dynamixel_workbench_toolbox:${AMENT_PREFIX_PATH} CMAKE_PREFIX_PATH=/home/locobot/interbotix_ws/install/interbotix_xsarm_descriptions:/home/locobot/interbotix_ws/install/interbotix_xs_sdk:/home/locobot/interbotix_ws/install/interbotix_xs_ros_control:/home/locobot/interbotix_ws/install/interbotix_xs_driver:/home/locobot/interbotix_ws/install/interbotix_xs_msgs:/home/locobot/interbotix_ws/install/interbotix_common_sim:/home/locobot/interbotix_ws/install/dynamixel_workbench_toolbox:/home/locobot/apriltag_ws/install/apriltag_ros:/opt/ros/humble LD_LIBRARY_PATH=/home/locobot/interbotix_ws/install/interbotix_xs_ros_control/lib:/home/locobot/interbotix_ws/install/interbotix_xs_driver/lib:/home/locobot/interbotix_ws/install/interbotix_xs_msgs/lib:/home/locobot/interbotix_ws/install/dynamixel_workbench_toolbox/lib:${LD_LIBRARY_PATH} PYTHONPATH=/home/locobot/interbotix_ws/install/interbotix_xs_modules/lib/python3.10/site-packages:/home/locobot/interbotix_ws/install/interbotix_xs_msgs/local/lib/python3.10/dist-packages:/home/locobot/interbotix_ws/install/interbotix_common_modules/lib/python3.10/site-packages:${PYTHONPATH} /usr/bin/cmake --install /home/locobot/interbotix_ws/build/interbotix_xsarm_sim
