[0.014s] Invoking command in '/home/locobot/interbotix_ws/build/irobot_create_control': CMAKE_PREFIX_PATH=${CMAKE_PREFIX_PATH}:/home/locobot/interbotix_ws/install/interbotix_xs_modules:/home/locobot/interbotix_ws/install/interbotix_perception_modules:/home/locobot/interbotix_ws/install/interbotix_common_modules:/opt/ros/humble /usr/bin/cmake --build /home/locobot/interbotix_ws/build/irobot_create_control -- -j4 -l4
[0.077s] Invoked command in '/home/locobot/interbotix_ws/build/irobot_create_control' returned '0': CMAKE_PREFIX_PATH=${CMAKE_PREFIX_PATH}:/home/locobot/interbotix_ws/install/interbotix_xs_modules:/home/locobot/interbotix_ws/install/interbotix_perception_modules:/home/locobot/interbotix_ws/install/interbotix_common_modules:/opt/ros/humble /usr/bin/cmake --build /home/locobot/interbotix_ws/build/irobot_create_control -- -j4 -l4
[0.162s] Invoking command in '/home/locobot/interbotix_ws/build/irobot_create_control': CMAKE_PREFIX_PATH=${CMAKE_PREFIX_PATH}:/home/locobot/interbotix_ws/install/interbotix_xs_modules:/home/locobot/interbotix_ws/install/interbotix_perception_modules:/home/locobot/interbotix_ws/install/interbotix_common_modules:/opt/ros/humble /usr/bin/cmake --install /home/locobot/interbotix_ws/build/irobot_create_control
[0.174s] -- Install configuration: ""
[0.174s] -- Up-to-date: /home/locobot/interbotix_ws/install/irobot_create_control/share/irobot_create_control//launch
[0.175s] -- Up-to-date: /home/locobot/interbotix_ws/install/irobot_create_control/share/irobot_create_control//launch/include
[0.176s] -- Up-to-date: /home/locobot/interbotix_ws/install/irobot_create_control/share/irobot_create_control//launch/include/control.py
[0.176s] -- Up-to-date: /home/locobot/interbotix_ws/install/irobot_create_control/share/irobot_create_control//config
[0.176s] -- Up-to-date: /home/locobot/interbotix_ws/install/irobot_create_control/share/irobot_create_control//config/control.yaml
[0.177s] -- Up-to-date: /home/locobot/interbotix_ws/install/irobot_create_control/share/ament_index/resource_index/package_run_dependencies/irobot_create_control
[0.177s] -- Up-to-date: /home/locobot/interbotix_ws/install/irobot_create_control/share/ament_index/resource_index/parent_prefix_path/irobot_create_control
[0.177s] -- Up-to-date: /home/locobot/interbotix_ws/install/irobot_create_control/share/irobot_create_control/environment/ament_prefix_path.sh
[0.177s] -- Up-to-date: /home/locobot/interbotix_ws/install/irobot_create_control/share/irobot_create_control/environment/ament_prefix_path.dsv
[0.177s] -- Up-to-date: /home/locobot/interbotix_ws/install/irobot_create_control/share/irobot_create_control/environment/path.sh
[0.177s] -- Up-to-date: /home/locobot/interbotix_ws/install/irobot_create_control/share/irobot_create_control/environment/path.dsv
[0.178s] -- Up-to-date: /home/locobot/interbotix_ws/install/irobot_create_control/share/irobot_create_control/local_setup.bash
[0.178s] -- Up-to-date: /home/locobot/interbotix_ws/install/irobot_create_control/share/irobot_create_control/local_setup.sh
[0.178s] -- Up-to-date: /home/locobot/interbotix_ws/install/irobot_create_control/share/irobot_create_control/local_setup.zsh
[0.178s] -- Up-to-date: /home/locobot/interbotix_ws/install/irobot_create_control/share/irobot_create_control/local_setup.dsv
[0.178s] -- Installing: /home/locobot/interbotix_ws/install/irobot_create_control/share/irobot_create_control/package.dsv
[0.178s] -- Up-to-date: /home/locobot/interbotix_ws/install/irobot_create_control/share/ament_index/resource_index/packages/irobot_create_control
[0.178s] -- Up-to-date: /home/locobot/interbotix_ws/install/irobot_create_control/share/irobot_create_control/cmake/irobot_create_controlConfig.cmake
[0.178s] -- Up-to-date: /home/locobot/interbotix_ws/install/irobot_create_control/share/irobot_create_control/cmake/irobot_create_controlConfig-version.cmake
[0.179s] -- Up-to-date: /home/locobot/interbotix_ws/install/irobot_create_control/share/irobot_create_control/package.xml
[0.185s] Invoked command in '/home/locobot/interbotix_ws/build/irobot_create_control' returned '0': CMAKE_PREFIX_PATH=${CMAKE_PREFIX_PATH}:/home/locobot/interbotix_ws/install/interbotix_xs_modules:/home/locobot/interbotix_ws/install/interbotix_perception_modules:/home/locobot/interbotix_ws/install/interbotix_common_modules:/opt/ros/humble /usr/bin/cmake --install /home/locobot/interbotix_ws/build/irobot_create_control
